#
# There is insufficient memory for the Java Runtime Environment to continue.
# Native memory allocation (mmap) failed to map 100663296 bytes for G1 virtual space
# Possible reasons:
#   The system is out of physical RAM or swap space
#   The process is running with CompressedOops enabled, and the Java Heap may be blocking the growth of the native heap
# Possible solutions:
#   Reduce memory load on the system
#   Increase physical memory or swap space
#   Check if swap backing store is full
#   Decrease Java heap size (-Xmx/-Xms)
#   Decrease number of Java threads
#   Decrease Java thread stack sizes (-Xss)
#   Set larger code cache with -XX:ReservedCodeCacheSize=
#   JVM is running with Unscaled Compressed Oops mode in which the Java heap is
#     placed in the first 4GB address space. The Java Heap base address is the
#     maximum limit for the native heap growth. Please use -XX:HeapBaseMinAddress
#     to set the Java Heap base and to place the Java Heap above 4GB virtual address.
# This output file may be truncated or incomplete.
#
#  Out of Memory Error (os_windows.cpp:3541), pid=22640, tid=34536
#
# JRE version:  (17.0.4.1+1) (build )
# Java VM: OpenJDK 64-Bit Server VM (17.0.4.1+1, mixed mode, sharing, tiered, compressed oops, compressed class ptrs, g1 gc, windows-amd64)
# No core dump will be written. Minidumps are not enabled by default on client versions of Windows
#

---------------  S U M M A R Y ------------

Command Line: -Dfile.encoding=UTF-8 -XX:+ShowCodeDetailsInExceptionMessages Frames.GoogleMapsAssignment

Host: AMD Ryzen 5 3550H with Radeon Vega Mobile Gfx  , 8 cores, 5G,  Windows 11 , 64 bit Build 22621 (10.0.22621.3374)
Time: Sun Apr  7 10:05:37 2024 India Standard Time elapsed time: 0.034895 seconds (0d 0h 0m 0s)

---------------  T H R E A D  ---------------

Current thread (0x000001a0237d20b0):  JavaThread "Unknown thread" [_thread_in_vm, id=34536, stack(0x00000023b5100000,0x00000023b5200000)]

Stack: [0x00000023b5100000,0x00000023b5200000]
Native frames: (J=compiled Java code, j=interpreted, Vv=VM code, C=native code)
V  [jvm.dll+0x67731a]
V  [jvm.dll+0x832284]
V  [jvm.dll+0x833a2e]
V  [jvm.dll+0x834093]
V  [jvm.dll+0x245775]
V  [jvm.dll+0x674209]
V  [jvm.dll+0x668a92]
V  [jvm.dll+0x30471b]
V  [jvm.dll+0x30bc66]
V  [jvm.dll+0x35ba9e]
V  [jvm.dll+0x35bccf]
V  [jvm.dll+0x2db5b8]
V  [jvm.dll+0x2dc524]
V  [jvm.dll+0x803db1]
V  [jvm.dll+0x3698f1]
V  [jvm.dll+0x7e31bc]
V  [jvm.dll+0x3ec25f]
V  [jvm.dll+0x3edde1]
C  [jli.dll+0x5277]
C  [ucrtbase.dll+0x29333]
C  [KERNEL32.DLL+0x1257d]
C  [ntdll.dll+0x5aa48]


---------------  P R O C E S S  ---------------

Threads class SMR info:
_java_thread_list=0x00007ffa06c94e98, length=0, elements={
}

Java Threads: ( => current thread )

Other Threads:
  0x000001a02381fde0 GCTaskThread "GC Thread#0" [stack: 0x00000023b5200000,0x00000023b5300000] [id=34268]
  0x000001a02382d100 ConcurrentGCThread "G1 Main Marker" [stack: 0x00000023b5300000,0x00000023b5400000] [id=34588]
  0x000001a02382db10 ConcurrentGCThread "G1 Conc#0" [stack: 0x00000023b5400000,0x00000023b5500000] [id=35464]

[error occurred during error reporting (printing all threads), id 0xc0000005, EXCEPTION_ACCESS_VIOLATION (0xc0000005) at pc=0x00007ffa0646c047]

VM state: not at safepoint (not fully initialized)

VM Mutex/Monitor currently owned by a thread:  ([mutex/lock_event])
[0x000001a0237cf650] Heap_lock - owner thread: 0x000001a0237d20b0

Heap address: 0x00000000a1e00000, size: 1506 MB, Compressed Oops mode: 32-bit

CDS archive(s) mapped at: [0x0000000000000000-0x0000000000000000-0x0000000000000000), size 0, SharedBaseAddress: 0x0000000800000000, ArchiveRelocationMode: 0.
Narrow klass base: 0x0000000000000000, Narrow klass shift: 0, Narrow klass range: 0x0

GC Precious Log:
<Empty>

Heap:
 garbage-first heap   total 0K, used 0K [0x00000000a1e00000, 0x0000000100000000)
  region size 1024K, 0 young (0K), 0 survivors (0K)

[error occurred during error reporting (printing heap information), id 0xc0000005, EXCEPTION_ACCESS_VIOLATION (0xc0000005) at pc=0x00007ffa06850699]

GC Heap History (0 events):
No events

Deoptimization events (0 events):
No events

Classes unloaded (0 events):
No events

Classes redefined (0 events):
No events

Internal exceptions (0 events):
No events

VM Operations (0 events):
No events

Events (1 events):
Event: 0.023 Loaded shared library C:\Users\Subodh Gavhane\Downloads\eclipse-java-2022-09-R-win32-x86_64\eclipse\plugins\org.eclipse.justj.openjdk.hotspot.jre.full.win32.x86_64_17.0.4.v20220903-1038\jre\bin\java.dll


Dynamic libraries:
0x00007ff631a20000 - 0x00007ff631a2e000 	C:\Users\Subodh Gavhane\Downloads\eclipse-java-2022-09-R-win32-x86_64\eclipse\plugins\org.eclipse.justj.openjdk.hotspot.jre.full.win32.x86_64_17.0.4.v20220903-1038\jre\bin\javaw.exe
0x00007ffa5daf0000 - 0x00007ffa5dd06000 	C:\Windows\SYSTEM32\ntdll.dll
0x00007ffa5c8f0000 - 0x00007ffa5c9b4000 	C:\Windows\System32\KERNEL32.DLL
0x00007ffa5b380000 - 0x00007ffa5b727000 	C:\Windows\System32\KERNELBASE.dll
0x00007ffa5b040000 - 0x00007ffa5b151000 	C:\Windows\System32\ucrtbase.dll
0x00007ffa56200000 - 0x00007ffa56218000 	C:\Users\Subodh Gavhane\Downloads\eclipse-java-2022-09-R-win32-x86_64\eclipse\plugins\org.eclipse.justj.openjdk.hotspot.jre.full.win32.x86_64_17.0.4.v20220903-1038\jre\bin\jli.dll
0x00007ffa54810000 - 0x00007ffa54829000 	C:\Users\Subodh Gavhane\Downloads\eclipse-java-2022-09-R-win32-x86_64\eclipse\plugins\org.eclipse.justj.openjdk.hotspot.jre.full.win32.x86_64_17.0.4.v20220903-1038\jre\bin\VCRUNTIME140.dll
0x00007ffa5b830000 - 0x00007ffa5b9de000 	C:\Windows\System32\USER32.dll
0x00007ffa5b160000 - 0x00007ffa5b186000 	C:\Windows\System32\win32u.dll
0x00007ffa5d670000 - 0x00007ffa5d699000 	C:\Windows\System32\GDI32.dll
0x00007ffa5ae10000 - 0x00007ffa5af29000 	C:\Windows\System32\gdi32full.dll
0x00007ffa5af30000 - 0x00007ffa5afca000 	C:\Windows\System32\msvcp_win.dll
0x00007ffa40430000 - 0x00007ffa406c3000 	C:\Windows\WinSxS\amd64_microsoft.windows.common-controls_6595b64144ccf1df_6.0.22621.3235_none_270f74e173860f98\COMCTL32.dll
0x00007ffa5cc50000 - 0x00007ffa5ccf7000 	C:\Windows\System32\msvcrt.dll
0x00007ffa5bee0000 - 0x00007ffa5bf11000 	C:\Windows\System32\IMM32.DLL
0x00007ffa56770000 - 0x00007ffa5677c000 	C:\Users\Subodh Gavhane\Downloads\eclipse-java-2022-09-R-win32-x86_64\eclipse\plugins\org.eclipse.justj.openjdk.hotspot.jre.full.win32.x86_64_17.0.4.v20220903-1038\jre\bin\vcruntime140_1.dll
0x00007ffa23180000 - 0x00007ffa23211000 	C:\Users\Subodh Gavhane\Downloads\eclipse-java-2022-09-R-win32-x86_64\eclipse\plugins\org.eclipse.justj.openjdk.hotspot.jre.full.win32.x86_64_17.0.4.v20220903-1038\jre\bin\msvcp140.dll
0x00007ffa06180000 - 0x00007ffa06dc6000 	C:\Users\Subodh Gavhane\Downloads\eclipse-java-2022-09-R-win32-x86_64\eclipse\plugins\org.eclipse.justj.openjdk.hotspot.jre.full.win32.x86_64_17.0.4.v20220903-1038\jre\bin\server\jvm.dll
0x00007ffa5d980000 - 0x00007ffa5da32000 	C:\Windows\System32\ADVAPI32.dll
0x00007ffa5b9f0000 - 0x00007ffa5ba98000 	C:\Windows\System32\sechost.dll
0x00007ffa5b730000 - 0x00007ffa5b758000 	C:\Windows\System32\bcrypt.dll
0x00007ffa5c9c0000 - 0x00007ffa5cad5000 	C:\Windows\System32\RPCRT4.dll
0x00007ffa5b820000 - 0x00007ffa5b828000 	C:\Windows\System32\PSAPI.DLL
0x00007ffa547c0000 - 0x00007ffa547f4000 	C:\Windows\SYSTEM32\WINMM.dll
0x00007ffa54430000 - 0x00007ffa5443a000 	C:\Windows\SYSTEM32\VERSION.dll
0x00007ffa56780000 - 0x00007ffa56789000 	C:\Windows\SYSTEM32\WSOCK32.dll
0x00007ffa5d900000 - 0x00007ffa5d971000 	C:\Windows\System32\WS2_32.dll
0x00007ffa59e60000 - 0x00007ffa59e78000 	C:\Windows\SYSTEM32\kernel.appcore.dll
0x00007ffa561f0000 - 0x00007ffa561fa000 	C:\Users\Subodh Gavhane\Downloads\eclipse-java-2022-09-R-win32-x86_64\eclipse\plugins\org.eclipse.justj.openjdk.hotspot.jre.full.win32.x86_64_17.0.4.v20220903-1038\jre\bin\jimage.dll
0x00007ffa50ad0000 - 0x00007ffa50d03000 	C:\Windows\SYSTEM32\DBGHELP.DLL
0x00007ffa5baa0000 - 0x00007ffa5be28000 	C:\Windows\System32\combase.dll
0x00007ffa5cb60000 - 0x00007ffa5cc37000 	C:\Windows\System32\OLEAUT32.dll
0x00007ffa3add0000 - 0x00007ffa3ae02000 	C:\Windows\SYSTEM32\dbgcore.DLL
0x00007ffa5b300000 - 0x00007ffa5b379000 	C:\Windows\System32\bcryptPrimitives.dll
0x00007ffa548c0000 - 0x00007ffa548e5000 	C:\Users\Subodh Gavhane\Downloads\eclipse-java-2022-09-R-win32-x86_64\eclipse\plugins\org.eclipse.justj.openjdk.hotspot.jre.full.win32.x86_64_17.0.4.v20220903-1038\jre\bin\java.dll

dbghelp: loaded successfully - version: 4.0.5 - missing functions: none
symbol engine: initialized successfully - sym options: 0x614 - pdb path: .;C:\Users\Subodh Gavhane\Downloads\eclipse-java-2022-09-R-win32-x86_64\eclipse\plugins\org.eclipse.justj.openjdk.hotspot.jre.full.win32.x86_64_17.0.4.v20220903-1038\jre\bin;C:\Windows\SYSTEM32;C:\Windows\WinSxS\amd64_microsoft.windows.common-controls_6595b64144ccf1df_6.0.22621.3235_none_270f74e173860f98;C:\Users\Subodh Gavhane\Downloads\eclipse-java-2022-09-R-win32-x86_64\eclipse\plugins\org.eclipse.justj.openjdk.hotspot.jre.full.win32.x86_64_17.0.4.v20220903-1038\jre\bin\server

VM Arguments:
jvm_args: -Dfile.encoding=UTF-8 -XX:+ShowCodeDetailsInExceptionMessages 
java_command: Frames.GoogleMapsAssignment
java_class_path (initial): C:\Users\Subodh Gavhane\Java-Selenium\Automation\bin;C:\Users\Subodh Gavhane\Java-Selenium\Automation\jars\selenium-server-4.15.0.jar
Launcher Type: SUN_STANDARD

[Global flags]
     intx CICompilerCount                          = 4                                         {product} {ergonomic}
     uint ConcGCThreads                            = 2                                         {product} {ergonomic}
     uint G1ConcRefinementThreads                  = 8                                         {product} {ergonomic}
   size_t G1HeapRegionSize                         = 1048576                                   {product} {ergonomic}
    uintx GCDrainStackTargetSize                   = 64                                        {product} {ergonomic}
   size_t InitialHeapSize                          = 100663296                                 {product} {ergonomic}
   size_t MarkStackSize                            = 4194304                                   {product} {ergonomic}
   size_t MaxHeapSize                              = 1579155456                                {product} {ergonomic}
   size_t MinHeapDeltaBytes                        = 1048576                                   {product} {ergonomic}
   size_t MinHeapSize                              = 8388608                                   {product} {ergonomic}
    uintx NonNMethodCodeHeapSize                   = 5839372                                {pd product} {ergonomic}
    uintx NonProfiledCodeHeapSize                  = 122909434                              {pd product} {ergonomic}
    uintx ProfiledCodeHeapSize                     = 122909434                              {pd product} {ergonomic}
    uintx ReservedCodeCacheSize                    = 251658240                              {pd product} {ergonomic}
     bool SegmentedCodeCache                       = true                                      {product} {ergonomic}
     bool ShowCodeDetailsInExceptionMessages       = true                                   {manageable} {command line}
   size_t SoftMaxHeapSize                          = 1579155456                             {manageable} {ergonomic}
     bool UseCompressedClassPointers               = true                           {product lp64_product} {ergonomic}
     bool UseCompressedOops                        = true                           {product lp64_product} {ergonomic}
     bool UseG1GC                                  = true                                      {product} {ergonomic}
     bool UseLargePagesIndividualAllocation        = false                                  {pd product} {ergonomic}

Logging:
Log output configuration:
 #0: stdout all=warning uptime,level,tags
 #1: stderr all=off uptime,level,tags

Environment Variables:
PATH=C:/Users/Subodh Gavhane/Downloads/eclipse-java-2022-09-R-win32-x86_64/eclipse//plugins/org.eclipse.justj.openjdk.hotspot.jre.full.win32.x86_64_17.0.4.v20220903-1038/jre/bin/server;C:/Users/Subodh Gavhane/Downloads/eclipse-java-2022-09-R-win32-x86_64/eclipse//plugins/org.eclipse.justj.openjdk.hotspot.jre.full.win32.x86_64_17.0.4.v20220903-1038/jre/bin;C:\Windows\system32;C:\Windows;C:\Windows\System32\Wbem;C:\Windows\System32\WindowsPowerShell\v1.0\;C:\Windows\System32\OpenSSH\;C:\Users\Subodh Gavhane\AppData\Local\Microsoft\WindowsApps;;C:\Users\Subodh Gavhane\Downloads\eclipse-java-2022-09-R-win32-x86_64\eclipse;
USERNAME=Subodh Gavhane
OS=Windows_NT
PROCESSOR_IDENTIFIER=AMD64 Family 23 Model 24 Stepping 1, AuthenticAMD
TMP=C:\Users\SUBODH~1\AppData\Local\Temp
TEMP=C:\Users\SUBODH~1\AppData\Local\Temp



---------------  S Y S T E M  ---------------

OS:
 Windows 11 , 64 bit Build 22621 (10.0.22621.3374)
OS uptime: 3 days 18:05 hours

CPU: total 8 (initial active 8) (8 cores per cpu, 2 threads per core) family 23 model 24 stepping 1 microcode 0x0, cx8, cmov, fxsr, ht, mmx, 3dnowpref, sse, sse2, sse3, ssse3, sse4a, sse4.1, sse4.2, popcnt, lzcnt, tsc, tscinvbit, avx, avx2, aes, clmul, bmi1, bmi2, adx, sha, fma, vzeroupper, clflush, clflushopt

Memory: 4k page, system-wide physical 6019M (468M free)
TotalPageFile size 24451M (AvailPageFile size 88M)
current process WorkingSet (physical memory assigned to process): 11M, peak: 11M
current process commit charge ("private bytes"): 60M, peak: 156M

vm_info: OpenJDK 64-Bit Server VM (17.0.4.1+1) for windows-amd64 JRE (17.0.4.1+1), built on Aug 17 2022 07:42:43 by "temurin" with MS VC++ 16.7 (VS2019)

END.
