#
# There is insufficient memory for the Java Runtime Environment to continue.
# Native memory allocation (malloc) failed to allocate 32744 bytes for ChunkPool::allocate
# Possible reasons:
#   The system is out of physical RAM or swap space
#   The process is running with CompressedOops enabled, and the Java Heap may be blocking the growth of the native heap
# Possible solutions:
#   Reduce memory load on the system
#   Increase physical memory or swap space
#   Check if swap backing store is full
#   Decrease Java heap size (-Xmx/-Xms)
#   Decrease number of Java threads
#   Decrease Java thread stack sizes (-Xss)
#   Set larger code cache with -XX:ReservedCodeCacheSize=
#   JVM is running with Unscaled Compressed Oops mode in which the Java heap is
#     placed in the first 4GB address space. The Java Heap base address is the
#     maximum limit for the native heap growth. Please use -XX:HeapBaseMinAddress
#     to set the Java Heap base and to place the Java Heap above 4GB virtual address.
# This output file may be truncated or incomplete.
#
#  Out of Memory Error (arena.cpp:78), pid=7960, tid=4304
#
# JRE version: OpenJDK Runtime Environment Temurin-17.0.4.1+1 (17.0.4.1+1) (build 17.0.4.1+1)
# Java VM: OpenJDK 64-Bit Server VM Temurin-17.0.4.1+1 (17.0.4.1+1, mixed mode, tiered, compressed oops, compressed class ptrs, g1 gc, windows-amd64)
# No core dump will be written. Minidumps are not enabled by default on client versions of Windows
#

---------------  S U M M A R Y ------------

Command Line: -Dfile.encoding=UTF-8 -XX:+ShowCodeDetailsInExceptionMessages DropdownHandling.AutomatingDemoDropdown

Host: AMD Ryzen 5 3550H with Radeon Vega Mobile Gfx  , 8 cores, 5G,  Windows 11 , 64 bit Build 22621 (10.0.22621.3374)
Time: Mon Apr  1 18:42:54 2024 India Standard Time elapsed time: 0.312718 seconds (0d 0h 0m 0s)

---------------  T H R E A D  ---------------

Current thread (0x0000029ae569b950):  JavaThread "C1 CompilerThread0" daemon [_thread_in_native, id=4304, stack(0x000000bf63300000,0x000000bf63400000)]


Current CompileTask:
C1:    312  350       3       java.net.URLStreamHandler::parseURL (1201 bytes)

Stack: [0x000000bf63300000,0x000000bf63400000]
Native frames: (J=compiled Java code, j=interpreted, Vv=VM code, C=native code)
V  [jvm.dll+0x67731a]
V  [jvm.dll+0x832284]
V  [jvm.dll+0x833a2e]
V  [jvm.dll+0x834093]
V  [jvm.dll+0x245775]
V  [jvm.dll+0xabfc0]
V  [jvm.dll+0xac30c]
V  [jvm.dll+0x175bf3]
V  [jvm.dll+0x17848c]
V  [jvm.dll+0x17a7d1]
V  [jvm.dll+0x134943]
V  [jvm.dll+0x13423f]
V  [jvm.dll+0x134476]
V  [jvm.dll+0x13390a]
V  [jvm.dll+0x1355d1]
V  [jvm.dll+0x227498]
V  [jvm.dll+0x2255e5]
V  [jvm.dll+0x7e7e9b]
V  [jvm.dll+0x7e240a]
V  [jvm.dll+0x6761a5]
C  [ucrtbase.dll+0x29333]
C  [KERNEL32.DLL+0x1257d]
C  [ntdll.dll+0x5aa48]


---------------  P R O C E S S  ---------------

Threads class SMR info:
_java_thread_list=0x0000029ae62a64d0, length=13, elements={
0x0000029acc9f1440, 0x0000029ae6012250, 0x0000029ae6012e00, 0x0000029ae5666df0,
0x0000029ae56678b0, 0x0000029ae5668460, 0x0000029ae5669f20, 0x0000029ae566b9f0,
0x0000029ae569b950, 0x0000029ae60373a0, 0x0000029ae6190190, 0x0000029ae61a07a0,
0x0000029acc9f22b0
}

Java Threads: ( => current thread )
  0x0000029acc9f1440 JavaThread "main" [_thread_in_vm, id=10404, stack(0x000000bf62500000,0x000000bf62600000)]
  0x0000029ae6012250 JavaThread "Reference Handler" daemon [_thread_blocked, id=10028, stack(0x000000bf62c00000,0x000000bf62d00000)]
  0x0000029ae6012e00 JavaThread "Finalizer" daemon [_thread_blocked, id=4272, stack(0x000000bf62d00000,0x000000bf62e00000)]
  0x0000029ae5666df0 JavaThread "Signal Dispatcher" daemon [_thread_blocked, id=6848, stack(0x000000bf62e00000,0x000000bf62f00000)]
  0x0000029ae56678b0 JavaThread "Attach Listener" daemon [_thread_blocked, id=12688, stack(0x000000bf62f00000,0x000000bf63000000)]
  0x0000029ae5668460 JavaThread "Service Thread" daemon [_thread_blocked, id=9200, stack(0x000000bf63000000,0x000000bf63100000)]
  0x0000029ae5669f20 JavaThread "Monitor Deflation Thread" daemon [_thread_blocked, id=6564, stack(0x000000bf63100000,0x000000bf63200000)]
  0x0000029ae566b9f0 JavaThread "C2 CompilerThread0" daemon [_thread_blocked, id=3364, stack(0x000000bf63200000,0x000000bf63300000)]
=>0x0000029ae569b950 JavaThread "C1 CompilerThread0" daemon [_thread_in_native, id=4304, stack(0x000000bf63300000,0x000000bf63400000)]
  0x0000029ae60373a0 JavaThread "Sweeper thread" daemon [_thread_blocked, id=5876, stack(0x000000bf63400000,0x000000bf63500000)]
  0x0000029ae6190190 JavaThread "Notification Thread" daemon [_thread_blocked, id=7240, stack(0x000000bf63500000,0x000000bf63600000)]
  0x0000029ae61a07a0 JavaThread "Common-Cleaner" daemon [_thread_blocked, id=164, stack(0x000000bf63700000,0x000000bf63800000)]
  0x0000029acc9f22b0 JavaThread "C2 CompilerThread1" daemon [_thread_blocked, id=12936, stack(0x000000bf63800000,0x000000bf63900000)]

Other Threads:
  0x0000029ae564ba90 VMThread "VM Thread" [stack: 0x000000bf62b00000,0x000000bf62c00000] [id=5512]
  0x0000029ae6190660 WatcherThread [stack: 0x000000bf63600000,0x000000bf63700000] [id=2336]
  0x0000029acca3e0e0 GCTaskThread "GC Thread#0" [stack: 0x000000bf62600000,0x000000bf62700000] [id=9664]
  0x0000029acca684f0 ConcurrentGCThread "G1 Main Marker" [stack: 0x000000bf62700000,0x000000bf62800000] [id=11628]
  0x0000029acca68f00 ConcurrentGCThread "G1 Conc#0" [stack: 0x000000bf62800000,0x000000bf62900000] [id=4908]
  0x0000029ae54c44c0 ConcurrentGCThread "G1 Refine#0" [stack: 0x000000bf62900000,0x000000bf62a00000] [id=12280]
  0x0000029ae54c4ee0 ConcurrentGCThread "G1 Service" [stack: 0x000000bf62a00000,0x000000bf62b00000] [id=12032]

Threads with active compile tasks:
C1 CompilerThread0      330  350       3       java.net.URLStreamHandler::parseURL (1201 bytes)

VM state: not at safepoint (normal execution)

VM Mutex/Monitor currently owned by a thread:  ([mutex/lock_event])
[0x0000029acc9ec3c0] Metaspace_lock - owner thread: 0x0000029acc9f1440

Heap address: 0x00000000a1e00000, size: 1506 MB, Compressed Oops mode: 32-bit

CDS archive(s) not mapped
Compressed class space mapped at: 0x0000000100000000-0x0000000140000000, reserved size: 1073741824
Narrow klass base: 0x0000000000000000, Narrow klass shift: 3, Narrow klass range: 0x140000000

GC Precious Log:
 CPUs: 8 total, 8 available
 Memory: 6019M
 Large Page Support: Disabled
 NUMA Support: Disabled
 Compressed Oops: Enabled (32-bit)
 Heap Region Size: 1M
 Heap Min Capacity: 8M
 Heap Initial Capacity: 96M
 Heap Max Capacity: 1506M
 Pre-touch: Disabled
 Parallel Workers: 8
 Concurrent Workers: 2
 Concurrent Refinement Workers: 8
 Periodic GC: Disabled

Heap:
 garbage-first heap   total 98304K, used 7168K [0x00000000a1e00000, 0x0000000100000000)
  region size 1024K, 5 young (5120K), 0 survivors (0K)
 Metaspace       used 8814K, committed 8896K, reserved 1056768K
  class space    used 814K, committed 832K, reserved 1048576K

Heap Regions: E=young(eden), S=young(survivor), O=old, HS=humongous(starts), HC=humongous(continues), CS=collection set, F=free, OA=open archive, CA=closed archive, TAMS=top-at-mark-start (previous, next)
|   0|0x00000000a1e00000, 0x00000000a1f00000, 0x00000000a1f00000|100%|HS|  |TAMS 0x00000000a1e00000, 0x00000000a1e00000| Complete 
|   1|0x00000000a1f00000, 0x00000000a2000000, 0x00000000a2000000|100%|HC|  |TAMS 0x00000000a1f00000, 0x00000000a1f00000| Complete 
|   2|0x00000000a2000000, 0x00000000a2100000, 0x00000000a2100000|100%|HC|  |TAMS 0x00000000a2000000, 0x00000000a2000000| Complete 
|   3|0x00000000a2100000, 0x00000000a2100000, 0x00000000a2200000|  0%| F|  |TAMS 0x00000000a2100000, 0x00000000a2100000| Untracked 
|   4|0x00000000a2200000, 0x00000000a2200000, 0x00000000a2300000|  0%| F|  |TAMS 0x00000000a2200000, 0x00000000a2200000| Untracked 
|   5|0x00000000a2300000, 0x00000000a2300000, 0x00000000a2400000|  0%| F|  |TAMS 0x00000000a2300000, 0x00000000a2300000| Untracked 
|   6|0x00000000a2400000, 0x00000000a2400000, 0x00000000a2500000|  0%| F|  |TAMS 0x00000000a2400000, 0x00000000a2400000| Untracked 
|   7|0x00000000a2500000, 0x00000000a2500000, 0x00000000a2600000|  0%| F|  |TAMS 0x00000000a2500000, 0x00000000a2500000| Untracked 
|   8|0x00000000a2600000, 0x00000000a2600000, 0x00000000a2700000|  0%| F|  |TAMS 0x00000000a2600000, 0x00000000a2600000| Untracked 
|   9|0x00000000a2700000, 0x00000000a2700000, 0x00000000a2800000|  0%| F|  |TAMS 0x00000000a2700000, 0x00000000a2700000| Untracked 
|  10|0x00000000a2800000, 0x00000000a2800000, 0x00000000a2900000|  0%| F|  |TAMS 0x00000000a2800000, 0x00000000a2800000| Untracked 
|  11|0x00000000a2900000, 0x00000000a2900000, 0x00000000a2a00000|  0%| F|  |TAMS 0x00000000a2900000, 0x00000000a2900000| Untracked 
|  12|0x00000000a2a00000, 0x00000000a2a00000, 0x00000000a2b00000|  0%| F|  |TAMS 0x00000000a2a00000, 0x00000000a2a00000| Untracked 
|  13|0x00000000a2b00000, 0x00000000a2b00000, 0x00000000a2c00000|  0%| F|  |TAMS 0x00000000a2b00000, 0x00000000a2b00000| Untracked 
|  14|0x00000000a2c00000, 0x00000000a2c00000, 0x00000000a2d00000|  0%| F|  |TAMS 0x00000000a2c00000, 0x00000000a2c00000| Untracked 
|  15|0x00000000a2d00000, 0x00000000a2d00000, 0x00000000a2e00000|  0%| F|  |TAMS 0x00000000a2d00000, 0x00000000a2d00000| Untracked 
|  16|0x00000000a2e00000, 0x00000000a2e00000, 0x00000000a2f00000|  0%| F|  |TAMS 0x00000000a2e00000, 0x00000000a2e00000| Untracked 
|  17|0x00000000a2f00000, 0x00000000a2f00000, 0x00000000a3000000|  0%| F|  |TAMS 0x00000000a2f00000, 0x00000000a2f00000| Untracked 
|  18|0x00000000a3000000, 0x00000000a3000000, 0x00000000a3100000|  0%| F|  |TAMS 0x00000000a3000000, 0x00000000a3000000| Untracked 
|  19|0x00000000a3100000, 0x00000000a3100000, 0x00000000a3200000|  0%| F|  |TAMS 0x00000000a3100000, 0x00000000a3100000| Untracked 
|  20|0x00000000a3200000, 0x00000000a3200000, 0x00000000a3300000|  0%| F|  |TAMS 0x00000000a3200000, 0x00000000a3200000| Untracked 
|  21|0x00000000a3300000, 0x00000000a3300000, 0x00000000a3400000|  0%| F|  |TAMS 0x00000000a3300000, 0x00000000a3300000| Untracked 
|  22|0x00000000a3400000, 0x00000000a3400000, 0x00000000a3500000|  0%| F|  |TAMS 0x00000000a3400000, 0x00000000a3400000| Untracked 
|  23|0x00000000a3500000, 0x00000000a3500000, 0x00000000a3600000|  0%| F|  |TAMS 0x00000000a3500000, 0x00000000a3500000| Untracked 
|  24|0x00000000a3600000, 0x00000000a3600000, 0x00000000a3700000|  0%| F|  |TAMS 0x00000000a3600000, 0x00000000a3600000| Untracked 
|  25|0x00000000a3700000, 0x00000000a3700000, 0x00000000a3800000|  0%| F|  |TAMS 0x00000000a3700000, 0x00000000a3700000| Untracked 
|  26|0x00000000a3800000, 0x00000000a3800000, 0x00000000a3900000|  0%| F|  |TAMS 0x00000000a3800000, 0x00000000a3800000| Untracked 
|  27|0x00000000a3900000, 0x00000000a3900000, 0x00000000a3a00000|  0%| F|  |TAMS 0x00000000a3900000, 0x00000000a3900000| Untracked 
|  28|0x00000000a3a00000, 0x00000000a3a00000, 0x00000000a3b00000|  0%| F|  |TAMS 0x00000000a3a00000, 0x00000000a3a00000| Untracked 
|  29|0x00000000a3b00000, 0x00000000a3b00000, 0x00000000a3c00000|  0%| F|  |TAMS 0x00000000a3b00000, 0x00000000a3b00000| Untracked 
|  30|0x00000000a3c00000, 0x00000000a3c00000, 0x00000000a3d00000|  0%| F|  |TAMS 0x00000000a3c00000, 0x00000000a3c00000| Untracked 
|  31|0x00000000a3d00000, 0x00000000a3d00000, 0x00000000a3e00000|  0%| F|  |TAMS 0x00000000a3d00000, 0x00000000a3d00000| Untracked 
|  32|0x00000000a3e00000, 0x00000000a3e00000, 0x00000000a3f00000|  0%| F|  |TAMS 0x00000000a3e00000, 0x00000000a3e00000| Untracked 
|  33|0x00000000a3f00000, 0x00000000a3f00000, 0x00000000a4000000|  0%| F|  |TAMS 0x00000000a3f00000, 0x00000000a3f00000| Untracked 
|  34|0x00000000a4000000, 0x00000000a4000000, 0x00000000a4100000|  0%| F|  |TAMS 0x00000000a4000000, 0x00000000a4000000| Untracked 
|  35|0x00000000a4100000, 0x00000000a4100000, 0x00000000a4200000|  0%| F|  |TAMS 0x00000000a4100000, 0x00000000a4100000| Untracked 
|  36|0x00000000a4200000, 0x00000000a4200000, 0x00000000a4300000|  0%| F|  |TAMS 0x00000000a4200000, 0x00000000a4200000| Untracked 
|  37|0x00000000a4300000, 0x00000000a4300000, 0x00000000a4400000|  0%| F|  |TAMS 0x00000000a4300000, 0x00000000a4300000| Untracked 
|  38|0x00000000a4400000, 0x00000000a4400000, 0x00000000a4500000|  0%| F|  |TAMS 0x00000000a4400000, 0x00000000a4400000| Untracked 
|  39|0x00000000a4500000, 0x00000000a4500000, 0x00000000a4600000|  0%| F|  |TAMS 0x00000000a4500000, 0x00000000a4500000| Untracked 
|  40|0x00000000a4600000, 0x00000000a4600000, 0x00000000a4700000|  0%| F|  |TAMS 0x00000000a4600000, 0x00000000a4600000| Untracked 
|  41|0x00000000a4700000, 0x00000000a4700000, 0x00000000a4800000|  0%| F|  |TAMS 0x00000000a4700000, 0x00000000a4700000| Untracked 
|  42|0x00000000a4800000, 0x00000000a4800000, 0x00000000a4900000|  0%| F|  |TAMS 0x00000000a4800000, 0x00000000a4800000| Untracked 
|  43|0x00000000a4900000, 0x00000000a4900000, 0x00000000a4a00000|  0%| F|  |TAMS 0x00000000a4900000, 0x00000000a4900000| Untracked 
|  44|0x00000000a4a00000, 0x00000000a4a00000, 0x00000000a4b00000|  0%| F|  |TAMS 0x00000000a4a00000, 0x00000000a4a00000| Untracked 
|  45|0x00000000a4b00000, 0x00000000a4b00000, 0x00000000a4c00000|  0%| F|  |TAMS 0x00000000a4b00000, 0x00000000a4b00000| Untracked 
|  46|0x00000000a4c00000, 0x00000000a4c00000, 0x00000000a4d00000|  0%| F|  |TAMS 0x00000000a4c00000, 0x00000000a4c00000| Untracked 
|  47|0x00000000a4d00000, 0x00000000a4d00000, 0x00000000a4e00000|  0%| F|  |TAMS 0x00000000a4d00000, 0x00000000a4d00000| Untracked 
|  48|0x00000000a4e00000, 0x00000000a4e00000, 0x00000000a4f00000|  0%| F|  |TAMS 0x00000000a4e00000, 0x00000000a4e00000| Untracked 
|  49|0x00000000a4f00000, 0x00000000a4f00000, 0x00000000a5000000|  0%| F|  |TAMS 0x00000000a4f00000, 0x00000000a4f00000| Untracked 
|  50|0x00000000a5000000, 0x00000000a5000000, 0x00000000a5100000|  0%| F|  |TAMS 0x00000000a5000000, 0x00000000a5000000| Untracked 
|  51|0x00000000a5100000, 0x00000000a5100000, 0x00000000a5200000|  0%| F|  |TAMS 0x00000000a5100000, 0x00000000a5100000| Untracked 
|  52|0x00000000a5200000, 0x00000000a5200000, 0x00000000a5300000|  0%| F|  |TAMS 0x00000000a5200000, 0x00000000a5200000| Untracked 
|  53|0x00000000a5300000, 0x00000000a5300000, 0x00000000a5400000|  0%| F|  |TAMS 0x00000000a5300000, 0x00000000a5300000| Untracked 
|  54|0x00000000a5400000, 0x00000000a5400000, 0x00000000a5500000|  0%| F|  |TAMS 0x00000000a5400000, 0x00000000a5400000| Untracked 
|  55|0x00000000a5500000, 0x00000000a5500000, 0x00000000a5600000|  0%| F|  |TAMS 0x00000000a5500000, 0x00000000a5500000| Untracked 
|  56|0x00000000a5600000, 0x00000000a5600000, 0x00000000a5700000|  0%| F|  |TAMS 0x00000000a5600000, 0x00000000a5600000| Untracked 
|  57|0x00000000a5700000, 0x00000000a5700000, 0x00000000a5800000|  0%| F|  |TAMS 0x00000000a5700000, 0x00000000a5700000| Untracked 
|  58|0x00000000a5800000, 0x00000000a5800000, 0x00000000a5900000|  0%| F|  |TAMS 0x00000000a5800000, 0x00000000a5800000| Untracked 
|  59|0x00000000a5900000, 0x00000000a5900000, 0x00000000a5a00000|  0%| F|  |TAMS 0x00000000a5900000, 0x00000000a5900000| Untracked 
|  60|0x00000000a5a00000, 0x00000000a5a00000, 0x00000000a5b00000|  0%| F|  |TAMS 0x00000000a5a00000, 0x00000000a5a00000| Untracked 
|  61|0x00000000a5b00000, 0x00000000a5b00000, 0x00000000a5c00000|  0%| F|  |TAMS 0x00000000a5b00000, 0x00000000a5b00000| Untracked 
|  62|0x00000000a5c00000, 0x00000000a5c00000, 0x00000000a5d00000|  0%| F|  |TAMS 0x00000000a5c00000, 0x00000000a5c00000| Untracked 
|  63|0x00000000a5d00000, 0x00000000a5d00000, 0x00000000a5e00000|  0%| F|  |TAMS 0x00000000a5d00000, 0x00000000a5d00000| Untracked 
|  64|0x00000000a5e00000, 0x00000000a5e00000, 0x00000000a5f00000|  0%| F|  |TAMS 0x00000000a5e00000, 0x00000000a5e00000| Untracked 
|  65|0x00000000a5f00000, 0x00000000a5f00000, 0x00000000a6000000|  0%| F|  |TAMS 0x00000000a5f00000, 0x00000000a5f00000| Untracked 
|  66|0x00000000a6000000, 0x00000000a6000000, 0x00000000a6100000|  0%| F|  |TAMS 0x00000000a6000000, 0x00000000a6000000| Untracked 
|  67|0x00000000a6100000, 0x00000000a6100000, 0x00000000a6200000|  0%| F|  |TAMS 0x00000000a6100000, 0x00000000a6100000| Untracked 
|  68|0x00000000a6200000, 0x00000000a6200000, 0x00000000a6300000|  0%| F|  |TAMS 0x00000000a6200000, 0x00000000a6200000| Untracked 
|  69|0x00000000a6300000, 0x00000000a6300000, 0x00000000a6400000|  0%| F|  |TAMS 0x00000000a6300000, 0x00000000a6300000| Untracked 
|  70|0x00000000a6400000, 0x00000000a6400000, 0x00000000a6500000|  0%| F|  |TAMS 0x00000000a6400000, 0x00000000a6400000| Untracked 
|  71|0x00000000a6500000, 0x00000000a6500000, 0x00000000a6600000|  0%| F|  |TAMS 0x00000000a6500000, 0x00000000a6500000| Untracked 
|  72|0x00000000a6600000, 0x00000000a6600000, 0x00000000a6700000|  0%| F|  |TAMS 0x00000000a6600000, 0x00000000a6600000| Untracked 
|  73|0x00000000a6700000, 0x00000000a6700000, 0x00000000a6800000|  0%| F|  |TAMS 0x00000000a6700000, 0x00000000a6700000| Untracked 
|  74|0x00000000a6800000, 0x00000000a6800000, 0x00000000a6900000|  0%| F|  |TAMS 0x00000000a6800000, 0x00000000a6800000| Untracked 
|  75|0x00000000a6900000, 0x00000000a6900000, 0x00000000a6a00000|  0%| F|  |TAMS 0x00000000a6900000, 0x00000000a6900000| Untracked 
|  76|0x00000000a6a00000, 0x00000000a6a00000, 0x00000000a6b00000|  0%| F|  |TAMS 0x00000000a6a00000, 0x00000000a6a00000| Untracked 
|  77|0x00000000a6b00000, 0x00000000a6b00000, 0x00000000a6c00000|  0%| F|  |TAMS 0x00000000a6b00000, 0x00000000a6b00000| Untracked 
|  78|0x00000000a6c00000, 0x00000000a6c00000, 0x00000000a6d00000|  0%| F|  |TAMS 0x00000000a6c00000, 0x00000000a6c00000| Untracked 
|  79|0x00000000a6d00000, 0x00000000a6d00000, 0x00000000a6e00000|  0%| F|  |TAMS 0x00000000a6d00000, 0x00000000a6d00000| Untracked 
|  80|0x00000000a6e00000, 0x00000000a6e00000, 0x00000000a6f00000|  0%| F|  |TAMS 0x00000000a6e00000, 0x00000000a6e00000| Untracked 
|  81|0x00000000a6f00000, 0x00000000a6f00000, 0x00000000a7000000|  0%| F|  |TAMS 0x00000000a6f00000, 0x00000000a6f00000| Untracked 
|  82|0x00000000a7000000, 0x00000000a7000000, 0x00000000a7100000|  0%| F|  |TAMS 0x00000000a7000000, 0x00000000a7000000| Untracked 
|  83|0x00000000a7100000, 0x00000000a7100000, 0x00000000a7200000|  0%| F|  |TAMS 0x00000000a7100000, 0x00000000a7100000| Untracked 
|  84|0x00000000a7200000, 0x00000000a7200000, 0x00000000a7300000|  0%| F|  |TAMS 0x00000000a7200000, 0x00000000a7200000| Untracked 
|  85|0x00000000a7300000, 0x00000000a7300000, 0x00000000a7400000|  0%| F|  |TAMS 0x00000000a7300000, 0x00000000a7300000| Untracked 
|  86|0x00000000a7400000, 0x00000000a7400000, 0x00000000a7500000|  0%| F|  |TAMS 0x00000000a7400000, 0x00000000a7400000| Untracked 
|  87|0x00000000a7500000, 0x00000000a7500000, 0x00000000a7600000|  0%| F|  |TAMS 0x00000000a7500000, 0x00000000a7500000| Untracked 
|  88|0x00000000a7600000, 0x00000000a7600000, 0x00000000a7700000|  0%| F|  |TAMS 0x00000000a7600000, 0x00000000a7600000| Untracked 
|  89|0x00000000a7700000, 0x00000000a7700000, 0x00000000a7800000|  0%| F|  |TAMS 0x00000000a7700000, 0x00000000a7700000| Untracked 
|  90|0x00000000a7800000, 0x00000000a7800000, 0x00000000a7900000|  0%| F|  |TAMS 0x00000000a7800000, 0x00000000a7800000| Untracked 
|  91|0x00000000a7900000, 0x00000000a7976600, 0x00000000a7a00000| 46%| E|  |TAMS 0x00000000a7900000, 0x00000000a7900000| Complete 
|  92|0x00000000a7a00000, 0x00000000a7b00000, 0x00000000a7b00000|100%| E|CS|TAMS 0x00000000a7a00000, 0x00000000a7a00000| Complete 
|  93|0x00000000a7b00000, 0x00000000a7c00000, 0x00000000a7c00000|100%| E|CS|TAMS 0x00000000a7b00000, 0x00000000a7b00000| Complete 
|  94|0x00000000a7c00000, 0x00000000a7d00000, 0x00000000a7d00000|100%| E|CS|TAMS 0x00000000a7c00000, 0x00000000a7c00000| Complete 
|  95|0x00000000a7d00000, 0x00000000a7e00000, 0x00000000a7e00000|100%| E|CS|TAMS 0x00000000a7d00000, 0x00000000a7d00000| Complete 

Card table byte_map: [0x0000029adf700000,0x0000029adfa00000] _byte_map_base: 0x0000029adf1f1000

Marking Bits (Prev, Next): (CMBitMap*) 0x0000029acca3e6f0, (CMBitMap*) 0x0000029acca3e730
 Prev Bits: [0x0000029adfd00000, 0x0000029ae1488000)
 Next Bits: [0x0000029ae1490000, 0x0000029ae2c18000)

Polling page: 0x0000029aca9a0000

Metaspace:

Usage:
  Non-class:      7.81 MB used.
      Class:    814.85 KB used.
       Both:      8.61 MB used.

Virtual space:
  Non-class space:        8.00 MB reserved,       7.88 MB ( 98%) committed,  1 nodes.
      Class space:        1.00 GB reserved,     832.00 KB ( <1%) committed,  1 nodes.
             Both:        1.01 GB reserved,       8.69 MB ( <1%) committed. 

Chunk freelists:
   Non-Class:  44.00 KB
       Class:  3.19 MB
        Both:  3.23 MB

MaxMetaspaceSize: unlimited
CompressedClassSpaceSize: 1.00 GB
Initial GC threshold: 21.00 MB
Current GC threshold: 21.00 MB
CDS: off
MetaspaceReclaimPolicy: balanced
 - commit_granule_bytes: 65536.
 - commit_granule_words: 8192.
 - virtual_space_node_default_size: 1048576.
 - enlarge_chunks_in_place: 1.
 - new_chunks_are_fully_committed: 0.
 - uncommit_free_chunks: 1.
 - use_allocation_guard: 0.
 - handle_deallocations: 1.


Internal statistics:

num_allocs_failed_limit: 0.
num_arena_births: 22.
num_arena_deaths: 0.
num_vsnodes_births: 2.
num_vsnodes_deaths: 0.
num_space_committed: 139.
num_space_uncommitted: 0.
num_chunks_returned_to_freelist: 0.
num_chunks_taken_from_freelist: 73.
num_chunk_merges: 0.
num_chunk_splits: 34.
num_chunks_enlarged: 22.
num_purges: 0.
num_inconsistent_stats: 0.

CodeHeap 'non-profiled nmethods': size=120000Kb used=112Kb max_used=112Kb free=119887Kb
 bounds [0x0000029ad7b80000, 0x0000029ad7df0000, 0x0000029adf0b0000]
CodeHeap 'profiled nmethods': size=120000Kb used=481Kb max_used=481Kb free=119518Kb
 bounds [0x0000029ad0650000, 0x0000029ad08c0000, 0x0000029ad7b80000]
CodeHeap 'non-nmethods': size=5760Kb used=1131Kb max_used=1159Kb free=4628Kb
 bounds [0x0000029ad00b0000, 0x0000029ad0320000, 0x0000029ad0650000]
 total_blobs=771 nmethods=355 adapters=329
 compilation: enabled
              stopped_count=0, restarted_count=0
 full_count=0

Compilation events (20 events):
Event: 0.291 Thread 0x0000029ae569b950  344   !   3       java.util.WeakHashMap::expungeStaleEntries (139 bytes)
Event: 0.292 Thread 0x0000029ae569b950 nmethod 344 0x0000029ad06c6590 code [0x0000029ad06c67a0, 0x0000029ad06c7168]
Event: 0.292 Thread 0x0000029ae569b950  345       3       java.util.WeakHashMap::indexFor (6 bytes)
Event: 0.292 Thread 0x0000029ae569b950 nmethod 345 0x0000029ad06c7610 code [0x0000029ad06c77a0, 0x0000029ad06c7898]
Event: 0.292 Thread 0x0000029ae569b950  347       3       java.lang.invoke.MemberName::testAllFlags (7 bytes)
Event: 0.292 Thread 0x0000029ae569b950 nmethod 347 0x0000029ad06c7910 code [0x0000029ad06c7aa0, 0x0000029ad06c7c78]
Event: 0.292 Thread 0x0000029ae569b950  346       3       java.util.ArrayDeque::inc (12 bytes)
Event: 0.292 Thread 0x0000029ae569b950 nmethod 346 0x0000029ad06c7d10 code [0x0000029ad06c7ea0, 0x0000029ad06c7fd8]
Event: 0.292 Thread 0x0000029ae569b950  349       3       jdk.internal.org.objectweb.asm.ClassReader::readUnsignedShort (26 bytes)
Event: 0.292 Thread 0x0000029ae569b950 nmethod 349 0x0000029ad06c8090 code [0x0000029ad06c8220, 0x0000029ad06c8398]
Event: 0.292 Thread 0x0000029ae569b950  348       1       sun.invoke.util.Wrapper::basicTypeChar (5 bytes)
Event: 0.292 Thread 0x0000029ae569b950 nmethod 348 0x0000029ad7b99810 code [0x0000029ad7b999a0, 0x0000029ad7b99a78]
Event: 0.292 Thread 0x0000029ae569b950  350       3       java.net.URLStreamHandler::parseURL (1201 bytes)
Event: 0.294 Thread 0x0000029ae566b9f0  359       4       jdk.internal.misc.Unsafe::putReferenceRelease (9 bytes)
Event: 0.295 Thread 0x0000029ae566b9f0 nmethod 359 0x0000029ad7b99b10 code [0x0000029ad7b99c80, 0x0000029ad7b99db8]
Event: 0.295 Thread 0x0000029acc9f22b0 nmethod 338 0x0000029ad7b99e10 code [0x0000029ad7b99fa0, 0x0000029ad7b9a498]
Event: 0.300 Thread 0x0000029acc9f22b0  363       4       java.lang.StringLatin1::replace (198 bytes)
Event: 0.308 Thread 0x0000029acc9f22b0 nmethod 363 0x0000029ad7b9aa10 code [0x0000029ad7b9abc0, 0x0000029ad7b9b108]
Event: 0.309 Thread 0x0000029acc9f22b0  366       4       java.lang.Math::min (11 bytes)
Event: 0.309 Thread 0x0000029acc9f22b0 nmethod 366 0x0000029ad7b9b410 code [0x0000029ad7b9b580, 0x0000029ad7b9b5d8]

GC Heap History (0 events):
No events

Deoptimization events (20 events):
Event: 0.124 Thread 0x0000029acc9f1440 DEOPT PACKING pc=0x0000029ad066a58c sp=0x000000bf625f9fa0
Event: 0.124 Thread 0x0000029acc9f1440 DEOPT UNPACKING pc=0x0000029ad0102b43 sp=0x000000bf625f9430 mode 0
Event: 0.124 Thread 0x0000029acc9f1440 DEOPT PACKING pc=0x0000029ad066a58c sp=0x000000bf625f9fa0
Event: 0.124 Thread 0x0000029acc9f1440 DEOPT UNPACKING pc=0x0000029ad0102b43 sp=0x000000bf625f9430 mode 0
Event: 0.124 Thread 0x0000029acc9f1440 DEOPT PACKING pc=0x0000029ad066a58c sp=0x000000bf625f9fa0
Event: 0.124 Thread 0x0000029acc9f1440 DEOPT UNPACKING pc=0x0000029ad0102b43 sp=0x000000bf625f9430 mode 0
Event: 0.124 Thread 0x0000029acc9f1440 DEOPT PACKING pc=0x0000029ad066a58c sp=0x000000bf625f9fa0
Event: 0.124 Thread 0x0000029acc9f1440 DEOPT UNPACKING pc=0x0000029ad0102b43 sp=0x000000bf625f9430 mode 0
Event: 0.124 Thread 0x0000029acc9f1440 DEOPT PACKING pc=0x0000029ad066a58c sp=0x000000bf625f9fa0
Event: 0.124 Thread 0x0000029acc9f1440 DEOPT UNPACKING pc=0x0000029ad0102b43 sp=0x000000bf625f9430 mode 0
Event: 0.124 Thread 0x0000029acc9f1440 DEOPT PACKING pc=0x0000029ad066a58c sp=0x000000bf625f9fa0
Event: 0.124 Thread 0x0000029acc9f1440 DEOPT UNPACKING pc=0x0000029ad0102b43 sp=0x000000bf625f9430 mode 0
Event: 0.124 Thread 0x0000029acc9f1440 DEOPT PACKING pc=0x0000029ad066a58c sp=0x000000bf625f9fa0
Event: 0.124 Thread 0x0000029acc9f1440 DEOPT UNPACKING pc=0x0000029ad0102b43 sp=0x000000bf625f9430 mode 0
Event: 0.124 Thread 0x0000029acc9f1440 DEOPT PACKING pc=0x0000029ad066a58c sp=0x000000bf625f9fa0
Event: 0.124 Thread 0x0000029acc9f1440 DEOPT UNPACKING pc=0x0000029ad0102b43 sp=0x000000bf625f9430 mode 0
Event: 0.279 Thread 0x0000029acc9f1440 DEOPT PACKING pc=0x0000029ad0668fe7 sp=0x000000bf625fd410
Event: 0.279 Thread 0x0000029acc9f1440 DEOPT UNPACKING pc=0x0000029ad0102b43 sp=0x000000bf625fc830 mode 0
Event: 0.287 Thread 0x0000029acc9f1440 DEOPT PACKING pc=0x0000029ad0667fd1 sp=0x000000bf625fc0a0
Event: 0.287 Thread 0x0000029acc9f1440 DEOPT UNPACKING pc=0x0000029ad0102b43 sp=0x000000bf625fb518 mode 0

Classes unloaded (0 events):
No events

Classes redefined (0 events):
No events

Internal exceptions (6 events):
Event: 0.223 Thread 0x0000029acc9f1440 Exception <a 'java/lang/NoSuchMethodError'{0x00000000a7b72af8}: 'int java.lang.invoke.DirectMethodHandle$Holder.invokeStaticInit(java.lang.Object, java.lang.Object)'> (0x00000000a7b72af8) 
thrown [s\src\hotspot\share\interpreter\linkResolver.cpp, line 759]
Event: 0.245 Thread 0x0000029acc9f1440 Exception <a 'java/lang/NoSuchMethodError'{0x00000000a7bd0918}: 'java.lang.Object java.lang.invoke.DirectMethodHandle$Holder.invokeStaticInit(java.lang.Object)'> (0x00000000a7bd0918) 
thrown [s\src\hotspot\share\interpreter\linkResolver.cpp, line 759]
Event: 0.257 Thread 0x0000029acc9f1440 Exception <a 'java/lang/NoSuchMethodError'{0x00000000a7be10d0}: 'void java.lang.invoke.DirectMethodHandle$Holder.invokeStatic(java.lang.Object, java.lang.Object)'> (0x00000000a7be10d0) 
thrown [s\src\hotspot\share\interpreter\linkResolver.cpp, line 759]
Event: 0.266 Thread 0x0000029acc9f1440 Exception <a 'java/net/SocketException'{0x00000000a7bebda8}: Socket is not connected: shutdown> (0x00000000a7bebda8) 
thrown [s\src\hotspot\share\prims\jni.cpp, line 535]
Event: 0.266 Thread 0x0000029acc9f1440 Exception <a 'java/net/SocketException'{0x00000000a7bec420}: Socket is not connected: shutdown> (0x00000000a7bec420) 
thrown [s\src\hotspot\share\prims\jni.cpp, line 535]
Event: 0.297 Thread 0x0000029acc9f1440 Exception <a 'java/lang/NoSuchMethodError'{0x00000000a7ad4488}: 'void java.lang.invoke.DirectMethodHandle$Holder.invokeStaticInit(java.lang.Object, java.lang.Object)'> (0x00000000a7ad4488) 
thrown [s\src\hotspot\share\interpreter\linkResolver.cpp, line 759]

VM Operations (8 events):
Event: 0.134 Executing VM operation: HandshakeAllThreads
Event: 0.134 Executing VM operation: HandshakeAllThreads done
Event: 0.252 Executing VM operation: HandshakeAllThreads
Event: 0.252 Executing VM operation: HandshakeAllThreads done
Event: 0.304 Executing VM operation: HandshakeAllThreads
Event: 0.304 Executing VM operation: HandshakeAllThreads done
Event: 0.308 Executing VM operation: HandshakeAllThreads
Event: 0.308 Executing VM operation: HandshakeAllThreads done

Events (20 events):
Event: 0.308 loading class java/lang/ProcessEnvironment done
Event: 0.308 loading class java/lang/ProcessEnvironment$NameComparator
Event: 0.308 loading class java/lang/ProcessEnvironment$NameComparator done
Event: 0.308 loading class java/lang/ProcessEnvironment$EntryComparator
Event: 0.308 loading class java/lang/ProcessEnvironment$EntryComparator done
Event: 0.308 loading class java/lang/ProcessEnvironment$CheckedEntrySet
Event: 0.308 loading class java/lang/ProcessEnvironment$CheckedEntrySet done
Event: 0.308 loading class java/lang/ProcessEnvironment$CheckedEntrySet$1
Event: 0.308 loading class java/lang/ProcessEnvironment$CheckedEntrySet$1 done
Event: 0.308 loading class java/lang/ProcessEnvironment$CheckedEntry
Event: 0.308 loading class java/lang/ProcessEnvironment$CheckedEntry done
Event: 0.309 loading class java/lang/invoke/DirectMethodHandle$Special
Event: 0.309 loading class java/lang/invoke/DirectMethodHandle$Special done
Event: 0.310 loading class java/nio/file/AccessMode
Event: 0.310 loading class java/nio/file/AccessMode done
Event: 0.310 loading class sun/nio/fs/WindowsFileSystemProvider$1
Event: 0.310 loading class sun/nio/fs/WindowsFileSystemProvider$1 done
Event: 0.310 loading class sun/nio/fs/WindowsLinkSupport
Event: 0.310 loading class sun/nio/fs/WindowsLinkSupport done
Event: 0.310 loading class sun/nio/fs/WindowsAclFileAttributeView


Dynamic libraries:
0x00007ff73ce50000 - 0x00007ff73ce5e000 	C:\Users\subod\Downloads\eclipse-java-2022-09-R-win32-x86_64\eclipse\plugins\org.eclipse.justj.openjdk.hotspot.jre.full.win32.x86_64_17.0.4.v20220903-1038\jre\bin\javaw.exe
0x00007ffd81290000 - 0x00007ffd814a6000 	C:\Windows\SYSTEM32\ntdll.dll
0x00007ffd7fa10000 - 0x00007ffd7fad4000 	C:\Windows\System32\KERNEL32.DLL
0x00007ffd7e5b0000 - 0x00007ffd7e957000 	C:\Windows\System32\KERNELBASE.dll
0x00007ffd7ea50000 - 0x00007ffd7eb61000 	C:\Windows\System32\ucrtbase.dll
0x00007ffd79be0000 - 0x00007ffd79bf8000 	C:\Users\subod\Downloads\eclipse-java-2022-09-R-win32-x86_64\eclipse\plugins\org.eclipse.justj.openjdk.hotspot.jre.full.win32.x86_64_17.0.4.v20220903-1038\jre\bin\jli.dll
0x00007ffd788b0000 - 0x00007ffd788c9000 	C:\Users\subod\Downloads\eclipse-java-2022-09-R-win32-x86_64\eclipse\plugins\org.eclipse.justj.openjdk.hotspot.jre.full.win32.x86_64_17.0.4.v20220903-1038\jre\bin\VCRUNTIME140.dll
0x00007ffd7efc0000 - 0x00007ffd7f16e000 	C:\Windows\System32\USER32.dll
0x00007ffd7e960000 - 0x00007ffd7e986000 	C:\Windows\System32\win32u.dll
0x00007ffd68a10000 - 0x00007ffd68ca3000 	C:\Windows\WinSxS\amd64_microsoft.windows.common-controls_6595b64144ccf1df_6.0.22621.3235_none_270f74e173860f98\COMCTL32.dll
0x00007ffd7fc40000 - 0x00007ffd7fc69000 	C:\Windows\System32\GDI32.dll
0x00007ffd7f850000 - 0x00007ffd7f8f7000 	C:\Windows\System32\msvcrt.dll
0x00007ffd7edd0000 - 0x00007ffd7eee9000 	C:\Windows\System32\gdi32full.dll
0x00007ffd7eef0000 - 0x00007ffd7ef8a000 	C:\Windows\System32\msvcp_win.dll
0x00007ffd803c0000 - 0x00007ffd803f1000 	C:\Windows\System32\IMM32.DLL
0x00007ffd79bd0000 - 0x00007ffd79bdc000 	C:\Users\subod\Downloads\eclipse-java-2022-09-R-win32-x86_64\eclipse\plugins\org.eclipse.justj.openjdk.hotspot.jre.full.win32.x86_64_17.0.4.v20220903-1038\jre\bin\vcruntime140_1.dll
0x00007ffd5a8a0000 - 0x00007ffd5a931000 	C:\Users\subod\Downloads\eclipse-java-2022-09-R-win32-x86_64\eclipse\plugins\org.eclipse.justj.openjdk.hotspot.jre.full.win32.x86_64_17.0.4.v20220903-1038\jre\bin\msvcp140.dll
0x00007ffd2a2f0000 - 0x00007ffd2af36000 	C:\Users\subod\Downloads\eclipse-java-2022-09-R-win32-x86_64\eclipse\plugins\org.eclipse.justj.openjdk.hotspot.jre.full.win32.x86_64_17.0.4.v20220903-1038\jre\bin\server\jvm.dll
0x00007ffd81190000 - 0x00007ffd81242000 	C:\Windows\System32\ADVAPI32.dll
0x00007ffd7f380000 - 0x00007ffd7f428000 	C:\Windows\System32\sechost.dll
0x00007ffd7ef90000 - 0x00007ffd7efb8000 	C:\Windows\System32\bcrypt.dll
0x00007ffd7fde0000 - 0x00007ffd7fef5000 	C:\Windows\System32\RPCRT4.dll
0x00007ffd7f840000 - 0x00007ffd7f848000 	C:\Windows\System32\PSAPI.DLL
0x00007ffd79a40000 - 0x00007ffd79a49000 	C:\Windows\SYSTEM32\WSOCK32.dll
0x00007ffd77f80000 - 0x00007ffd77fb4000 	C:\Windows\SYSTEM32\WINMM.dll
0x00007ffd76770000 - 0x00007ffd7677a000 	C:\Windows\SYSTEM32\VERSION.dll
0x00007ffd7fae0000 - 0x00007ffd7fb51000 	C:\Windows\System32\WS2_32.dll
0x00007ffd7d600000 - 0x00007ffd7d618000 	C:\Windows\SYSTEM32\kernel.appcore.dll
0x00007ffd789c0000 - 0x00007ffd789ca000 	C:\Users\subod\Downloads\eclipse-java-2022-09-R-win32-x86_64\eclipse\plugins\org.eclipse.justj.openjdk.hotspot.jre.full.win32.x86_64_17.0.4.v20220903-1038\jre\bin\jimage.dll
0x00007ffd705f0000 - 0x00007ffd70823000 	C:\Windows\SYSTEM32\DBGHELP.DLL
0x00007ffd7ff60000 - 0x00007ffd802e8000 	C:\Windows\System32\combase.dll
0x00007ffd7fb60000 - 0x00007ffd7fc37000 	C:\Windows\System32\OLEAUT32.dll
0x00007ffd59900000 - 0x00007ffd59932000 	C:\Windows\SYSTEM32\dbgcore.DLL
0x00007ffd7ed50000 - 0x00007ffd7edc9000 	C:\Windows\System32\bcryptPrimitives.dll
0x00007ffd53fa0000 - 0x00007ffd53fc5000 	C:\Users\subod\Downloads\eclipse-java-2022-09-R-win32-x86_64\eclipse\plugins\org.eclipse.justj.openjdk.hotspot.jre.full.win32.x86_64_17.0.4.v20220903-1038\jre\bin\java.dll
0x00007ffd777d0000 - 0x00007ffd777e8000 	C:\Users\subod\Downloads\eclipse-java-2022-09-R-win32-x86_64\eclipse\plugins\org.eclipse.justj.openjdk.hotspot.jre.full.win32.x86_64_17.0.4.v20220903-1038\jre\bin\zip.dll
0x00007ffd80910000 - 0x00007ffd8116c000 	C:\Windows\System32\SHELL32.dll
0x00007ffd7c530000 - 0x00007ffd7ce29000 	C:\Windows\SYSTEM32\windows.storage.dll
0x00007ffd7c3f0000 - 0x00007ffd7c52e000 	C:\Windows\SYSTEM32\wintypes.dll
0x00007ffd7f6f0000 - 0x00007ffd7f7e3000 	C:\Windows\System32\SHCORE.dll
0x00007ffd7f320000 - 0x00007ffd7f37e000 	C:\Windows\System32\shlwapi.dll
0x00007ffd7e4e0000 - 0x00007ffd7e501000 	C:\Windows\SYSTEM32\profapi.dll
0x00007ffd77750000 - 0x00007ffd77769000 	C:\Users\subod\Downloads\eclipse-java-2022-09-R-win32-x86_64\eclipse\plugins\org.eclipse.justj.openjdk.hotspot.jre.full.win32.x86_64_17.0.4.v20220903-1038\jre\bin\net.dll
0x00007ffd78540000 - 0x00007ffd78676000 	C:\Windows\SYSTEM32\WINHTTP.dll
0x00007ffd7da70000 - 0x00007ffd7dad9000 	C:\Windows\system32\mswsock.dll
0x00007ffd76570000 - 0x00007ffd76585000 	C:\Users\subod\Downloads\eclipse-java-2022-09-R-win32-x86_64\eclipse\plugins\org.eclipse.justj.openjdk.hotspot.jre.full.win32.x86_64_17.0.4.v20220903-1038\jre\bin\nio.dll
0x00007ffd7d100000 - 0x00007ffd7d1f9000 	C:\Windows\SYSTEM32\DNSAPI.dll
0x00007ffd7d090000 - 0x00007ffd7d0bd000 	C:\Windows\SYSTEM32\IPHLPAPI.DLL
0x00007ffd80480000 - 0x00007ffd80489000 	C:\Windows\System32\NSI.dll
0x00007ffd633d0000 - 0x00007ffd633da000 	C:\Windows\System32\rasadhlp.dll
0x00007ffd768e0000 - 0x00007ffd76963000 	C:\Windows\System32\fwpuclnt.dll

dbghelp: loaded successfully - version: 4.0.5 - missing functions: none
symbol engine: initialized successfully - sym options: 0x614 - pdb path: .;C:\Users\subod\Downloads\eclipse-java-2022-09-R-win32-x86_64\eclipse\plugins\org.eclipse.justj.openjdk.hotspot.jre.full.win32.x86_64_17.0.4.v20220903-1038\jre\bin;C:\Windows\SYSTEM32;C:\Windows\WinSxS\amd64_microsoft.windows.common-controls_6595b64144ccf1df_6.0.22621.3235_none_270f74e173860f98;C:\Users\subod\Downloads\eclipse-java-2022-09-R-win32-x86_64\eclipse\plugins\org.eclipse.justj.openjdk.hotspot.jre.full.win32.x86_64_17.0.4.v20220903-1038\jre\bin\server

VM Arguments:
jvm_args: -Dfile.encoding=UTF-8 -XX:+ShowCodeDetailsInExceptionMessages 
java_command: DropdownHandling.AutomatingDemoDropdown
java_class_path (initial): C:\Users\subod\git\Java-Selenium\Automation\bin;C:\Users\subod\git\Java-Selenium\Automation\jars\selenium-server-4.15.0.jar
Launcher Type: SUN_STANDARD

[Global flags]
     intx CICompilerCount                          = 4                                         {product} {ergonomic}
     uint ConcGCThreads                            = 2                                         {product} {ergonomic}
     uint G1ConcRefinementThreads                  = 8                                         {product} {ergonomic}
   size_t G1HeapRegionSize                         = 1048576                                   {product} {ergonomic}
    uintx GCDrainStackTargetSize                   = 64                                        {product} {ergonomic}
   size_t InitialHeapSize                          = 100663296                                 {product} {ergonomic}
   size_t MarkStackSize                            = 4194304                                   {product} {ergonomic}
   size_t MaxHeapSize                              = 1579155456                                {product} {ergonomic}
   size_t MaxNewSize                               = 946864128                                 {product} {ergonomic}
   size_t MinHeapDeltaBytes                        = 1048576                                   {product} {ergonomic}
   size_t MinHeapSize                              = 8388608                                   {product} {ergonomic}
    uintx NonNMethodCodeHeapSize                   = 5839372                                {pd product} {ergonomic}
    uintx NonProfiledCodeHeapSize                  = 122909434                              {pd product} {ergonomic}
    uintx ProfiledCodeHeapSize                     = 122909434                              {pd product} {ergonomic}
    uintx ReservedCodeCacheSize                    = 251658240                              {pd product} {ergonomic}
     bool SegmentedCodeCache                       = true                                      {product} {ergonomic}
     bool ShowCodeDetailsInExceptionMessages       = true                                   {manageable} {command line}
   size_t SoftMaxHeapSize                          = 1579155456                             {manageable} {ergonomic}
     bool UseCompressedClassPointers               = true                           {product lp64_product} {ergonomic}
     bool UseCompressedOops                        = true                           {product lp64_product} {ergonomic}
     bool UseG1GC                                  = true                                      {product} {ergonomic}
     bool UseLargePagesIndividualAllocation        = false                                  {pd product} {ergonomic}

Logging:
Log output configuration:
 #0: stdout all=warning uptime,level,tags
 #1: stderr all=off uptime,level,tags

Environment Variables:
PATH=C:/Users/subod/Downloads/eclipse-java-2022-09-R-win32-x86_64/eclipse//plugins/org.eclipse.justj.openjdk.hotspot.jre.full.win32.x86_64_17.0.4.v20220903-1038/jre/bin/server;C:/Users/subod/Downloads/eclipse-java-2022-09-R-win32-x86_64/eclipse//plugins/org.eclipse.justj.openjdk.hotspot.jre.full.win32.x86_64_17.0.4.v20220903-1038/jre/bin;C:\Program Files\Common Files\Oracle\Java\javapath;D:\oracle\product\10.2.0\db_1\bin;C:\Windows\system32;C:\Windows;C:\Windows\System32\Wbem;C:\Windows\System32\WindowsPowerShell\v1.0\;C:\Windows\System32\OpenSSH\;C:\Program Files\Java\jdk-11.0.15.1\bin;C:\Users\subod\AppData\Local\Microsoft\WindowsApps;C:\Users\subod\AppData\Local\spicetify;C:\Program Files\Java\jdk-11.0.15.1\bin;;C:\Users\subod\Downloads\eclipse-java-2022-09-R-win32-x86_64\eclipse;
USERNAME=subodh
OS=Windows_NT
PROCESSOR_IDENTIFIER=AMD64 Family 23 Model 24 Stepping 1, AuthenticAMD
TMP=C:\Users\subod\AppData\Local\Temp
TEMP=C:\Users\subod\AppData\Local\Temp



---------------  S Y S T E M  ---------------

OS:
 Windows 11 , 64 bit Build 22621 (10.0.22621.3374)
OS uptime: 0 days 7:06 hours

CPU: total 8 (initial active 8) (8 cores per cpu, 2 threads per core) family 23 model 24 stepping 1 microcode 0x0, cx8, cmov, fxsr, ht, mmx, 3dnowpref, sse, sse2, sse3, ssse3, sse4a, sse4.1, sse4.2, popcnt, lzcnt, tsc, tscinvbit, avx, avx2, aes, clmul, bmi1, bmi2, adx, sha, fma, vzeroupper, clflush, clflushopt

Memory: 4k page, system-wide physical 6019M (962M free)
TotalPageFile size 8067M (AvailPageFile size 4M)
current process WorkingSet (physical memory assigned to process): 49M, peak: 49M
current process commit charge ("private bytes"): 180M, peak: 180M

vm_info: OpenJDK 64-Bit Server VM (17.0.4.1+1) for windows-amd64 JRE (17.0.4.1+1), built on Aug 17 2022 07:42:43 by "temurin" with MS VC++ 16.7 (VS2019)

END.
