#
# There is insufficient memory for the Java Runtime Environment to continue.
# Native memory allocation (malloc) failed to allocate 143696 bytes for Chunk::new
# Possible reasons:
#   The system is out of physical RAM or swap space
#   The process is running with CompressedOops enabled, and the Java Heap may be blocking the growth of the native heap
# Possible solutions:
#   Reduce memory load on the system
#   Increase physical memory or swap space
#   Check if swap backing store is full
#   Decrease Java heap size (-Xmx/-Xms)
#   Decrease number of Java threads
#   Decrease Java thread stack sizes (-Xss)
#   Set larger code cache with -XX:ReservedCodeCacheSize=
#   JVM is running with Unscaled Compressed Oops mode in which the Java heap is
#     placed in the first 4GB address space. The Java Heap base address is the
#     maximum limit for the native heap growth. Please use -XX:HeapBaseMinAddress
#     to set the Java Heap base and to place the Java Heap above 4GB virtual address.
# This output file may be truncated or incomplete.
#
#  Out of Memory Error (arena.cpp:189), pid=7704, tid=4400
#
# JRE version: OpenJDK Runtime Environment Temurin-17.0.4.1+1 (17.0.4.1+1) (build 17.0.4.1+1)
# Java VM: OpenJDK 64-Bit Server VM Temurin-17.0.4.1+1 (17.0.4.1+1, mixed mode, tiered, compressed oops, compressed class ptrs, g1 gc, windows-amd64)
# No core dump will be written. Minidumps are not enabled by default on client versions of Windows
#

---------------  S U M M A R Y ------------

Command Line: -Dfile.encoding=UTF-8 -XX:+ShowCodeDetailsInExceptionMessages PopUpHandling.AlertPopUpAssignment

Host: AMD Ryzen 5 3550H with Radeon Vega Mobile Gfx  , 8 cores, 5G,  Windows 11 , 64 bit Build 22621 (10.0.22621.3374)
Time: Tue Apr  2 19:26:03 2024 India Standard Time elapsed time: 0.635547 seconds (0d 0h 0m 0s)

---------------  T H R E A D  ---------------

Current thread (0x000001b43b8157d0):  JavaThread "C2 CompilerThread0" daemon [_thread_in_native, id=4400, stack(0x00000004fd700000,0x00000004fd800000)]


Current CompileTask:
C2:    635  364       4       java.lang.StringLatin1::replace (198 bytes)

Stack: [0x00000004fd700000,0x00000004fd800000]
Native frames: (J=compiled Java code, j=interpreted, Vv=VM code, C=native code)
V  [jvm.dll+0x67731a]
V  [jvm.dll+0x832284]
V  [jvm.dll+0x833a2e]
V  [jvm.dll+0x834093]
V  [jvm.dll+0x245775]
V  [jvm.dll+0xabd7b]
V  [jvm.dll+0xac30c]
V  [jvm.dll+0x2ac80f]
V  [jvm.dll+0x57dd77]
V  [jvm.dll+0x220892]
V  [jvm.dll+0x220c6f]
V  [jvm.dll+0x21a4d5]
V  [jvm.dll+0x21799b]
V  [jvm.dll+0x1a3f8d]
V  [jvm.dll+0x227498]
V  [jvm.dll+0x2255e5]
V  [jvm.dll+0x7e7e9b]
V  [jvm.dll+0x7e240a]
V  [jvm.dll+0x6761a5]
C  [ucrtbase.dll+0x29333]
C  [KERNEL32.DLL+0x1257d]
C  [ntdll.dll+0x5aa48]


---------------  P R O C E S S  ---------------

Threads class SMR info:
_java_thread_list=0x000001b43b9f0840, length=13, elements={
0x000001b421fe27b0, 0x000001b43ac3a3b0, 0x000001b43ac3d2c0, 0x000001b43ac6d180,
0x000001b43ac6fb50, 0x000001b43ac70bb0, 0x000001b43ac73c20, 0x000001b43b8157d0,
0x000001b43b816920, 0x000001b43b827df0, 0x000001b43b976270, 0x000001b43b984450,
0x000001b43b9f02b0
}

Java Threads: ( => current thread )
  0x000001b421fe27b0 JavaThread "main" [_thread_in_vm, id=12268, stack(0x00000004fca00000,0x00000004fcb00000)]
  0x000001b43ac3a3b0 JavaThread "Reference Handler" daemon [_thread_blocked, id=8488, stack(0x00000004fd100000,0x00000004fd200000)]
  0x000001b43ac3d2c0 JavaThread "Finalizer" daemon [_thread_blocked, id=3052, stack(0x00000004fd200000,0x00000004fd300000)]
  0x000001b43ac6d180 JavaThread "Signal Dispatcher" daemon [_thread_blocked, id=13904, stack(0x00000004fd300000,0x00000004fd400000)]
  0x000001b43ac6fb50 JavaThread "Attach Listener" daemon [_thread_blocked, id=5688, stack(0x00000004fd400000,0x00000004fd500000)]
  0x000001b43ac70bb0 JavaThread "Service Thread" daemon [_thread_blocked, id=5524, stack(0x00000004fd500000,0x00000004fd600000)]
  0x000001b43ac73c20 JavaThread "Monitor Deflation Thread" daemon [_thread_blocked, id=9788, stack(0x00000004fd600000,0x00000004fd700000)]
=>0x000001b43b8157d0 JavaThread "C2 CompilerThread0" daemon [_thread_in_native, id=4400, stack(0x00000004fd700000,0x00000004fd800000)]
  0x000001b43b816920 JavaThread "C1 CompilerThread0" daemon [_thread_blocked, id=8964, stack(0x00000004fd800000,0x00000004fd900000)]
  0x000001b43b827df0 JavaThread "Sweeper thread" daemon [_thread_blocked, id=964, stack(0x00000004fd900000,0x00000004fda00000)]
  0x000001b43b976270 JavaThread "Notification Thread" daemon [_thread_blocked, id=3976, stack(0x00000004fda00000,0x00000004fdb00000)]
  0x000001b43b984450 JavaThread "Common-Cleaner" daemon [_thread_blocked, id=11596, stack(0x00000004fdc00000,0x00000004fdd00000)]
  0x000001b43b9f02b0 JavaThread "C2 CompilerThread1" daemon [_thread_blocked, id=14152, stack(0x00000004fdd00000,0x00000004fde00000)]

Other Threads:
  0x000001b43ac22f90 VMThread "VM Thread" [stack: 0x00000004fd000000,0x00000004fd100000] [id=12624]
  0x000001b43b976740 WatcherThread [stack: 0x00000004fdb00000,0x00000004fdc00000] [id=13244]
  0x000001b42202ffa0 GCTaskThread "GC Thread#0" [stack: 0x00000004fcb00000,0x00000004fcc00000] [id=3568]
  0x000001b42203ca30 ConcurrentGCThread "G1 Main Marker" [stack: 0x00000004fcc00000,0x00000004fcd00000] [id=9688]
  0x000001b42203eb00 ConcurrentGCThread "G1 Conc#0" [stack: 0x00000004fcd00000,0x00000004fce00000] [id=12796]
  0x000001b43aa90090 ConcurrentGCThread "G1 Refine#0" [stack: 0x00000004fce00000,0x00000004fcf00000] [id=9648]
  0x000001b43aa908c0 ConcurrentGCThread "G1 Service" [stack: 0x00000004fcf00000,0x00000004fd000000] [id=13736]

Threads with active compile tasks:
C2 CompilerThread0      660  364       4       java.lang.StringLatin1::replace (198 bytes)

VM state: not at safepoint (normal execution)

VM Mutex/Monitor currently owned by a thread: None

Heap address: 0x00000000a1e00000, size: 1506 MB, Compressed Oops mode: 32-bit

CDS archive(s) not mapped
Compressed class space mapped at: 0x0000000100000000-0x0000000140000000, reserved size: 1073741824
Narrow klass base: 0x0000000000000000, Narrow klass shift: 3, Narrow klass range: 0x140000000

GC Precious Log:
 CPUs: 8 total, 8 available
 Memory: 6019M
 Large Page Support: Disabled
 NUMA Support: Disabled
 Compressed Oops: Enabled (32-bit)
 Heap Region Size: 1M
 Heap Min Capacity: 8M
 Heap Initial Capacity: 96M
 Heap Max Capacity: 1506M
 Pre-touch: Disabled
 Parallel Workers: 8
 Concurrent Workers: 2
 Concurrent Refinement Workers: 8
 Periodic GC: Disabled

Heap:
 garbage-first heap   total 98304K, used 7168K [0x00000000a1e00000, 0x0000000100000000)
  region size 1024K, 5 young (5120K), 0 survivors (0K)
 Metaspace       used 8938K, committed 9152K, reserved 1056768K
  class space    used 828K, committed 960K, reserved 1048576K

Heap Regions: E=young(eden), S=young(survivor), O=old, HS=humongous(starts), HC=humongous(continues), CS=collection set, F=free, OA=open archive, CA=closed archive, TAMS=top-at-mark-start (previous, next)
|   0|0x00000000a1e00000, 0x00000000a1f00000, 0x00000000a1f00000|100%|HS|  |TAMS 0x00000000a1e00000, 0x00000000a1e00000| Complete 
|   1|0x00000000a1f00000, 0x00000000a2000000, 0x00000000a2000000|100%|HC|  |TAMS 0x00000000a1f00000, 0x00000000a1f00000| Complete 
|   2|0x00000000a2000000, 0x00000000a2100000, 0x00000000a2100000|100%|HC|  |TAMS 0x00000000a2000000, 0x00000000a2000000| Complete 
|   3|0x00000000a2100000, 0x00000000a2100000, 0x00000000a2200000|  0%| F|  |TAMS 0x00000000a2100000, 0x00000000a2100000| Untracked 
|   4|0x00000000a2200000, 0x00000000a2200000, 0x00000000a2300000|  0%| F|  |TAMS 0x00000000a2200000, 0x00000000a2200000| Untracked 
|   5|0x00000000a2300000, 0x00000000a2300000, 0x00000000a2400000|  0%| F|  |TAMS 0x00000000a2300000, 0x00000000a2300000| Untracked 
|   6|0x00000000a2400000, 0x00000000a2400000, 0x00000000a2500000|  0%| F|  |TAMS 0x00000000a2400000, 0x00000000a2400000| Untracked 
|   7|0x00000000a2500000, 0x00000000a2500000, 0x00000000a2600000|  0%| F|  |TAMS 0x00000000a2500000, 0x00000000a2500000| Untracked 
|   8|0x00000000a2600000, 0x00000000a2600000, 0x00000000a2700000|  0%| F|  |TAMS 0x00000000a2600000, 0x00000000a2600000| Untracked 
|   9|0x00000000a2700000, 0x00000000a2700000, 0x00000000a2800000|  0%| F|  |TAMS 0x00000000a2700000, 0x00000000a2700000| Untracked 
|  10|0x00000000a2800000, 0x00000000a2800000, 0x00000000a2900000|  0%| F|  |TAMS 0x00000000a2800000, 0x00000000a2800000| Untracked 
|  11|0x00000000a2900000, 0x00000000a2900000, 0x00000000a2a00000|  0%| F|  |TAMS 0x00000000a2900000, 0x00000000a2900000| Untracked 
|  12|0x00000000a2a00000, 0x00000000a2a00000, 0x00000000a2b00000|  0%| F|  |TAMS 0x00000000a2a00000, 0x00000000a2a00000| Untracked 
|  13|0x00000000a2b00000, 0x00000000a2b00000, 0x00000000a2c00000|  0%| F|  |TAMS 0x00000000a2b00000, 0x00000000a2b00000| Untracked 
|  14|0x00000000a2c00000, 0x00000000a2c00000, 0x00000000a2d00000|  0%| F|  |TAMS 0x00000000a2c00000, 0x00000000a2c00000| Untracked 
|  15|0x00000000a2d00000, 0x00000000a2d00000, 0x00000000a2e00000|  0%| F|  |TAMS 0x00000000a2d00000, 0x00000000a2d00000| Untracked 
|  16|0x00000000a2e00000, 0x00000000a2e00000, 0x00000000a2f00000|  0%| F|  |TAMS 0x00000000a2e00000, 0x00000000a2e00000| Untracked 
|  17|0x00000000a2f00000, 0x00000000a2f00000, 0x00000000a3000000|  0%| F|  |TAMS 0x00000000a2f00000, 0x00000000a2f00000| Untracked 
|  18|0x00000000a3000000, 0x00000000a3000000, 0x00000000a3100000|  0%| F|  |TAMS 0x00000000a3000000, 0x00000000a3000000| Untracked 
|  19|0x00000000a3100000, 0x00000000a3100000, 0x00000000a3200000|  0%| F|  |TAMS 0x00000000a3100000, 0x00000000a3100000| Untracked 
|  20|0x00000000a3200000, 0x00000000a3200000, 0x00000000a3300000|  0%| F|  |TAMS 0x00000000a3200000, 0x00000000a3200000| Untracked 
|  21|0x00000000a3300000, 0x00000000a3300000, 0x00000000a3400000|  0%| F|  |TAMS 0x00000000a3300000, 0x00000000a3300000| Untracked 
|  22|0x00000000a3400000, 0x00000000a3400000, 0x00000000a3500000|  0%| F|  |TAMS 0x00000000a3400000, 0x00000000a3400000| Untracked 
|  23|0x00000000a3500000, 0x00000000a3500000, 0x00000000a3600000|  0%| F|  |TAMS 0x00000000a3500000, 0x00000000a3500000| Untracked 
|  24|0x00000000a3600000, 0x00000000a3600000, 0x00000000a3700000|  0%| F|  |TAMS 0x00000000a3600000, 0x00000000a3600000| Untracked 
|  25|0x00000000a3700000, 0x00000000a3700000, 0x00000000a3800000|  0%| F|  |TAMS 0x00000000a3700000, 0x00000000a3700000| Untracked 
|  26|0x00000000a3800000, 0x00000000a3800000, 0x00000000a3900000|  0%| F|  |TAMS 0x00000000a3800000, 0x00000000a3800000| Untracked 
|  27|0x00000000a3900000, 0x00000000a3900000, 0x00000000a3a00000|  0%| F|  |TAMS 0x00000000a3900000, 0x00000000a3900000| Untracked 
|  28|0x00000000a3a00000, 0x00000000a3a00000, 0x00000000a3b00000|  0%| F|  |TAMS 0x00000000a3a00000, 0x00000000a3a00000| Untracked 
|  29|0x00000000a3b00000, 0x00000000a3b00000, 0x00000000a3c00000|  0%| F|  |TAMS 0x00000000a3b00000, 0x00000000a3b00000| Untracked 
|  30|0x00000000a3c00000, 0x00000000a3c00000, 0x00000000a3d00000|  0%| F|  |TAMS 0x00000000a3c00000, 0x00000000a3c00000| Untracked 
|  31|0x00000000a3d00000, 0x00000000a3d00000, 0x00000000a3e00000|  0%| F|  |TAMS 0x00000000a3d00000, 0x00000000a3d00000| Untracked 
|  32|0x00000000a3e00000, 0x00000000a3e00000, 0x00000000a3f00000|  0%| F|  |TAMS 0x00000000a3e00000, 0x00000000a3e00000| Untracked 
|  33|0x00000000a3f00000, 0x00000000a3f00000, 0x00000000a4000000|  0%| F|  |TAMS 0x00000000a3f00000, 0x00000000a3f00000| Untracked 
|  34|0x00000000a4000000, 0x00000000a4000000, 0x00000000a4100000|  0%| F|  |TAMS 0x00000000a4000000, 0x00000000a4000000| Untracked 
|  35|0x00000000a4100000, 0x00000000a4100000, 0x00000000a4200000|  0%| F|  |TAMS 0x00000000a4100000, 0x00000000a4100000| Untracked 
|  36|0x00000000a4200000, 0x00000000a4200000, 0x00000000a4300000|  0%| F|  |TAMS 0x00000000a4200000, 0x00000000a4200000| Untracked 
|  37|0x00000000a4300000, 0x00000000a4300000, 0x00000000a4400000|  0%| F|  |TAMS 0x00000000a4300000, 0x00000000a4300000| Untracked 
|  38|0x00000000a4400000, 0x00000000a4400000, 0x00000000a4500000|  0%| F|  |TAMS 0x00000000a4400000, 0x00000000a4400000| Untracked 
|  39|0x00000000a4500000, 0x00000000a4500000, 0x00000000a4600000|  0%| F|  |TAMS 0x00000000a4500000, 0x00000000a4500000| Untracked 
|  40|0x00000000a4600000, 0x00000000a4600000, 0x00000000a4700000|  0%| F|  |TAMS 0x00000000a4600000, 0x00000000a4600000| Untracked 
|  41|0x00000000a4700000, 0x00000000a4700000, 0x00000000a4800000|  0%| F|  |TAMS 0x00000000a4700000, 0x00000000a4700000| Untracked 
|  42|0x00000000a4800000, 0x00000000a4800000, 0x00000000a4900000|  0%| F|  |TAMS 0x00000000a4800000, 0x00000000a4800000| Untracked 
|  43|0x00000000a4900000, 0x00000000a4900000, 0x00000000a4a00000|  0%| F|  |TAMS 0x00000000a4900000, 0x00000000a4900000| Untracked 
|  44|0x00000000a4a00000, 0x00000000a4a00000, 0x00000000a4b00000|  0%| F|  |TAMS 0x00000000a4a00000, 0x00000000a4a00000| Untracked 
|  45|0x00000000a4b00000, 0x00000000a4b00000, 0x00000000a4c00000|  0%| F|  |TAMS 0x00000000a4b00000, 0x00000000a4b00000| Untracked 
|  46|0x00000000a4c00000, 0x00000000a4c00000, 0x00000000a4d00000|  0%| F|  |TAMS 0x00000000a4c00000, 0x00000000a4c00000| Untracked 
|  47|0x00000000a4d00000, 0x00000000a4d00000, 0x00000000a4e00000|  0%| F|  |TAMS 0x00000000a4d00000, 0x00000000a4d00000| Untracked 
|  48|0x00000000a4e00000, 0x00000000a4e00000, 0x00000000a4f00000|  0%| F|  |TAMS 0x00000000a4e00000, 0x00000000a4e00000| Untracked 
|  49|0x00000000a4f00000, 0x00000000a4f00000, 0x00000000a5000000|  0%| F|  |TAMS 0x00000000a4f00000, 0x00000000a4f00000| Untracked 
|  50|0x00000000a5000000, 0x00000000a5000000, 0x00000000a5100000|  0%| F|  |TAMS 0x00000000a5000000, 0x00000000a5000000| Untracked 
|  51|0x00000000a5100000, 0x00000000a5100000, 0x00000000a5200000|  0%| F|  |TAMS 0x00000000a5100000, 0x00000000a5100000| Untracked 
|  52|0x00000000a5200000, 0x00000000a5200000, 0x00000000a5300000|  0%| F|  |TAMS 0x00000000a5200000, 0x00000000a5200000| Untracked 
|  53|0x00000000a5300000, 0x00000000a5300000, 0x00000000a5400000|  0%| F|  |TAMS 0x00000000a5300000, 0x00000000a5300000| Untracked 
|  54|0x00000000a5400000, 0x00000000a5400000, 0x00000000a5500000|  0%| F|  |TAMS 0x00000000a5400000, 0x00000000a5400000| Untracked 
|  55|0x00000000a5500000, 0x00000000a5500000, 0x00000000a5600000|  0%| F|  |TAMS 0x00000000a5500000, 0x00000000a5500000| Untracked 
|  56|0x00000000a5600000, 0x00000000a5600000, 0x00000000a5700000|  0%| F|  |TAMS 0x00000000a5600000, 0x00000000a5600000| Untracked 
|  57|0x00000000a5700000, 0x00000000a5700000, 0x00000000a5800000|  0%| F|  |TAMS 0x00000000a5700000, 0x00000000a5700000| Untracked 
|  58|0x00000000a5800000, 0x00000000a5800000, 0x00000000a5900000|  0%| F|  |TAMS 0x00000000a5800000, 0x00000000a5800000| Untracked 
|  59|0x00000000a5900000, 0x00000000a5900000, 0x00000000a5a00000|  0%| F|  |TAMS 0x00000000a5900000, 0x00000000a5900000| Untracked 
|  60|0x00000000a5a00000, 0x00000000a5a00000, 0x00000000a5b00000|  0%| F|  |TAMS 0x00000000a5a00000, 0x00000000a5a00000| Untracked 
|  61|0x00000000a5b00000, 0x00000000a5b00000, 0x00000000a5c00000|  0%| F|  |TAMS 0x00000000a5b00000, 0x00000000a5b00000| Untracked 
|  62|0x00000000a5c00000, 0x00000000a5c00000, 0x00000000a5d00000|  0%| F|  |TAMS 0x00000000a5c00000, 0x00000000a5c00000| Untracked 
|  63|0x00000000a5d00000, 0x00000000a5d00000, 0x00000000a5e00000|  0%| F|  |TAMS 0x00000000a5d00000, 0x00000000a5d00000| Untracked 
|  64|0x00000000a5e00000, 0x00000000a5e00000, 0x00000000a5f00000|  0%| F|  |TAMS 0x00000000a5e00000, 0x00000000a5e00000| Untracked 
|  65|0x00000000a5f00000, 0x00000000a5f00000, 0x00000000a6000000|  0%| F|  |TAMS 0x00000000a5f00000, 0x00000000a5f00000| Untracked 
|  66|0x00000000a6000000, 0x00000000a6000000, 0x00000000a6100000|  0%| F|  |TAMS 0x00000000a6000000, 0x00000000a6000000| Untracked 
|  67|0x00000000a6100000, 0x00000000a6100000, 0x00000000a6200000|  0%| F|  |TAMS 0x00000000a6100000, 0x00000000a6100000| Untracked 
|  68|0x00000000a6200000, 0x00000000a6200000, 0x00000000a6300000|  0%| F|  |TAMS 0x00000000a6200000, 0x00000000a6200000| Untracked 
|  69|0x00000000a6300000, 0x00000000a6300000, 0x00000000a6400000|  0%| F|  |TAMS 0x00000000a6300000, 0x00000000a6300000| Untracked 
|  70|0x00000000a6400000, 0x00000000a6400000, 0x00000000a6500000|  0%| F|  |TAMS 0x00000000a6400000, 0x00000000a6400000| Untracked 
|  71|0x00000000a6500000, 0x00000000a6500000, 0x00000000a6600000|  0%| F|  |TAMS 0x00000000a6500000, 0x00000000a6500000| Untracked 
|  72|0x00000000a6600000, 0x00000000a6600000, 0x00000000a6700000|  0%| F|  |TAMS 0x00000000a6600000, 0x00000000a6600000| Untracked 
|  73|0x00000000a6700000, 0x00000000a6700000, 0x00000000a6800000|  0%| F|  |TAMS 0x00000000a6700000, 0x00000000a6700000| Untracked 
|  74|0x00000000a6800000, 0x00000000a6800000, 0x00000000a6900000|  0%| F|  |TAMS 0x00000000a6800000, 0x00000000a6800000| Untracked 
|  75|0x00000000a6900000, 0x00000000a6900000, 0x00000000a6a00000|  0%| F|  |TAMS 0x00000000a6900000, 0x00000000a6900000| Untracked 
|  76|0x00000000a6a00000, 0x00000000a6a00000, 0x00000000a6b00000|  0%| F|  |TAMS 0x00000000a6a00000, 0x00000000a6a00000| Untracked 
|  77|0x00000000a6b00000, 0x00000000a6b00000, 0x00000000a6c00000|  0%| F|  |TAMS 0x00000000a6b00000, 0x00000000a6b00000| Untracked 
|  78|0x00000000a6c00000, 0x00000000a6c00000, 0x00000000a6d00000|  0%| F|  |TAMS 0x00000000a6c00000, 0x00000000a6c00000| Untracked 
|  79|0x00000000a6d00000, 0x00000000a6d00000, 0x00000000a6e00000|  0%| F|  |TAMS 0x00000000a6d00000, 0x00000000a6d00000| Untracked 
|  80|0x00000000a6e00000, 0x00000000a6e00000, 0x00000000a6f00000|  0%| F|  |TAMS 0x00000000a6e00000, 0x00000000a6e00000| Untracked 
|  81|0x00000000a6f00000, 0x00000000a6f00000, 0x00000000a7000000|  0%| F|  |TAMS 0x00000000a6f00000, 0x00000000a6f00000| Untracked 
|  82|0x00000000a7000000, 0x00000000a7000000, 0x00000000a7100000|  0%| F|  |TAMS 0x00000000a7000000, 0x00000000a7000000| Untracked 
|  83|0x00000000a7100000, 0x00000000a7100000, 0x00000000a7200000|  0%| F|  |TAMS 0x00000000a7100000, 0x00000000a7100000| Untracked 
|  84|0x00000000a7200000, 0x00000000a7200000, 0x00000000a7300000|  0%| F|  |TAMS 0x00000000a7200000, 0x00000000a7200000| Untracked 
|  85|0x00000000a7300000, 0x00000000a7300000, 0x00000000a7400000|  0%| F|  |TAMS 0x00000000a7300000, 0x00000000a7300000| Untracked 
|  86|0x00000000a7400000, 0x00000000a7400000, 0x00000000a7500000|  0%| F|  |TAMS 0x00000000a7400000, 0x00000000a7400000| Untracked 
|  87|0x00000000a7500000, 0x00000000a7500000, 0x00000000a7600000|  0%| F|  |TAMS 0x00000000a7500000, 0x00000000a7500000| Untracked 
|  88|0x00000000a7600000, 0x00000000a7600000, 0x00000000a7700000|  0%| F|  |TAMS 0x00000000a7600000, 0x00000000a7600000| Untracked 
|  89|0x00000000a7700000, 0x00000000a7700000, 0x00000000a7800000|  0%| F|  |TAMS 0x00000000a7700000, 0x00000000a7700000| Untracked 
|  90|0x00000000a7800000, 0x00000000a7800000, 0x00000000a7900000|  0%| F|  |TAMS 0x00000000a7800000, 0x00000000a7800000| Untracked 
|  91|0x00000000a7900000, 0x00000000a7976600, 0x00000000a7a00000| 46%| E|  |TAMS 0x00000000a7900000, 0x00000000a7900000| Complete 
|  92|0x00000000a7a00000, 0x00000000a7b00000, 0x00000000a7b00000|100%| E|CS|TAMS 0x00000000a7a00000, 0x00000000a7a00000| Complete 
|  93|0x00000000a7b00000, 0x00000000a7c00000, 0x00000000a7c00000|100%| E|CS|TAMS 0x00000000a7b00000, 0x00000000a7b00000| Complete 
|  94|0x00000000a7c00000, 0x00000000a7d00000, 0x00000000a7d00000|100%| E|CS|TAMS 0x00000000a7c00000, 0x00000000a7c00000| Complete 
|  95|0x00000000a7d00000, 0x00000000a7e00000, 0x00000000a7e00000|100%| E|CS|TAMS 0x00000000a7d00000, 0x00000000a7d00000| Complete 

Card table byte_map: [0x000001b434cd0000,0x000001b434fd0000] _byte_map_base: 0x000001b4347c1000

Marking Bits (Prev, Next): (CMBitMap*) 0x000001b4220304c0, (CMBitMap*) 0x000001b422030500
 Prev Bits: [0x000001b4352d0000, 0x000001b436a58000)
 Next Bits: [0x000001b436a60000, 0x000001b4381e8000)

Polling page: 0x000001b41ff50000

Metaspace:

Usage:
  Non-class:      7.98 MB used.
      Class:    833.45 KB used.
       Both:      8.79 MB used.

Virtual space:
  Non-class space:        8.00 MB reserved,       8.00 MB (100%) committed,  1 nodes.
      Class space:        1.00 GB reserved,     960.00 KB ( <1%) committed,  1 nodes.
             Both:        1.01 GB reserved,       8.94 MB ( <1%) committed. 

Chunk freelists:
   Non-Class:  0 bytes
       Class:  3.05 MB
        Both:  3.05 MB

MaxMetaspaceSize: unlimited
CompressedClassSpaceSize: 1.00 GB
Initial GC threshold: 21.00 MB
Current GC threshold: 21.00 MB
CDS: off
MetaspaceReclaimPolicy: balanced
 - commit_granule_bytes: 65536.
 - commit_granule_words: 8192.
 - virtual_space_node_default_size: 1048576.
 - enlarge_chunks_in_place: 1.
 - new_chunks_are_fully_committed: 0.
 - uncommit_free_chunks: 1.
 - use_allocation_guard: 0.
 - handle_deallocations: 1.


Internal statistics:

num_allocs_failed_limit: 0.
num_arena_births: 24.
num_arena_deaths: 0.
num_vsnodes_births: 2.
num_vsnodes_deaths: 0.
num_space_committed: 143.
num_space_uncommitted: 0.
num_chunks_returned_to_freelist: 0.
num_chunks_taken_from_freelist: 81.
num_chunk_merges: 0.
num_chunk_splits: 38.
num_chunks_enlarged: 23.
num_purges: 0.
num_inconsistent_stats: 0.

CodeHeap 'non-profiled nmethods': size=120000Kb used=121Kb max_used=121Kb free=119878Kb
 bounds [0x000001b42d170000, 0x000001b42d3e0000, 0x000001b4346a0000]
CodeHeap 'profiled nmethods': size=120000Kb used=588Kb max_used=588Kb free=119411Kb
 bounds [0x000001b425c40000, 0x000001b425eb0000, 0x000001b42d170000]
CodeHeap 'non-nmethods': size=5760Kb used=1134Kb max_used=1147Kb free=4626Kb
 bounds [0x000001b4256a0000, 0x000001b425910000, 0x000001b425c40000]
 total_blobs=808 nmethods=391 adapters=330
 compilation: enabled
              stopped_count=0, restarted_count=0
 full_count=0

Compilation events (20 events):
Event: 0.609 Thread 0x000001b43b816920 nmethod 344 0x000001b425cb5e10 code [0x000001b425cb5fa0, 0x000001b425cb60e8]
Event: 0.609 Thread 0x000001b43b816920  345   !   3       java.util.WeakHashMap::expungeStaleEntries (139 bytes)
Event: 0.610 Thread 0x000001b43b816920 nmethod 345 0x000001b425cb6190 code [0x000001b425cb63a0, 0x000001b425cb6d68]
Event: 0.610 Thread 0x000001b43b816920  346       3       java.util.WeakHashMap::indexFor (6 bytes)
Event: 0.611 Thread 0x000001b43b816920 nmethod 346 0x000001b425cb7210 code [0x000001b425cb73a0, 0x000001b425cb7498]
Event: 0.611 Thread 0x000001b43b816920  348       3       java.lang.invoke.MemberName::testAllFlags (7 bytes)
Event: 0.611 Thread 0x000001b43b816920 nmethod 348 0x000001b425cb7510 code [0x000001b425cb76a0, 0x000001b425cb7878]
Event: 0.611 Thread 0x000001b43b816920  350       3       jdk.internal.org.objectweb.asm.ClassReader::readUnsignedShort (26 bytes)
Event: 0.611 Thread 0x000001b43b816920 nmethod 350 0x000001b425cb7910 code [0x000001b425cb7aa0, 0x000001b425cb7c18]
Event: 0.611 Thread 0x000001b43b816920  347       3       java.util.ArrayDeque::inc (12 bytes)
Event: 0.611 Thread 0x000001b43b816920 nmethod 347 0x000001b425cb7d10 code [0x000001b425cb7ea0, 0x000001b425cb7fd8]
Event: 0.611 Thread 0x000001b43b816920  349       1       sun.invoke.util.Wrapper::basicTypeChar (5 bytes)
Event: 0.611 Thread 0x000001b43b816920 nmethod 349 0x000001b42d189990 code [0x000001b42d189b20, 0x000001b42d189bf8]
Event: 0.611 Thread 0x000001b43b816920  351       3       java.net.URLStreamHandler::parseURL (1201 bytes)
Event: 0.614 Thread 0x000001b43b9f02b0  360       4       jdk.internal.misc.Unsafe::putReferenceRelease (9 bytes)
Event: 0.616 Thread 0x000001b43b8157d0 nmethod 338 0x000001b42d189c90 code [0x000001b42d189e20, 0x000001b42d18a318]
Event: 0.616 Thread 0x000001b43b9f02b0 nmethod 360 0x000001b42d18a590 code [0x000001b42d18a700, 0x000001b42d18a838]
Event: 0.623 Thread 0x000001b43b8157d0  364       4       java.lang.StringLatin1::replace (198 bytes)
Event: 0.624 Thread 0x000001b43b9f02b0  365       4       jdk.internal.org.objectweb.asm.SymbolTable::get (13 bytes)
Event: 0.625 Thread 0x000001b43b9f02b0 nmethod 365 0x000001b42d18ab90 code [0x000001b42d18ad00, 0x000001b42d18add8]

GC Heap History (0 events):
No events

Deoptimization events (20 events):
Event: 0.336 Thread 0x000001b421fe27b0 DEOPT PACKING pc=0x000001b425c5a90c sp=0x00000004fcafa6c0
Event: 0.336 Thread 0x000001b421fe27b0 DEOPT UNPACKING pc=0x000001b4256f2b43 sp=0x00000004fcaf9b50 mode 0
Event: 0.336 Thread 0x000001b421fe27b0 DEOPT PACKING pc=0x000001b425c5a90c sp=0x00000004fcafa6c0
Event: 0.336 Thread 0x000001b421fe27b0 DEOPT UNPACKING pc=0x000001b4256f2b43 sp=0x00000004fcaf9b50 mode 0
Event: 0.336 Thread 0x000001b421fe27b0 DEOPT PACKING pc=0x000001b425c5a90c sp=0x00000004fcafa6c0
Event: 0.336 Thread 0x000001b421fe27b0 DEOPT UNPACKING pc=0x000001b4256f2b43 sp=0x00000004fcaf9b50 mode 0
Event: 0.336 Thread 0x000001b421fe27b0 DEOPT PACKING pc=0x000001b425c5a90c sp=0x00000004fcafa6c0
Event: 0.336 Thread 0x000001b421fe27b0 DEOPT UNPACKING pc=0x000001b4256f2b43 sp=0x00000004fcaf9b50 mode 0
Event: 0.336 Thread 0x000001b421fe27b0 DEOPT PACKING pc=0x000001b425c5a90c sp=0x00000004fcafa6c0
Event: 0.336 Thread 0x000001b421fe27b0 DEOPT UNPACKING pc=0x000001b4256f2b43 sp=0x00000004fcaf9b50 mode 0
Event: 0.336 Thread 0x000001b421fe27b0 DEOPT PACKING pc=0x000001b425c5a90c sp=0x00000004fcafa6c0
Event: 0.336 Thread 0x000001b421fe27b0 DEOPT UNPACKING pc=0x000001b4256f2b43 sp=0x00000004fcaf9b50 mode 0
Event: 0.336 Thread 0x000001b421fe27b0 DEOPT PACKING pc=0x000001b425c5a90c sp=0x00000004fcafa6c0
Event: 0.336 Thread 0x000001b421fe27b0 DEOPT UNPACKING pc=0x000001b4256f2b43 sp=0x00000004fcaf9b50 mode 0
Event: 0.336 Thread 0x000001b421fe27b0 DEOPT PACKING pc=0x000001b425c5a90c sp=0x00000004fcafa6c0
Event: 0.336 Thread 0x000001b421fe27b0 DEOPT UNPACKING pc=0x000001b4256f2b43 sp=0x00000004fcaf9b50 mode 0
Event: 0.587 Thread 0x000001b421fe27b0 DEOPT PACKING pc=0x000001b425c59367 sp=0x00000004fcafdb70
Event: 0.587 Thread 0x000001b421fe27b0 DEOPT UNPACKING pc=0x000001b4256f2b43 sp=0x00000004fcafcf90 mode 0
Event: 0.603 Thread 0x000001b421fe27b0 DEOPT PACKING pc=0x000001b425c58351 sp=0x00000004fcafc800
Event: 0.603 Thread 0x000001b421fe27b0 DEOPT UNPACKING pc=0x000001b4256f2b43 sp=0x00000004fcafbc78 mode 0

Classes unloaded (0 events):
No events

Classes redefined (0 events):
No events

Internal exceptions (6 events):
Event: 0.495 Thread 0x000001b421fe27b0 Exception <a 'java/lang/NoSuchMethodError'{0x00000000a7b72de0}: 'int java.lang.invoke.DirectMethodHandle$Holder.invokeStaticInit(java.lang.Object, java.lang.Object)'> (0x00000000a7b72de0) 
thrown [s\src\hotspot\share\interpreter\linkResolver.cpp, line 759]
Event: 0.532 Thread 0x000001b421fe27b0 Exception <a 'java/lang/NoSuchMethodError'{0x00000000a7bd0c68}: 'java.lang.Object java.lang.invoke.DirectMethodHandle$Holder.invokeStaticInit(java.lang.Object)'> (0x00000000a7bd0c68) 
thrown [s\src\hotspot\share\interpreter\linkResolver.cpp, line 759]
Event: 0.552 Thread 0x000001b421fe27b0 Exception <a 'java/lang/NoSuchMethodError'{0x00000000a7be1420}: 'void java.lang.invoke.DirectMethodHandle$Holder.invokeStatic(java.lang.Object, java.lang.Object)'> (0x00000000a7be1420) 
thrown [s\src\hotspot\share\interpreter\linkResolver.cpp, line 759]
Event: 0.566 Thread 0x000001b421fe27b0 Exception <a 'java/net/SocketException'{0x00000000a7bec0f8}: Socket is not connected: shutdown> (0x00000000a7bec0f8) 
thrown [s\src\hotspot\share\prims\jni.cpp, line 535]
Event: 0.566 Thread 0x000001b421fe27b0 Exception <a 'java/net/SocketException'{0x00000000a7bec770}: Socket is not connected: shutdown> (0x00000000a7bec770) 
thrown [s\src\hotspot\share\prims\jni.cpp, line 535]
Event: 0.619 Thread 0x000001b421fe27b0 Exception <a 'java/lang/NoSuchMethodError'{0x00000000a7ad4468}: 'void java.lang.invoke.DirectMethodHandle$Holder.invokeStaticInit(java.lang.Object, java.lang.Object)'> (0x00000000a7ad4468) 
thrown [s\src\hotspot\share\interpreter\linkResolver.cpp, line 759]

VM Operations (6 events):
Event: 0.350 Executing VM operation: HandshakeAllThreads
Event: 0.350 Executing VM operation: HandshakeAllThreads done
Event: 0.545 Executing VM operation: HandshakeAllThreads
Event: 0.545 Executing VM operation: HandshakeAllThreads done
Event: 0.632 Executing VM operation: HandshakeAllThreads
Event: 0.632 Executing VM operation: HandshakeAllThreads done

Events (20 events):
Event: 0.629 loading class java/net/JarURLConnection
Event: 0.629 loading class java/net/URLConnection
Event: 0.630 loading class java/net/URLConnection done
Event: 0.630 loading class java/net/JarURLConnection done
Event: 0.630 loading class sun/net/www/protocol/jar/JarURLConnection done
Event: 0.630 loading class sun/net/www/protocol/jar/JarFileFactory
Event: 0.630 loading class sun/net/www/protocol/jar/URLJarFile$URLJarFileCloseController
Event: 0.630 loading class sun/net/www/protocol/jar/URLJarFile$URLJarFileCloseController done
Event: 0.630 loading class sun/net/www/protocol/jar/JarFileFactory done
Event: 0.631 loading class sun/net/www/protocol/file/FileURLConnection
Event: 0.631 loading class sun/net/www/URLConnection
Event: 0.631 loading class sun/net/www/URLConnection done
Event: 0.631 loading class sun/net/www/protocol/file/FileURLConnection done
Event: 0.631 loading class sun/net/www/MessageHeader
Event: 0.631 loading class sun/net/www/MessageHeader done
Event: 0.631 loading class sun/net/www/protocol/jar/URLJarFile
Event: 0.632 loading class sun/net/www/protocol/jar/URLJarFile done
Event: 0.633 loading class sun/net/www/protocol/jar/URLJarFile$URLJarFileEntry
Event: 0.633 loading class sun/net/www/protocol/jar/URLJarFile$URLJarFileEntry done
Event: 0.633 loading class sun/net/www/protocol/jar/JarURLConnection$JarURLInputStream


Dynamic libraries:
0x00007ff7e7270000 - 0x00007ff7e727e000 	C:\Users\subod\Downloads\eclipse-java-2022-09-R-win32-x86_64\eclipse\plugins\org.eclipse.justj.openjdk.hotspot.jre.full.win32.x86_64_17.0.4.v20220903-1038\jre\bin\javaw.exe
0x00007ffc8c5b0000 - 0x00007ffc8c7c6000 	C:\Windows\SYSTEM32\ntdll.dll
0x00007ffc8b620000 - 0x00007ffc8b6e4000 	C:\Windows\System32\KERNEL32.DLL
0x00007ffc89af0000 - 0x00007ffc89e97000 	C:\Windows\System32\KERNELBASE.dll
0x00007ffc89f10000 - 0x00007ffc8a021000 	C:\Windows\System32\ucrtbase.dll
0x00007ffc72340000 - 0x00007ffc72359000 	C:\Users\subod\Downloads\eclipse-java-2022-09-R-win32-x86_64\eclipse\plugins\org.eclipse.justj.openjdk.hotspot.jre.full.win32.x86_64_17.0.4.v20220903-1038\jre\bin\VCRUNTIME140.dll
0x00007ffc74ee0000 - 0x00007ffc74ef8000 	C:\Users\subod\Downloads\eclipse-java-2022-09-R-win32-x86_64\eclipse\plugins\org.eclipse.justj.openjdk.hotspot.jre.full.win32.x86_64_17.0.4.v20220903-1038\jre\bin\jli.dll
0x00007ffc8a7c0000 - 0x00007ffc8a96e000 	C:\Windows\System32\USER32.dll
0x00007ffc89a90000 - 0x00007ffc89ab6000 	C:\Windows\System32\win32u.dll
0x00007ffc737a0000 - 0x00007ffc73a33000 	C:\Windows\WinSxS\amd64_microsoft.windows.common-controls_6595b64144ccf1df_6.0.22621.3235_none_270f74e173860f98\COMCTL32.dll
0x00007ffc8b870000 - 0x00007ffc8b917000 	C:\Windows\System32\msvcrt.dll
0x00007ffc8b5c0000 - 0x00007ffc8b5e9000 	C:\Windows\System32\GDI32.dll
0x00007ffc898d0000 - 0x00007ffc899e9000 	C:\Windows\System32\gdi32full.dll
0x00007ffc899f0000 - 0x00007ffc89a8a000 	C:\Windows\System32\msvcp_win.dll
0x00007ffc8a970000 - 0x00007ffc8a9a1000 	C:\Windows\System32\IMM32.DLL
0x00007ffc81bc0000 - 0x00007ffc81bcc000 	C:\Users\subod\Downloads\eclipse-java-2022-09-R-win32-x86_64\eclipse\plugins\org.eclipse.justj.openjdk.hotspot.jre.full.win32.x86_64_17.0.4.v20220903-1038\jre\bin\vcruntime140_1.dll
0x00007ffc67800000 - 0x00007ffc67891000 	C:\Users\subod\Downloads\eclipse-java-2022-09-R-win32-x86_64\eclipse\plugins\org.eclipse.justj.openjdk.hotspot.jre.full.win32.x86_64_17.0.4.v20220903-1038\jre\bin\msvcp140.dll
0x00007ffc3e350000 - 0x00007ffc3ef96000 	C:\Users\subod\Downloads\eclipse-java-2022-09-R-win32-x86_64\eclipse\plugins\org.eclipse.justj.openjdk.hotspot.jre.full.win32.x86_64_17.0.4.v20220903-1038\jre\bin\server\jvm.dll
0x00007ffc8a490000 - 0x00007ffc8a542000 	C:\Windows\System32\ADVAPI32.dll
0x00007ffc8a710000 - 0x00007ffc8a7b8000 	C:\Windows\System32\sechost.dll
0x00007ffc89ac0000 - 0x00007ffc89ae8000 	C:\Windows\System32\bcrypt.dll
0x00007ffc8b920000 - 0x00007ffc8ba35000 	C:\Windows\System32\RPCRT4.dll
0x00007ffc8aad0000 - 0x00007ffc8aad8000 	C:\Windows\System32\PSAPI.DLL
0x00007ffc821a0000 - 0x00007ffc821d4000 	C:\Windows\SYSTEM32\WINMM.dll
0x00007ffc85260000 - 0x00007ffc85269000 	C:\Windows\SYSTEM32\WSOCK32.dll
0x00007ffc81c10000 - 0x00007ffc81c1a000 	C:\Windows\SYSTEM32\VERSION.dll
0x00007ffc8b6f0000 - 0x00007ffc8b761000 	C:\Windows\System32\WS2_32.dll
0x00007ffc88920000 - 0x00007ffc88938000 	C:\Windows\SYSTEM32\kernel.appcore.dll
0x00007ffc822b0000 - 0x00007ffc822ba000 	C:\Users\subod\Downloads\eclipse-java-2022-09-R-win32-x86_64\eclipse\plugins\org.eclipse.justj.openjdk.hotspot.jre.full.win32.x86_64_17.0.4.v20220903-1038\jre\bin\jimage.dll
0x00007ffc7aa80000 - 0x00007ffc7acb3000 	C:\Windows\SYSTEM32\DBGHELP.DLL
0x00007ffc8bc00000 - 0x00007ffc8bf88000 	C:\Windows\System32\combase.dll
0x00007ffc8b4e0000 - 0x00007ffc8b5b7000 	C:\Windows\System32\OLEAUT32.dll
0x00007ffc69e60000 - 0x00007ffc69e92000 	C:\Windows\SYSTEM32\dbgcore.DLL
0x00007ffc8a030000 - 0x00007ffc8a0a9000 	C:\Windows\System32\bcryptPrimitives.dll
0x00007ffc736c0000 - 0x00007ffc736e5000 	C:\Users\subod\Downloads\eclipse-java-2022-09-R-win32-x86_64\eclipse\plugins\org.eclipse.justj.openjdk.hotspot.jre.full.win32.x86_64_17.0.4.v20220903-1038\jre\bin\java.dll
0x00007ffc74e20000 - 0x00007ffc74e38000 	C:\Users\subod\Downloads\eclipse-java-2022-09-R-win32-x86_64\eclipse\plugins\org.eclipse.justj.openjdk.hotspot.jre.full.win32.x86_64_17.0.4.v20220903-1038\jre\bin\zip.dll
0x00007ffc8ab10000 - 0x00007ffc8b36c000 	C:\Windows\System32\SHELL32.dll
0x00007ffc87850000 - 0x00007ffc88149000 	C:\Windows\SYSTEM32\windows.storage.dll
0x00007ffc87710000 - 0x00007ffc8784e000 	C:\Windows\SYSTEM32\wintypes.dll
0x00007ffc8b770000 - 0x00007ffc8b863000 	C:\Windows\System32\SHCORE.dll
0x00007ffc8a550000 - 0x00007ffc8a5ae000 	C:\Windows\System32\shlwapi.dll
0x00007ffc89800000 - 0x00007ffc89821000 	C:\Windows\SYSTEM32\profapi.dll
0x00007ffc74c10000 - 0x00007ffc74c29000 	C:\Users\subod\Downloads\eclipse-java-2022-09-R-win32-x86_64\eclipse\plugins\org.eclipse.justj.openjdk.hotspot.jre.full.win32.x86_64_17.0.4.v20220903-1038\jre\bin\net.dll
0x00007ffc830f0000 - 0x00007ffc83226000 	C:\Windows\SYSTEM32\WINHTTP.dll
0x00007ffc88d90000 - 0x00007ffc88df9000 	C:\Windows\system32\mswsock.dll
0x00007ffc74bc0000 - 0x00007ffc74bd5000 	C:\Users\subod\Downloads\eclipse-java-2022-09-R-win32-x86_64\eclipse\plugins\org.eclipse.justj.openjdk.hotspot.jre.full.win32.x86_64_17.0.4.v20220903-1038\jre\bin\nio.dll
0x00007ffc88420000 - 0x00007ffc88519000 	C:\Windows\SYSTEM32\DNSAPI.dll
0x00007ffc883b0000 - 0x00007ffc883dd000 	C:\Windows\SYSTEM32\IPHLPAPI.DLL
0x00007ffc8b5f0000 - 0x00007ffc8b5f9000 	C:\Windows\System32\NSI.dll
0x00007ffc6f2e0000 - 0x00007ffc6f2ea000 	C:\Windows\System32\rasadhlp.dll
0x00007ffc81d50000 - 0x00007ffc81dd3000 	C:\Windows\System32\fwpuclnt.dll

dbghelp: loaded successfully - version: 4.0.5 - missing functions: none
symbol engine: initialized successfully - sym options: 0x614 - pdb path: .;C:\Users\subod\Downloads\eclipse-java-2022-09-R-win32-x86_64\eclipse\plugins\org.eclipse.justj.openjdk.hotspot.jre.full.win32.x86_64_17.0.4.v20220903-1038\jre\bin;C:\Windows\SYSTEM32;C:\Windows\WinSxS\amd64_microsoft.windows.common-controls_6595b64144ccf1df_6.0.22621.3235_none_270f74e173860f98;C:\Users\subod\Downloads\eclipse-java-2022-09-R-win32-x86_64\eclipse\plugins\org.eclipse.justj.openjdk.hotspot.jre.full.win32.x86_64_17.0.4.v20220903-1038\jre\bin\server

VM Arguments:
jvm_args: -Dfile.encoding=UTF-8 -XX:+ShowCodeDetailsInExceptionMessages 
java_command: PopUpHandling.AlertPopUpAssignment
java_class_path (initial): C:\Users\subod\git\Java-Selenium\Automation\bin;C:\Users\subod\git\Java-Selenium\Automation\jars\selenium-server-4.15.0.jar
Launcher Type: SUN_STANDARD

[Global flags]
     intx CICompilerCount                          = 4                                         {product} {ergonomic}
     uint ConcGCThreads                            = 2                                         {product} {ergonomic}
     uint G1ConcRefinementThreads                  = 8                                         {product} {ergonomic}
   size_t G1HeapRegionSize                         = 1048576                                   {product} {ergonomic}
    uintx GCDrainStackTargetSize                   = 64                                        {product} {ergonomic}
   size_t InitialHeapSize                          = 100663296                                 {product} {ergonomic}
   size_t MarkStackSize                            = 4194304                                   {product} {ergonomic}
   size_t MaxHeapSize                              = 1579155456                                {product} {ergonomic}
   size_t MaxNewSize                               = 946864128                                 {product} {ergonomic}
   size_t MinHeapDeltaBytes                        = 1048576                                   {product} {ergonomic}
   size_t MinHeapSize                              = 8388608                                   {product} {ergonomic}
    uintx NonNMethodCodeHeapSize                   = 5839372                                {pd product} {ergonomic}
    uintx NonProfiledCodeHeapSize                  = 122909434                              {pd product} {ergonomic}
    uintx ProfiledCodeHeapSize                     = 122909434                              {pd product} {ergonomic}
    uintx ReservedCodeCacheSize                    = 251658240                              {pd product} {ergonomic}
     bool SegmentedCodeCache                       = true                                      {product} {ergonomic}
     bool ShowCodeDetailsInExceptionMessages       = true                                   {manageable} {command line}
   size_t SoftMaxHeapSize                          = 1579155456                             {manageable} {ergonomic}
     bool UseCompressedClassPointers               = true                           {product lp64_product} {ergonomic}
     bool UseCompressedOops                        = true                           {product lp64_product} {ergonomic}
     bool UseG1GC                                  = true                                      {product} {ergonomic}
     bool UseLargePagesIndividualAllocation        = false                                  {pd product} {ergonomic}

Logging:
Log output configuration:
 #0: stdout all=warning uptime,level,tags
 #1: stderr all=off uptime,level,tags

Environment Variables:
PATH=C:/Users/subod/Downloads/eclipse-java-2022-09-R-win32-x86_64/eclipse//plugins/org.eclipse.justj.openjdk.hotspot.jre.full.win32.x86_64_17.0.4.v20220903-1038/jre/bin/server;C:/Users/subod/Downloads/eclipse-java-2022-09-R-win32-x86_64/eclipse//plugins/org.eclipse.justj.openjdk.hotspot.jre.full.win32.x86_64_17.0.4.v20220903-1038/jre/bin;C:\Program Files\Common Files\Oracle\Java\javapath;D:\oracle\product\10.2.0\db_1\bin;C:\Windows\system32;C:\Windows;C:\Windows\System32\Wbem;C:\Windows\System32\WindowsPowerShell\v1.0\;C:\Windows\System32\OpenSSH\;C:\Program Files\Java\jdk-11.0.15.1\bin;C:\Users\subod\AppData\Local\Microsoft\WindowsApps;C:\Users\subod\AppData\Local\spicetify;C:\Program Files\Java\jdk-11.0.15.1\bin;;C:\Users\subod\Downloads\eclipse-java-2022-09-R-win32-x86_64\eclipse;
USERNAME=subodh
OS=Windows_NT
PROCESSOR_IDENTIFIER=AMD64 Family 23 Model 24 Stepping 1, AuthenticAMD
TMP=C:\Users\subod\AppData\Local\Temp
TEMP=C:\Users\subod\AppData\Local\Temp



---------------  S Y S T E M  ---------------

OS:
 Windows 11 , 64 bit Build 22621 (10.0.22621.3374)
OS uptime: 0 days 20:21 hours

CPU: total 8 (initial active 8) (8 cores per cpu, 2 threads per core) family 23 model 24 stepping 1 microcode 0x0, cx8, cmov, fxsr, ht, mmx, 3dnowpref, sse, sse2, sse3, ssse3, sse4a, sse4.1, sse4.2, popcnt, lzcnt, tsc, tscinvbit, avx, avx2, aes, clmul, bmi1, bmi2, adx, sha, fma, vzeroupper, clflush, clflushopt

Memory: 4k page, system-wide physical 6019M (1164M free)
TotalPageFile size 8067M (AvailPageFile size 0M)
current process WorkingSet (physical memory assigned to process): 50M, peak: 50M
current process commit charge ("private bytes"): 181M, peak: 181M

vm_info: OpenJDK 64-Bit Server VM (17.0.4.1+1) for windows-amd64 JRE (17.0.4.1+1), built on Aug 17 2022 07:42:43 by "temurin" with MS VC++ 16.7 (VS2019)

END.
