#
# There is insufficient memory for the Java Runtime Environment to continue.
# Native memory allocation (mmap) failed to map 65536 bytes for Failed to commit metaspace.
# Possible reasons:
#   The system is out of physical RAM or swap space
#   The process is running with CompressedOops enabled, and the Java Heap may be blocking the growth of the native heap
# Possible solutions:
#   Reduce memory load on the system
#   Increase physical memory or swap space
#   Check if swap backing store is full
#   Decrease Java heap size (-Xmx/-Xms)
#   Decrease number of Java threads
#   Decrease Java thread stack sizes (-Xss)
#   Set larger code cache with -XX:ReservedCodeCacheSize=
#   JVM is running with Unscaled Compressed Oops mode in which the Java heap is
#     placed in the first 4GB address space. The Java Heap base address is the
#     maximum limit for the native heap growth. Please use -XX:HeapBaseMinAddress
#     to set the Java Heap base and to place the Java Heap above 4GB virtual address.
# This output file may be truncated or incomplete.
#
#  Out of Memory Error (virtualSpaceNode.cpp:110), pid=36928, tid=34696
#
# JRE version: OpenJDK Runtime Environment Temurin-17.0.4.1+1 (17.0.4.1+1) (build 17.0.4.1+1)
# Java VM: OpenJDK 64-Bit Server VM Temurin-17.0.4.1+1 (17.0.4.1+1, mixed mode, tiered, compressed oops, compressed class ptrs, g1 gc, windows-amd64)
# No core dump will be written. Minidumps are not enabled by default on client versions of Windows
#

---------------  S U M M A R Y ------------

Command Line: -Dfile.encoding=UTF-8 -XX:+ShowCodeDetailsInExceptionMessages Practice.KeyBoardActionsPractice

Host: AMD Ryzen 5 3550H with Radeon Vega Mobile Gfx  , 8 cores, 5G,  Windows 11 , 64 bit Build 22621 (10.0.22621.3235)
Time: Sun Mar 17 19:25:59 2024 India Standard Time elapsed time: 3.327766 seconds (0d 0h 0m 3s)

---------------  T H R E A D  ---------------

Current thread (0x000001354c132eb0):  JavaThread "C1 CompilerThread0" daemon [_thread_in_vm, id=34696, stack(0x0000001f9df00000,0x0000001f9e000000)]


Current CompileTask:
C1:   3327 1551       3       java.lang.invoke.BoundMethodHandle::rebind (14 bytes)

Stack: [0x0000001f9df00000,0x0000001f9e000000]
Native frames: (J=compiled Java code, j=interpreted, Vv=VM code, C=native code)
V  [jvm.dll+0x67731a]
V  [jvm.dll+0x832284]
V  [jvm.dll+0x833a2e]
V  [jvm.dll+0x834093]
V  [jvm.dll+0x245775]
V  [jvm.dll+0x82e22b]
V  [jvm.dll+0x61bdf6]
V  [jvm.dll+0x1c07be]
V  [jvm.dll+0x61e741]
V  [jvm.dll+0x61c796]
V  [jvm.dll+0x62d9da]
V  [jvm.dll+0x62680a]
V  [jvm.dll+0x1cc970]
V  [jvm.dll+0x1ccb5f]
V  [jvm.dll+0x146841]
V  [jvm.dll+0x146685]
V  [jvm.dll+0x13df0e]
V  [jvm.dll+0x1404c5]
V  [jvm.dll+0x13e7a4]
V  [jvm.dll+0x13873f]
V  [jvm.dll+0x148256]
V  [jvm.dll+0x133e50]
V  [jvm.dll+0x1341b0]
V  [jvm.dll+0x134476]
V  [jvm.dll+0x13390a]
V  [jvm.dll+0x1355d1]
V  [jvm.dll+0x227498]
V  [jvm.dll+0x2255e5]
V  [jvm.dll+0x7e7e9b]
V  [jvm.dll+0x7e240a]
V  [jvm.dll+0x6761a5]
C  [ucrtbase.dll+0x29363]
C  [KERNEL32.DLL+0x1257d]
C  [ntdll.dll+0x5aa58]


---------------  P R O C E S S  ---------------

Threads class SMR info:
_java_thread_list=0x000001354c282ec0, length=22, elements={
0x0000013530b86090, 0x000001354b731450, 0x000001354b732610, 0x000001354b7852b0,
0x000001354b785e60, 0x000001354b787920, 0x000001354c12e4c0, 0x000001354c1325b0,
0x000001354c132eb0, 0x000001354b79bfa0, 0x000001354c2a38d0, 0x000001354c2c5e40,
0x000001354c56dab0, 0x000001354ca37f00, 0x000001354cbc30d0, 0x000001354cbc35a0,
0x000001354cb38240, 0x000001354cb38710, 0x000001354ca38b60, 0x000001354ca39ea0,
0x000001354ca38690, 0x000001354ca39030
}

Java Threads: ( => current thread )
  0x0000013530b86090 JavaThread "Forwarding newSession on session null to remote" [_thread_in_vm, id=34288, stack(0x0000001f9d100000,0x0000001f9d200000)]
  0x000001354b731450 JavaThread "Reference Handler" daemon [_thread_blocked, id=37060, stack(0x0000001f9d800000,0x0000001f9d900000)]
  0x000001354b732610 JavaThread "Finalizer" daemon [_thread_blocked, id=16560, stack(0x0000001f9d900000,0x0000001f9da00000)]
  0x000001354b7852b0 JavaThread "Signal Dispatcher" daemon [_thread_blocked, id=34672, stack(0x0000001f9da00000,0x0000001f9db00000)]
  0x000001354b785e60 JavaThread "Attach Listener" daemon [_thread_blocked, id=36140, stack(0x0000001f9db00000,0x0000001f9dc00000)]
  0x000001354b787920 JavaThread "Service Thread" daemon [_thread_blocked, id=17600, stack(0x0000001f9dc00000,0x0000001f9dd00000)]
  0x000001354c12e4c0 JavaThread "Monitor Deflation Thread" daemon [_thread_blocked, id=30932, stack(0x0000001f9dd00000,0x0000001f9de00000)]
  0x000001354c1325b0 JavaThread "C2 CompilerThread0" daemon [_thread_blocked, id=22440, stack(0x0000001f9de00000,0x0000001f9df00000)]
=>0x000001354c132eb0 JavaThread "C1 CompilerThread0" daemon [_thread_in_vm, id=34696, stack(0x0000001f9df00000,0x0000001f9e000000)]
  0x000001354b79bfa0 JavaThread "Sweeper thread" daemon [_thread_blocked, id=35856, stack(0x0000001f9e000000,0x0000001f9e100000)]
  0x000001354c2a38d0 JavaThread "Notification Thread" daemon [_thread_blocked, id=19888, stack(0x0000001f9e100000,0x0000001f9e200000)]
  0x000001354c2c5e40 JavaThread "Common-Cleaner" daemon [_thread_blocked, id=6572, stack(0x0000001f9e300000,0x0000001f9e400000)]
  0x000001354c56dab0 JavaThread "ForkJoinPool.commonPool-worker-1" daemon [_thread_blocked, id=13588, stack(0x0000001f9e400000,0x0000001f9e500000)]
  0x000001354ca37f00 JavaThread "HttpClient-1-SelectorManager" daemon [_thread_in_native, id=36276, stack(0x0000001f9e600000,0x0000001f9e700000)]
  0x000001354cbc30d0 JavaThread "Thread-2" [_thread_in_native, id=35476, stack(0x0000001f9e700000,0x0000001f9e800000)]
  0x000001354cbc35a0 JavaThread "Driver Service Executor" daemon [_thread_blocked, id=25460, stack(0x0000001f9e800000,0x0000001f9e900000)]
  0x000001354cb38240 JavaThread "Driver Service Executor" daemon [_thread_in_native, id=28652, stack(0x0000001f9e900000,0x0000001f9ea00000)]
  0x000001354cb38710 JavaThread "UrlChecker-2" daemon [_thread_blocked, id=37460, stack(0x0000001f9ea00000,0x0000001f9eb00000)]
  0x000001354ca38b60 JavaThread "Keep-Alive-Timer" daemon [_thread_blocked, id=25476, stack(0x0000001f9ec00000,0x0000001f9ed00000)]
  0x000001354ca39ea0 JavaThread "pool-1-thread-1" [_thread_blocked, id=31508, stack(0x0000001f9f400000,0x0000001f9f500000)]
  0x000001354ca38690 JavaThread "pool-1-thread-2" [_thread_blocked, id=36236, stack(0x0000001f9f500000,0x0000001f9f600000)]
  0x000001354ca39030 JavaThread "pool-1-thread-3" [_thread_blocked, id=32304, stack(0x0000001f9f600000,0x0000001f9f700000)]

Other Threads:
  0x000001354b72c580 VMThread "VM Thread" [stack: 0x0000001f9d700000,0x0000001f9d800000] [id=23280]
  0x000001354b6d8f40 WatcherThread [stack: 0x0000001f9e200000,0x0000001f9e300000] [id=28172]
  0x0000013530bcf440 GCTaskThread "GC Thread#0" [stack: 0x0000001f9d200000,0x0000001f9d300000] [id=35592]
  0x000001354cbe53f0 GCTaskThread "GC Thread#1" [stack: 0x0000001f9ed00000,0x0000001f9ee00000] [id=30292]
  0x000001354cbe56a0 GCTaskThread "GC Thread#2" [stack: 0x0000001f9ee00000,0x0000001f9ef00000] [id=35972]
  0x000001354cbe5950 GCTaskThread "GC Thread#3" [stack: 0x0000001f9ef00000,0x0000001f9f000000] [id=28192]
  0x000001354cc4c430 GCTaskThread "GC Thread#4" [stack: 0x0000001f9f000000,0x0000001f9f100000] [id=13892]
  0x000001354cc4c6e0 GCTaskThread "GC Thread#5" [stack: 0x0000001f9f100000,0x0000001f9f200000] [id=31080]
  0x000001354cc4c990 GCTaskThread "GC Thread#6" [stack: 0x0000001f9f200000,0x0000001f9f300000] [id=34936]
  0x000001354cc4cc40 GCTaskThread "GC Thread#7" [stack: 0x0000001f9f300000,0x0000001f9f400000] [id=6580]
  0x0000013530bdc760 ConcurrentGCThread "G1 Main Marker" [stack: 0x0000001f9d300000,0x0000001f9d400000] [id=32820]
  0x0000013530bdd170 ConcurrentGCThread "G1 Conc#0" [stack: 0x0000001f9d400000,0x0000001f9d500000] [id=32420]
  0x000001354b5b0090 ConcurrentGCThread "G1 Refine#0" [stack: 0x0000001f9d500000,0x0000001f9d600000] [id=37360]
  0x000001354b5b0ab0 ConcurrentGCThread "G1 Service" [stack: 0x0000001f9d600000,0x0000001f9d700000] [id=25252]

Threads with active compile tasks:
C1 CompilerThread0     3361 1551       3       java.lang.invoke.BoundMethodHandle::rebind (14 bytes)

VM state: not at safepoint (normal execution)

VM Mutex/Monitor currently owned by a thread:  ([mutex/lock_event])
[0x0000013530b82de0] Metaspace_lock - owner thread: 0x000001354c132eb0
[0x0000013530b83a10] MethodData_lock - owner thread: 0x000001354c132eb0

Heap address: 0x00000000a1e00000, size: 1506 MB, Compressed Oops mode: 32-bit

CDS archive(s) not mapped
Compressed class space mapped at: 0x0000000100000000-0x0000000140000000, reserved size: 1073741824
Narrow klass base: 0x0000000000000000, Narrow klass shift: 3, Narrow klass range: 0x140000000

GC Precious Log:
 CPUs: 8 total, 8 available
 Memory: 6019M
 Large Page Support: Disabled
 NUMA Support: Disabled
 Compressed Oops: Enabled (32-bit)
 Heap Region Size: 1M
 Heap Min Capacity: 8M
 Heap Initial Capacity: 96M
 Heap Max Capacity: 1506M
 Pre-touch: Disabled
 Parallel Workers: 8
 Concurrent Workers: 2
 Concurrent Refinement Workers: 8
 Periodic GC: Disabled

Heap:
 garbage-first heap   total 98304K, used 16264K [0x00000000a1e00000, 0x0000000100000000)
  region size 1024K, 13 young (13312K), 3 survivors (3072K)
 Metaspace       used 19823K, committed 20032K, reserved 1073152K
  class space    used 2178K, committed 2304K, reserved 1048576K

Heap Regions: E=young(eden), S=young(survivor), O=old, HS=humongous(starts), HC=humongous(continues), CS=collection set, F=free, OA=open archive, CA=closed archive, TAMS=top-at-mark-start (previous, next)
|   0|0x00000000a1e00000, 0x00000000a1f00000, 0x00000000a1f00000|100%|HS|  |TAMS 0x00000000a1e00000, 0x00000000a1e00000| Complete 
|   1|0x00000000a1f00000, 0x00000000a2000000, 0x00000000a2000000|100%|HC|  |TAMS 0x00000000a1f00000, 0x00000000a1f00000| Complete 
|   2|0x00000000a2000000, 0x00000000a2100000, 0x00000000a2100000|100%|HC|  |TAMS 0x00000000a2000000, 0x00000000a2000000| Complete 
|   3|0x00000000a2100000, 0x00000000a21e2200, 0x00000000a2200000| 88%| O|  |TAMS 0x00000000a2100000, 0x00000000a2100000| Untracked 
|   4|0x00000000a2200000, 0x00000000a2200000, 0x00000000a2300000|  0%| F|  |TAMS 0x00000000a2200000, 0x00000000a2200000| Untracked 
|   5|0x00000000a2300000, 0x00000000a2300000, 0x00000000a2400000|  0%| F|  |TAMS 0x00000000a2300000, 0x00000000a2300000| Untracked 
|   6|0x00000000a2400000, 0x00000000a2400000, 0x00000000a2500000|  0%| F|  |TAMS 0x00000000a2400000, 0x00000000a2400000| Untracked 
|   7|0x00000000a2500000, 0x00000000a2500000, 0x00000000a2600000|  0%| F|  |TAMS 0x00000000a2500000, 0x00000000a2500000| Untracked 
|   8|0x00000000a2600000, 0x00000000a2600000, 0x00000000a2700000|  0%| F|  |TAMS 0x00000000a2600000, 0x00000000a2600000| Untracked 
|   9|0x00000000a2700000, 0x00000000a2700000, 0x00000000a2800000|  0%| F|  |TAMS 0x00000000a2700000, 0x00000000a2700000| Untracked 
|  10|0x00000000a2800000, 0x00000000a2800000, 0x00000000a2900000|  0%| F|  |TAMS 0x00000000a2800000, 0x00000000a2800000| Untracked 
|  11|0x00000000a2900000, 0x00000000a2900000, 0x00000000a2a00000|  0%| F|  |TAMS 0x00000000a2900000, 0x00000000a2900000| Untracked 
|  12|0x00000000a2a00000, 0x00000000a2a00000, 0x00000000a2b00000|  0%| F|  |TAMS 0x00000000a2a00000, 0x00000000a2a00000| Untracked 
|  13|0x00000000a2b00000, 0x00000000a2b00000, 0x00000000a2c00000|  0%| F|  |TAMS 0x00000000a2b00000, 0x00000000a2b00000| Untracked 
|  14|0x00000000a2c00000, 0x00000000a2c00000, 0x00000000a2d00000|  0%| F|  |TAMS 0x00000000a2c00000, 0x00000000a2c00000| Untracked 
|  15|0x00000000a2d00000, 0x00000000a2d00000, 0x00000000a2e00000|  0%| F|  |TAMS 0x00000000a2d00000, 0x00000000a2d00000| Untracked 
|  16|0x00000000a2e00000, 0x00000000a2e00000, 0x00000000a2f00000|  0%| F|  |TAMS 0x00000000a2e00000, 0x00000000a2e00000| Untracked 
|  17|0x00000000a2f00000, 0x00000000a2f00000, 0x00000000a3000000|  0%| F|  |TAMS 0x00000000a2f00000, 0x00000000a2f00000| Untracked 
|  18|0x00000000a3000000, 0x00000000a3000000, 0x00000000a3100000|  0%| F|  |TAMS 0x00000000a3000000, 0x00000000a3000000| Untracked 
|  19|0x00000000a3100000, 0x00000000a3100000, 0x00000000a3200000|  0%| F|  |TAMS 0x00000000a3100000, 0x00000000a3100000| Untracked 
|  20|0x00000000a3200000, 0x00000000a3200000, 0x00000000a3300000|  0%| F|  |TAMS 0x00000000a3200000, 0x00000000a3200000| Untracked 
|  21|0x00000000a3300000, 0x00000000a3300000, 0x00000000a3400000|  0%| F|  |TAMS 0x00000000a3300000, 0x00000000a3300000| Untracked 
|  22|0x00000000a3400000, 0x00000000a3400000, 0x00000000a3500000|  0%| F|  |TAMS 0x00000000a3400000, 0x00000000a3400000| Untracked 
|  23|0x00000000a3500000, 0x00000000a3500000, 0x00000000a3600000|  0%| F|  |TAMS 0x00000000a3500000, 0x00000000a3500000| Untracked 
|  24|0x00000000a3600000, 0x00000000a3600000, 0x00000000a3700000|  0%| F|  |TAMS 0x00000000a3600000, 0x00000000a3600000| Untracked 
|  25|0x00000000a3700000, 0x00000000a3700000, 0x00000000a3800000|  0%| F|  |TAMS 0x00000000a3700000, 0x00000000a3700000| Untracked 
|  26|0x00000000a3800000, 0x00000000a3800000, 0x00000000a3900000|  0%| F|  |TAMS 0x00000000a3800000, 0x00000000a3800000| Untracked 
|  27|0x00000000a3900000, 0x00000000a3900000, 0x00000000a3a00000|  0%| F|  |TAMS 0x00000000a3900000, 0x00000000a3900000| Untracked 
|  28|0x00000000a3a00000, 0x00000000a3a00000, 0x00000000a3b00000|  0%| F|  |TAMS 0x00000000a3a00000, 0x00000000a3a00000| Untracked 
|  29|0x00000000a3b00000, 0x00000000a3b00000, 0x00000000a3c00000|  0%| F|  |TAMS 0x00000000a3b00000, 0x00000000a3b00000| Untracked 
|  30|0x00000000a3c00000, 0x00000000a3c00000, 0x00000000a3d00000|  0%| F|  |TAMS 0x00000000a3c00000, 0x00000000a3c00000| Untracked 
|  31|0x00000000a3d00000, 0x00000000a3d00000, 0x00000000a3e00000|  0%| F|  |TAMS 0x00000000a3d00000, 0x00000000a3d00000| Untracked 
|  32|0x00000000a3e00000, 0x00000000a3e00000, 0x00000000a3f00000|  0%| F|  |TAMS 0x00000000a3e00000, 0x00000000a3e00000| Untracked 
|  33|0x00000000a3f00000, 0x00000000a3f00000, 0x00000000a4000000|  0%| F|  |TAMS 0x00000000a3f00000, 0x00000000a3f00000| Untracked 
|  34|0x00000000a4000000, 0x00000000a4000000, 0x00000000a4100000|  0%| F|  |TAMS 0x00000000a4000000, 0x00000000a4000000| Untracked 
|  35|0x00000000a4100000, 0x00000000a4100000, 0x00000000a4200000|  0%| F|  |TAMS 0x00000000a4100000, 0x00000000a4100000| Untracked 
|  36|0x00000000a4200000, 0x00000000a4200000, 0x00000000a4300000|  0%| F|  |TAMS 0x00000000a4200000, 0x00000000a4200000| Untracked 
|  37|0x00000000a4300000, 0x00000000a4300000, 0x00000000a4400000|  0%| F|  |TAMS 0x00000000a4300000, 0x00000000a4300000| Untracked 
|  38|0x00000000a4400000, 0x00000000a4400000, 0x00000000a4500000|  0%| F|  |TAMS 0x00000000a4400000, 0x00000000a4400000| Untracked 
|  39|0x00000000a4500000, 0x00000000a4500000, 0x00000000a4600000|  0%| F|  |TAMS 0x00000000a4500000, 0x00000000a4500000| Untracked 
|  40|0x00000000a4600000, 0x00000000a4600000, 0x00000000a4700000|  0%| F|  |TAMS 0x00000000a4600000, 0x00000000a4600000| Untracked 
|  41|0x00000000a4700000, 0x00000000a4700000, 0x00000000a4800000|  0%| F|  |TAMS 0x00000000a4700000, 0x00000000a4700000| Untracked 
|  42|0x00000000a4800000, 0x00000000a4800000, 0x00000000a4900000|  0%| F|  |TAMS 0x00000000a4800000, 0x00000000a4800000| Untracked 
|  43|0x00000000a4900000, 0x00000000a4900000, 0x00000000a4a00000|  0%| F|  |TAMS 0x00000000a4900000, 0x00000000a4900000| Untracked 
|  44|0x00000000a4a00000, 0x00000000a4a00000, 0x00000000a4b00000|  0%| F|  |TAMS 0x00000000a4a00000, 0x00000000a4a00000| Untracked 
|  45|0x00000000a4b00000, 0x00000000a4b00000, 0x00000000a4c00000|  0%| F|  |TAMS 0x00000000a4b00000, 0x00000000a4b00000| Untracked 
|  46|0x00000000a4c00000, 0x00000000a4c00000, 0x00000000a4d00000|  0%| F|  |TAMS 0x00000000a4c00000, 0x00000000a4c00000| Untracked 
|  47|0x00000000a4d00000, 0x00000000a4d00000, 0x00000000a4e00000|  0%| F|  |TAMS 0x00000000a4d00000, 0x00000000a4d00000| Untracked 
|  48|0x00000000a4e00000, 0x00000000a4e00000, 0x00000000a4f00000|  0%| F|  |TAMS 0x00000000a4e00000, 0x00000000a4e00000| Untracked 
|  49|0x00000000a4f00000, 0x00000000a4f00000, 0x00000000a5000000|  0%| F|  |TAMS 0x00000000a4f00000, 0x00000000a4f00000| Untracked 
|  50|0x00000000a5000000, 0x00000000a5000000, 0x00000000a5100000|  0%| F|  |TAMS 0x00000000a5000000, 0x00000000a5000000| Untracked 
|  51|0x00000000a5100000, 0x00000000a5100000, 0x00000000a5200000|  0%| F|  |TAMS 0x00000000a5100000, 0x00000000a5100000| Untracked 
|  52|0x00000000a5200000, 0x00000000a5200000, 0x00000000a5300000|  0%| F|  |TAMS 0x00000000a5200000, 0x00000000a5200000| Untracked 
|  53|0x00000000a5300000, 0x00000000a5300000, 0x00000000a5400000|  0%| F|  |TAMS 0x00000000a5300000, 0x00000000a5300000| Untracked 
|  54|0x00000000a5400000, 0x00000000a5400000, 0x00000000a5500000|  0%| F|  |TAMS 0x00000000a5400000, 0x00000000a5400000| Untracked 
|  55|0x00000000a5500000, 0x00000000a5500000, 0x00000000a5600000|  0%| F|  |TAMS 0x00000000a5500000, 0x00000000a5500000| Untracked 
|  56|0x00000000a5600000, 0x00000000a5600000, 0x00000000a5700000|  0%| F|  |TAMS 0x00000000a5600000, 0x00000000a5600000| Untracked 
|  57|0x00000000a5700000, 0x00000000a5700000, 0x00000000a5800000|  0%| F|  |TAMS 0x00000000a5700000, 0x00000000a5700000| Untracked 
|  58|0x00000000a5800000, 0x00000000a5800000, 0x00000000a5900000|  0%| F|  |TAMS 0x00000000a5800000, 0x00000000a5800000| Untracked 
|  59|0x00000000a5900000, 0x00000000a5900000, 0x00000000a5a00000|  0%| F|  |TAMS 0x00000000a5900000, 0x00000000a5900000| Untracked 
|  60|0x00000000a5a00000, 0x00000000a5a00000, 0x00000000a5b00000|  0%| F|  |TAMS 0x00000000a5a00000, 0x00000000a5a00000| Untracked 
|  61|0x00000000a5b00000, 0x00000000a5b00000, 0x00000000a5c00000|  0%| F|  |TAMS 0x00000000a5b00000, 0x00000000a5b00000| Untracked 
|  62|0x00000000a5c00000, 0x00000000a5c00000, 0x00000000a5d00000|  0%| F|  |TAMS 0x00000000a5c00000, 0x00000000a5c00000| Untracked 
|  63|0x00000000a5d00000, 0x00000000a5d00000, 0x00000000a5e00000|  0%| F|  |TAMS 0x00000000a5d00000, 0x00000000a5d00000| Untracked 
|  64|0x00000000a5e00000, 0x00000000a5e00000, 0x00000000a5f00000|  0%| F|  |TAMS 0x00000000a5e00000, 0x00000000a5e00000| Untracked 
|  65|0x00000000a5f00000, 0x00000000a5f00000, 0x00000000a6000000|  0%| F|  |TAMS 0x00000000a5f00000, 0x00000000a5f00000| Untracked 
|  66|0x00000000a6000000, 0x00000000a6000000, 0x00000000a6100000|  0%| F|  |TAMS 0x00000000a6000000, 0x00000000a6000000| Untracked 
|  67|0x00000000a6100000, 0x00000000a6100000, 0x00000000a6200000|  0%| F|  |TAMS 0x00000000a6100000, 0x00000000a6100000| Untracked 
|  68|0x00000000a6200000, 0x00000000a6200000, 0x00000000a6300000|  0%| F|  |TAMS 0x00000000a6200000, 0x00000000a6200000| Untracked 
|  69|0x00000000a6300000, 0x00000000a6300000, 0x00000000a6400000|  0%| F|  |TAMS 0x00000000a6300000, 0x00000000a6300000| Untracked 
|  70|0x00000000a6400000, 0x00000000a6500000, 0x00000000a6500000|100%| S|CS|TAMS 0x00000000a6400000, 0x00000000a6400000| Complete 
|  71|0x00000000a6500000, 0x00000000a6600000, 0x00000000a6600000|100%| S|CS|TAMS 0x00000000a6500000, 0x00000000a6500000| Complete 
|  72|0x00000000a6600000, 0x00000000a6700000, 0x00000000a6700000|100%| S|CS|TAMS 0x00000000a6600000, 0x00000000a6600000| Complete 
|  73|0x00000000a6700000, 0x00000000a6700000, 0x00000000a6800000|  0%| F|  |TAMS 0x00000000a6700000, 0x00000000a6700000| Untracked 
|  74|0x00000000a6800000, 0x00000000a6800000, 0x00000000a6900000|  0%| F|  |TAMS 0x00000000a6800000, 0x00000000a6800000| Untracked 
|  75|0x00000000a6900000, 0x00000000a6900000, 0x00000000a6a00000|  0%| F|  |TAMS 0x00000000a6900000, 0x00000000a6900000| Untracked 
|  76|0x00000000a6a00000, 0x00000000a6a00000, 0x00000000a6b00000|  0%| F|  |TAMS 0x00000000a6a00000, 0x00000000a6a00000| Untracked 
|  77|0x00000000a6b00000, 0x00000000a6b00000, 0x00000000a6c00000|  0%| F|  |TAMS 0x00000000a6b00000, 0x00000000a6b00000| Untracked 
|  78|0x00000000a6c00000, 0x00000000a6c00000, 0x00000000a6d00000|  0%| F|  |TAMS 0x00000000a6c00000, 0x00000000a6c00000| Untracked 
|  79|0x00000000a6d00000, 0x00000000a6d00000, 0x00000000a6e00000|  0%| F|  |TAMS 0x00000000a6d00000, 0x00000000a6d00000| Untracked 
|  80|0x00000000a6e00000, 0x00000000a6e00000, 0x00000000a6f00000|  0%| F|  |TAMS 0x00000000a6e00000, 0x00000000a6e00000| Untracked 
|  81|0x00000000a6f00000, 0x00000000a6f00000, 0x00000000a7000000|  0%| F|  |TAMS 0x00000000a6f00000, 0x00000000a6f00000| Untracked 
|  82|0x00000000a7000000, 0x00000000a7000000, 0x00000000a7100000|  0%| F|  |TAMS 0x00000000a7000000, 0x00000000a7000000| Untracked 
|  83|0x00000000a7100000, 0x00000000a7100000, 0x00000000a7200000|  0%| F|  |TAMS 0x00000000a7100000, 0x00000000a7100000| Untracked 
|  84|0x00000000a7200000, 0x00000000a7200000, 0x00000000a7300000|  0%| F|  |TAMS 0x00000000a7200000, 0x00000000a7200000| Untracked 
|  85|0x00000000a7300000, 0x00000000a7300000, 0x00000000a7400000|  0%| F|  |TAMS 0x00000000a7300000, 0x00000000a7300000| Untracked 
|  86|0x00000000a7400000, 0x00000000a7500000, 0x00000000a7500000|100%| E|  |TAMS 0x00000000a7400000, 0x00000000a7400000| Complete 
|  87|0x00000000a7500000, 0x00000000a7600000, 0x00000000a7600000|100%| E|CS|TAMS 0x00000000a7500000, 0x00000000a7500000| Complete 
|  88|0x00000000a7600000, 0x00000000a7700000, 0x00000000a7700000|100%| E|CS|TAMS 0x00000000a7600000, 0x00000000a7600000| Complete 
|  89|0x00000000a7700000, 0x00000000a7800000, 0x00000000a7800000|100%| E|CS|TAMS 0x00000000a7700000, 0x00000000a7700000| Complete 
|  90|0x00000000a7800000, 0x00000000a7900000, 0x00000000a7900000|100%| E|CS|TAMS 0x00000000a7800000, 0x00000000a7800000| Complete 
|  91|0x00000000a7900000, 0x00000000a7a00000, 0x00000000a7a00000|100%| E|CS|TAMS 0x00000000a7900000, 0x00000000a7900000| Complete 
|  92|0x00000000a7a00000, 0x00000000a7b00000, 0x00000000a7b00000|100%| E|CS|TAMS 0x00000000a7a00000, 0x00000000a7a00000| Complete 
|  93|0x00000000a7b00000, 0x00000000a7c00000, 0x00000000a7c00000|100%| E|CS|TAMS 0x00000000a7b00000, 0x00000000a7b00000| Complete 
|  94|0x00000000a7c00000, 0x00000000a7d00000, 0x00000000a7d00000|100%| E|CS|TAMS 0x00000000a7c00000, 0x00000000a7c00000| Complete 
|  95|0x00000000a7d00000, 0x00000000a7e00000, 0x00000000a7e00000|100%| E|CS|TAMS 0x00000000a7d00000, 0x00000000a7d00000| Complete 

Card table byte_map: [0x0000013545790000,0x0000013545a90000] _byte_map_base: 0x0000013545281000

Marking Bits (Prev, Next): (CMBitMap*) 0x0000013530bcfa50, (CMBitMap*) 0x0000013530bcfa90
 Prev Bits: [0x0000013545d90000, 0x0000013547518000)
 Next Bits: [0x0000013547520000, 0x0000013548ca8000)

Polling page: 0x0000013530c50000

Metaspace:

Usage:
  Non-class:     17.23 MB used.
      Class:      2.13 MB used.
       Both:     19.36 MB used.

Virtual space:
  Non-class space:       24.00 MB reserved,      17.31 MB ( 72%) committed,  3 nodes.
      Class space:        1.00 GB reserved,       2.25 MB ( <1%) committed,  1 nodes.
             Both:        1.02 GB reserved,      19.56 MB (  2%) committed. 

Chunk freelists:
   Non-Class:  2.19 MB
       Class:  1.73 MB
        Both:  3.91 MB

MaxMetaspaceSize: unlimited
CompressedClassSpaceSize: 1.00 GB
Initial GC threshold: 21.00 MB
Current GC threshold: 21.00 MB
CDS: off
MetaspaceReclaimPolicy: balanced
 - commit_granule_bytes: 65536.
 - commit_granule_words: 8192.
 - virtual_space_node_default_size: 1048576.
 - enlarge_chunks_in_place: 1.
 - new_chunks_are_fully_committed: 0.
 - uncommit_free_chunks: 1.
 - use_allocation_guard: 0.
 - handle_deallocations: 1.


Internal statistics:

num_allocs_failed_limit: 0.
num_arena_births: 202.
num_arena_deaths: 0.
num_vsnodes_births: 4.
num_vsnodes_deaths: 0.
num_space_committed: 313.
num_space_uncommitted: 0.
num_chunks_returned_to_freelist: 0.
num_chunks_taken_from_freelist: 499.
num_chunk_merges: 0.
num_chunk_splits: 289.
num_chunks_enlarged: 197.
num_purges: 0.
num_inconsistent_stats: 0.

CodeHeap 'non-profiled nmethods': size=120000Kb used=471Kb max_used=471Kb free=119528Kb
 bounds [0x000001353d4f0000, 0x000001353d760000, 0x0000013544a20000]
CodeHeap 'profiled nmethods': size=120000Kb used=2847Kb max_used=2847Kb free=117152Kb
 bounds [0x0000013535fc0000, 0x0000013536290000, 0x000001353d4f0000]
CodeHeap 'non-nmethods': size=5760Kb used=1210Kb max_used=1229Kb free=4549Kb
 bounds [0x0000013535a20000, 0x0000013535c90000, 0x0000013535fc0000]
 total_blobs=2064 nmethods=1550 adapters=427
 compilation: enabled
              stopped_count=0, restarted_count=0
 full_count=0

Compilation events (20 events):
Event: 3.317 Thread 0x000001354c132eb0 nmethod 1542 0x0000013536282010 code [0x00000135362821a0, 0x00000135362822a8]
Event: 3.317 Thread 0x000001354c132eb0 1543       3       com.google.common.base.Preconditions::checkPositionIndex (8 bytes)
Event: 3.317 Thread 0x000001354c132eb0 nmethod 1543 0x0000013536282390 code [0x0000013536282520, 0x0000013536282648]
Event: 3.317 Thread 0x000001354c132eb0 1544       3       com.google.common.base.Preconditions::checkPositionIndex (25 bytes)
Event: 3.317 Thread 0x000001354c132eb0 nmethod 1544 0x0000013536282710 code [0x00000135362828c0, 0x0000013536282b18]
Event: 3.317 Thread 0x000001354c132eb0 1547       3       com.google.common.base.CharMatcher::indexIn (48 bytes)
Event: 3.318 Thread 0x000001354c132eb0 nmethod 1547 0x0000013536282c10 code [0x0000013536282e00, 0x0000013536283338]
Event: 3.318 Thread 0x000001354c132eb0 1541       3       java.lang.invoke.LambdaFormEditor$TransformKey::inRange (36 bytes)
Event: 3.318 Thread 0x000001354c132eb0 nmethod 1541 0x0000013536283510 code [0x00000135362836a0, 0x00000135362837f8]
Event: 3.318 Thread 0x000001354c132eb0 1545       3       java.lang.invoke.Invokers::callSiteForm (308 bytes)
Event: 3.320 Thread 0x000001354c132eb0 nmethod 1545 0x0000013536283890 code [0x0000013536283bc0, 0x00000135362851a8]
Event: 3.320 Thread 0x000001354c132eb0 1550       3       com.google.common.base.AbstractIterator::tryToComputeNext (36 bytes)
Event: 3.321 Thread 0x000001354c132eb0 nmethod 1550 0x0000013536285a90 code [0x0000013536285c60, 0x00000135362860a8]
Event: 3.321 Thread 0x000001354c132eb0 1546       3       java.lang.invoke.BootstrapMethodInvoker::widenAndCast (47 bytes)
Event: 3.323 Thread 0x000001354c132eb0 nmethod 1546 0x0000013536286190 code [0x0000013536286400, 0x0000013536286d78]
Event: 3.323 Thread 0x000001354c132eb0 1548       3       java.lang.invoke.LambdaForm::editor (5 bytes)
Event: 3.323 Thread 0x000001354c132eb0 nmethod 1548 0x0000013536287090 code [0x0000013536287260, 0x0000013536287588]
Event: 3.323 Thread 0x000001354c132eb0 1549       3       java.lang.invoke.LambdaFormEditor::lambdaFormEditor (12 bytes)
Event: 3.324 Thread 0x000001354c132eb0 nmethod 1549 0x0000013536287710 code [0x00000135362878c0, 0x0000013536287b68]
Event: 3.324 Thread 0x000001354c132eb0 1551       3       java.lang.invoke.BoundMethodHandle::rebind (14 bytes)

GC Heap History (2 events):
Event: 2.136 GC heap before
{Heap before GC invocations=0 (full 0):
 garbage-first heap   total 98304K, used 25600K [0x00000000a1e00000, 0x0000000100000000)
  region size 1024K, 23 young (23552K), 0 survivors (0K)
 Metaspace       used 17191K, committed 17472K, reserved 1064960K
  class space    used 1817K, committed 1920K, reserved 1048576K
}
Event: 2.142 GC heap after
{Heap after GC invocations=1 (full 0):
 garbage-first heap   total 98304K, used 7048K [0x00000000a1e00000, 0x0000000100000000)
  region size 1024K, 3 young (3072K), 3 survivors (3072K)
 Metaspace       used 17191K, committed 17472K, reserved 1064960K
  class space    used 1817K, committed 1920K, reserved 1048576K
}

Deoptimization events (20 events):
Event: 1.860 Thread 0x0000013530b86090 DEOPT PACKING pc=0x000001353d52f3ec sp=0x0000001f9d1fbd80
Event: 1.860 Thread 0x0000013530b86090 DEOPT UNPACKING pc=0x0000013535a723a3 sp=0x0000001f9d1fbd10 mode 2
Event: 1.963 Thread 0x0000013530b86090 DEOPT PACKING pc=0x0000013535ff747e sp=0x0000001f9d1f8d80
Event: 1.963 Thread 0x0000013530b86090 DEOPT UNPACKING pc=0x0000013535a72b43 sp=0x0000001f9d1f81f0 mode 0
Event: 2.208 Thread 0x0000013530b86090 Uncommon trap: trap_request=0xffffffde fr.pc=0x000001353d559724 relative=0x0000000000000104
Event: 2.208 Thread 0x0000013530b86090 Uncommon trap: reason=class_check action=maybe_recompile pc=0x000001353d559724 method=jdk.internal.misc.Unsafe.allocateUninitializedArray(Ljava/lang/Class;I)Ljava/lang/Object; @ 51 c2
Event: 2.208 Thread 0x0000013530b86090 DEOPT PACKING pc=0x000001353d559724 sp=0x0000001f9d1fcf00
Event: 2.208 Thread 0x0000013530b86090 DEOPT UNPACKING pc=0x0000013535a723a3 sp=0x0000001f9d1fce88 mode 2
Event: 2.208 Thread 0x0000013530b86090 Uncommon trap: trap_request=0xffffffde fr.pc=0x000001353d559724 relative=0x0000000000000104
Event: 2.208 Thread 0x0000013530b86090 Uncommon trap: reason=class_check action=maybe_recompile pc=0x000001353d559724 method=jdk.internal.misc.Unsafe.allocateUninitializedArray(Ljava/lang/Class;I)Ljava/lang/Object; @ 51 c2
Event: 2.208 Thread 0x0000013530b86090 DEOPT PACKING pc=0x000001353d559724 sp=0x0000001f9d1fcc70
Event: 2.208 Thread 0x0000013530b86090 DEOPT UNPACKING pc=0x0000013535a723a3 sp=0x0000001f9d1fcbf8 mode 2
Event: 2.208 Thread 0x0000013530b86090 Uncommon trap: trap_request=0xffffffde fr.pc=0x000001353d559724 relative=0x0000000000000104
Event: 2.208 Thread 0x0000013530b86090 Uncommon trap: reason=class_check action=maybe_recompile pc=0x000001353d559724 method=jdk.internal.misc.Unsafe.allocateUninitializedArray(Ljava/lang/Class;I)Ljava/lang/Object; @ 51 c2
Event: 2.208 Thread 0x0000013530b86090 DEOPT PACKING pc=0x000001353d559724 sp=0x0000001f9d1fcd80
Event: 2.208 Thread 0x0000013530b86090 DEOPT UNPACKING pc=0x0000013535a723a3 sp=0x0000001f9d1fcd08 mode 2
Event: 2.209 Thread 0x0000013530b86090 Uncommon trap: trap_request=0xffffffde fr.pc=0x000001353d559724 relative=0x0000000000000104
Event: 2.209 Thread 0x0000013530b86090 Uncommon trap: reason=class_check action=maybe_recompile pc=0x000001353d559724 method=jdk.internal.misc.Unsafe.allocateUninitializedArray(Ljava/lang/Class;I)Ljava/lang/Object; @ 51 c2
Event: 2.209 Thread 0x0000013530b86090 DEOPT PACKING pc=0x000001353d559724 sp=0x0000001f9d1fd7f0
Event: 2.209 Thread 0x0000013530b86090 DEOPT UNPACKING pc=0x0000013535a723a3 sp=0x0000001f9d1fd778 mode 2

Classes unloaded (0 events):
No events

Classes redefined (0 events):
No events

Internal exceptions (20 events):
Event: 1.596 Thread 0x0000013530b86090 Exception <a 'java/lang/IncompatibleClassChangeError'{0x00000000a749e5c0}: Found class java.lang.Object, but interface was expected> (0x00000000a749e5c0) 
thrown [s\src\hotspot\share\interpreter\linkResolver.cpp, line 826]
Event: 1.774 Thread 0x0000013530b86090 Exception <a 'java/lang/NoSuchMethodError'{0x00000000a6d21010}: 'java.lang.Object java.lang.invoke.DirectMethodHandle$Holder.invokeStaticInit(java.lang.Object, int, int, int, int)'> (0x00000000a6d21010) 
thrown [s\src\hotspot\share\interpreter\linkResolver.cpp, line 759]
Event: 1.821 Thread 0x0000013530b86090 Exception <a 'java/lang/NoSuchMethodError'{0x00000000a6d45860}: 'java.lang.Object java.lang.invoke.DirectMethodHandle$Holder.invokeStaticInit(java.lang.Object, java.lang.Object, int, int, int, int)'> (0x00000000a6d45860) 
thrown [s\src\hotspot\share\interpreter\linkResolver.cpp, line 759]
Event: 1.955 Thread 0x0000013530b86090 Exception <a 'java/lang/NoSuchMethodError'{0x00000000a6bffd70}: 'java.lang.Object java.lang.invoke.DirectMethodHandle$Holder.invokeInterface(java.lang.Object, java.lang.Object, java.lang.Object)'> (0x00000000a6bffd70) 
thrown [s\src\hotspot\share\interpreter\linkResolver.cpp, line 759]
Event: 1.955 Thread 0x0000013530b86090 Exception <a 'java/lang/IncompatibleClassChangeError'{0x00000000a6a038c8}: Found class java.lang.Object, but interface was expected> (0x00000000a6a038c8) 
thrown [s\src\hotspot\share\interpreter\linkResolver.cpp, line 826]
Event: 1.956 Thread 0x0000013530b86090 Exception <a 'java/lang/NoSuchMethodError'{0x00000000a6a0bac8}: 'int java.lang.invoke.DirectMethodHandle$Holder.invokeSpecialIFC(java.lang.Object, java.lang.Object, java.lang.Object, java.lang.Object)'> (0x00000000a6a0bac8) 
thrown [s\src\hotspot\share\interpreter\linkResolver.cpp, line 759]
Event: 1.969 Thread 0x0000013530b86090 Exception <a 'java/lang/NoSuchMethodError'{0x00000000a6a6d498}: 'java.lang.Object java.lang.invoke.DirectMethodHandle$Holder.invokeVirtual(java.lang.Object, java.lang.Object, java.lang.Object, java.lang.Object)'> (0x00000000a6a6d498) 
thrown [s\src\hotspot\share\interpreter\linkResolver.cpp, line 759]
Event: 2.000 Thread 0x000001354cb38710 Exception <a 'java/net/ConnectException'{0x00000000a697e730}: Connection refused: no further information> (0x00000000a697e730) 
thrown [s\src\hotspot\share\prims\jni.cpp, line 535]
Event: 2.000 Thread 0x000001354cb38710 Exception <a 'java/net/SocketException'{0x00000000a697ea68}: Socket is not connected: shutdown> (0x00000000a697ea68) 
thrown [s\src\hotspot\share\prims\jni.cpp, line 535]
Event: 2.016 Thread 0x000001354cb38710 Exception <a 'java/net/ConnectException'{0x00000000a697fa60}: Connection refused: no further information> (0x00000000a697fa60) 
thrown [s\src\hotspot\share\prims\jni.cpp, line 535]
Event: 2.016 Thread 0x000001354cb38710 Exception <a 'java/net/SocketException'{0x00000000a697fd98}: Socket is not connected: shutdown> (0x00000000a697fd98) 
thrown [s\src\hotspot\share\prims\jni.cpp, line 535]
Event: 2.091 Thread 0x0000013530b86090 Exception <a 'java/lang/NoSuchMethodError'{0x00000000a68a6910}: 'java.lang.Object java.lang.invoke.DirectMethodHandle$Holder.newInvokeSpecial(java.lang.Object, java.lang.Object, int, int)'> (0x00000000a68a6910) 
thrown [s\src\hotspot\share\interpreter\linkResolver.cpp, line 759]
Event: 2.093 Thread 0x0000013530b86090 Exception <a 'java/lang/NoSuchMethodError'{0x00000000a68b1750}: 'void java.lang.invoke.DirectMethodHandle$Holder.invokeStatic(java.lang.Object, java.lang.Object, int)'> (0x00000000a68b1750) 
thrown [s\src\hotspot\share\interpreter\linkResolver.cpp, line 759]
Event: 2.122 Thread 0x0000013530b86090 Exception <a 'java/lang/NoSuchMethodError'{0x00000000a67a1c80}: 'java.lang.Object java.lang.invoke.DirectMethodHandle$Holder.newInvokeSpecial(java.lang.Object, java.lang.Object, java.lang.Object, java.lang.Object, java.lang.Object)'> (0x00000000a67a1c80) 
thrown [s\src\hotspot\share\interpreter\linkResolver.cpp, line 759]
Event: 2.197 Thread 0x0000013530b86090 Exception <a 'java/lang/NoSuchMethodError'{0x00000000a7b26ac0}: 'void java.lang.invoke.DirectMethodHandle$Holder.invokeSpecial(java.lang.Object, java.lang.Object, java.lang.Object)'> (0x00000000a7b26ac0) 
thrown [s\src\hotspot\share\interpreter\linkResolver.cpp, line 759]
Event: 2.240 Thread 0x000001354ca39ea0 Exception <a 'java/lang/NoSuchMethodError'{0x00000000a79849f0}: 'java.lang.Object java.lang.invoke.DirectMethodHandle$Holder.invokeSpecial(java.lang.Object, java.lang.Object, java.lang.Object, java.lang.Object, int)'> (0x00000000a79849f0) 
thrown [s\src\hotspot\share\interpreter\linkResolver.cpp, line 759]
Event: 2.240 Thread 0x000001354ca39ea0 Exception <a 'java/lang/NoSuchMethodError'{0x00000000a79885b8}: 'java.lang.Object java.lang.invoke.Invokers$Holder.linkToTargetMethod(java.lang.Object, java.lang.Object, int, java.lang.Object)'> (0x00000000a79885b8) 
thrown [s\src\hotspot\share\interpreter\linkResolver.cpp, line 759]
Event: 2.270 Thread 0x000001354ca39ea0 Exception <a 'java/lang/NoSuchMethodError'{0x00000000a78d59a8}: 'void java.lang.invoke.DirectMethodHandle$Holder.invokeSpecial(java.lang.Object, java.lang.Object, java.lang.Object, java.lang.Object, java.lang.Object)'> (0x00000000a78d59a8) 
thrown [s\src\hotspot\share\interpreter\linkResolver.cpp, line 759]
Event: 3.204 Thread 0x000001354ca39ea0 Exception <a 'java/lang/NoSuchMethodError'{0x00000000a765eff8}: 'void java.lang.invoke.DirectMethodHandle$Holder.invokeSpecial(java.lang.Object, java.lang.Object, java.lang.Object, java.lang.Object, java.lang.Object, java.lang.Object, java.lang.Object)'> (0x00000000a765eff8) 
thrown [s\src\hotspot\share\interpreter\linkResolver.cpp, line 759]
Event: 3.294 Thread 0x0000013530b86090 Exception <a 'java/lang/NoSuchMethodError'{0x00000000a75fef08}: 'java.lang.Object java.lang.invoke.DirectMethodHandle$Holder.invokeSpecialIFC(java.lang.Object, java.lang.Object, java.lang.Object)'> (0x00000000a75fef08) 
thrown [s\src\hotspot\share\interpreter\linkResolver.cpp, line 759]

VM Operations (20 events):
Event: 0.503 Executing VM operation: HandshakeAllThreads
Event: 0.503 Executing VM operation: HandshakeAllThreads done
Event: 0.510 Executing VM operation: HandshakeAllThreads
Event: 0.510 Executing VM operation: HandshakeAllThreads done
Event: 1.514 Executing VM operation: Cleanup
Event: 1.515 Executing VM operation: Cleanup done
Event: 1.516 Executing VM operation: HandshakeAllThreads
Event: 1.516 Executing VM operation: HandshakeAllThreads done
Event: 1.830 Executing VM operation: HandshakeAllThreads
Event: 1.830 Executing VM operation: HandshakeAllThreads done
Event: 2.051 Executing VM operation: HandshakeAllThreads
Event: 2.051 Executing VM operation: HandshakeAllThreads done
Event: 2.053 Executing VM operation: HandshakeAllThreads
Event: 2.053 Executing VM operation: HandshakeAllThreads done
Event: 2.136 Executing VM operation: G1CollectForAllocation
Event: 2.142 Executing VM operation: G1CollectForAllocation done
Event: 3.146 Executing VM operation: Cleanup
Event: 3.146 Executing VM operation: Cleanup done
Event: 3.181 Executing VM operation: HandshakeAllThreads
Event: 3.182 Executing VM operation: HandshakeAllThreads done

Events (20 events):
Event: 3.190 loading class java/util/stream/ReferencePipeline$5
Event: 3.190 loading class java/util/stream/LongPipeline$StatelessOp
Event: 3.190 loading class java/util/stream/LongPipeline
Event: 3.191 loading class java/util/stream/LongStream
Event: 3.191 loading class java/util/stream/LongStream done
Event: 3.192 loading class java/util/stream/LongPipeline done
Event: 3.192 loading class java/util/stream/LongPipeline$StatelessOp done
Event: 3.192 loading class java/util/stream/ReferencePipeline$5 done
Event: 3.192 loading class java/util/stream/FindOps$FindSink$OfLong
Event: 3.192 loading class java/util/stream/Sink$OfLong
Event: 3.192 loading class java/util/function/LongConsumer
Event: 3.193 loading class java/util/function/LongConsumer done
Event: 3.193 loading class java/util/stream/Sink$OfLong done
Event: 3.193 loading class java/util/stream/FindOps$FindSink$OfLong done
Event: 3.193 loading class java/util/OptionalLong
Event: 3.193 loading class java/util/OptionalLong done
Event: 3.195 loading class java/util/stream/ReferencePipeline$5$1
Event: 3.195 loading class java/util/stream/ReferencePipeline$5$1 done
Event: 3.257 loading class java/util/DualPivotQuicksort
Event: 3.258 loading class java/util/DualPivotQuicksort done


Dynamic libraries:
0x00007ff7c71b0000 - 0x00007ff7c71be000 	C:\Users\subod\Downloads\eclipse-java-2022-09-R-win32-x86_64\eclipse\plugins\org.eclipse.justj.openjdk.hotspot.jre.full.win32.x86_64_17.0.4.v20220903-1038\jre\bin\javaw.exe
0x00007ff8e82b0000 - 0x00007ff8e84c6000 	C:\Windows\SYSTEM32\ntdll.dll
0x00007ff8e6ea0000 - 0x00007ff8e6f64000 	C:\Windows\System32\KERNEL32.DLL
0x00007ff8e55f0000 - 0x00007ff8e5996000 	C:\Windows\System32\KERNELBASE.dll
0x00007ff8e59d0000 - 0x00007ff8e5ae1000 	C:\Windows\System32\ucrtbase.dll
0x00007ff8cc450000 - 0x00007ff8cc469000 	C:\Users\subod\Downloads\eclipse-java-2022-09-R-win32-x86_64\eclipse\plugins\org.eclipse.justj.openjdk.hotspot.jre.full.win32.x86_64_17.0.4.v20220903-1038\jre\bin\VCRUNTIME140.dll
0x00007ff8dbfb0000 - 0x00007ff8dbfc8000 	C:\Users\subod\Downloads\eclipse-java-2022-09-R-win32-x86_64\eclipse\plugins\org.eclipse.justj.openjdk.hotspot.jre.full.win32.x86_64_17.0.4.v20220903-1038\jre\bin\jli.dll
0x00007ff8e7170000 - 0x00007ff8e731d000 	C:\Windows\System32\USER32.dll
0x00007ff8e59a0000 - 0x00007ff8e59c6000 	C:\Windows\System32\win32u.dll
0x00007ff8c6900000 - 0x00007ff8c6b93000 	C:\Windows\WinSxS\amd64_microsoft.windows.common-controls_6595b64144ccf1df_6.0.22621.3235_none_270f74e173860f98\COMCTL32.dll
0x00007ff8e6df0000 - 0x00007ff8e6e97000 	C:\Windows\System32\msvcrt.dll
0x00007ff8e6f70000 - 0x00007ff8e6f99000 	C:\Windows\System32\GDI32.dll
0x00007ff8e5d80000 - 0x00007ff8e5e98000 	C:\Windows\System32\gdi32full.dll
0x00007ff8e5ea0000 - 0x00007ff8e5f3a000 	C:\Windows\System32\msvcp_win.dll
0x00007ff8e61d0000 - 0x00007ff8e6201000 	C:\Windows\System32\IMM32.DLL
0x00007ff8dc320000 - 0x00007ff8dc32c000 	C:\Users\subod\Downloads\eclipse-java-2022-09-R-win32-x86_64\eclipse\plugins\org.eclipse.justj.openjdk.hotspot.jre.full.win32.x86_64_17.0.4.v20220903-1038\jre\bin\vcruntime140_1.dll
0x00007ff8c6e00000 - 0x00007ff8c6e91000 	C:\Users\subod\Downloads\eclipse-java-2022-09-R-win32-x86_64\eclipse\plugins\org.eclipse.justj.openjdk.hotspot.jre.full.win32.x86_64_17.0.4.v20220903-1038\jre\bin\msvcp140.dll
0x00007ff89de40000 - 0x00007ff89ea86000 	C:\Users\subod\Downloads\eclipse-java-2022-09-R-win32-x86_64\eclipse\plugins\org.eclipse.justj.openjdk.hotspot.jre.full.win32.x86_64_17.0.4.v20220903-1038\jre\bin\server\jvm.dll
0x00007ff8e6230000 - 0x00007ff8e62e2000 	C:\Windows\System32\ADVAPI32.dll
0x00007ff8e6fa0000 - 0x00007ff8e7048000 	C:\Windows\System32\sechost.dll
0x00007ff8e5af0000 - 0x00007ff8e5b18000 	C:\Windows\System32\bcrypt.dll
0x00007ff8e7e30000 - 0x00007ff8e7f45000 	C:\Windows\System32\RPCRT4.dll
0x00007ff8e6000000 - 0x00007ff8e6008000 	C:\Windows\System32\PSAPI.DLL
0x00007ff8afd80000 - 0x00007ff8afd89000 	C:\Windows\SYSTEM32\WSOCK32.dll
0x00007ff8de6e0000 - 0x00007ff8de714000 	C:\Windows\SYSTEM32\WINMM.dll
0x00007ff8e81f0000 - 0x00007ff8e8261000 	C:\Windows\System32\WS2_32.dll
0x00007ff8de480000 - 0x00007ff8de48a000 	C:\Windows\SYSTEM32\VERSION.dll
0x00007ff8e4630000 - 0x00007ff8e4648000 	C:\Windows\SYSTEM32\kernel.appcore.dll
0x00007ff8ae570000 - 0x00007ff8ae57a000 	C:\Users\subod\Downloads\eclipse-java-2022-09-R-win32-x86_64\eclipse\plugins\org.eclipse.justj.openjdk.hotspot.jre.full.win32.x86_64_17.0.4.v20220903-1038\jre\bin\jimage.dll
0x00007ff8d44d0000 - 0x00007ff8d4703000 	C:\Windows\SYSTEM32\DBGHELP.DLL
0x00007ff8e6a60000 - 0x00007ff8e6de8000 	C:\Windows\System32\combase.dll
0x00007ff8e7f60000 - 0x00007ff8e8037000 	C:\Windows\System32\OLEAUT32.dll
0x00007ff8d4a80000 - 0x00007ff8d4ab2000 	C:\Windows\SYSTEM32\dbgcore.DLL
0x00007ff8e5b20000 - 0x00007ff8e5b9a000 	C:\Windows\System32\bcryptPrimitives.dll
0x00007ff89de10000 - 0x00007ff89de35000 	C:\Users\subod\Downloads\eclipse-java-2022-09-R-win32-x86_64\eclipse\plugins\org.eclipse.justj.openjdk.hotspot.jre.full.win32.x86_64_17.0.4.v20220903-1038\jre\bin\java.dll
0x00007ff8a3a30000 - 0x00007ff8a3a48000 	C:\Users\subod\Downloads\eclipse-java-2022-09-R-win32-x86_64\eclipse\plugins\org.eclipse.justj.openjdk.hotspot.jre.full.win32.x86_64_17.0.4.v20220903-1038\jre\bin\zip.dll
0x00007ff8e7480000 - 0x00007ff8e7cdd000 	C:\Windows\System32\SHELL32.dll
0x00007ff8e3550000 - 0x00007ff8e3e48000 	C:\Windows\SYSTEM32\windows.storage.dll
0x00007ff8e3410000 - 0x00007ff8e354e000 	C:\Windows\SYSTEM32\wintypes.dll
0x00007ff8e7ce0000 - 0x00007ff8e7dd3000 	C:\Windows\System32\SHCORE.dll
0x00007ff8e6010000 - 0x00007ff8e606e000 	C:\Windows\System32\shlwapi.dll
0x00007ff8e5520000 - 0x00007ff8e5546000 	C:\Windows\SYSTEM32\profapi.dll
0x00007ff8a04c0000 - 0x00007ff8a04d9000 	C:\Users\subod\Downloads\eclipse-java-2022-09-R-win32-x86_64\eclipse\plugins\org.eclipse.justj.openjdk.hotspot.jre.full.win32.x86_64_17.0.4.v20220903-1038\jre\bin\net.dll
0x00007ff8df480000 - 0x00007ff8df5b7000 	C:\Windows\SYSTEM32\WINHTTP.dll
0x00007ff8e4ab0000 - 0x00007ff8e4b19000 	C:\Windows\system32\mswsock.dll
0x00007ff89ddf0000 - 0x00007ff89de05000 	C:\Users\subod\Downloads\eclipse-java-2022-09-R-win32-x86_64\eclipse\plugins\org.eclipse.justj.openjdk.hotspot.jre.full.win32.x86_64_17.0.4.v20220903-1038\jre\bin\nio.dll
0x00007ff8e4120000 - 0x00007ff8e4219000 	C:\Windows\SYSTEM32\DNSAPI.dll
0x00007ff8e40b0000 - 0x00007ff8e40dd000 	C:\Windows\SYSTEM32\IPHLPAPI.DLL
0x00007ff8e7f50000 - 0x00007ff8e7f59000 	C:\Windows\System32\NSI.dll
0x00007ff8caa60000 - 0x00007ff8caa6a000 	C:\Windows\System32\rasadhlp.dll
0x00007ff8de1b0000 - 0x00007ff8de233000 	C:\Windows\System32\fwpuclnt.dll
0x00007ff8e03a0000 - 0x00007ff8e03ae000 	C:\Users\subod\Downloads\eclipse-java-2022-09-R-win32-x86_64\eclipse\plugins\org.eclipse.justj.openjdk.hotspot.jre.full.win32.x86_64_17.0.4.v20220903-1038\jre\bin\sunmscapi.dll
0x00007ff8e5c10000 - 0x00007ff8e5d76000 	C:\Windows\System32\CRYPT32.dll
0x00007ff8e4ec0000 - 0x00007ff8e4eee000 	C:\Windows\SYSTEM32\ncrypt.dll
0x00007ff8e4e80000 - 0x00007ff8e4eb7000 	C:\Windows\SYSTEM32\NTASN1.dll
0x00007ff8e4d00000 - 0x00007ff8e4d1b000 	C:\Windows\SYSTEM32\CRYPTSP.dll
0x00007ff8e4590000 - 0x00007ff8e45c5000 	C:\Windows\system32\rsaenh.dll
0x00007ff8e4ba0000 - 0x00007ff8e4bcc000 	C:\Windows\SYSTEM32\USERENV.dll
0x00007ff8e4d20000 - 0x00007ff8e4d2c000 	C:\Windows\SYSTEM32\CRYPTBASE.dll
0x00007ff8dfb10000 - 0x00007ff8dfb29000 	C:\Windows\SYSTEM32\dhcpcsvc6.DLL
0x00007ff8df420000 - 0x00007ff8df43f000 	C:\Windows\SYSTEM32\dhcpcsvc.DLL
0x00007ff8cc430000 - 0x00007ff8cc438000 	C:\Windows\system32\wshunix.dll

dbghelp: loaded successfully - version: 4.0.5 - missing functions: none
symbol engine: initialized successfully - sym options: 0x614 - pdb path: .;C:\Users\subod\Downloads\eclipse-java-2022-09-R-win32-x86_64\eclipse\plugins\org.eclipse.justj.openjdk.hotspot.jre.full.win32.x86_64_17.0.4.v20220903-1038\jre\bin;C:\Windows\SYSTEM32;C:\Windows\WinSxS\amd64_microsoft.windows.common-controls_6595b64144ccf1df_6.0.22621.3235_none_270f74e173860f98;C:\Users\subod\Downloads\eclipse-java-2022-09-R-win32-x86_64\eclipse\plugins\org.eclipse.justj.openjdk.hotspot.jre.full.win32.x86_64_17.0.4.v20220903-1038\jre\bin\server

VM Arguments:
jvm_args: -Dfile.encoding=UTF-8 -XX:+ShowCodeDetailsInExceptionMessages 
java_command: Practice.KeyBoardActionsPractice
java_class_path (initial): C:\Users\subod\git\Java-Selenium\Automation\bin;C:\Users\subod\git\Java-Selenium\Automation\src\com\selenium\jars\selenium-server-4.15.0.jar
Launcher Type: SUN_STANDARD

[Global flags]
     intx CICompilerCount                          = 4                                         {product} {ergonomic}
     uint ConcGCThreads                            = 2                                         {product} {ergonomic}
     uint G1ConcRefinementThreads                  = 8                                         {product} {ergonomic}
   size_t G1HeapRegionSize                         = 1048576                                   {product} {ergonomic}
    uintx GCDrainStackTargetSize                   = 64                                        {product} {ergonomic}
   size_t InitialHeapSize                          = 100663296                                 {product} {ergonomic}
   size_t MarkStackSize                            = 4194304                                   {product} {ergonomic}
   size_t MaxHeapSize                              = 1579155456                                {product} {ergonomic}
   size_t MaxNewSize                               = 946864128                                 {product} {ergonomic}
   size_t MinHeapDeltaBytes                        = 1048576                                   {product} {ergonomic}
   size_t MinHeapSize                              = 8388608                                   {product} {ergonomic}
    uintx NonNMethodCodeHeapSize                   = 5839372                                {pd product} {ergonomic}
    uintx NonProfiledCodeHeapSize                  = 122909434                              {pd product} {ergonomic}
    uintx ProfiledCodeHeapSize                     = 122909434                              {pd product} {ergonomic}
    uintx ReservedCodeCacheSize                    = 251658240                              {pd product} {ergonomic}
     bool SegmentedCodeCache                       = true                                      {product} {ergonomic}
     bool ShowCodeDetailsInExceptionMessages       = true                                   {manageable} {command line}
   size_t SoftMaxHeapSize                          = 1579155456                             {manageable} {ergonomic}
     bool UseCompressedClassPointers               = true                           {product lp64_product} {ergonomic}
     bool UseCompressedOops                        = true                           {product lp64_product} {ergonomic}
     bool UseG1GC                                  = true                                      {product} {ergonomic}
     bool UseLargePagesIndividualAllocation        = false                                  {pd product} {ergonomic}

Logging:
Log output configuration:
 #0: stdout all=warning uptime,level,tags
 #1: stderr all=off uptime,level,tags

Environment Variables:
PATH=C:/Users/subod/Downloads/eclipse-java-2022-09-R-win32-x86_64/eclipse//plugins/org.eclipse.justj.openjdk.hotspot.jre.full.win32.x86_64_17.0.4.v20220903-1038/jre/bin/server;C:/Users/subod/Downloads/eclipse-java-2022-09-R-win32-x86_64/eclipse//plugins/org.eclipse.justj.openjdk.hotspot.jre.full.win32.x86_64_17.0.4.v20220903-1038/jre/bin;C:\Program Files\Common Files\Oracle\Java\javapath;D:\oracle\product\10.2.0\db_1\bin;C:\Windows\system32;C:\Windows;C:\Windows\System32\Wbem;C:\Windows\System32\WindowsPowerShell\v1.0\;C:\Windows\System32\OpenSSH\;C:\Program Files\Java\jdk-11.0.15.1\bin;C:\Users\subod\AppData\Local\Microsoft\WindowsApps;C:\Users\subod\AppData\Local\spicetify;C:\Program Files\Java\jdk-11.0.15.1\bin;;C:\Users\subod\Downloads\eclipse-java-2022-09-R-win32-x86_64\eclipse;
USERNAME=subodh
OS=Windows_NT
PROCESSOR_IDENTIFIER=AMD64 Family 23 Model 24 Stepping 1, AuthenticAMD
TMP=C:\Users\subod\AppData\Local\Temp
TEMP=C:\Users\subod\AppData\Local\Temp



---------------  S Y S T E M  ---------------

OS:
 Windows 11 , 64 bit Build 22621 (10.0.22621.3235)
OS uptime: 2 days 22:25 hours

CPU: total 8 (initial active 8) (8 cores per cpu, 2 threads per core) family 23 model 24 stepping 1 microcode 0x0, cx8, cmov, fxsr, ht, mmx, 3dnowpref, sse, sse2, sse3, ssse3, sse4a, sse4.1, sse4.2, popcnt, lzcnt, tsc, tscinvbit, avx, avx2, aes, clmul, bmi1, bmi2, adx, sha, fma, vzeroupper, clflush, clflushopt

Memory: 4k page, system-wide physical 6019M (540M free)
TotalPageFile size 24451M (AvailPageFile size 0M)
current process WorkingSet (physical memory assigned to process): 94M, peak: 95M
current process commit charge ("private bytes"): 196M, peak: 197M

vm_info: OpenJDK 64-Bit Server VM (17.0.4.1+1) for windows-amd64 JRE (17.0.4.1+1), built on Aug 17 2022 07:42:43 by "temurin" with MS VC++ 16.7 (VS2019)

END.
