#
# There is insufficient memory for the Java Runtime Environment to continue.
# Native memory allocation (mmap) failed to map 100663296 bytes for G1 virtual space
# Possible reasons:
#   The system is out of physical RAM or swap space
#   The process is running with CompressedOops enabled, and the Java Heap may be blocking the growth of the native heap
# Possible solutions:
#   Reduce memory load on the system
#   Increase physical memory or swap space
#   Check if swap backing store is full
#   Decrease Java heap size (-Xmx/-Xms)
#   Decrease number of Java threads
#   Decrease Java thread stack sizes (-Xss)
#   Set larger code cache with -XX:ReservedCodeCacheSize=
#   JVM is running with Unscaled Compressed Oops mode in which the Java heap is
#     placed in the first 4GB address space. The Java Heap base address is the
#     maximum limit for the native heap growth. Please use -XX:HeapBaseMinAddress
#     to set the Java Heap base and to place the Java Heap above 4GB virtual address.
# This output file may be truncated or incomplete.
#
#  Out of Memory Error (os_windows.cpp:3541), pid=3888, tid=3892
#
# JRE version:  (17.0.4.1+1) (build )
# Java VM: OpenJDK 64-Bit Server VM (17.0.4.1+1, mixed mode, sharing, tiered, compressed oops, compressed class ptrs, g1 gc, windows-amd64)
# No core dump will be written. Minidumps are not enabled by default on client versions of Windows
#

---------------  S U M M A R Y ------------

Command Line: -Dfile.encoding=UTF-8 -XX:+ShowCodeDetailsInExceptionMessages JavaScriptExcecutor.Assignment

Host: AMD Ryzen 5 3550H with Radeon Vega Mobile Gfx  , 8 cores, 5G,  Windows 11 , 64 bit Build 22621 (10.0.22621.3374)
Time: Sun Mar 31 20:02:51 2024 India Standard Time elapsed time: 0.028170 seconds (0d 0h 0m 0s)

---------------  T H R E A D  ---------------

Current thread (0x0000020f2a4f6960):  JavaThread "Unknown thread" [_thread_in_vm, id=3892, stack(0x000000db10c00000,0x000000db10d00000)]

Stack: [0x000000db10c00000,0x000000db10d00000]
Native frames: (J=compiled Java code, j=interpreted, Vv=VM code, C=native code)
V  [jvm.dll+0x67731a]
V  [jvm.dll+0x832284]
V  [jvm.dll+0x833a2e]
V  [jvm.dll+0x834093]
V  [jvm.dll+0x245775]
V  [jvm.dll+0x674209]
V  [jvm.dll+0x668a92]
V  [jvm.dll+0x30471b]
V  [jvm.dll+0x30bc66]
V  [jvm.dll+0x35ba9e]
V  [jvm.dll+0x35bccf]
V  [jvm.dll+0x2db5b8]
V  [jvm.dll+0x2dc524]
V  [jvm.dll+0x803db1]
V  [jvm.dll+0x3698f1]
V  [jvm.dll+0x7e31bc]
V  [jvm.dll+0x3ec25f]
V  [jvm.dll+0x3edde1]
C  [jli.dll+0x5277]
C  [ucrtbase.dll+0x29333]
C  [KERNEL32.DLL+0x1257d]
C  [ntdll.dll+0x5aa48]


---------------  P R O C E S S  ---------------

Threads class SMR info:
_java_thread_list=0x00007ff91f7d4e98, length=0, elements={
}

Java Threads: ( => current thread )

Other Threads:
  0x0000020f2a53e130 GCTaskThread "GC Thread#0" [stack: 0x000000db10d00000,0x000000db10e00000] [id=7084]
  0x0000020f2a54acb0 ConcurrentGCThread "G1 Main Marker" [stack: 0x000000db10e00000,0x000000db10f00000] [id=3088]
  0x0000020f2a54c670 ConcurrentGCThread "G1 Conc#0" [stack: 0x000000db10f00000,0x000000db11000000] [id=8836]

[error occurred during error reporting (printing all threads), id 0xc0000005, EXCEPTION_ACCESS_VIOLATION (0xc0000005) at pc=0x00007ff91efac047]

VM state: not at safepoint (not fully initialized)

VM Mutex/Monitor currently owned by a thread:  ([mutex/lock_event])
[0x0000020f2a4f29c0] Heap_lock - owner thread: 0x0000020f2a4f6960

Heap address: 0x00000000a1e00000, size: 1506 MB, Compressed Oops mode: 32-bit

CDS archive(s) mapped at: [0x0000000000000000-0x0000000000000000-0x0000000000000000), size 0, SharedBaseAddress: 0x0000000800000000, ArchiveRelocationMode: 0.
Narrow klass base: 0x0000000000000000, Narrow klass shift: 0, Narrow klass range: 0x0

GC Precious Log:
<Empty>

Heap:
 garbage-first heap   total 0K, used 0K [0x00000000a1e00000, 0x0000000100000000)
  region size 1024K, 0 young (0K), 0 survivors (0K)

[error occurred during error reporting (printing heap information), id 0xc0000005, EXCEPTION_ACCESS_VIOLATION (0xc0000005) at pc=0x00007ff91f390699]

GC Heap History (0 events):
No events

Deoptimization events (0 events):
No events

Classes unloaded (0 events):
No events

Classes redefined (0 events):
No events

Internal exceptions (0 events):
No events

VM Operations (0 events):
No events

Events (1 events):
Event: 0.011 Loaded shared library C:\Users\subod\Downloads\eclipse-java-2022-09-R-win32-x86_64\eclipse\plugins\org.eclipse.justj.openjdk.hotspot.jre.full.win32.x86_64_17.0.4.v20220903-1038\jre\bin\java.dll


Dynamic libraries:
0x00007ff60e3b0000 - 0x00007ff60e3be000 	C:\Users\subod\Downloads\eclipse-java-2022-09-R-win32-x86_64\eclipse\plugins\org.eclipse.justj.openjdk.hotspot.jre.full.win32.x86_64_17.0.4.v20220903-1038\jre\bin\javaw.exe
0x00007ff980bd0000 - 0x00007ff980de6000 	C:\Windows\SYSTEM32\ntdll.dll
0x00007ff97e940000 - 0x00007ff97ea04000 	C:\Windows\System32\KERNEL32.DLL
0x00007ff97e520000 - 0x00007ff97e8c7000 	C:\Windows\System32\KERNELBASE.dll
0x00007ff97def0000 - 0x00007ff97e001000 	C:\Windows\System32\ucrtbase.dll
0x00007ff964a40000 - 0x00007ff964a59000 	C:\Users\subod\Downloads\eclipse-java-2022-09-R-win32-x86_64\eclipse\plugins\org.eclipse.justj.openjdk.hotspot.jre.full.win32.x86_64_17.0.4.v20220903-1038\jre\bin\VCRUNTIME140.dll
0x00007ff964a60000 - 0x00007ff964a78000 	C:\Users\subod\Downloads\eclipse-java-2022-09-R-win32-x86_64\eclipse\plugins\org.eclipse.justj.openjdk.hotspot.jre.full.win32.x86_64_17.0.4.v20220903-1038\jre\bin\jli.dll
0x00007ff97f6d0000 - 0x00007ff97f87e000 	C:\Windows\System32\USER32.dll
0x00007ff97e8d0000 - 0x00007ff97e8f6000 	C:\Windows\System32\win32u.dll
0x00007ff97e910000 - 0x00007ff97e939000 	C:\Windows\System32\GDI32.dll
0x00007ff97e130000 - 0x00007ff97e249000 	C:\Windows\System32\gdi32full.dll
0x00007ff965d80000 - 0x00007ff966013000 	C:\Windows\WinSxS\amd64_microsoft.windows.common-controls_6595b64144ccf1df_6.0.22621.3235_none_270f74e173860f98\COMCTL32.dll
0x00007ff980900000 - 0x00007ff9809a7000 	C:\Windows\System32\msvcrt.dll
0x00007ff97e310000 - 0x00007ff97e3aa000 	C:\Windows\System32\msvcp_win.dll
0x00007ff97ea60000 - 0x00007ff97ea91000 	C:\Windows\System32\IMM32.DLL
0x00007ff964a30000 - 0x00007ff964a3c000 	C:\Users\subod\Downloads\eclipse-java-2022-09-R-win32-x86_64\eclipse\plugins\org.eclipse.justj.openjdk.hotspot.jre.full.win32.x86_64_17.0.4.v20220903-1038\jre\bin\vcruntime140_1.dll
0x00007ff958d90000 - 0x00007ff958e21000 	C:\Users\subod\Downloads\eclipse-java-2022-09-R-win32-x86_64\eclipse\plugins\org.eclipse.justj.openjdk.hotspot.jre.full.win32.x86_64_17.0.4.v20220903-1038\jre\bin\msvcp140.dll
0x00007ff91ecc0000 - 0x00007ff91f906000 	C:\Users\subod\Downloads\eclipse-java-2022-09-R-win32-x86_64\eclipse\plugins\org.eclipse.justj.openjdk.hotspot.jre.full.win32.x86_64_17.0.4.v20220903-1038\jre\bin\server\jvm.dll
0x00007ff97ee30000 - 0x00007ff97eee2000 	C:\Windows\System32\ADVAPI32.dll
0x00007ff97ef60000 - 0x00007ff97f008000 	C:\Windows\System32\sechost.dll
0x00007ff97e090000 - 0x00007ff97e0b8000 	C:\Windows\System32\bcrypt.dll
0x00007ff97f3f0000 - 0x00007ff97f505000 	C:\Windows\System32\RPCRT4.dll
0x00007ff97f070000 - 0x00007ff97f078000 	C:\Windows\System32\PSAPI.DLL
0x00007ff9797f0000 - 0x00007ff9797f9000 	C:\Windows\SYSTEM32\WSOCK32.dll
0x00007ff980a30000 - 0x00007ff980aa1000 	C:\Windows\System32\WS2_32.dll
0x00007ff9767d0000 - 0x00007ff976804000 	C:\Windows\SYSTEM32\WINMM.dll
0x00007ff9761f0000 - 0x00007ff9761fa000 	C:\Windows\SYSTEM32\VERSION.dll
0x00007ff97cf40000 - 0x00007ff97cf58000 	C:\Windows\SYSTEM32\kernel.appcore.dll
0x00007ff9797e0000 - 0x00007ff9797ea000 	C:\Users\subod\Downloads\eclipse-java-2022-09-R-win32-x86_64\eclipse\plugins\org.eclipse.justj.openjdk.hotspot.jre.full.win32.x86_64_17.0.4.v20220903-1038\jre\bin\jimage.dll
0x00007ff96b310000 - 0x00007ff96b543000 	C:\Windows\SYSTEM32\DBGHELP.DLL
0x00007ff97eaa0000 - 0x00007ff97ee28000 	C:\Windows\System32\combase.dll
0x00007ff980ab0000 - 0x00007ff980b87000 	C:\Windows\System32\OLEAUT32.dll
0x00007ff959220000 - 0x00007ff959252000 	C:\Windows\SYSTEM32\dbgcore.DLL
0x00007ff97e010000 - 0x00007ff97e089000 	C:\Windows\System32\bcryptPrimitives.dll
0x00007ff95e4f0000 - 0x00007ff95e515000 	C:\Users\subod\Downloads\eclipse-java-2022-09-R-win32-x86_64\eclipse\plugins\org.eclipse.justj.openjdk.hotspot.jre.full.win32.x86_64_17.0.4.v20220903-1038\jre\bin\java.dll

dbghelp: loaded successfully - version: 4.0.5 - missing functions: none
symbol engine: initialized successfully - sym options: 0x614 - pdb path: .;C:\Users\subod\Downloads\eclipse-java-2022-09-R-win32-x86_64\eclipse\plugins\org.eclipse.justj.openjdk.hotspot.jre.full.win32.x86_64_17.0.4.v20220903-1038\jre\bin;C:\Windows\SYSTEM32;C:\Windows\WinSxS\amd64_microsoft.windows.common-controls_6595b64144ccf1df_6.0.22621.3235_none_270f74e173860f98;C:\Users\subod\Downloads\eclipse-java-2022-09-R-win32-x86_64\eclipse\plugins\org.eclipse.justj.openjdk.hotspot.jre.full.win32.x86_64_17.0.4.v20220903-1038\jre\bin\server

VM Arguments:
jvm_args: -Dfile.encoding=UTF-8 -XX:+ShowCodeDetailsInExceptionMessages 
java_command: JavaScriptExcecutor.Assignment
java_class_path (initial): C:\Users\subod\git\Java-Selenium\Automation\bin;C:\Users\subod\git\Java-Selenium\Automation\jars\selenium-server-4.15.0.jar
Launcher Type: SUN_STANDARD

[Global flags]
     intx CICompilerCount                          = 4                                         {product} {ergonomic}
     uint ConcGCThreads                            = 2                                         {product} {ergonomic}
     uint G1ConcRefinementThreads                  = 8                                         {product} {ergonomic}
   size_t G1HeapRegionSize                         = 1048576                                   {product} {ergonomic}
    uintx GCDrainStackTargetSize                   = 64                                        {product} {ergonomic}
   size_t InitialHeapSize                          = 100663296                                 {product} {ergonomic}
   size_t MarkStackSize                            = 4194304                                   {product} {ergonomic}
   size_t MaxHeapSize                              = 1579155456                                {product} {ergonomic}
   size_t MinHeapDeltaBytes                        = 1048576                                   {product} {ergonomic}
   size_t MinHeapSize                              = 8388608                                   {product} {ergonomic}
    uintx NonNMethodCodeHeapSize                   = 5839372                                {pd product} {ergonomic}
    uintx NonProfiledCodeHeapSize                  = 122909434                              {pd product} {ergonomic}
    uintx ProfiledCodeHeapSize                     = 122909434                              {pd product} {ergonomic}
    uintx ReservedCodeCacheSize                    = 251658240                              {pd product} {ergonomic}
     bool SegmentedCodeCache                       = true                                      {product} {ergonomic}
     bool ShowCodeDetailsInExceptionMessages       = true                                   {manageable} {command line}
   size_t SoftMaxHeapSize                          = 1579155456                             {manageable} {ergonomic}
     bool UseCompressedClassPointers               = true                           {product lp64_product} {ergonomic}
     bool UseCompressedOops                        = true                           {product lp64_product} {ergonomic}
     bool UseG1GC                                  = true                                      {product} {ergonomic}
     bool UseLargePagesIndividualAllocation        = false                                  {pd product} {ergonomic}

Logging:
Log output configuration:
 #0: stdout all=warning uptime,level,tags
 #1: stderr all=off uptime,level,tags

Environment Variables:
PATH=C:/Users/subod/Downloads/eclipse-java-2022-09-R-win32-x86_64/eclipse//plugins/org.eclipse.justj.openjdk.hotspot.jre.full.win32.x86_64_17.0.4.v20220903-1038/jre/bin/server;C:/Users/subod/Downloads/eclipse-java-2022-09-R-win32-x86_64/eclipse//plugins/org.eclipse.justj.openjdk.hotspot.jre.full.win32.x86_64_17.0.4.v20220903-1038/jre/bin;C:\Program Files\Common Files\Oracle\Java\javapath;D:\oracle\product\10.2.0\db_1\bin;C:\Windows\system32;C:\Windows;C:\Windows\System32\Wbem;C:\Windows\System32\WindowsPowerShell\v1.0\;C:\Windows\System32\OpenSSH\;C:\Program Files\Java\jdk-11.0.15.1\bin;C:\Users\subod\AppData\Local\Microsoft\WindowsApps;C:\Users\subod\AppData\Local\spicetify;C:\Program Files\Java\jdk-11.0.15.1\bin;;C:\Users\subod\Downloads\eclipse-java-2022-09-R-win32-x86_64\eclipse;
USERNAME=subodh
OS=Windows_NT
PROCESSOR_IDENTIFIER=AMD64 Family 23 Model 24 Stepping 1, AuthenticAMD
TMP=C:\Users\subod\AppData\Local\Temp
TEMP=C:\Users\subod\AppData\Local\Temp



---------------  S Y S T E M  ---------------

OS:
 Windows 11 , 64 bit Build 22621 (10.0.22621.3374)
OS uptime: 0 days 2:20 hours

CPU: total 8 (initial active 8) (8 cores per cpu, 2 threads per core) family 23 model 24 stepping 1 microcode 0x0, cx8, cmov, fxsr, ht, mmx, 3dnowpref, sse, sse2, sse3, ssse3, sse4a, sse4.1, sse4.2, popcnt, lzcnt, tsc, tscinvbit, avx, avx2, aes, clmul, bmi1, bmi2, adx, sha, fma, vzeroupper, clflush, clflushopt

Memory: 4k page, system-wide physical 6019M (1033M free)
TotalPageFile size 8067M (AvailPageFile size 29M)
current process WorkingSet (physical memory assigned to process): 11M, peak: 11M
current process commit charge ("private bytes"): 60M, peak: 156M

vm_info: OpenJDK 64-Bit Server VM (17.0.4.1+1) for windows-amd64 JRE (17.0.4.1+1), built on Aug 17 2022 07:42:43 by "temurin" with MS VC++ 16.7 (VS2019)

END.
