#
# There is insufficient memory for the Java Runtime Environment to continue.
# Native memory allocation (malloc) failed to allocate 534528 bytes for Chunk::new
# Possible reasons:
#   The system is out of physical RAM or swap space
#   The process is running with CompressedOops enabled, and the Java Heap may be blocking the growth of the native heap
# Possible solutions:
#   Reduce memory load on the system
#   Increase physical memory or swap space
#   Check if swap backing store is full
#   Decrease Java heap size (-Xmx/-Xms)
#   Decrease number of Java threads
#   Decrease Java thread stack sizes (-Xss)
#   Set larger code cache with -XX:ReservedCodeCacheSize=
#   JVM is running with Unscaled Compressed Oops mode in which the Java heap is
#     placed in the first 4GB address space. The Java Heap base address is the
#     maximum limit for the native heap growth. Please use -XX:HeapBaseMinAddress
#     to set the Java Heap base and to place the Java Heap above 4GB virtual address.
# This output file may be truncated or incomplete.
#
#  Out of Memory Error (arena.cpp:189), pid=9864, tid=5436
#
# JRE version: OpenJDK Runtime Environment Temurin-17.0.4.1+1 (17.0.4.1+1) (build 17.0.4.1+1)
# Java VM: OpenJDK 64-Bit Server VM Temurin-17.0.4.1+1 (17.0.4.1+1, mixed mode, tiered, compressed oops, compressed class ptrs, g1 gc, windows-amd64)
# No core dump will be written. Minidumps are not enabled by default on client versions of Windows
#

---------------  S U M M A R Y ------------

Command Line: -Dfile.encoding=UTF-8 -XX:+ShowCodeDetailsInExceptionMessages JavaScriptExcecutor.Assignment

Host: AMD Ryzen 5 3550H with Radeon Vega Mobile Gfx  , 8 cores, 5G,  Windows 11 , 64 bit Build 22621 (10.0.22621.3235)
Time: Sun Mar 31 23:54:21 2024 India Standard Time elapsed time: 4.141112 seconds (0d 0h 0m 4s)

---------------  T H R E A D  ---------------

Current thread (0x000002148fc3de60):  JavaThread "C2 CompilerThread0" daemon [_thread_in_native, id=5436, stack(0x000000e707000000,0x000000e707100000)]


Current CompileTask:
C2:   4141 1526       4       java.util.HashSet::add (20 bytes)

Stack: [0x000000e707000000,0x000000e707100000]
Native frames: (J=compiled Java code, j=interpreted, Vv=VM code, C=native code)
V  [jvm.dll+0x67731a]
V  [jvm.dll+0x832284]
V  [jvm.dll+0x833a2e]
V  [jvm.dll+0x834093]
V  [jvm.dll+0x245775]
V  [jvm.dll+0xabd7b]
V  [jvm.dll+0xac30c]
V  [jvm.dll+0x363a97]
V  [jvm.dll+0x32e011]
V  [jvm.dll+0x32d4ba]
V  [jvm.dll+0x218681]
V  [jvm.dll+0x217aa1]
V  [jvm.dll+0x1a3f8d]
V  [jvm.dll+0x227498]
V  [jvm.dll+0x2255e5]
V  [jvm.dll+0x7e7e9b]
V  [jvm.dll+0x7e240a]
V  [jvm.dll+0x6761a5]
C  [ucrtbase.dll+0x29363]
C  [KERNEL32.DLL+0x1257d]
C  [ntdll.dll+0x5aa58]


---------------  P R O C E S S  ---------------

Threads class SMR info:
_java_thread_list=0x000002149074e3a0, length=26, elements={
0x00000214f6682a00, 0x000002148f2e9330, 0x000002148f2e9ce0, 0x000002148fc1cd70,
0x000002148fc1d630, 0x000002148fc1def0, 0x000002148fc1fbc0, 0x000002148fc3de60,
0x000002148fc3f980, 0x000002148fc50a40, 0x000002148fdb0e40, 0x000002148fdbce10,
0x00000214906071b0, 0x0000021490764520, 0x00000214907820c0, 0x0000021490782590,
0x000002149077c9a0, 0x000002149077ce70, 0x0000021490775c60, 0x00000214907c9370,
0x00000214907c8030, 0x00000214907ca1e0, 0x00000214907c7690, 0x00000214907ca6b0,
0x00000214907c7b60, 0x00000214907c71c0
}

Java Threads: ( => current thread )
  0x00000214f6682a00 JavaThread "main" [_thread_in_vm, id=2928, stack(0x000000e706300000,0x000000e706400000)]
  0x000002148f2e9330 JavaThread "Reference Handler" daemon [_thread_blocked, id=11620, stack(0x000000e706a00000,0x000000e706b00000)]
  0x000002148f2e9ce0 JavaThread "Finalizer" daemon [_thread_blocked, id=7900, stack(0x000000e706b00000,0x000000e706c00000)]
  0x000002148fc1cd70 JavaThread "Signal Dispatcher" daemon [_thread_blocked, id=10480, stack(0x000000e706c00000,0x000000e706d00000)]
  0x000002148fc1d630 JavaThread "Attach Listener" daemon [_thread_blocked, id=2308, stack(0x000000e706d00000,0x000000e706e00000)]
  0x000002148fc1def0 JavaThread "Service Thread" daemon [_thread_blocked, id=8728, stack(0x000000e706e00000,0x000000e706f00000)]
  0x000002148fc1fbc0 JavaThread "Monitor Deflation Thread" daemon [_thread_blocked, id=6072, stack(0x000000e706f00000,0x000000e707000000)]
=>0x000002148fc3de60 JavaThread "C2 CompilerThread0" daemon [_thread_in_native, id=5436, stack(0x000000e707000000,0x000000e707100000)]
  0x000002148fc3f980 JavaThread "C1 CompilerThread0" daemon [_thread_in_native, id=14288, stack(0x000000e707100000,0x000000e707200000)]
  0x000002148fc50a40 JavaThread "Sweeper thread" daemon [_thread_blocked, id=6100, stack(0x000000e707200000,0x000000e707300000)]
  0x000002148fdb0e40 JavaThread "Notification Thread" daemon [_thread_blocked, id=8508, stack(0x000000e707300000,0x000000e707400000)]
  0x000002148fdbce10 JavaThread "Common-Cleaner" daemon [_thread_blocked, id=11104, stack(0x000000e707500000,0x000000e707600000)]
  0x00000214906071b0 JavaThread "ForkJoinPool.commonPool-worker-1" daemon [_thread_blocked, id=3532, stack(0x000000e707600000,0x000000e707700000)]
  0x0000021490764520 JavaThread "HttpClient-1-SelectorManager" daemon [_thread_in_native, id=8160, stack(0x000000e707700000,0x000000e707800000)]
  0x00000214907820c0 JavaThread "Thread-2" [_thread_in_native, id=10608, stack(0x000000e707800000,0x000000e707900000)]
  0x0000021490782590 JavaThread "Driver Service Executor" daemon [_thread_blocked, id=7272, stack(0x000000e707900000,0x000000e707a00000)]
  0x000002149077c9a0 JavaThread "Driver Service Executor" daemon [_thread_in_native, id=8260, stack(0x000000e707a00000,0x000000e707b00000)]
  0x000002149077ce70 JavaThread "UrlChecker-2" daemon [_thread_blocked, id=8808, stack(0x000000e707b00000,0x000000e707c00000)]
  0x0000021490775c60 JavaThread "Keep-Alive-Timer" daemon [_thread_blocked, id=5516, stack(0x000000e707d00000,0x000000e707e00000)]
  0x00000214907c9370 JavaThread "pool-1-thread-1" [_thread_blocked, id=3372, stack(0x000000e708500000,0x000000e708600000)]
  0x00000214907c8030 JavaThread "pool-1-thread-2" [_thread_blocked, id=6916, stack(0x000000e708600000,0x000000e708700000)]
  0x00000214907ca1e0 JavaThread "pool-1-thread-3" [_thread_blocked, id=12312, stack(0x000000e708700000,0x000000e708800000)]
  0x00000214907c7690 JavaThread "HttpClient-2-SelectorManager" daemon [_thread_in_native, id=5128, stack(0x000000e708800000,0x000000e708900000)]
  0x00000214907ca6b0 JavaThread "pool-2-thread-1" [_thread_blocked, id=2804, stack(0x000000e708900000,0x000000e708a00000)]
  0x00000214907c7b60 JavaThread "pool-2-thread-2" [_thread_blocked, id=11256, stack(0x000000e708a00000,0x000000e708b00000)]
  0x00000214907c71c0 JavaThread "pool-2-thread-3" [_thread_blocked, id=13956, stack(0x000000e708b00000,0x000000e708c00000)]

Other Threads:
  0x000002148f31e920 VMThread "VM Thread" [stack: 0x000000e706900000,0x000000e706a00000] [id=1960]
  0x000002148fdb1310 WatcherThread [stack: 0x000000e707400000,0x000000e707500000] [id=8272]
  0x00000214f66d03e0 GCTaskThread "GC Thread#0" [stack: 0x000000e706400000,0x000000e706500000] [id=9760]
  0x00000214907cacb0 GCTaskThread "GC Thread#1" [stack: 0x000000e707e00000,0x000000e707f00000] [id=5224]
  0x00000214907caf60 GCTaskThread "GC Thread#2" [stack: 0x000000e707f00000,0x000000e708000000] [id=11252]
  0x00000214907cb210 GCTaskThread "GC Thread#3" [stack: 0x000000e708000000,0x000000e708100000] [id=13428]
  0x0000021490834990 GCTaskThread "GC Thread#4" [stack: 0x000000e708100000,0x000000e708200000] [id=8868]
  0x0000021490834c40 GCTaskThread "GC Thread#5" [stack: 0x000000e708200000,0x000000e708300000] [id=1400]
  0x0000021490834ef0 GCTaskThread "GC Thread#6" [stack: 0x000000e708300000,0x000000e708400000] [id=5328]
  0x00000214908353b0 GCTaskThread "GC Thread#7" [stack: 0x000000e708400000,0x000000e708500000] [id=9488]
  0x00000214f66dde10 ConcurrentGCThread "G1 Main Marker" [stack: 0x000000e706500000,0x000000e706600000] [id=2232]
  0x00000214f66de720 ConcurrentGCThread "G1 Conc#0" [stack: 0x000000e706600000,0x000000e706700000] [id=2300]
  0x00000214f674ebc0 ConcurrentGCThread "G1 Refine#0" [stack: 0x000000e706700000,0x000000e706800000] [id=2264]
  0x000002148f15d8e0 ConcurrentGCThread "G1 Service" [stack: 0x000000e706800000,0x000000e706900000] [id=12432]

Threads with active compile tasks:
C2 CompilerThread0     4183 1526       4       java.util.HashSet::add (20 bytes)

VM state: not at safepoint (normal execution)

VM Mutex/Monitor currently owned by a thread: None

Heap address: 0x00000000a1e00000, size: 1506 MB, Compressed Oops mode: 32-bit

CDS archive(s) not mapped
Compressed class space mapped at: 0x0000000100000000-0x0000000140000000, reserved size: 1073741824
Narrow klass base: 0x0000000000000000, Narrow klass shift: 3, Narrow klass range: 0x140000000

GC Precious Log:
 CPUs: 8 total, 8 available
 Memory: 6019M
 Large Page Support: Disabled
 NUMA Support: Disabled
 Compressed Oops: Enabled (32-bit)
 Heap Region Size: 1M
 Heap Min Capacity: 8M
 Heap Initial Capacity: 96M
 Heap Max Capacity: 1506M
 Pre-touch: Disabled
 Parallel Workers: 8
 Concurrent Workers: 2
 Concurrent Refinement Workers: 8
 Periodic GC: Disabled

Heap:
 garbage-first heap   total 98304K, used 19351K [0x00000000a1e00000, 0x0000000100000000)
  region size 1024K, 16 young (16384K), 3 survivors (3072K)
 Metaspace       used 20335K, committed 20608K, reserved 1073152K
  class space    used 2247K, committed 2368K, reserved 1048576K

Heap Regions: E=young(eden), S=young(survivor), O=old, HS=humongous(starts), HC=humongous(continues), CS=collection set, F=free, OA=open archive, CA=closed archive, TAMS=top-at-mark-start (previous, next)
|   0|0x00000000a1e00000, 0x00000000a1f00000, 0x00000000a1f00000|100%|HS|  |TAMS 0x00000000a1e00000, 0x00000000a1e00000| Complete 
|   1|0x00000000a1f00000, 0x00000000a2000000, 0x00000000a2000000|100%|HC|  |TAMS 0x00000000a1f00000, 0x00000000a1f00000| Complete 
|   2|0x00000000a2000000, 0x00000000a2100000, 0x00000000a2100000|100%|HC|  |TAMS 0x00000000a2000000, 0x00000000a2000000| Complete 
|   3|0x00000000a2100000, 0x00000000a21e5c00, 0x00000000a2200000| 89%| O|  |TAMS 0x00000000a2100000, 0x00000000a2100000| Untracked 
|   4|0x00000000a2200000, 0x00000000a2200000, 0x00000000a2300000|  0%| F|  |TAMS 0x00000000a2200000, 0x00000000a2200000| Untracked 
|   5|0x00000000a2300000, 0x00000000a2300000, 0x00000000a2400000|  0%| F|  |TAMS 0x00000000a2300000, 0x00000000a2300000| Untracked 
|   6|0x00000000a2400000, 0x00000000a2400000, 0x00000000a2500000|  0%| F|  |TAMS 0x00000000a2400000, 0x00000000a2400000| Untracked 
|   7|0x00000000a2500000, 0x00000000a2500000, 0x00000000a2600000|  0%| F|  |TAMS 0x00000000a2500000, 0x00000000a2500000| Untracked 
|   8|0x00000000a2600000, 0x00000000a2600000, 0x00000000a2700000|  0%| F|  |TAMS 0x00000000a2600000, 0x00000000a2600000| Untracked 
|   9|0x00000000a2700000, 0x00000000a2700000, 0x00000000a2800000|  0%| F|  |TAMS 0x00000000a2700000, 0x00000000a2700000| Untracked 
|  10|0x00000000a2800000, 0x00000000a2800000, 0x00000000a2900000|  0%| F|  |TAMS 0x00000000a2800000, 0x00000000a2800000| Untracked 
|  11|0x00000000a2900000, 0x00000000a2900000, 0x00000000a2a00000|  0%| F|  |TAMS 0x00000000a2900000, 0x00000000a2900000| Untracked 
|  12|0x00000000a2a00000, 0x00000000a2a00000, 0x00000000a2b00000|  0%| F|  |TAMS 0x00000000a2a00000, 0x00000000a2a00000| Untracked 
|  13|0x00000000a2b00000, 0x00000000a2b00000, 0x00000000a2c00000|  0%| F|  |TAMS 0x00000000a2b00000, 0x00000000a2b00000| Untracked 
|  14|0x00000000a2c00000, 0x00000000a2c00000, 0x00000000a2d00000|  0%| F|  |TAMS 0x00000000a2c00000, 0x00000000a2c00000| Untracked 
|  15|0x00000000a2d00000, 0x00000000a2d00000, 0x00000000a2e00000|  0%| F|  |TAMS 0x00000000a2d00000, 0x00000000a2d00000| Untracked 
|  16|0x00000000a2e00000, 0x00000000a2e00000, 0x00000000a2f00000|  0%| F|  |TAMS 0x00000000a2e00000, 0x00000000a2e00000| Untracked 
|  17|0x00000000a2f00000, 0x00000000a2f00000, 0x00000000a3000000|  0%| F|  |TAMS 0x00000000a2f00000, 0x00000000a2f00000| Untracked 
|  18|0x00000000a3000000, 0x00000000a3000000, 0x00000000a3100000|  0%| F|  |TAMS 0x00000000a3000000, 0x00000000a3000000| Untracked 
|  19|0x00000000a3100000, 0x00000000a3100000, 0x00000000a3200000|  0%| F|  |TAMS 0x00000000a3100000, 0x00000000a3100000| Untracked 
|  20|0x00000000a3200000, 0x00000000a3200000, 0x00000000a3300000|  0%| F|  |TAMS 0x00000000a3200000, 0x00000000a3200000| Untracked 
|  21|0x00000000a3300000, 0x00000000a3300000, 0x00000000a3400000|  0%| F|  |TAMS 0x00000000a3300000, 0x00000000a3300000| Untracked 
|  22|0x00000000a3400000, 0x00000000a3400000, 0x00000000a3500000|  0%| F|  |TAMS 0x00000000a3400000, 0x00000000a3400000| Untracked 
|  23|0x00000000a3500000, 0x00000000a3500000, 0x00000000a3600000|  0%| F|  |TAMS 0x00000000a3500000, 0x00000000a3500000| Untracked 
|  24|0x00000000a3600000, 0x00000000a3600000, 0x00000000a3700000|  0%| F|  |TAMS 0x00000000a3600000, 0x00000000a3600000| Untracked 
|  25|0x00000000a3700000, 0x00000000a3700000, 0x00000000a3800000|  0%| F|  |TAMS 0x00000000a3700000, 0x00000000a3700000| Untracked 
|  26|0x00000000a3800000, 0x00000000a3800000, 0x00000000a3900000|  0%| F|  |TAMS 0x00000000a3800000, 0x00000000a3800000| Untracked 
|  27|0x00000000a3900000, 0x00000000a3900000, 0x00000000a3a00000|  0%| F|  |TAMS 0x00000000a3900000, 0x00000000a3900000| Untracked 
|  28|0x00000000a3a00000, 0x00000000a3a00000, 0x00000000a3b00000|  0%| F|  |TAMS 0x00000000a3a00000, 0x00000000a3a00000| Untracked 
|  29|0x00000000a3b00000, 0x00000000a3b00000, 0x00000000a3c00000|  0%| F|  |TAMS 0x00000000a3b00000, 0x00000000a3b00000| Untracked 
|  30|0x00000000a3c00000, 0x00000000a3c00000, 0x00000000a3d00000|  0%| F|  |TAMS 0x00000000a3c00000, 0x00000000a3c00000| Untracked 
|  31|0x00000000a3d00000, 0x00000000a3d00000, 0x00000000a3e00000|  0%| F|  |TAMS 0x00000000a3d00000, 0x00000000a3d00000| Untracked 
|  32|0x00000000a3e00000, 0x00000000a3e00000, 0x00000000a3f00000|  0%| F|  |TAMS 0x00000000a3e00000, 0x00000000a3e00000| Untracked 
|  33|0x00000000a3f00000, 0x00000000a3f00000, 0x00000000a4000000|  0%| F|  |TAMS 0x00000000a3f00000, 0x00000000a3f00000| Untracked 
|  34|0x00000000a4000000, 0x00000000a4000000, 0x00000000a4100000|  0%| F|  |TAMS 0x00000000a4000000, 0x00000000a4000000| Untracked 
|  35|0x00000000a4100000, 0x00000000a4100000, 0x00000000a4200000|  0%| F|  |TAMS 0x00000000a4100000, 0x00000000a4100000| Untracked 
|  36|0x00000000a4200000, 0x00000000a4200000, 0x00000000a4300000|  0%| F|  |TAMS 0x00000000a4200000, 0x00000000a4200000| Untracked 
|  37|0x00000000a4300000, 0x00000000a4300000, 0x00000000a4400000|  0%| F|  |TAMS 0x00000000a4300000, 0x00000000a4300000| Untracked 
|  38|0x00000000a4400000, 0x00000000a4400000, 0x00000000a4500000|  0%| F|  |TAMS 0x00000000a4400000, 0x00000000a4400000| Untracked 
|  39|0x00000000a4500000, 0x00000000a4500000, 0x00000000a4600000|  0%| F|  |TAMS 0x00000000a4500000, 0x00000000a4500000| Untracked 
|  40|0x00000000a4600000, 0x00000000a4600000, 0x00000000a4700000|  0%| F|  |TAMS 0x00000000a4600000, 0x00000000a4600000| Untracked 
|  41|0x00000000a4700000, 0x00000000a4700000, 0x00000000a4800000|  0%| F|  |TAMS 0x00000000a4700000, 0x00000000a4700000| Untracked 
|  42|0x00000000a4800000, 0x00000000a4800000, 0x00000000a4900000|  0%| F|  |TAMS 0x00000000a4800000, 0x00000000a4800000| Untracked 
|  43|0x00000000a4900000, 0x00000000a4900000, 0x00000000a4a00000|  0%| F|  |TAMS 0x00000000a4900000, 0x00000000a4900000| Untracked 
|  44|0x00000000a4a00000, 0x00000000a4a00000, 0x00000000a4b00000|  0%| F|  |TAMS 0x00000000a4a00000, 0x00000000a4a00000| Untracked 
|  45|0x00000000a4b00000, 0x00000000a4b00000, 0x00000000a4c00000|  0%| F|  |TAMS 0x00000000a4b00000, 0x00000000a4b00000| Untracked 
|  46|0x00000000a4c00000, 0x00000000a4c00000, 0x00000000a4d00000|  0%| F|  |TAMS 0x00000000a4c00000, 0x00000000a4c00000| Untracked 
|  47|0x00000000a4d00000, 0x00000000a4d00000, 0x00000000a4e00000|  0%| F|  |TAMS 0x00000000a4d00000, 0x00000000a4d00000| Untracked 
|  48|0x00000000a4e00000, 0x00000000a4e00000, 0x00000000a4f00000|  0%| F|  |TAMS 0x00000000a4e00000, 0x00000000a4e00000| Untracked 
|  49|0x00000000a4f00000, 0x00000000a4f00000, 0x00000000a5000000|  0%| F|  |TAMS 0x00000000a4f00000, 0x00000000a4f00000| Untracked 
|  50|0x00000000a5000000, 0x00000000a5000000, 0x00000000a5100000|  0%| F|  |TAMS 0x00000000a5000000, 0x00000000a5000000| Untracked 
|  51|0x00000000a5100000, 0x00000000a5100000, 0x00000000a5200000|  0%| F|  |TAMS 0x00000000a5100000, 0x00000000a5100000| Untracked 
|  52|0x00000000a5200000, 0x00000000a5200000, 0x00000000a5300000|  0%| F|  |TAMS 0x00000000a5200000, 0x00000000a5200000| Untracked 
|  53|0x00000000a5300000, 0x00000000a5300000, 0x00000000a5400000|  0%| F|  |TAMS 0x00000000a5300000, 0x00000000a5300000| Untracked 
|  54|0x00000000a5400000, 0x00000000a5400000, 0x00000000a5500000|  0%| F|  |TAMS 0x00000000a5400000, 0x00000000a5400000| Untracked 
|  55|0x00000000a5500000, 0x00000000a5500000, 0x00000000a5600000|  0%| F|  |TAMS 0x00000000a5500000, 0x00000000a5500000| Untracked 
|  56|0x00000000a5600000, 0x00000000a5600000, 0x00000000a5700000|  0%| F|  |TAMS 0x00000000a5600000, 0x00000000a5600000| Untracked 
|  57|0x00000000a5700000, 0x00000000a5700000, 0x00000000a5800000|  0%| F|  |TAMS 0x00000000a5700000, 0x00000000a5700000| Untracked 
|  58|0x00000000a5800000, 0x00000000a5800000, 0x00000000a5900000|  0%| F|  |TAMS 0x00000000a5800000, 0x00000000a5800000| Untracked 
|  59|0x00000000a5900000, 0x00000000a5900000, 0x00000000a5a00000|  0%| F|  |TAMS 0x00000000a5900000, 0x00000000a5900000| Untracked 
|  60|0x00000000a5a00000, 0x00000000a5a00000, 0x00000000a5b00000|  0%| F|  |TAMS 0x00000000a5a00000, 0x00000000a5a00000| Untracked 
|  61|0x00000000a5b00000, 0x00000000a5b00000, 0x00000000a5c00000|  0%| F|  |TAMS 0x00000000a5b00000, 0x00000000a5b00000| Untracked 
|  62|0x00000000a5c00000, 0x00000000a5c00000, 0x00000000a5d00000|  0%| F|  |TAMS 0x00000000a5c00000, 0x00000000a5c00000| Untracked 
|  63|0x00000000a5d00000, 0x00000000a5d00000, 0x00000000a5e00000|  0%| F|  |TAMS 0x00000000a5d00000, 0x00000000a5d00000| Untracked 
|  64|0x00000000a5e00000, 0x00000000a5e00000, 0x00000000a5f00000|  0%| F|  |TAMS 0x00000000a5e00000, 0x00000000a5e00000| Untracked 
|  65|0x00000000a5f00000, 0x00000000a5f00000, 0x00000000a6000000|  0%| F|  |TAMS 0x00000000a5f00000, 0x00000000a5f00000| Untracked 
|  66|0x00000000a6000000, 0x00000000a6000000, 0x00000000a6100000|  0%| F|  |TAMS 0x00000000a6000000, 0x00000000a6000000| Untracked 
|  67|0x00000000a6100000, 0x00000000a6100000, 0x00000000a6200000|  0%| F|  |TAMS 0x00000000a6100000, 0x00000000a6100000| Untracked 
|  68|0x00000000a6200000, 0x00000000a6200000, 0x00000000a6300000|  0%| F|  |TAMS 0x00000000a6200000, 0x00000000a6200000| Untracked 
|  69|0x00000000a6300000, 0x00000000a6300000, 0x00000000a6400000|  0%| F|  |TAMS 0x00000000a6300000, 0x00000000a6300000| Untracked 
|  70|0x00000000a6400000, 0x00000000a6500000, 0x00000000a6500000|100%| S|CS|TAMS 0x00000000a6400000, 0x00000000a6400000| Complete 
|  71|0x00000000a6500000, 0x00000000a6600000, 0x00000000a6600000|100%| S|CS|TAMS 0x00000000a6500000, 0x00000000a6500000| Complete 
|  72|0x00000000a6600000, 0x00000000a6700000, 0x00000000a6700000|100%| S|CS|TAMS 0x00000000a6600000, 0x00000000a6600000| Complete 
|  73|0x00000000a6700000, 0x00000000a6700000, 0x00000000a6800000|  0%| F|  |TAMS 0x00000000a6700000, 0x00000000a6700000| Untracked 
|  74|0x00000000a6800000, 0x00000000a6800000, 0x00000000a6900000|  0%| F|  |TAMS 0x00000000a6800000, 0x00000000a6800000| Untracked 
|  75|0x00000000a6900000, 0x00000000a6900000, 0x00000000a6a00000|  0%| F|  |TAMS 0x00000000a6900000, 0x00000000a6900000| Untracked 
|  76|0x00000000a6a00000, 0x00000000a6a00000, 0x00000000a6b00000|  0%| F|  |TAMS 0x00000000a6a00000, 0x00000000a6a00000| Untracked 
|  77|0x00000000a6b00000, 0x00000000a6b00000, 0x00000000a6c00000|  0%| F|  |TAMS 0x00000000a6b00000, 0x00000000a6b00000| Untracked 
|  78|0x00000000a6c00000, 0x00000000a6c00000, 0x00000000a6d00000|  0%| F|  |TAMS 0x00000000a6c00000, 0x00000000a6c00000| Untracked 
|  79|0x00000000a6d00000, 0x00000000a6d00000, 0x00000000a6e00000|  0%| F|  |TAMS 0x00000000a6d00000, 0x00000000a6d00000| Untracked 
|  80|0x00000000a6e00000, 0x00000000a6e00000, 0x00000000a6f00000|  0%| F|  |TAMS 0x00000000a6e00000, 0x00000000a6e00000| Untracked 
|  81|0x00000000a6f00000, 0x00000000a6f00000, 0x00000000a7000000|  0%| F|  |TAMS 0x00000000a6f00000, 0x00000000a6f00000| Untracked 
|  82|0x00000000a7000000, 0x00000000a7000000, 0x00000000a7100000|  0%| F|  |TAMS 0x00000000a7000000, 0x00000000a7000000| Untracked 
|  83|0x00000000a7100000, 0x00000000a71d2248, 0x00000000a7200000| 82%| E|  |TAMS 0x00000000a7100000, 0x00000000a7100000| Complete 
|  84|0x00000000a7200000, 0x00000000a7300000, 0x00000000a7300000|100%| E|CS|TAMS 0x00000000a7200000, 0x00000000a7200000| Complete 
|  85|0x00000000a7300000, 0x00000000a7400000, 0x00000000a7400000|100%| E|CS|TAMS 0x00000000a7300000, 0x00000000a7300000| Complete 
|  86|0x00000000a7400000, 0x00000000a7500000, 0x00000000a7500000|100%| E|CS|TAMS 0x00000000a7400000, 0x00000000a7400000| Complete 
|  87|0x00000000a7500000, 0x00000000a7600000, 0x00000000a7600000|100%| E|CS|TAMS 0x00000000a7500000, 0x00000000a7500000| Complete 
|  88|0x00000000a7600000, 0x00000000a7700000, 0x00000000a7700000|100%| E|CS|TAMS 0x00000000a7600000, 0x00000000a7600000| Complete 
|  89|0x00000000a7700000, 0x00000000a7800000, 0x00000000a7800000|100%| E|CS|TAMS 0x00000000a7700000, 0x00000000a7700000| Complete 
|  90|0x00000000a7800000, 0x00000000a7900000, 0x00000000a7900000|100%| E|CS|TAMS 0x00000000a7800000, 0x00000000a7800000| Complete 
|  91|0x00000000a7900000, 0x00000000a7a00000, 0x00000000a7a00000|100%| E|CS|TAMS 0x00000000a7900000, 0x00000000a7900000| Complete 
|  92|0x00000000a7a00000, 0x00000000a7b00000, 0x00000000a7b00000|100%| E|CS|TAMS 0x00000000a7a00000, 0x00000000a7a00000| Complete 
|  93|0x00000000a7b00000, 0x00000000a7c00000, 0x00000000a7c00000|100%| E|CS|TAMS 0x00000000a7b00000, 0x00000000a7b00000| Complete 
|  94|0x00000000a7c00000, 0x00000000a7d00000, 0x00000000a7d00000|100%| E|CS|TAMS 0x00000000a7c00000, 0x00000000a7c00000| Complete 
|  95|0x00000000a7d00000, 0x00000000a7e00000, 0x00000000a7e00000|100%| E|CS|TAMS 0x00000000a7d00000, 0x00000000a7d00000| Complete 

Card table byte_map: [0x00000214fa370000,0x00000214fa670000] _byte_map_base: 0x00000214f9e61000

Marking Bits (Prev, Next): (CMBitMap*) 0x00000214f66d08f0, (CMBitMap*) 0x00000214f66d0930
 Prev Bits: [0x00000214fa970000, 0x00000214fc0f8000)
 Next Bits: [0x00000214fc100000, 0x00000214fd888000)

Polling page: 0x00000214f4640000

Metaspace:

Usage:
  Non-class:     17.73 MB used.
      Class:      2.20 MB used.
       Both:     19.93 MB used.

Virtual space:
  Non-class space:       24.00 MB reserved,      17.88 MB ( 74%) committed,  3 nodes.
      Class space:        1.00 GB reserved,       2.31 MB ( <1%) committed,  1 nodes.
             Both:        1.02 GB reserved,      20.19 MB (  2%) committed. 

Chunk freelists:
   Non-Class:  1.78 MB
       Class:  1.66 MB
        Both:  3.44 MB

MaxMetaspaceSize: unlimited
CompressedClassSpaceSize: 1.00 GB
Initial GC threshold: 21.00 MB
Current GC threshold: 21.00 MB
CDS: off
MetaspaceReclaimPolicy: balanced
 - commit_granule_bytes: 65536.
 - commit_granule_words: 8192.
 - virtual_space_node_default_size: 1048576.
 - enlarge_chunks_in_place: 1.
 - new_chunks_are_fully_committed: 0.
 - uncommit_free_chunks: 1.
 - use_allocation_guard: 0.
 - handle_deallocations: 1.


Internal statistics:

num_allocs_failed_limit: 0.
num_arena_births: 212.
num_arena_deaths: 0.
num_vsnodes_births: 4.
num_vsnodes_deaths: 0.
num_space_committed: 323.
num_space_uncommitted: 0.
num_chunks_returned_to_freelist: 0.
num_chunks_taken_from_freelist: 543.
num_chunk_merges: 0.
num_chunk_splits: 310.
num_chunks_enlarged: 205.
num_purges: 0.
num_inconsistent_stats: 0.

CodeHeap 'non-profiled nmethods': size=120000Kb used=474Kb max_used=474Kb free=119525Kb
 bounds [0x0000021487ad0000, 0x0000021487d40000, 0x000002148f000000]
CodeHeap 'profiled nmethods': size=120000Kb used=3024Kb max_used=3024Kb free=116975Kb
 bounds [0x00000214805a0000, 0x00000214808a0000, 0x0000021487ad0000]
CodeHeap 'non-nmethods': size=5760Kb used=1209Kb max_used=1227Kb free=4550Kb
 bounds [0x0000021480000000, 0x0000021480270000, 0x00000214805a0000]
 total_blobs=2116 nmethods=1601 adapters=428
 compilation: enabled
              stopped_count=0, restarted_count=0
 full_count=0

Compilation events (20 events):
Event: 4.124 Thread 0x000002148fc3f980 nmethod 1560 0x000002148087ae90 code [0x000002148087b040, 0x000002148087b298]
Event: 4.126 Thread 0x000002148fc3f980 1561       1       java.lang.System$Logger$Level::getSeverity (5 bytes)
Event: 4.126 Thread 0x000002148fc3f980 nmethod 1561 0x0000021487b45d10 code [0x0000021487b45ea0, 0x0000021487b45f78]
Event: 4.126 Thread 0x000002148fc3f980 1563       3       java.lang.StringLatin1::trim (76 bytes)
Event: 4.127 Thread 0x000002148fc3f980 nmethod 1563 0x000002148087b390 code [0x000002148087b560, 0x000002148087b948]
Event: 4.127 Thread 0x000002148fc3f980 1562       3       java.lang.String::trim (35 bytes)
Event: 4.128 Thread 0x000002148fc3f980 nmethod 1562 0x000002148087ba90 code [0x000002148087bc60, 0x000002148087bf58]
Event: 4.128 Thread 0x000002148fc3f980 1564       3       java.util.Spliterator::getExactSizeIfKnown (25 bytes)
Event: 4.128 Thread 0x000002148fc3f980 nmethod 1564 0x000002148087c010 code [0x000002148087c1c0, 0x000002148087c498]
Event: 4.128 Thread 0x000002148fc3f980 1565       3       java.lang.ThreadLocal$ThreadLocalMap::getEntry (42 bytes)
Event: 4.129 Thread 0x000002148fc3f980 nmethod 1565 0x000002148087c590 code [0x000002148087c760, 0x000002148087cb38]
Event: 4.129 Thread 0x000002148fc3f980 1566       3       jdk.internal.net.http.Http1HeaderParser::get (10 bytes)
Event: 4.129 Thread 0x000002148fc3f980 nmethod 1566 0x000002148087cd10 code [0x000002148087cec0, 0x000002148087d088]
Event: 4.130 Thread 0x000002148fc3f980 1567       3       java.lang.invoke.VarHandleReferences$FieldInstanceReadWrite::compareAndSet (48 bytes)
Event: 4.131 Thread 0x000002148fc3f980 nmethod 1567 0x000002148087d190 code [0x000002148087d400, 0x000002148087de48]
Event: 4.131 Thread 0x000002148fc3f980 1568       3       jdk.internal.misc.Unsafe::weakCompareAndSetLong (11 bytes)
Event: 4.131 Thread 0x000002148fc3f980 nmethod 1568 0x000002148087e210 code [0x000002148087e3a0, 0x000002148087e4d8]
Event: 4.131 Thread 0x000002148fc3f980 1569       3       java.lang.invoke.MethodHandles$Lookup::getDirectConstructorCommon (69 bytes)
Event: 4.132 Thread 0x000002148fc3f980 nmethod 1569 0x000002148087e590 code [0x000002148087e800, 0x000002148087f318]
Event: 4.132 Thread 0x000002148fc3f980 1570       3       java.lang.invoke.MemberName::asConstructor (58 bytes)

GC Heap History (2 events):
Event: 2.335 GC heap before
{Heap before GC invocations=0 (full 0):
 garbage-first heap   total 98304K, used 25600K [0x00000000a1e00000, 0x0000000100000000)
  region size 1024K, 23 young (23552K), 0 survivors (0K)
 Metaspace       used 17043K, committed 17280K, reserved 1064960K
  class space    used 1795K, committed 1920K, reserved 1048576K
}
Event: 2.343 GC heap after
{Heap after GC invocations=1 (full 0):
 garbage-first heap   total 98304K, used 7063K [0x00000000a1e00000, 0x0000000100000000)
  region size 1024K, 3 young (3072K), 3 survivors (3072K)
 Metaspace       used 17043K, committed 17280K, reserved 1064960K
  class space    used 1795K, committed 1920K, reserved 1048576K
}

Deoptimization events (20 events):
Event: 2.433 Thread 0x00000214f6682a00 Uncommon trap: trap_request=0xffffffde fr.pc=0x0000021487b367a4 relative=0x0000000000000104
Event: 2.433 Thread 0x00000214f6682a00 Uncommon trap: reason=class_check action=maybe_recompile pc=0x0000021487b367a4 method=jdk.internal.misc.Unsafe.allocateUninitializedArray(Ljava/lang/Class;I)Ljava/lang/Object; @ 51 c2
Event: 2.433 Thread 0x00000214f6682a00 DEOPT PACKING pc=0x0000021487b367a4 sp=0x000000e7063fd760
Event: 2.433 Thread 0x00000214f6682a00 DEOPT UNPACKING pc=0x00000214800523a3 sp=0x000000e7063fd6e8 mode 2
Event: 2.433 Thread 0x00000214f6682a00 Uncommon trap: trap_request=0xffffffde fr.pc=0x0000021487b367a4 relative=0x0000000000000104
Event: 2.433 Thread 0x00000214f6682a00 Uncommon trap: reason=class_check action=maybe_recompile pc=0x0000021487b367a4 method=jdk.internal.misc.Unsafe.allocateUninitializedArray(Ljava/lang/Class;I)Ljava/lang/Object; @ 51 c2
Event: 2.433 Thread 0x00000214f6682a00 DEOPT PACKING pc=0x0000021487b367a4 sp=0x000000e7063fd720
Event: 2.433 Thread 0x00000214f6682a00 DEOPT UNPACKING pc=0x00000214800523a3 sp=0x000000e7063fd6a8 mode 2
Event: 2.434 Thread 0x00000214f6682a00 Uncommon trap: trap_request=0xffffffde fr.pc=0x0000021487b367a4 relative=0x0000000000000104
Event: 2.434 Thread 0x00000214f6682a00 Uncommon trap: reason=class_check action=maybe_recompile pc=0x0000021487b367a4 method=jdk.internal.misc.Unsafe.allocateUninitializedArray(Ljava/lang/Class;I)Ljava/lang/Object; @ 51 c2
Event: 2.434 Thread 0x00000214f6682a00 DEOPT PACKING pc=0x0000021487b367a4 sp=0x000000e7063fccf0
Event: 2.434 Thread 0x00000214f6682a00 DEOPT UNPACKING pc=0x00000214800523a3 sp=0x000000e7063fcc78 mode 2
Event: 2.434 Thread 0x00000214f6682a00 Uncommon trap: trap_request=0xffffffde fr.pc=0x0000021487b367a4 relative=0x0000000000000104
Event: 2.434 Thread 0x00000214f6682a00 Uncommon trap: reason=class_check action=maybe_recompile pc=0x0000021487b367a4 method=jdk.internal.misc.Unsafe.allocateUninitializedArray(Ljava/lang/Class;I)Ljava/lang/Object; @ 51 c2
Event: 2.434 Thread 0x00000214f6682a00 DEOPT PACKING pc=0x0000021487b367a4 sp=0x000000e7063fca60
Event: 2.434 Thread 0x00000214f6682a00 DEOPT UNPACKING pc=0x00000214800523a3 sp=0x000000e7063fc9e8 mode 2
Event: 4.052 Thread 0x00000214f6682a00 Uncommon trap: trap_request=0xffffff45 fr.pc=0x0000021487b0d3b8 relative=0x0000000000000e98
Event: 4.052 Thread 0x00000214f6682a00 Uncommon trap: reason=unstable_if action=reinterpret pc=0x0000021487b0d3b8 method=java.util.concurrent.ConcurrentHashMap.putVal(Ljava/lang/Object;Ljava/lang/Object;Z)Ljava/lang/Object; @ 231 c2
Event: 4.052 Thread 0x00000214f6682a00 DEOPT PACKING pc=0x0000021487b0d3b8 sp=0x000000e7063feb60
Event: 4.052 Thread 0x00000214f6682a00 DEOPT UNPACKING pc=0x00000214800523a3 sp=0x000000e7063fead0 mode 2

Classes unloaded (0 events):
No events

Classes redefined (0 events):
No events

Internal exceptions (20 events):
Event: 1.663 Thread 0x00000214f6682a00 Exception <a 'java/lang/IncompatibleClassChangeError'{0x00000000a74aa690}: Found class java.lang.Object, but interface was expected> (0x00000000a74aa690) 
thrown [s\src\hotspot\share\interpreter\linkResolver.cpp, line 826]
Event: 1.829 Thread 0x00000214f6682a00 Exception <a 'java/lang/NoSuchMethodError'{0x00000000a6d2c5b0}: 'java.lang.Object java.lang.invoke.DirectMethodHandle$Holder.invokeStaticInit(java.lang.Object, int, int, int, int)'> (0x00000000a6d2c5b0) 
thrown [s\src\hotspot\share\interpreter\linkResolver.cpp, line 759]
Event: 1.947 Thread 0x00000214f6682a00 Exception <a 'java/lang/NoSuchMethodError'{0x00000000a6d4ae10}: 'java.lang.Object java.lang.invoke.DirectMethodHandle$Holder.invokeStaticInit(java.lang.Object, java.lang.Object, int, int, int, int)'> (0x00000000a6d4ae10) 
thrown [s\src\hotspot\share\interpreter\linkResolver.cpp, line 759]
Event: 2.122 Thread 0x00000214f6682a00 Exception <a 'java/lang/NoSuchMethodError'{0x00000000a6bf3e80}: 'java.lang.Object java.lang.invoke.DirectMethodHandle$Holder.invokeInterface(java.lang.Object, java.lang.Object, java.lang.Object)'> (0x00000000a6bf3e80) 
thrown [s\src\hotspot\share\interpreter\linkResolver.cpp, line 759]
Event: 2.123 Thread 0x00000214f6682a00 Exception <a 'java/lang/IncompatibleClassChangeError'{0x00000000a6bf7870}: Found class java.lang.Object, but interface was expected> (0x00000000a6bf7870) 
thrown [s\src\hotspot\share\interpreter\linkResolver.cpp, line 826]
Event: 2.125 Thread 0x00000214f6682a00 Exception <a 'java/lang/NoSuchMethodError'{0x00000000a6bffa70}: 'int java.lang.invoke.DirectMethodHandle$Holder.invokeSpecialIFC(java.lang.Object, java.lang.Object, java.lang.Object, java.lang.Object)'> (0x00000000a6bffa70) 
thrown [s\src\hotspot\share\interpreter\linkResolver.cpp, line 759]
Event: 2.138 Thread 0x00000214f6682a00 Exception <a 'java/lang/NoSuchMethodError'{0x00000000a6a61218}: 'java.lang.Object java.lang.invoke.DirectMethodHandle$Holder.invokeVirtual(java.lang.Object, java.lang.Object, java.lang.Object, java.lang.Object)'> (0x00000000a6a61218) 
thrown [s\src\hotspot\share\interpreter\linkResolver.cpp, line 759]
Event: 2.186 Thread 0x000002149077ce70 Exception <a 'java/net/ConnectException'{0x00000000a697e730}: Connection refused: no further information> (0x00000000a697e730) 
thrown [s\src\hotspot\share\prims\jni.cpp, line 535]
Event: 2.186 Thread 0x000002149077ce70 Exception <a 'java/net/SocketException'{0x00000000a697ea68}: Socket is not connected: shutdown> (0x00000000a697ea68) 
thrown [s\src\hotspot\share\prims\jni.cpp, line 535]
Event: 2.207 Thread 0x000002149077ce70 Exception <a 'java/net/ConnectException'{0x00000000a697fa60}: Connection refused: no further information> (0x00000000a697fa60) 
thrown [s\src\hotspot\share\prims\jni.cpp, line 535]
Event: 2.207 Thread 0x000002149077ce70 Exception <a 'java/net/SocketException'{0x00000000a697fd98}: Socket is not connected: shutdown> (0x00000000a697fd98) 
thrown [s\src\hotspot\share\prims\jni.cpp, line 535]
Event: 2.294 Thread 0x00000214f6682a00 Exception <a 'java/lang/NoSuchMethodError'{0x00000000a68fd3b0}: 'java.lang.Object java.lang.invoke.DirectMethodHandle$Holder.newInvokeSpecial(java.lang.Object, java.lang.Object, int, int)'> (0x00000000a68fd3b0) 
thrown [s\src\hotspot\share\interpreter\linkResolver.cpp, line 759]
Event: 2.297 Thread 0x00000214f6682a00 Exception <a 'java/lang/NoSuchMethodError'{0x00000000a6708680}: 'void java.lang.invoke.DirectMethodHandle$Holder.invokeStatic(java.lang.Object, java.lang.Object, int)'> (0x00000000a6708680) 
thrown [s\src\hotspot\share\interpreter\linkResolver.cpp, line 759]
Event: 2.332 Thread 0x00000214f6682a00 Exception <a 'java/lang/NoSuchMethodError'{0x00000000a67f75f8}: 'java.lang.Object java.lang.invoke.DirectMethodHandle$Holder.newInvokeSpecial(java.lang.Object, java.lang.Object, java.lang.Object, java.lang.Object, java.lang.Object)'> (0x00000000a67f75f8) 
thrown [s\src\hotspot\share\interpreter\linkResolver.cpp, line 759]
Event: 2.418 Thread 0x00000214f6682a00 Exception <a 'java/lang/NoSuchMethodError'{0x00000000a7b78418}: 'void java.lang.invoke.DirectMethodHandle$Holder.invokeSpecial(java.lang.Object, java.lang.Object, java.lang.Object)'> (0x00000000a7b78418) 
thrown [s\src\hotspot\share\interpreter\linkResolver.cpp, line 759]
Event: 2.475 Thread 0x00000214907c9370 Exception <a 'java/lang/NoSuchMethodError'{0x00000000a79fdbc8}: 'java.lang.Object java.lang.invoke.DirectMethodHandle$Holder.invokeSpecial(java.lang.Object, java.lang.Object, java.lang.Object, java.lang.Object, int)'> (0x00000000a79fdbc8) 
thrown [s\src\hotspot\share\interpreter\linkResolver.cpp, line 759]
Event: 2.475 Thread 0x00000214907c9370 Exception <a 'java/lang/NoSuchMethodError'{0x00000000a7801dc8}: 'java.lang.Object java.lang.invoke.Invokers$Holder.linkToTargetMethod(java.lang.Object, java.lang.Object, int, java.lang.Object)'> (0x00000000a7801dc8) 
thrown [s\src\hotspot\share\interpreter\linkResolver.cpp, line 759]
Event: 2.514 Thread 0x00000214907c9370 Exception <a 'java/lang/NoSuchMethodError'{0x00000000a774e7d0}: 'void java.lang.invoke.DirectMethodHandle$Holder.invokeSpecial(java.lang.Object, java.lang.Object, java.lang.Object, java.lang.Object, java.lang.Object)'> (0x00000000a774e7d0) 
thrown [s\src\hotspot\share\interpreter\linkResolver.cpp, line 759]
Event: 3.945 Thread 0x00000214907c9370 Exception <a 'java/lang/NoSuchMethodError'{0x00000000a76b7f10}: 'void java.lang.invoke.DirectMethodHandle$Holder.invokeSpecial(java.lang.Object, java.lang.Object, java.lang.Object, java.lang.Object, java.lang.Object, java.lang.Object, java.lang.Object)'> (0x00000000a76b7f10) 
thrown [s\src\hotspot\share\interpreter\linkResolver.cpp, line 759]
Event: 4.023 Thread 0x00000214f6682a00 Exception <a 'java/lang/NoSuchMethodError'{0x00000000a74367c8}: 'java.lang.Object java.lang.invoke.DirectMethodHandle$Holder.invokeSpecialIFC(java.lang.Object, java.lang.Object, java.lang.Object)'> (0x00000000a74367c8) 
thrown [s\src\hotspot\share\interpreter\linkResolver.cpp, line 759]

VM Operations (20 events):
Event: 0.761 Executing VM operation: HandshakeAllThreads
Event: 0.761 Executing VM operation: HandshakeAllThreads done
Event: 1.579 Executing VM operation: HandshakeAllThreads
Event: 1.579 Executing VM operation: HandshakeAllThreads done
Event: 1.579 Executing VM operation: Cleanup
Event: 1.580 Executing VM operation: Cleanup done
Event: 1.741 Executing VM operation: HandshakeAllThreads
Event: 1.741 Executing VM operation: HandshakeAllThreads done
Event: 1.959 Executing VM operation: HandshakeAllThreads
Event: 1.959 Executing VM operation: HandshakeAllThreads done
Event: 2.244 Executing VM operation: HandshakeAllThreads
Event: 2.244 Executing VM operation: HandshakeAllThreads done
Event: 2.246 Executing VM operation: HandshakeAllThreads
Event: 2.246 Executing VM operation: HandshakeAllThreads done
Event: 2.334 Executing VM operation: G1CollectForAllocation
Event: 2.344 Executing VM operation: G1CollectForAllocation done
Event: 3.346 Executing VM operation: Cleanup
Event: 3.346 Executing VM operation: Cleanup done
Event: 3.924 Executing VM operation: HandshakeAllThreads
Event: 3.925 Executing VM operation: HandshakeAllThreads done

Events (20 events):
Event: 4.094 Thread 0x00000214907c7690 Thread added: 0x00000214907c7690
Event: 4.096 Thread 0x00000214907ca6b0 Thread added: 0x00000214907ca6b0
Event: 4.099 Thread 0x00000214907c7b60 Thread added: 0x00000214907c7b60
Event: 4.099 Thread 0x00000214907c71c0 Thread added: 0x00000214907c71c0
Event: 4.108 loading class java/util/concurrent/locks/ReadWriteLock
Event: 4.108 loading class java/util/concurrent/locks/ReadWriteLock done
Event: 4.111 loading class java/util/concurrent/locks/ReentrantReadWriteLock
Event: 4.111 loading class java/util/concurrent/locks/ReentrantReadWriteLock done
Event: 4.112 loading class java/util/concurrent/locks/ReentrantReadWriteLock$FairSync
Event: 4.112 loading class java/util/concurrent/locks/ReentrantReadWriteLock$Sync
Event: 4.112 loading class java/util/concurrent/locks/ReentrantReadWriteLock$Sync done
Event: 4.112 loading class java/util/concurrent/locks/ReentrantReadWriteLock$FairSync done
Event: 4.112 loading class java/util/concurrent/locks/ReentrantReadWriteLock$Sync$ThreadLocalHoldCounter
Event: 4.112 loading class java/util/concurrent/locks/ReentrantReadWriteLock$Sync$ThreadLocalHoldCounter done
Event: 4.112 loading class java/util/concurrent/locks/ReentrantReadWriteLock$ReadLock
Event: 4.112 loading class java/util/concurrent/locks/ReentrantReadWriteLock$ReadLock done
Event: 4.112 loading class java/util/concurrent/locks/ReentrantReadWriteLock$WriteLock
Event: 4.112 loading class java/util/concurrent/locks/ReentrantReadWriteLock$WriteLock done
Event: 4.129 loading class sun/net/www/HeaderParser
Event: 4.129 loading class sun/net/www/HeaderParser done


Dynamic libraries:
0x00007ff6bd2b0000 - 0x00007ff6bd2be000 	C:\Users\subod\Downloads\eclipse-java-2022-09-R-win32-x86_64\eclipse\plugins\org.eclipse.justj.openjdk.hotspot.jre.full.win32.x86_64_17.0.4.v20220903-1038\jre\bin\javaw.exe
0x00007ffa126d0000 - 0x00007ffa128e6000 	C:\Windows\SYSTEM32\ntdll.dll
0x00007ffa11af0000 - 0x00007ffa11bb4000 	C:\Windows\System32\KERNEL32.DLL
0x00007ffa10070000 - 0x00007ffa10416000 	C:\Windows\System32\KERNELBASE.dll
0x00007ffa0fd80000 - 0x00007ffa0fe91000 	C:\Windows\System32\ucrtbase.dll
0x00007ff9e5eb0000 - 0x00007ff9e5ec8000 	C:\Users\subod\Downloads\eclipse-java-2022-09-R-win32-x86_64\eclipse\plugins\org.eclipse.justj.openjdk.hotspot.jre.full.win32.x86_64_17.0.4.v20220903-1038\jre\bin\jli.dll
0x00007ffa11830000 - 0x00007ffa119dd000 	C:\Windows\System32\USER32.dll
0x00007ffa0fb80000 - 0x00007ffa0fba6000 	C:\Windows\System32\win32u.dll
0x00007ffa11bd0000 - 0x00007ffa11bf9000 	C:\Windows\System32\GDI32.dll
0x00007ffa0fc30000 - 0x00007ffa0fd48000 	C:\Windows\System32\gdi32full.dll
0x00007ffa0fea0000 - 0x00007ffa0ff3a000 	C:\Windows\System32\msvcp_win.dll
0x00007ff9edf20000 - 0x00007ff9edf39000 	C:\Users\subod\Downloads\eclipse-java-2022-09-R-win32-x86_64\eclipse\plugins\org.eclipse.justj.openjdk.hotspot.jre.full.win32.x86_64_17.0.4.v20220903-1038\jre\bin\VCRUNTIME140.dll
0x00007ff9f4bc0000 - 0x00007ff9f4e53000 	C:\Windows\WinSxS\amd64_microsoft.windows.common-controls_6595b64144ccf1df_6.0.22621.3235_none_270f74e173860f98\COMCTL32.dll
0x00007ffa11e00000 - 0x00007ffa11ea7000 	C:\Windows\System32\msvcrt.dll
0x00007ffa122f0000 - 0x00007ffa12321000 	C:\Windows\System32\IMM32.DLL
0x00007ff9ee4d0000 - 0x00007ff9ee4dc000 	C:\Users\subod\Downloads\eclipse-java-2022-09-R-win32-x86_64\eclipse\plugins\org.eclipse.justj.openjdk.hotspot.jre.full.win32.x86_64_17.0.4.v20220903-1038\jre\bin\vcruntime140_1.dll
0x00007ff9e5e10000 - 0x00007ff9e5ea1000 	C:\Users\subod\Downloads\eclipse-java-2022-09-R-win32-x86_64\eclipse\plugins\org.eclipse.justj.openjdk.hotspot.jre.full.win32.x86_64_17.0.4.v20220903-1038\jre\bin\msvcp140.dll
0x00007ff9bf060000 - 0x00007ff9bfca6000 	C:\Users\subod\Downloads\eclipse-java-2022-09-R-win32-x86_64\eclipse\plugins\org.eclipse.justj.openjdk.hotspot.jre.full.win32.x86_64_17.0.4.v20220903-1038\jre\bin\server\jvm.dll
0x00007ffa11d40000 - 0x00007ffa11df2000 	C:\Windows\System32\ADVAPI32.dll
0x00007ffa12110000 - 0x00007ffa121b8000 	C:\Windows\System32\sechost.dll
0x00007ffa0fd50000 - 0x00007ffa0fd78000 	C:\Windows\System32\bcrypt.dll
0x00007ffa121c0000 - 0x00007ffa122d5000 	C:\Windows\System32\RPCRT4.dll
0x00007ffa10ea0000 - 0x00007ffa10ea8000 	C:\Windows\System32\PSAPI.DLL
0x00007ffa0ae90000 - 0x00007ffa0ae99000 	C:\Windows\SYSTEM32\WSOCK32.dll
0x00007ffa10eb0000 - 0x00007ffa10f21000 	C:\Windows\System32\WS2_32.dll
0x00007ffa08300000 - 0x00007ffa08334000 	C:\Windows\SYSTEM32\WINMM.dll
0x00007ffa07ce0000 - 0x00007ffa07cea000 	C:\Windows\SYSTEM32\VERSION.dll
0x00007ffa0ea50000 - 0x00007ffa0ea68000 	C:\Windows\SYSTEM32\kernel.appcore.dll
0x00007ffa0ae80000 - 0x00007ffa0ae8a000 	C:\Users\subod\Downloads\eclipse-java-2022-09-R-win32-x86_64\eclipse\plugins\org.eclipse.justj.openjdk.hotspot.jre.full.win32.x86_64_17.0.4.v20220903-1038\jre\bin\jimage.dll
0x00007ff9fc7c0000 - 0x00007ff9fc9f3000 	C:\Windows\SYSTEM32\DBGHELP.DLL
0x00007ffa10420000 - 0x00007ffa107a8000 	C:\Windows\System32\combase.dll
0x00007ffa11c60000 - 0x00007ffa11d37000 	C:\Windows\System32\OLEAUT32.dll
0x00007ff9ea8b0000 - 0x00007ff9ea8e2000 	C:\Windows\SYSTEM32\dbgcore.DLL
0x00007ffa0fbb0000 - 0x00007ffa0fc2a000 	C:\Windows\System32\bcryptPrimitives.dll
0x00007ff9f4800000 - 0x00007ff9f4825000 	C:\Users\subod\Downloads\eclipse-java-2022-09-R-win32-x86_64\eclipse\plugins\org.eclipse.justj.openjdk.hotspot.jre.full.win32.x86_64_17.0.4.v20220903-1038\jre\bin\java.dll
0x00007ffa0a450000 - 0x00007ffa0a468000 	C:\Users\subod\Downloads\eclipse-java-2022-09-R-win32-x86_64\eclipse\plugins\org.eclipse.justj.openjdk.hotspot.jre.full.win32.x86_64_17.0.4.v20220903-1038\jre\bin\zip.dll
0x00007ffa10f50000 - 0x00007ffa117ad000 	C:\Windows\System32\SHELL32.dll
0x00007ffa0d970000 - 0x00007ffa0e268000 	C:\Windows\SYSTEM32\windows.storage.dll
0x00007ffa0d830000 - 0x00007ffa0d96e000 	C:\Windows\SYSTEM32\wintypes.dll
0x00007ffa12530000 - 0x00007ffa12623000 	C:\Windows\System32\SHCORE.dll
0x00007ffa12330000 - 0x00007ffa1238e000 	C:\Windows\System32\shlwapi.dll
0x00007ffa0f940000 - 0x00007ffa0f966000 	C:\Windows\SYSTEM32\profapi.dll
0x00007ff9f47e0000 - 0x00007ff9f47f9000 	C:\Users\subod\Downloads\eclipse-java-2022-09-R-win32-x86_64\eclipse\plugins\org.eclipse.justj.openjdk.hotspot.jre.full.win32.x86_64_17.0.4.v20220903-1038\jre\bin\net.dll
0x00007ffa097f0000 - 0x00007ffa09927000 	C:\Windows\SYSTEM32\WINHTTP.dll
0x00007ffa0eed0000 - 0x00007ffa0ef39000 	C:\Windows\system32\mswsock.dll
0x00007ff9f47c0000 - 0x00007ff9f47d5000 	C:\Users\subod\Downloads\eclipse-java-2022-09-R-win32-x86_64\eclipse\plugins\org.eclipse.justj.openjdk.hotspot.jre.full.win32.x86_64_17.0.4.v20220903-1038\jre\bin\nio.dll
0x00007ffa0e540000 - 0x00007ffa0e639000 	C:\Windows\SYSTEM32\DNSAPI.dll
0x00007ffa0e4d0000 - 0x00007ffa0e4fd000 	C:\Windows\SYSTEM32\IPHLPAPI.DLL
0x00007ffa119e0000 - 0x00007ffa119e9000 	C:\Windows\System32\NSI.dll
0x00007ff9eeba0000 - 0x00007ff9eebaa000 	C:\Windows\System32\rasadhlp.dll
0x00007ffa07e30000 - 0x00007ffa07eb3000 	C:\Windows\System32\fwpuclnt.dll
0x00007ffa0aea0000 - 0x00007ffa0aeae000 	C:\Users\subod\Downloads\eclipse-java-2022-09-R-win32-x86_64\eclipse\plugins\org.eclipse.justj.openjdk.hotspot.jre.full.win32.x86_64_17.0.4.v20220903-1038\jre\bin\sunmscapi.dll
0x00007ffa0fa10000 - 0x00007ffa0fb76000 	C:\Windows\System32\CRYPT32.dll
0x00007ffa0f2e0000 - 0x00007ffa0f30e000 	C:\Windows\SYSTEM32\ncrypt.dll
0x00007ffa0f2a0000 - 0x00007ffa0f2d7000 	C:\Windows\SYSTEM32\NTASN1.dll
0x00007ffa0f120000 - 0x00007ffa0f13b000 	C:\Windows\SYSTEM32\CRYPTSP.dll
0x00007ffa0e9b0000 - 0x00007ffa0e9e5000 	C:\Windows\system32\rsaenh.dll
0x00007ffa0efc0000 - 0x00007ffa0efec000 	C:\Windows\SYSTEM32\USERENV.dll
0x00007ffa0f140000 - 0x00007ffa0f14c000 	C:\Windows\SYSTEM32\CRYPTBASE.dll
0x00007ffa09520000 - 0x00007ffa09539000 	C:\Windows\SYSTEM32\dhcpcsvc6.DLL
0x00007ffa09190000 - 0x00007ffa091af000 	C:\Windows\SYSTEM32\dhcpcsvc.DLL
0x00007ffa0a3a0000 - 0x00007ffa0a3a8000 	C:\Windows\system32\wshunix.dll

dbghelp: loaded successfully - version: 4.0.5 - missing functions: none
symbol engine: initialized successfully - sym options: 0x614 - pdb path: .;C:\Users\subod\Downloads\eclipse-java-2022-09-R-win32-x86_64\eclipse\plugins\org.eclipse.justj.openjdk.hotspot.jre.full.win32.x86_64_17.0.4.v20220903-1038\jre\bin;C:\Windows\SYSTEM32;C:\Windows\WinSxS\amd64_microsoft.windows.common-controls_6595b64144ccf1df_6.0.22621.3235_none_270f74e173860f98;C:\Users\subod\Downloads\eclipse-java-2022-09-R-win32-x86_64\eclipse\plugins\org.eclipse.justj.openjdk.hotspot.jre.full.win32.x86_64_17.0.4.v20220903-1038\jre\bin\server

VM Arguments:
jvm_args: -Dfile.encoding=UTF-8 -XX:+ShowCodeDetailsInExceptionMessages 
java_command: JavaScriptExcecutor.Assignment
java_class_path (initial): C:\Users\subod\git\Java-Selenium\Automation\bin;C:\Users\subod\git\Java-Selenium\Automation\jars\selenium-server-4.15.0.jar
Launcher Type: SUN_STANDARD

[Global flags]
     intx CICompilerCount                          = 4                                         {product} {ergonomic}
     uint ConcGCThreads                            = 2                                         {product} {ergonomic}
     uint G1ConcRefinementThreads                  = 8                                         {product} {ergonomic}
   size_t G1HeapRegionSize                         = 1048576                                   {product} {ergonomic}
    uintx GCDrainStackTargetSize                   = 64                                        {product} {ergonomic}
   size_t InitialHeapSize                          = 100663296                                 {product} {ergonomic}
   size_t MarkStackSize                            = 4194304                                   {product} {ergonomic}
   size_t MaxHeapSize                              = 1579155456                                {product} {ergonomic}
   size_t MaxNewSize                               = 946864128                                 {product} {ergonomic}
   size_t MinHeapDeltaBytes                        = 1048576                                   {product} {ergonomic}
   size_t MinHeapSize                              = 8388608                                   {product} {ergonomic}
    uintx NonNMethodCodeHeapSize                   = 5839372                                {pd product} {ergonomic}
    uintx NonProfiledCodeHeapSize                  = 122909434                              {pd product} {ergonomic}
    uintx ProfiledCodeHeapSize                     = 122909434                              {pd product} {ergonomic}
    uintx ReservedCodeCacheSize                    = 251658240                              {pd product} {ergonomic}
     bool SegmentedCodeCache                       = true                                      {product} {ergonomic}
     bool ShowCodeDetailsInExceptionMessages       = true                                   {manageable} {command line}
   size_t SoftMaxHeapSize                          = 1579155456                             {manageable} {ergonomic}
     bool UseCompressedClassPointers               = true                           {product lp64_product} {ergonomic}
     bool UseCompressedOops                        = true                           {product lp64_product} {ergonomic}
     bool UseG1GC                                  = true                                      {product} {ergonomic}
     bool UseLargePagesIndividualAllocation        = false                                  {pd product} {ergonomic}

Logging:
Log output configuration:
 #0: stdout all=warning uptime,level,tags
 #1: stderr all=off uptime,level,tags

Environment Variables:
PATH=C:/Users/subod/Downloads/eclipse-java-2022-09-R-win32-x86_64/eclipse//plugins/org.eclipse.justj.openjdk.hotspot.jre.full.win32.x86_64_17.0.4.v20220903-1038/jre/bin/server;C:/Users/subod/Downloads/eclipse-java-2022-09-R-win32-x86_64/eclipse//plugins/org.eclipse.justj.openjdk.hotspot.jre.full.win32.x86_64_17.0.4.v20220903-1038/jre/bin;C:\Program Files\Common Files\Oracle\Java\javapath;D:\oracle\product\10.2.0\db_1\bin;C:\Windows\system32;C:\Windows;C:\Windows\System32\Wbem;C:\Windows\System32\WindowsPowerShell\v1.0\;C:\Windows\System32\OpenSSH\;C:\Program Files\Java\jdk-11.0.15.1\bin;C:\Users\subod\AppData\Local\Microsoft\WindowsApps;C:\Users\subod\AppData\Local\spicetify;C:\Program Files\Java\jdk-11.0.15.1\bin;;C:\Users\subod\Downloads\eclipse-java-2022-09-R-win32-x86_64\eclipse;
USERNAME=subodh
OS=Windows_NT
PROCESSOR_IDENTIFIER=AMD64 Family 23 Model 24 Stepping 1, AuthenticAMD
TMP=C:\Users\subod\AppData\Local\Temp
TEMP=C:\Users\subod\AppData\Local\Temp



---------------  S Y S T E M  ---------------

OS:
 Windows 11 , 64 bit Build 22621 (10.0.22621.3235)
OS uptime: 0 days 0:06 hours

CPU: total 8 (initial active 8) (8 cores per cpu, 2 threads per core) family 23 model 24 stepping 1 microcode 0x0, cx8, cmov, fxsr, ht, mmx, 3dnowpref, sse, sse2, sse3, ssse3, sse4a, sse4.1, sse4.2, popcnt, lzcnt, tsc, tscinvbit, avx, avx2, aes, clmul, bmi1, bmi2, adx, sha, fma, vzeroupper, clflush, clflushopt

Memory: 4k page, system-wide physical 6019M (1369M free)
TotalPageFile size 8067M (AvailPageFile size 4M)
current process WorkingSet (physical memory assigned to process): 95M, peak: 95M
current process commit charge ("private bytes"): 199M, peak: 199M

vm_info: OpenJDK 64-Bit Server VM (17.0.4.1+1) for windows-amd64 JRE (17.0.4.1+1), built on Aug 17 2022 07:42:43 by "temurin" with MS VC++ 16.7 (VS2019)

END.
