#
# There is insufficient memory for the Java Runtime Environment to continue.
# Native memory allocation (mmap) failed to map 65536 bytes for Failed to commit metaspace.
# Possible reasons:
#   The system is out of physical RAM or swap space
#   The process is running with CompressedOops enabled, and the Java Heap may be blocking the growth of the native heap
# Possible solutions:
#   Reduce memory load on the system
#   Increase physical memory or swap space
#   Check if swap backing store is full
#   Decrease Java heap size (-Xmx/-Xms)
#   Decrease number of Java threads
#   Decrease Java thread stack sizes (-Xss)
#   Set larger code cache with -XX:ReservedCodeCacheSize=
#   JVM is running with Unscaled Compressed Oops mode in which the Java heap is
#     placed in the first 4GB address space. The Java Heap base address is the
#     maximum limit for the native heap growth. Please use -XX:HeapBaseMinAddress
#     to set the Java Heap base and to place the Java Heap above 4GB virtual address.
# This output file may be truncated or incomplete.
#
#  Out of Memory Error (virtualSpaceNode.cpp:110), pid=10960, tid=11688
#
# JRE version: OpenJDK Runtime Environment Temurin-17.0.4.1+1 (17.0.4.1+1) (build 17.0.4.1+1)
# Java VM: OpenJDK 64-Bit Server VM Temurin-17.0.4.1+1 (17.0.4.1+1, mixed mode, tiered, compressed oops, compressed class ptrs, g1 gc, windows-amd64)
# No core dump will be written. Minidumps are not enabled by default on client versions of Windows
#

---------------  S U M M A R Y ------------

Command Line: -Dfile.encoding=UTF-8 -XX:+ShowCodeDetailsInExceptionMessages ToTakeCreenshot.ScreenshotOfPerticularWebElement

Host: AMD Ryzen 5 3550H with Radeon Vega Mobile Gfx  , 8 cores, 5G,  Windows 11 , 64 bit Build 22621 (10.0.22621.3374)
Time: Mon Apr  1 00:51:00 2024 India Standard Time elapsed time: 3.547775 seconds (0d 0h 0m 3s)

---------------  T H R E A D  ---------------

Current thread (0x000002332f232760):  JavaThread "Forwarding newSession on session null to remote" [_thread_in_vm, id=11688, stack(0x0000003d10100000,0x0000003d10200000)]

Stack: [0x0000003d10100000,0x0000003d10200000]
Native frames: (J=compiled Java code, j=interpreted, Vv=VM code, C=native code)
V  [jvm.dll+0x67731a]
V  [jvm.dll+0x832284]
V  [jvm.dll+0x833a2e]
V  [jvm.dll+0x834093]
V  [jvm.dll+0x245775]
V  [jvm.dll+0x82e22b]
V  [jvm.dll+0x61bdf6]
V  [jvm.dll+0x1c07be]
V  [jvm.dll+0x61e741]
V  [jvm.dll+0x61c796]
V  [jvm.dll+0x239e0f]
V  [jvm.dll+0x6265a5]
V  [jvm.dll+0x1ea5db]
V  [jvm.dll+0x1eab15]
V  [jvm.dll+0x1eb54f]
V  [jvm.dll+0x1e09f1]
V  [jvm.dll+0x53c910]
V  [jvm.dll+0x7ad138]
V  [jvm.dll+0x7ad224]
V  [jvm.dll+0x40ccd5]
V  [jvm.dll+0x412ec8]
C  [java.dll+0x17ec]

Java frames: (J=compiled Java code, j=interpreted, Vv=VM code)
J 709  java.lang.ClassLoader.defineClass1(Ljava/lang/ClassLoader;Ljava/lang/String;[BIILjava/security/ProtectionDomain;Ljava/lang/String;)Ljava/lang/Class; java.base@17.0.4.1 (0 bytes) @ 0x000002333a3f5adb [0x000002333a3f5a20+0x00000000000000bb]
J 1157 c1 java.lang.ClassLoader.defineClass(Ljava/lang/String;[BIILjava/security/ProtectionDomain;)Ljava/lang/Class; java.base@17.0.4.1 (43 bytes) @ 0x00000233330896c4 [0x0000023333089380+0x0000000000000344]
J 1492 c1 java.security.SecureClassLoader.defineClass(Ljava/lang/String;[BIILjava/security/CodeSource;)Ljava/lang/Class; java.base@17.0.4.1 (16 bytes) @ 0x000002333313798c [0x00000233331378c0+0x00000000000000cc]
J 1282 c1 jdk.internal.loader.BuiltinClassLoader.defineClass(Ljava/lang/String;Ljdk/internal/loader/Resource;)Ljava/lang/Class; java.base@17.0.4.1 (121 bytes) @ 0x00000233330bb65c [0x00000233330ba780+0x0000000000000edc]
J 1125 c1 jdk.internal.loader.BuiltinClassLoader.findClassOnClassPathOrNull(Ljava/lang/String;)Ljava/lang/Class; java.base@17.0.4.1 (64 bytes) @ 0x000002333306e4a4 [0x000002333306d460+0x0000000000001044]
J 322 c1 jdk.internal.loader.BuiltinClassLoader.loadClassOrNull(Ljava/lang/String;Z)Ljava/lang/Class; java.base@17.0.4.1 (143 bytes) @ 0x0000023332efcc04 [0x0000023332efbd40+0x0000000000000ec4]
J 1130 c1 jdk.internal.loader.ClassLoaders$AppClassLoader.loadClass(Ljava/lang/String;Z)Ljava/lang/Class; java.base@17.0.4.1 (40 bytes) @ 0x0000023333070464 [0x000002333306fe60+0x0000000000000604]
J 598 c1 java.lang.ClassLoader.loadClass(Ljava/lang/String;)Ljava/lang/Class; java.base@17.0.4.1 (7 bytes) @ 0x0000023332f84d3c [0x0000023332f84c40+0x00000000000000fc]
v  ~StubRoutines::call_stub
J 709  java.lang.ClassLoader.defineClass1(Ljava/lang/ClassLoader;Ljava/lang/String;[BIILjava/security/ProtectionDomain;Ljava/lang/String;)Ljava/lang/Class; java.base@17.0.4.1 (0 bytes) @ 0x000002333a3f5adb [0x000002333a3f5a20+0x00000000000000bb]
J 1157 c1 java.lang.ClassLoader.defineClass(Ljava/lang/String;[BIILjava/security/ProtectionDomain;)Ljava/lang/Class; java.base@17.0.4.1 (43 bytes) @ 0x00000233330896c4 [0x0000023333089380+0x0000000000000344]
J 1492 c1 java.security.SecureClassLoader.defineClass(Ljava/lang/String;[BIILjava/security/CodeSource;)Ljava/lang/Class; java.base@17.0.4.1 (16 bytes) @ 0x000002333313798c [0x00000233331378c0+0x00000000000000cc]
J 1282 c1 jdk.internal.loader.BuiltinClassLoader.defineClass(Ljava/lang/String;Ljdk/internal/loader/Resource;)Ljava/lang/Class; java.base@17.0.4.1 (121 bytes) @ 0x00000233330bb65c [0x00000233330ba780+0x0000000000000edc]
J 1125 c1 jdk.internal.loader.BuiltinClassLoader.findClassOnClassPathOrNull(Ljava/lang/String;)Ljava/lang/Class; java.base@17.0.4.1 (64 bytes) @ 0x000002333306e4a4 [0x000002333306d460+0x0000000000001044]
J 322 c1 jdk.internal.loader.BuiltinClassLoader.loadClassOrNull(Ljava/lang/String;Z)Ljava/lang/Class; java.base@17.0.4.1 (143 bytes) @ 0x0000023332efcc04 [0x0000023332efbd40+0x0000000000000ec4]
J 1130 c1 jdk.internal.loader.ClassLoaders$AppClassLoader.loadClass(Ljava/lang/String;Z)Ljava/lang/Class; java.base@17.0.4.1 (40 bytes) @ 0x0000023333070464 [0x000002333306fe60+0x0000000000000604]
J 598 c1 java.lang.ClassLoader.loadClass(Ljava/lang/String;)Ljava/lang/Class; java.base@17.0.4.1 (7 bytes) @ 0x0000023332f84d3c [0x0000023332f84c40+0x00000000000000fc]
v  ~StubRoutines::call_stub
J 709  java.lang.ClassLoader.defineClass1(Ljava/lang/ClassLoader;Ljava/lang/String;[BIILjava/security/ProtectionDomain;Ljava/lang/String;)Ljava/lang/Class; java.base@17.0.4.1 (0 bytes) @ 0x000002333a3f5adb [0x000002333a3f5a20+0x00000000000000bb]
J 1157 c1 java.lang.ClassLoader.defineClass(Ljava/lang/String;[BIILjava/security/ProtectionDomain;)Ljava/lang/Class; java.base@17.0.4.1 (43 bytes) @ 0x00000233330896c4 [0x0000023333089380+0x0000000000000344]
J 1492 c1 java.security.SecureClassLoader.defineClass(Ljava/lang/String;[BIILjava/security/CodeSource;)Ljava/lang/Class; java.base@17.0.4.1 (16 bytes) @ 0x000002333313798c [0x00000233331378c0+0x00000000000000cc]
J 1282 c1 jdk.internal.loader.BuiltinClassLoader.defineClass(Ljava/lang/String;Ljdk/internal/loader/Resource;)Ljava/lang/Class; java.base@17.0.4.1 (121 bytes) @ 0x00000233330bb65c [0x00000233330ba780+0x0000000000000edc]
J 1125 c1 jdk.internal.loader.BuiltinClassLoader.findClassOnClassPathOrNull(Ljava/lang/String;)Ljava/lang/Class; java.base@17.0.4.1 (64 bytes) @ 0x000002333306e4a4 [0x000002333306d460+0x0000000000001044]
J 322 c1 jdk.internal.loader.BuiltinClassLoader.loadClassOrNull(Ljava/lang/String;Z)Ljava/lang/Class; java.base@17.0.4.1 (143 bytes) @ 0x0000023332efcc04 [0x0000023332efbd40+0x0000000000000ec4]
J 1130 c1 jdk.internal.loader.ClassLoaders$AppClassLoader.loadClass(Ljava/lang/String;Z)Ljava/lang/Class; java.base@17.0.4.1 (40 bytes) @ 0x0000023333070464 [0x000002333306fe60+0x0000000000000604]
J 598 c1 java.lang.ClassLoader.loadClass(Ljava/lang/String;)Ljava/lang/Class; java.base@17.0.4.1 (7 bytes) @ 0x0000023332f84d3c [0x0000023332f84c40+0x00000000000000fc]
v  ~StubRoutines::call_stub
j  com.google.common.collect.ImmutableMultiset.copyOf(Ljava/lang/Iterable;)Lcom/google/common/collect/ImmutableMultiset;+36
j  com.google.common.net.MediaType$$Lambda$400+0x0000000100236020.apply(Ljava/lang/Object;)Ljava/lang/Object;+7
j  com.google.common.collect.Maps$9.transformEntry(Ljava/lang/Object;Ljava/lang/Object;)Ljava/lang/Object;+5
j  com.google.common.collect.Maps$12.getValue()Ljava/lang/Object;+22
j  com.google.common.collect.AbstractMapEntry.hashCode()I+6
j  java.util.AbstractMap.hashCode()I+33 java.base@17.0.4.1
J 604 c1 java.util.Arrays.hashCode([Ljava/lang/Object;)I java.base@17.0.4.1 (56 bytes) @ 0x0000023332f878e4 [0x0000023332f87740+0x00000000000001a4]
j  com.google.common.base.Objects.hashCode([Ljava/lang/Object;)I+1
j  com.google.common.net.MediaType.hashCode()I+34
J 852 c2 java.util.HashMap.put(Ljava/lang/Object;Ljava/lang/Object;)Ljava/lang/Object; java.base@17.0.4.1 (13 bytes) @ 0x000002333a401ab4 [0x000002333a4015a0+0x0000000000000514]
j  com.google.common.net.MediaType.addKnownType(Lcom/google/common/net/MediaType;)Lcom/google/common/net/MediaType;+5
j  com.google.common.net.MediaType.createConstantUtf8(Ljava/lang/String;Ljava/lang/String;)Lcom/google/common/net/MediaType;+12
j  com.google.common.net.MediaType.<clinit>()V+150
v  ~StubRoutines::call_stub
j  org.openqa.selenium.remote.http.HttpMessage.getContentEncoding()Ljava/nio/charset/Charset;+16
j  org.openqa.selenium.remote.http.HttpResponse.getContentEncoding()Ljava/nio/charset/Charset;+1
j  org.openqa.selenium.remote.http.Contents.string(Lorg/openqa/selenium/remote/http/HttpMessage;)Ljava/lang/String;+5
j  org.openqa.selenium.remote.ProtocolHandshake.createSession(Lorg/openqa/selenium/remote/http/HttpHandler;Ljava/util/function/Supplier;J)Lorg/openqa/selenium/internal/Either;+75
j  org.openqa.selenium.remote.ProtocolHandshake.createSession(Lorg/openqa/selenium/remote/http/HttpHandler;Lorg/openqa/selenium/remote/NewSessionPayload;)Lorg/openqa/selenium/internal/Either;+78
j  org.openqa.selenium.remote.ProtocolHandshake.createSession(Lorg/openqa/selenium/remote/http/HttpHandler;Lorg/openqa/selenium/remote/Command;)Lorg/openqa/selenium/remote/ProtocolHandshake$Result;+53
j  org.openqa.selenium.remote.HttpCommandExecutor.execute(Lorg/openqa/selenium/remote/Command;)Lorg/openqa/selenium/remote/Response;+122
j  org.openqa.selenium.remote.service.DriverCommandExecutor.invokeExecute(Lorg/openqa/selenium/remote/Command;)Lorg/openqa/selenium/remote/Response;+2
j  org.openqa.selenium.remote.service.DriverCommandExecutor.execute(Lorg/openqa/selenium/remote/Command;)Lorg/openqa/selenium/remote/Response;+195
j  org.openqa.selenium.remote.RemoteWebDriver.execute(Lorg/openqa/selenium/remote/CommandPayload;)Lorg/openqa/selenium/remote/Response;+77
j  org.openqa.selenium.remote.RemoteWebDriver.startSession(Lorg/openqa/selenium/Capabilities;)V+18
j  org.openqa.selenium.remote.RemoteWebDriver.<init>(Lorg/openqa/selenium/remote/CommandExecutor;Lorg/openqa/selenium/Capabilities;)V+88
j  org.openqa.selenium.chromium.ChromiumDriver.<init>(Lorg/openqa/selenium/remote/CommandExecutor;Lorg/openqa/selenium/Capabilities;Ljava/lang/String;)V+3
j  org.openqa.selenium.chrome.ChromeDriver.<init>(Lorg/openqa/selenium/chrome/ChromeDriverService;Lorg/openqa/selenium/chrome/ChromeOptions;Lorg/openqa/selenium/remote/http/ClientConfig;)V+10
j  org.openqa.selenium.chrome.ChromeDriver.<init>(Lorg/openqa/selenium/chrome/ChromeDriverService;Lorg/openqa/selenium/chrome/ChromeOptions;)V+6
j  org.openqa.selenium.chrome.ChromeDriver.<init>()V+11
j  ToTakeCreenshot.ScreenshotOfPerticularWebElement.main([Ljava/lang/String;)V+4
v  ~StubRoutines::call_stub

---------------  P R O C E S S  ---------------

Threads class SMR info:
_java_thread_list=0x00000233492c9110, length=22, elements={
0x000002332f232760, 0x0000023347e4d080, 0x0000023347e4ec40, 0x0000023347eb68e0,
0x0000023347eae520, 0x0000023347eb0680, 0x0000023347eb37e0, 0x0000023348814560,
0x00000233488157a0, 0x000002334881c1b0, 0x0000023348973a50, 0x000002334898bf70,
0x0000023348c42660, 0x0000023349211ab0, 0x000002334926ef20, 0x000002334926f3f0,
0x0000023349217ae0, 0x0000023349241950, 0x0000023349241e20, 0x0000023349296590,
0x00000233492948b0, 0x0000023349295bf0
}

Java Threads: ( => current thread )
=>0x000002332f232760 JavaThread "Forwarding newSession on session null to remote" [_thread_in_vm, id=11688, stack(0x0000003d10100000,0x0000003d10200000)]
  0x0000023347e4d080 JavaThread "Reference Handler" daemon [_thread_blocked, id=8940, stack(0x0000003d10800000,0x0000003d10900000)]
  0x0000023347e4ec40 JavaThread "Finalizer" daemon [_thread_blocked, id=4004, stack(0x0000003d10900000,0x0000003d10a00000)]
  0x0000023347eb68e0 JavaThread "Signal Dispatcher" daemon [_thread_blocked, id=13308, stack(0x0000003d10a00000,0x0000003d10b00000)]
  0x0000023347eae520 JavaThread "Attach Listener" daemon [_thread_blocked, id=8612, stack(0x0000003d10b00000,0x0000003d10c00000)]
  0x0000023347eb0680 JavaThread "Service Thread" daemon [_thread_blocked, id=11324, stack(0x0000003d10c00000,0x0000003d10d00000)]
  0x0000023347eb37e0 JavaThread "Monitor Deflation Thread" daemon [_thread_blocked, id=12616, stack(0x0000003d10d00000,0x0000003d10e00000)]
  0x0000023348814560 JavaThread "C2 CompilerThread0" daemon [_thread_blocked, id=2264, stack(0x0000003d10e00000,0x0000003d10f00000)]
  0x00000233488157a0 JavaThread "C1 CompilerThread0" daemon [_thread_in_vm, id=10472, stack(0x0000003d10f00000,0x0000003d11000000)]
  0x000002334881c1b0 JavaThread "Sweeper thread" daemon [_thread_blocked, id=3668, stack(0x0000003d11000000,0x0000003d11100000)]
  0x0000023348973a50 JavaThread "Notification Thread" daemon [_thread_blocked, id=9644, stack(0x0000003d11100000,0x0000003d11200000)]
  0x000002334898bf70 JavaThread "Common-Cleaner" daemon [_thread_blocked, id=9568, stack(0x0000003d11300000,0x0000003d11400000)]
  0x0000023348c42660 JavaThread "ForkJoinPool.commonPool-worker-1" daemon [_thread_blocked, id=9768, stack(0x0000003d11400000,0x0000003d11500000)]
  0x0000023349211ab0 JavaThread "HttpClient-1-SelectorManager" daemon [_thread_in_native, id=11860, stack(0x0000003d11500000,0x0000003d11600000)]
  0x000002334926ef20 JavaThread "Thread-2" [_thread_in_native, id=11168, stack(0x0000003d11600000,0x0000003d11700000)]
  0x000002334926f3f0 JavaThread "Driver Service Executor" daemon [_thread_blocked, id=6500, stack(0x0000003d11700000,0x0000003d11800000)]
  0x0000023349217ae0 JavaThread "Driver Service Executor" daemon [_thread_in_native, id=8808, stack(0x0000003d11800000,0x0000003d11900000)]
  0x0000023349241950 JavaThread "UrlChecker-2" daemon [_thread_blocked, id=8888, stack(0x0000003d11900000,0x0000003d11a00000)]
  0x0000023349241e20 JavaThread "Keep-Alive-Timer" daemon [_thread_blocked, id=1232, stack(0x0000003d11b00000,0x0000003d11c00000)]
  0x0000023349296590 JavaThread "pool-1-thread-1" [_thread_blocked, id=5084, stack(0x0000003d12300000,0x0000003d12400000)]
  0x00000233492948b0 JavaThread "pool-1-thread-2" [_thread_blocked, id=10064, stack(0x0000003d12400000,0x0000003d12500000)]
  0x0000023349295bf0 JavaThread "pool-1-thread-3" [_thread_blocked, id=8392, stack(0x0000003d12500000,0x0000003d12600000)]

Other Threads:
  0x0000023347e49f40 VMThread "VM Thread" [stack: 0x0000003d10700000,0x0000003d10800000] [id=1108]
  0x000002332f243cc0 WatcherThread [stack: 0x0000003d11200000,0x0000003d11300000] [id=10016]
  0x000002332f280af0 GCTaskThread "GC Thread#0" [stack: 0x0000003d10200000,0x0000003d10300000] [id=13000]
  0x000002334926c400 GCTaskThread "GC Thread#1" [stack: 0x0000003d11c00000,0x0000003d11d00000] [id=10452]
  0x000002334926c6b0 GCTaskThread "GC Thread#2" [stack: 0x0000003d11d00000,0x0000003d11e00000] [id=12756]
  0x000002334926c960 GCTaskThread "GC Thread#3" [stack: 0x0000003d11e00000,0x0000003d11f00000] [id=10488]
  0x00000233492ef250 GCTaskThread "GC Thread#4" [stack: 0x0000003d11f00000,0x0000003d12000000] [id=1348]
  0x00000233492ef500 GCTaskThread "GC Thread#5" [stack: 0x0000003d12000000,0x0000003d12100000] [id=7560]
  0x00000233492ef7b0 GCTaskThread "GC Thread#6" [stack: 0x0000003d12100000,0x0000003d12200000] [id=11048]
  0x00000233492efa60 GCTaskThread "GC Thread#7" [stack: 0x0000003d12200000,0x0000003d12300000] [id=11612]
  0x000002332f28d670 ConcurrentGCThread "G1 Main Marker" [stack: 0x0000003d10300000,0x0000003d10400000] [id=1656]
  0x000002332f28e820 ConcurrentGCThread "G1 Conc#0" [stack: 0x0000003d10400000,0x0000003d10500000] [id=3432]
  0x0000023347cd0090 ConcurrentGCThread "G1 Refine#0" [stack: 0x0000003d10500000,0x0000003d10600000] [id=9800]
  0x0000023347cd0ab0 ConcurrentGCThread "G1 Service" [stack: 0x0000003d10600000,0x0000003d10700000] [id=11416]

Threads with active compile tasks:
C1 CompilerThread0     3578 1500   !   3       java.util.zip.ZipFile$ZipFileInputStream::read (135 bytes)

VM state: not at safepoint (normal execution)

VM Mutex/Monitor currently owned by a thread:  ([mutex/lock_event])
[0x000002332f22d770] Metaspace_lock - owner thread: 0x000002332f232760
[0x000002332f22f240] MethodData_lock - owner thread: 0x00000233488157a0

Heap address: 0x00000000a1e00000, size: 1506 MB, Compressed Oops mode: 32-bit

CDS archive(s) not mapped
Compressed class space mapped at: 0x0000000100000000-0x0000000140000000, reserved size: 1073741824
Narrow klass base: 0x0000000000000000, Narrow klass shift: 3, Narrow klass range: 0x140000000

GC Precious Log:
 CPUs: 8 total, 8 available
 Memory: 6019M
 Large Page Support: Disabled
 NUMA Support: Disabled
 Compressed Oops: Enabled (32-bit)
 Heap Region Size: 1M
 Heap Min Capacity: 8M
 Heap Initial Capacity: 96M
 Heap Max Capacity: 1506M
 Pre-touch: Disabled
 Parallel Workers: 8
 Concurrent Workers: 2
 Concurrent Refinement Workers: 8
 Periodic GC: Disabled

Heap:
 garbage-first heap   total 98304K, used 15238K [0x00000000a1e00000, 0x0000000100000000)
  region size 1024K, 12 young (12288K), 3 survivors (3072K)
 Metaspace       used 19467K, committed 19648K, reserved 1073152K
  class space    used 2127K, committed 2240K, reserved 1048576K

Heap Regions: E=young(eden), S=young(survivor), O=old, HS=humongous(starts), HC=humongous(continues), CS=collection set, F=free, OA=open archive, CA=closed archive, TAMS=top-at-mark-start (previous, next)
|   0|0x00000000a1e00000, 0x00000000a1f00000, 0x00000000a1f00000|100%|HS|  |TAMS 0x00000000a1e00000, 0x00000000a1e00000| Complete 
|   1|0x00000000a1f00000, 0x00000000a2000000, 0x00000000a2000000|100%|HC|  |TAMS 0x00000000a1f00000, 0x00000000a1f00000| Complete 
|   2|0x00000000a2000000, 0x00000000a2100000, 0x00000000a2100000|100%|HC|  |TAMS 0x00000000a2000000, 0x00000000a2000000| Complete 
|   3|0x00000000a2100000, 0x00000000a21e1a00, 0x00000000a2200000| 88%| O|  |TAMS 0x00000000a2100000, 0x00000000a2100000| Untracked 
|   4|0x00000000a2200000, 0x00000000a2200000, 0x00000000a2300000|  0%| F|  |TAMS 0x00000000a2200000, 0x00000000a2200000| Untracked 
|   5|0x00000000a2300000, 0x00000000a2300000, 0x00000000a2400000|  0%| F|  |TAMS 0x00000000a2300000, 0x00000000a2300000| Untracked 
|   6|0x00000000a2400000, 0x00000000a2400000, 0x00000000a2500000|  0%| F|  |TAMS 0x00000000a2400000, 0x00000000a2400000| Untracked 
|   7|0x00000000a2500000, 0x00000000a2500000, 0x00000000a2600000|  0%| F|  |TAMS 0x00000000a2500000, 0x00000000a2500000| Untracked 
|   8|0x00000000a2600000, 0x00000000a2600000, 0x00000000a2700000|  0%| F|  |TAMS 0x00000000a2600000, 0x00000000a2600000| Untracked 
|   9|0x00000000a2700000, 0x00000000a2700000, 0x00000000a2800000|  0%| F|  |TAMS 0x00000000a2700000, 0x00000000a2700000| Untracked 
|  10|0x00000000a2800000, 0x00000000a2800000, 0x00000000a2900000|  0%| F|  |TAMS 0x00000000a2800000, 0x00000000a2800000| Untracked 
|  11|0x00000000a2900000, 0x00000000a2900000, 0x00000000a2a00000|  0%| F|  |TAMS 0x00000000a2900000, 0x00000000a2900000| Untracked 
|  12|0x00000000a2a00000, 0x00000000a2a00000, 0x00000000a2b00000|  0%| F|  |TAMS 0x00000000a2a00000, 0x00000000a2a00000| Untracked 
|  13|0x00000000a2b00000, 0x00000000a2b00000, 0x00000000a2c00000|  0%| F|  |TAMS 0x00000000a2b00000, 0x00000000a2b00000| Untracked 
|  14|0x00000000a2c00000, 0x00000000a2c00000, 0x00000000a2d00000|  0%| F|  |TAMS 0x00000000a2c00000, 0x00000000a2c00000| Untracked 
|  15|0x00000000a2d00000, 0x00000000a2d00000, 0x00000000a2e00000|  0%| F|  |TAMS 0x00000000a2d00000, 0x00000000a2d00000| Untracked 
|  16|0x00000000a2e00000, 0x00000000a2e00000, 0x00000000a2f00000|  0%| F|  |TAMS 0x00000000a2e00000, 0x00000000a2e00000| Untracked 
|  17|0x00000000a2f00000, 0x00000000a2f00000, 0x00000000a3000000|  0%| F|  |TAMS 0x00000000a2f00000, 0x00000000a2f00000| Untracked 
|  18|0x00000000a3000000, 0x00000000a3000000, 0x00000000a3100000|  0%| F|  |TAMS 0x00000000a3000000, 0x00000000a3000000| Untracked 
|  19|0x00000000a3100000, 0x00000000a3100000, 0x00000000a3200000|  0%| F|  |TAMS 0x00000000a3100000, 0x00000000a3100000| Untracked 
|  20|0x00000000a3200000, 0x00000000a3200000, 0x00000000a3300000|  0%| F|  |TAMS 0x00000000a3200000, 0x00000000a3200000| Untracked 
|  21|0x00000000a3300000, 0x00000000a3300000, 0x00000000a3400000|  0%| F|  |TAMS 0x00000000a3300000, 0x00000000a3300000| Untracked 
|  22|0x00000000a3400000, 0x00000000a3400000, 0x00000000a3500000|  0%| F|  |TAMS 0x00000000a3400000, 0x00000000a3400000| Untracked 
|  23|0x00000000a3500000, 0x00000000a3500000, 0x00000000a3600000|  0%| F|  |TAMS 0x00000000a3500000, 0x00000000a3500000| Untracked 
|  24|0x00000000a3600000, 0x00000000a3600000, 0x00000000a3700000|  0%| F|  |TAMS 0x00000000a3600000, 0x00000000a3600000| Untracked 
|  25|0x00000000a3700000, 0x00000000a3700000, 0x00000000a3800000|  0%| F|  |TAMS 0x00000000a3700000, 0x00000000a3700000| Untracked 
|  26|0x00000000a3800000, 0x00000000a3800000, 0x00000000a3900000|  0%| F|  |TAMS 0x00000000a3800000, 0x00000000a3800000| Untracked 
|  27|0x00000000a3900000, 0x00000000a3900000, 0x00000000a3a00000|  0%| F|  |TAMS 0x00000000a3900000, 0x00000000a3900000| Untracked 
|  28|0x00000000a3a00000, 0x00000000a3a00000, 0x00000000a3b00000|  0%| F|  |TAMS 0x00000000a3a00000, 0x00000000a3a00000| Untracked 
|  29|0x00000000a3b00000, 0x00000000a3b00000, 0x00000000a3c00000|  0%| F|  |TAMS 0x00000000a3b00000, 0x00000000a3b00000| Untracked 
|  30|0x00000000a3c00000, 0x00000000a3c00000, 0x00000000a3d00000|  0%| F|  |TAMS 0x00000000a3c00000, 0x00000000a3c00000| Untracked 
|  31|0x00000000a3d00000, 0x00000000a3d00000, 0x00000000a3e00000|  0%| F|  |TAMS 0x00000000a3d00000, 0x00000000a3d00000| Untracked 
|  32|0x00000000a3e00000, 0x00000000a3e00000, 0x00000000a3f00000|  0%| F|  |TAMS 0x00000000a3e00000, 0x00000000a3e00000| Untracked 
|  33|0x00000000a3f00000, 0x00000000a3f00000, 0x00000000a4000000|  0%| F|  |TAMS 0x00000000a3f00000, 0x00000000a3f00000| Untracked 
|  34|0x00000000a4000000, 0x00000000a4000000, 0x00000000a4100000|  0%| F|  |TAMS 0x00000000a4000000, 0x00000000a4000000| Untracked 
|  35|0x00000000a4100000, 0x00000000a4100000, 0x00000000a4200000|  0%| F|  |TAMS 0x00000000a4100000, 0x00000000a4100000| Untracked 
|  36|0x00000000a4200000, 0x00000000a4200000, 0x00000000a4300000|  0%| F|  |TAMS 0x00000000a4200000, 0x00000000a4200000| Untracked 
|  37|0x00000000a4300000, 0x00000000a4300000, 0x00000000a4400000|  0%| F|  |TAMS 0x00000000a4300000, 0x00000000a4300000| Untracked 
|  38|0x00000000a4400000, 0x00000000a4400000, 0x00000000a4500000|  0%| F|  |TAMS 0x00000000a4400000, 0x00000000a4400000| Untracked 
|  39|0x00000000a4500000, 0x00000000a4500000, 0x00000000a4600000|  0%| F|  |TAMS 0x00000000a4500000, 0x00000000a4500000| Untracked 
|  40|0x00000000a4600000, 0x00000000a4600000, 0x00000000a4700000|  0%| F|  |TAMS 0x00000000a4600000, 0x00000000a4600000| Untracked 
|  41|0x00000000a4700000, 0x00000000a4700000, 0x00000000a4800000|  0%| F|  |TAMS 0x00000000a4700000, 0x00000000a4700000| Untracked 
|  42|0x00000000a4800000, 0x00000000a4800000, 0x00000000a4900000|  0%| F|  |TAMS 0x00000000a4800000, 0x00000000a4800000| Untracked 
|  43|0x00000000a4900000, 0x00000000a4900000, 0x00000000a4a00000|  0%| F|  |TAMS 0x00000000a4900000, 0x00000000a4900000| Untracked 
|  44|0x00000000a4a00000, 0x00000000a4a00000, 0x00000000a4b00000|  0%| F|  |TAMS 0x00000000a4a00000, 0x00000000a4a00000| Untracked 
|  45|0x00000000a4b00000, 0x00000000a4b00000, 0x00000000a4c00000|  0%| F|  |TAMS 0x00000000a4b00000, 0x00000000a4b00000| Untracked 
|  46|0x00000000a4c00000, 0x00000000a4c00000, 0x00000000a4d00000|  0%| F|  |TAMS 0x00000000a4c00000, 0x00000000a4c00000| Untracked 
|  47|0x00000000a4d00000, 0x00000000a4d00000, 0x00000000a4e00000|  0%| F|  |TAMS 0x00000000a4d00000, 0x00000000a4d00000| Untracked 
|  48|0x00000000a4e00000, 0x00000000a4e00000, 0x00000000a4f00000|  0%| F|  |TAMS 0x00000000a4e00000, 0x00000000a4e00000| Untracked 
|  49|0x00000000a4f00000, 0x00000000a4f00000, 0x00000000a5000000|  0%| F|  |TAMS 0x00000000a4f00000, 0x00000000a4f00000| Untracked 
|  50|0x00000000a5000000, 0x00000000a5000000, 0x00000000a5100000|  0%| F|  |TAMS 0x00000000a5000000, 0x00000000a5000000| Untracked 
|  51|0x00000000a5100000, 0x00000000a5100000, 0x00000000a5200000|  0%| F|  |TAMS 0x00000000a5100000, 0x00000000a5100000| Untracked 
|  52|0x00000000a5200000, 0x00000000a5200000, 0x00000000a5300000|  0%| F|  |TAMS 0x00000000a5200000, 0x00000000a5200000| Untracked 
|  53|0x00000000a5300000, 0x00000000a5300000, 0x00000000a5400000|  0%| F|  |TAMS 0x00000000a5300000, 0x00000000a5300000| Untracked 
|  54|0x00000000a5400000, 0x00000000a5400000, 0x00000000a5500000|  0%| F|  |TAMS 0x00000000a5400000, 0x00000000a5400000| Untracked 
|  55|0x00000000a5500000, 0x00000000a5500000, 0x00000000a5600000|  0%| F|  |TAMS 0x00000000a5500000, 0x00000000a5500000| Untracked 
|  56|0x00000000a5600000, 0x00000000a5600000, 0x00000000a5700000|  0%| F|  |TAMS 0x00000000a5600000, 0x00000000a5600000| Untracked 
|  57|0x00000000a5700000, 0x00000000a5700000, 0x00000000a5800000|  0%| F|  |TAMS 0x00000000a5700000, 0x00000000a5700000| Untracked 
|  58|0x00000000a5800000, 0x00000000a5800000, 0x00000000a5900000|  0%| F|  |TAMS 0x00000000a5800000, 0x00000000a5800000| Untracked 
|  59|0x00000000a5900000, 0x00000000a5900000, 0x00000000a5a00000|  0%| F|  |TAMS 0x00000000a5900000, 0x00000000a5900000| Untracked 
|  60|0x00000000a5a00000, 0x00000000a5a00000, 0x00000000a5b00000|  0%| F|  |TAMS 0x00000000a5a00000, 0x00000000a5a00000| Untracked 
|  61|0x00000000a5b00000, 0x00000000a5b00000, 0x00000000a5c00000|  0%| F|  |TAMS 0x00000000a5b00000, 0x00000000a5b00000| Untracked 
|  62|0x00000000a5c00000, 0x00000000a5c00000, 0x00000000a5d00000|  0%| F|  |TAMS 0x00000000a5c00000, 0x00000000a5c00000| Untracked 
|  63|0x00000000a5d00000, 0x00000000a5d00000, 0x00000000a5e00000|  0%| F|  |TAMS 0x00000000a5d00000, 0x00000000a5d00000| Untracked 
|  64|0x00000000a5e00000, 0x00000000a5e00000, 0x00000000a5f00000|  0%| F|  |TAMS 0x00000000a5e00000, 0x00000000a5e00000| Untracked 
|  65|0x00000000a5f00000, 0x00000000a5f00000, 0x00000000a6000000|  0%| F|  |TAMS 0x00000000a5f00000, 0x00000000a5f00000| Untracked 
|  66|0x00000000a6000000, 0x00000000a6000000, 0x00000000a6100000|  0%| F|  |TAMS 0x00000000a6000000, 0x00000000a6000000| Untracked 
|  67|0x00000000a6100000, 0x00000000a6100000, 0x00000000a6200000|  0%| F|  |TAMS 0x00000000a6100000, 0x00000000a6100000| Untracked 
|  68|0x00000000a6200000, 0x00000000a6200000, 0x00000000a6300000|  0%| F|  |TAMS 0x00000000a6200000, 0x00000000a6200000| Untracked 
|  69|0x00000000a6300000, 0x00000000a6300000, 0x00000000a6400000|  0%| F|  |TAMS 0x00000000a6300000, 0x00000000a6300000| Untracked 
|  70|0x00000000a6400000, 0x00000000a6500000, 0x00000000a6500000|100%| S|CS|TAMS 0x00000000a6400000, 0x00000000a6400000| Complete 
|  71|0x00000000a6500000, 0x00000000a6600000, 0x00000000a6600000|100%| S|CS|TAMS 0x00000000a6500000, 0x00000000a6500000| Complete 
|  72|0x00000000a6600000, 0x00000000a6700000, 0x00000000a6700000|100%| S|CS|TAMS 0x00000000a6600000, 0x00000000a6600000| Complete 
|  73|0x00000000a6700000, 0x00000000a6700000, 0x00000000a6800000|  0%| F|  |TAMS 0x00000000a6700000, 0x00000000a6700000| Untracked 
|  74|0x00000000a6800000, 0x00000000a6800000, 0x00000000a6900000|  0%| F|  |TAMS 0x00000000a6800000, 0x00000000a6800000| Untracked 
|  75|0x00000000a6900000, 0x00000000a6900000, 0x00000000a6a00000|  0%| F|  |TAMS 0x00000000a6900000, 0x00000000a6900000| Untracked 
|  76|0x00000000a6a00000, 0x00000000a6a00000, 0x00000000a6b00000|  0%| F|  |TAMS 0x00000000a6a00000, 0x00000000a6a00000| Untracked 
|  77|0x00000000a6b00000, 0x00000000a6b00000, 0x00000000a6c00000|  0%| F|  |TAMS 0x00000000a6b00000, 0x00000000a6b00000| Untracked 
|  78|0x00000000a6c00000, 0x00000000a6c00000, 0x00000000a6d00000|  0%| F|  |TAMS 0x00000000a6c00000, 0x00000000a6c00000| Untracked 
|  79|0x00000000a6d00000, 0x00000000a6d00000, 0x00000000a6e00000|  0%| F|  |TAMS 0x00000000a6d00000, 0x00000000a6d00000| Untracked 
|  80|0x00000000a6e00000, 0x00000000a6e00000, 0x00000000a6f00000|  0%| F|  |TAMS 0x00000000a6e00000, 0x00000000a6e00000| Untracked 
|  81|0x00000000a6f00000, 0x00000000a6f00000, 0x00000000a7000000|  0%| F|  |TAMS 0x00000000a6f00000, 0x00000000a6f00000| Untracked 
|  82|0x00000000a7000000, 0x00000000a7000000, 0x00000000a7100000|  0%| F|  |TAMS 0x00000000a7000000, 0x00000000a7000000| Untracked 
|  83|0x00000000a7100000, 0x00000000a7100000, 0x00000000a7200000|  0%| F|  |TAMS 0x00000000a7100000, 0x00000000a7100000| Untracked 
|  84|0x00000000a7200000, 0x00000000a7200000, 0x00000000a7300000|  0%| F|  |TAMS 0x00000000a7200000, 0x00000000a7200000| Untracked 
|  85|0x00000000a7300000, 0x00000000a7300000, 0x00000000a7400000|  0%| F|  |TAMS 0x00000000a7300000, 0x00000000a7300000| Untracked 
|  86|0x00000000a7400000, 0x00000000a7400000, 0x00000000a7500000|  0%| F|  |TAMS 0x00000000a7400000, 0x00000000a7400000| Untracked 
|  87|0x00000000a7500000, 0x00000000a7600000, 0x00000000a7600000|100%| E|  |TAMS 0x00000000a7500000, 0x00000000a7500000| Complete 
|  88|0x00000000a7600000, 0x00000000a7700000, 0x00000000a7700000|100%| E|CS|TAMS 0x00000000a7600000, 0x00000000a7600000| Complete 
|  89|0x00000000a7700000, 0x00000000a7800000, 0x00000000a7800000|100%| E|CS|TAMS 0x00000000a7700000, 0x00000000a7700000| Complete 
|  90|0x00000000a7800000, 0x00000000a7900000, 0x00000000a7900000|100%| E|CS|TAMS 0x00000000a7800000, 0x00000000a7800000| Complete 
|  91|0x00000000a7900000, 0x00000000a7a00000, 0x00000000a7a00000|100%| E|CS|TAMS 0x00000000a7900000, 0x00000000a7900000| Complete 
|  92|0x00000000a7a00000, 0x00000000a7b00000, 0x00000000a7b00000|100%| E|CS|TAMS 0x00000000a7a00000, 0x00000000a7a00000| Complete 
|  93|0x00000000a7b00000, 0x00000000a7c00000, 0x00000000a7c00000|100%| E|CS|TAMS 0x00000000a7b00000, 0x00000000a7b00000| Complete 
|  94|0x00000000a7c00000, 0x00000000a7d00000, 0x00000000a7d00000|100%| E|CS|TAMS 0x00000000a7c00000, 0x00000000a7c00000| Complete 
|  95|0x00000000a7d00000, 0x00000000a7e00000, 0x00000000a7e00000|100%| E|CS|TAMS 0x00000000a7d00000, 0x00000000a7d00000| Complete 

Card table byte_map: [0x0000023341f20000,0x0000023342220000] _byte_map_base: 0x0000023341a11000

Marking Bits (Prev, Next): (CMBitMap*) 0x000002332f281100, (CMBitMap*) 0x000002332f281140
 Prev Bits: [0x0000023342520000, 0x0000023343ca8000)
 Next Bits: [0x0000023343cb0000, 0x0000023345438000)

Polling page: 0x000002332d1f0000

Metaspace:

Usage:
  Non-class:     16.93 MB used.
      Class:      2.08 MB used.
       Both:     19.01 MB used.

Virtual space:
  Non-class space:       24.00 MB reserved,      17.00 MB ( 71%) committed,  3 nodes.
      Class space:        1.00 GB reserved,       2.19 MB ( <1%) committed,  1 nodes.
             Both:        1.02 GB reserved,      19.19 MB (  2%) committed. 

Chunk freelists:
   Non-Class:  2.98 MB
       Class:  1.77 MB
        Both:  4.75 MB

MaxMetaspaceSize: unlimited
CompressedClassSpaceSize: 1.00 GB
Initial GC threshold: 21.00 MB
Current GC threshold: 21.00 MB
CDS: off
MetaspaceReclaimPolicy: balanced
 - commit_granule_bytes: 65536.
 - commit_granule_words: 8192.
 - virtual_space_node_default_size: 1048576.
 - enlarge_chunks_in_place: 1.
 - new_chunks_are_fully_committed: 0.
 - uncommit_free_chunks: 1.
 - use_allocation_guard: 0.
 - handle_deallocations: 1.


Internal statistics:

num_allocs_failed_limit: 0.
num_arena_births: 200.
num_arena_deaths: 0.
num_vsnodes_births: 4.
num_vsnodes_deaths: 0.
num_space_committed: 307.
num_space_uncommitted: 0.
num_chunks_returned_to_freelist: 0.
num_chunks_taken_from_freelist: 483.
num_chunk_merges: 0.
num_chunk_splits: 284.
num_chunks_enlarged: 187.
num_purges: 0.
num_inconsistent_stats: 0.

CodeHeap 'non-profiled nmethods': size=120000Kb used=454Kb max_used=454Kb free=119545Kb
 bounds [0x000002333a3c0000, 0x000002333a630000, 0x00000233418f0000]
CodeHeap 'profiled nmethods': size=120000Kb used=2732Kb max_used=2732Kb free=117267Kb
 bounds [0x0000023332e90000, 0x0000023333140000, 0x000002333a3c0000]
CodeHeap 'non-nmethods': size=5760Kb used=1208Kb max_used=1221Kb free=4551Kb
 bounds [0x00000233328f0000, 0x0000023332b60000, 0x0000023332e90000]
 total_blobs=2013 nmethods=1499 adapters=427
 compilation: enabled
              stopped_count=0, restarted_count=0
 full_count=0

Compilation events (20 events):
Event: 3.500 Thread 0x00000233488157a0 nmethod 1486 0x0000023333132490 code [0x0000023333132620, 0x0000023333132798]
Event: 3.501 Thread 0x00000233488157a0 1487       3       java.util.stream.StreamSupport::stream (19 bytes)
Event: 3.501 Thread 0x00000233488157a0 nmethod 1487 0x0000023333132890 code [0x0000023333132a60, 0x0000023333132e88]
Event: 3.501 Thread 0x00000233488157a0 1488       3       java.util.stream.ReferencePipeline$Head::<init> (8 bytes)
Event: 3.501 Thread 0x00000233488157a0 nmethod 1488 0x0000023333133090 code [0x0000023333133240, 0x00000233331333c8]
Event: 3.501 Thread 0x00000233488157a0 1489       3       java.util.stream.ReferencePipeline::<init> (8 bytes)
Event: 3.501 Thread 0x00000233488157a0 nmethod 1489 0x0000023333133490 code [0x0000023333133620, 0x0000023333133768]
Event: 3.513 Thread 0x00000233488157a0 1490   !   3       jdk.internal.loader.Resource::getBytes (244 bytes)
Event: 3.515 Thread 0x00000233488157a0 nmethod 1490 0x0000023333133810 code [0x0000023333133b00, 0x0000023333134f28]
Event: 3.522 Thread 0x00000233488157a0 1491   !   3       java.util.zip.ZipFile::getInputStream (275 bytes)
Event: 3.523 Thread 0x00000233488157a0 nmethod 1491 0x0000023333135810 code [0x0000023333135b00, 0x0000023333136c48]
Event: 3.530 Thread 0x00000233488157a0 1492       3       java.security.SecureClassLoader::defineClass (16 bytes)
Event: 3.531 Thread 0x00000233488157a0 nmethod 1492 0x0000023333137710 code [0x00000233331378c0, 0x0000023333137a58]
Event: 3.541 Thread 0x00000233488157a0 1493       3       java.util.zip.ZipEntry::<init> (84 bytes)
Event: 3.542 Thread 0x00000233488157a0 nmethod 1493 0x0000023333137b10 code [0x0000023333137d00, 0x0000023333138278]
Event: 3.542 Thread 0x00000233488157a0 1494       3       java.util.zip.ZipUtils::LOCSIG (6 bytes)
Event: 3.543 Thread 0x00000233488157a0 nmethod 1494 0x0000023333138490 code [0x0000023333138640, 0x0000023333138918]
Event: 3.543 Thread 0x00000233488157a0 1495   !   3       java.util.zip.ZipFile$CleanableResource::getInflater (47 bytes)
Event: 3.543 Thread 0x00000233488157a0 nmethod 1495 0x0000023333138a90 code [0x0000023333138c60, 0x0000023333139138]
Event: 3.543 Thread 0x00000233488157a0 1496       3       java.util.zip.ZipFile$ZipFileInflaterInputStream::<init> (41 bytes)

GC Heap History (2 events):
Event: 2.162 GC heap before
{Heap before GC invocations=0 (full 0):
 garbage-first heap   total 98304K, used 26624K [0x00000000a1e00000, 0x0000000100000000)
  region size 1024K, 23 young (23552K), 0 survivors (0K)
 Metaspace       used 17058K, committed 17344K, reserved 1064960K
  class space    used 1795K, committed 1920K, reserved 1048576K
}
Event: 2.170 GC heap after
{Heap after GC invocations=1 (full 0):
 garbage-first heap   total 98304K, used 7046K [0x00000000a1e00000, 0x0000000100000000)
  region size 1024K, 3 young (3072K), 3 survivors (3072K)
 Metaspace       used 17058K, committed 17344K, reserved 1064960K
  class space    used 1795K, committed 1920K, reserved 1048576K
}

Deoptimization events (20 events):
Event: 2.264 Thread 0x000002332f232760 Uncommon trap: trap_request=0xffffffde fr.pc=0x000002333a4275a4 relative=0x0000000000000104
Event: 2.264 Thread 0x000002332f232760 Uncommon trap: reason=class_check action=maybe_recompile pc=0x000002333a4275a4 method=jdk.internal.misc.Unsafe.allocateUninitializedArray(Ljava/lang/Class;I)Ljava/lang/Object; @ 51 c2
Event: 2.264 Thread 0x000002332f232760 DEOPT PACKING pc=0x000002333a4275a4 sp=0x0000003d101fd100
Event: 2.264 Thread 0x000002332f232760 DEOPT UNPACKING pc=0x00000233329423a3 sp=0x0000003d101fd088 mode 2
Event: 2.264 Thread 0x000002332f232760 Uncommon trap: trap_request=0xffffffde fr.pc=0x000002333a4275a4 relative=0x0000000000000104
Event: 2.264 Thread 0x000002332f232760 Uncommon trap: reason=class_check action=maybe_recompile pc=0x000002333a4275a4 method=jdk.internal.misc.Unsafe.allocateUninitializedArray(Ljava/lang/Class;I)Ljava/lang/Object; @ 51 c2
Event: 2.264 Thread 0x000002332f232760 DEOPT PACKING pc=0x000002333a4275a4 sp=0x0000003d101fce70
Event: 2.264 Thread 0x000002332f232760 DEOPT UNPACKING pc=0x00000233329423a3 sp=0x0000003d101fcdf8 mode 2
Event: 2.264 Thread 0x000002332f232760 Uncommon trap: trap_request=0xffffffde fr.pc=0x000002333a4275a4 relative=0x0000000000000104
Event: 2.264 Thread 0x000002332f232760 Uncommon trap: reason=class_check action=maybe_recompile pc=0x000002333a4275a4 method=jdk.internal.misc.Unsafe.allocateUninitializedArray(Ljava/lang/Class;I)Ljava/lang/Object; @ 51 c2
Event: 2.264 Thread 0x000002332f232760 DEOPT PACKING pc=0x000002333a4275a4 sp=0x0000003d101fcf50
Event: 2.264 Thread 0x000002332f232760 DEOPT UNPACKING pc=0x00000233329423a3 sp=0x0000003d101fced8 mode 2
Event: 2.264 Thread 0x000002332f232760 Uncommon trap: trap_request=0xffffffde fr.pc=0x000002333a4275a4 relative=0x0000000000000104
Event: 2.264 Thread 0x000002332f232760 Uncommon trap: reason=class_check action=maybe_recompile pc=0x000002333a4275a4 method=jdk.internal.misc.Unsafe.allocateUninitializedArray(Ljava/lang/Class;I)Ljava/lang/Object; @ 51 c2
Event: 2.264 Thread 0x000002332f232760 DEOPT PACKING pc=0x000002333a4275a4 sp=0x0000003d101fd9f0
Event: 2.264 Thread 0x000002332f232760 DEOPT UNPACKING pc=0x00000233329423a3 sp=0x0000003d101fd978 mode 2
Event: 2.366 Thread 0x0000023349211ab0 Uncommon trap: trap_request=0xffffff45 fr.pc=0x000002333a3fcb00 relative=0x0000000000000be0
Event: 2.366 Thread 0x0000023349211ab0 Uncommon trap: reason=unstable_if action=reinterpret pc=0x000002333a3fcb00 method=java.util.concurrent.ConcurrentHashMap.addCount(JI)V @ 34 c2
Event: 2.366 Thread 0x0000023349211ab0 DEOPT PACKING pc=0x000002333a3fcb00 sp=0x0000003d115fdbd0
Event: 2.366 Thread 0x0000023349211ab0 DEOPT UNPACKING pc=0x00000233329423a3 sp=0x0000003d115fda90 mode 2

Classes unloaded (0 events):
No events

Classes redefined (0 events):
No events

Internal exceptions (20 events):
Event: 1.482 Thread 0x000002332f232760 Exception <a 'java/lang/NoSuchMethodError'{0x00000000a74cefd8}: 'int java.lang.invoke.DirectMethodHandle$Holder.invokeStaticInit(java.lang.Object, java.lang.Object, java.lang.Object, java.lang.Object)'> (0x00000000a74cefd8) 
thrown [s\src\hotspot\share\interpreter\linkResolver.cpp, line 759]
Event: 1.483 Thread 0x000002332f232760 Exception <a 'java/lang/IncompatibleClassChangeError'{0x00000000a74d8180}: Found class java.lang.Object, but interface was expected> (0x00000000a74d8180) 
thrown [s\src\hotspot\share\interpreter\linkResolver.cpp, line 826]
Event: 1.664 Thread 0x000002332f232760 Exception <a 'java/lang/NoSuchMethodError'{0x00000000a6d5d250}: 'java.lang.Object java.lang.invoke.DirectMethodHandle$Holder.invokeStaticInit(java.lang.Object, int, int, int, int)'> (0x00000000a6d5d250) 
thrown [s\src\hotspot\share\interpreter\linkResolver.cpp, line 759]
Event: 1.772 Thread 0x000002332f232760 Exception <a 'java/lang/NoSuchMethodError'{0x00000000a6d77aa0}: 'java.lang.Object java.lang.invoke.DirectMethodHandle$Holder.invokeStaticInit(java.lang.Object, java.lang.Object, int, int, int, int)'> (0x00000000a6d77aa0) 
thrown [s\src\hotspot\share\interpreter\linkResolver.cpp, line 759]
Event: 1.954 Thread 0x000002332f232760 Exception <a 'java/lang/NoSuchMethodError'{0x00000000a6beed00}: 'java.lang.Object java.lang.invoke.DirectMethodHandle$Holder.invokeInterface(java.lang.Object, java.lang.Object, java.lang.Object)'> (0x00000000a6beed00) 
thrown [s\src\hotspot\share\interpreter\linkResolver.cpp, line 759]
Event: 1.955 Thread 0x000002332f232760 Exception <a 'java/lang/IncompatibleClassChangeError'{0x00000000a6bf2760}: Found class java.lang.Object, but interface was expected> (0x00000000a6bf2760) 
thrown [s\src\hotspot\share\interpreter\linkResolver.cpp, line 826]
Event: 1.957 Thread 0x000002332f232760 Exception <a 'java/lang/NoSuchMethodError'{0x00000000a6bfa960}: 'int java.lang.invoke.DirectMethodHandle$Holder.invokeSpecialIFC(java.lang.Object, java.lang.Object, java.lang.Object, java.lang.Object)'> (0x00000000a6bfa960) 
thrown [s\src\hotspot\share\interpreter\linkResolver.cpp, line 759]
Event: 1.970 Thread 0x000002332f232760 Exception <a 'java/lang/NoSuchMethodError'{0x00000000a6a5c138}: 'java.lang.Object java.lang.invoke.DirectMethodHandle$Holder.invokeVirtual(java.lang.Object, java.lang.Object, java.lang.Object, java.lang.Object)'> (0x00000000a6a5c138) 
thrown [s\src\hotspot\share\interpreter\linkResolver.cpp, line 759]
Event: 2.017 Thread 0x0000023349241950 Exception <a 'java/net/ConnectException'{0x00000000a697e6b0}: Connection refused: no further information> (0x00000000a697e6b0) 
thrown [s\src\hotspot\share\prims\jni.cpp, line 535]
Event: 2.017 Thread 0x0000023349241950 Exception <a 'java/net/SocketException'{0x00000000a697e9e8}: Socket is not connected: shutdown> (0x00000000a697e9e8) 
thrown [s\src\hotspot\share\prims\jni.cpp, line 535]
Event: 2.036 Thread 0x0000023349241950 Exception <a 'java/net/ConnectException'{0x00000000a697f960}: Connection refused: no further information> (0x00000000a697f960) 
thrown [s\src\hotspot\share\prims\jni.cpp, line 535]
Event: 2.037 Thread 0x0000023349241950 Exception <a 'java/net/SocketException'{0x00000000a697fc98}: Socket is not connected: shutdown> (0x00000000a697fc98) 
thrown [s\src\hotspot\share\prims\jni.cpp, line 535]
Event: 2.122 Thread 0x000002332f232760 Exception <a 'java/lang/NoSuchMethodError'{0x00000000a68f8fb8}: 'java.lang.Object java.lang.invoke.DirectMethodHandle$Holder.newInvokeSpecial(java.lang.Object, java.lang.Object, int, int)'> (0x00000000a68f8fb8) 
thrown [s\src\hotspot\share\interpreter\linkResolver.cpp, line 759]
Event: 2.125 Thread 0x000002332f232760 Exception <a 'java/lang/NoSuchMethodError'{0x00000000a6704390}: 'void java.lang.invoke.DirectMethodHandle$Holder.invokeStatic(java.lang.Object, java.lang.Object, int)'> (0x00000000a6704390) 
thrown [s\src\hotspot\share\interpreter\linkResolver.cpp, line 759]
Event: 2.159 Thread 0x000002332f232760 Exception <a 'java/lang/NoSuchMethodError'{0x00000000a67f32d0}: 'java.lang.Object java.lang.invoke.DirectMethodHandle$Holder.newInvokeSpecial(java.lang.Object, java.lang.Object, java.lang.Object, java.lang.Object, java.lang.Object)'> (0x00000000a67f32d0) 
thrown [s\src\hotspot\share\interpreter\linkResolver.cpp, line 759]
Event: 2.248 Thread 0x000002332f232760 Exception <a 'java/lang/NoSuchMethodError'{0x00000000a7b77008}: 'void java.lang.invoke.DirectMethodHandle$Holder.invokeSpecial(java.lang.Object, java.lang.Object, java.lang.Object)'> (0x00000000a7b77008) 
thrown [s\src\hotspot\share\interpreter\linkResolver.cpp, line 759]
Event: 2.305 Thread 0x0000023349296590 Exception <a 'java/lang/NoSuchMethodError'{0x00000000a79fe0d8}: 'java.lang.Object java.lang.invoke.DirectMethodHandle$Holder.invokeSpecial(java.lang.Object, java.lang.Object, java.lang.Object, java.lang.Object, int)'> (0x00000000a79fe0d8) 
thrown [s\src\hotspot\share\interpreter\linkResolver.cpp, line 759]
Event: 2.305 Thread 0x0000023349296590 Exception <a 'java/lang/NoSuchMethodError'{0x00000000a7802380}: 'java.lang.Object java.lang.invoke.Invokers$Holder.linkToTargetMethod(java.lang.Object, java.lang.Object, int, java.lang.Object)'> (0x00000000a7802380) 
thrown [s\src\hotspot\share\interpreter\linkResolver.cpp, line 759]
Event: 2.344 Thread 0x0000023349296590 Exception <a 'java/lang/NoSuchMethodError'{0x00000000a774e450}: 'void java.lang.invoke.DirectMethodHandle$Holder.invokeSpecial(java.lang.Object, java.lang.Object, java.lang.Object, java.lang.Object, java.lang.Object)'> (0x00000000a774e450) 
thrown [s\src\hotspot\share\interpreter\linkResolver.cpp, line 759]
Event: 3.483 Thread 0x0000023349296590 Exception <a 'java/lang/NoSuchMethodError'{0x00000000a76abfe0}: 'void java.lang.invoke.DirectMethodHandle$Holder.invokeSpecial(java.lang.Object, java.lang.Object, java.lang.Object, java.lang.Object, java.lang.Object, java.lang.Object, java.lang.Object)'> (0x00000000a76abfe0) 
thrown [s\src\hotspot\share\interpreter\linkResolver.cpp, line 759]

VM Operations (20 events):
Event: 0.574 Executing VM operation: HandshakeAllThreads
Event: 0.574 Executing VM operation: HandshakeAllThreads done
Event: 0.583 Executing VM operation: HandshakeAllThreads
Event: 0.583 Executing VM operation: HandshakeAllThreads done
Event: 1.397 Executing VM operation: HandshakeAllThreads
Event: 1.397 Executing VM operation: HandshakeAllThreads done
Event: 1.397 Executing VM operation: Cleanup
Event: 1.397 Executing VM operation: Cleanup done
Event: 1.785 Executing VM operation: HandshakeAllThreads
Event: 1.785 Executing VM operation: HandshakeAllThreads done
Event: 2.073 Executing VM operation: HandshakeAllThreads
Event: 2.073 Executing VM operation: HandshakeAllThreads done
Event: 2.075 Executing VM operation: HandshakeAllThreads
Event: 2.075 Executing VM operation: HandshakeAllThreads done
Event: 2.161 Executing VM operation: G1CollectForAllocation
Event: 2.170 Executing VM operation: G1CollectForAllocation done
Event: 3.180 Executing VM operation: Cleanup
Event: 3.180 Executing VM operation: Cleanup done
Event: 3.442 Executing VM operation: HandshakeAllThreads
Event: 3.442 Executing VM operation: HandshakeAllThreads done

Events (20 events):
Event: 3.461 loading class java/util/stream/ReferencePipeline$5
Event: 3.461 loading class java/util/stream/LongPipeline$StatelessOp
Event: 3.461 loading class java/util/stream/LongPipeline
Event: 3.462 loading class java/util/stream/LongStream
Event: 3.463 loading class java/util/stream/LongStream done
Event: 3.463 loading class java/util/stream/LongPipeline done
Event: 3.463 loading class java/util/stream/LongPipeline$StatelessOp done
Event: 3.463 loading class java/util/stream/ReferencePipeline$5 done
Event: 3.464 loading class java/util/stream/FindOps$FindSink$OfLong
Event: 3.464 loading class java/util/stream/Sink$OfLong
Event: 3.464 loading class java/util/function/LongConsumer
Event: 3.464 loading class java/util/function/LongConsumer done
Event: 3.464 loading class java/util/stream/Sink$OfLong done
Event: 3.464 loading class java/util/stream/FindOps$FindSink$OfLong done
Event: 3.465 loading class java/util/OptionalLong
Event: 3.465 loading class java/util/OptionalLong done
Event: 3.468 loading class java/util/stream/ReferencePipeline$5$1
Event: 3.468 loading class java/util/stream/ReferencePipeline$5$1 done
Event: 3.532 loading class java/util/DualPivotQuicksort
Event: 3.533 loading class java/util/DualPivotQuicksort done


Dynamic libraries:
0x00007ff7e4dd0000 - 0x00007ff7e4dde000 	C:\Users\subod\Downloads\eclipse-java-2022-09-R-win32-x86_64\eclipse\plugins\org.eclipse.justj.openjdk.hotspot.jre.full.win32.x86_64_17.0.4.v20220903-1038\jre\bin\javaw.exe
0x00007ffca2ed0000 - 0x00007ffca30e6000 	C:\Windows\SYSTEM32\ntdll.dll
0x00007ffca2dc0000 - 0x00007ffca2e84000 	C:\Windows\System32\KERNEL32.DLL
0x00007ffca0480000 - 0x00007ffca0827000 	C:\Windows\System32\KERNELBASE.dll
0x00007ffca0330000 - 0x00007ffca0441000 	C:\Windows\System32\ucrtbase.dll
0x00007ffc7cc80000 - 0x00007ffc7cc98000 	C:\Users\subod\Downloads\eclipse-java-2022-09-R-win32-x86_64\eclipse\plugins\org.eclipse.justj.openjdk.hotspot.jre.full.win32.x86_64_17.0.4.v20220903-1038\jre\bin\jli.dll
0x00007ffc7cca0000 - 0x00007ffc7ccb9000 	C:\Users\subod\Downloads\eclipse-java-2022-09-R-win32-x86_64\eclipse\plugins\org.eclipse.justj.openjdk.hotspot.jre.full.win32.x86_64_17.0.4.v20220903-1038\jre\bin\VCRUNTIME140.dll
0x00007ffca1c50000 - 0x00007ffca1dfe000 	C:\Windows\System32\USER32.dll
0x00007ffc819e0000 - 0x00007ffc81c73000 	C:\Windows\WinSxS\amd64_microsoft.windows.common-controls_6595b64144ccf1df_6.0.22621.3235_none_270f74e173860f98\COMCTL32.dll
0x00007ffca0450000 - 0x00007ffca0476000 	C:\Windows\System32\win32u.dll
0x00007ffca27a0000 - 0x00007ffca2847000 	C:\Windows\System32\msvcrt.dll
0x00007ffca2200000 - 0x00007ffca2229000 	C:\Windows\System32\GDI32.dll
0x00007ffca0830000 - 0x00007ffca0949000 	C:\Windows\System32\gdi32full.dll
0x00007ffca0b60000 - 0x00007ffca0bfa000 	C:\Windows\System32\msvcp_win.dll
0x00007ffca0d70000 - 0x00007ffca0da1000 	C:\Windows\System32\IMM32.DLL
0x00007ffc7d290000 - 0x00007ffc7d29c000 	C:\Users\subod\Downloads\eclipse-java-2022-09-R-win32-x86_64\eclipse\plugins\org.eclipse.justj.openjdk.hotspot.jre.full.win32.x86_64_17.0.4.v20220903-1038\jre\bin\vcruntime140_1.dll
0x00007ffc7cbe0000 - 0x00007ffc7cc71000 	C:\Users\subod\Downloads\eclipse-java-2022-09-R-win32-x86_64\eclipse\plugins\org.eclipse.justj.openjdk.hotspot.jre.full.win32.x86_64_17.0.4.v20220903-1038\jre\bin\msvcp140.dll
0x00007ffc5e2b0000 - 0x00007ffc5eef6000 	C:\Users\subod\Downloads\eclipse-java-2022-09-R-win32-x86_64\eclipse\plugins\org.eclipse.justj.openjdk.hotspot.jre.full.win32.x86_64_17.0.4.v20220903-1038\jre\bin\server\jvm.dll
0x00007ffca0cb0000 - 0x00007ffca0d62000 	C:\Windows\System32\ADVAPI32.dll
0x00007ffca1e00000 - 0x00007ffca1ea8000 	C:\Windows\System32\sechost.dll
0x00007ffca0950000 - 0x00007ffca0978000 	C:\Windows\System32\bcrypt.dll
0x00007ffca19d0000 - 0x00007ffca1ae5000 	C:\Windows\System32\RPCRT4.dll
0x00007ffca20f0000 - 0x00007ffca20f8000 	C:\Windows\System32\PSAPI.DLL
0x00007ffc9a760000 - 0x00007ffc9a794000 	C:\Windows\SYSTEM32\WINMM.dll
0x00007ffc7d040000 - 0x00007ffc7d049000 	C:\Windows\SYSTEM32\WSOCK32.dll
0x00007ffc9a0d0000 - 0x00007ffc9a0da000 	C:\Windows\SYSTEM32\VERSION.dll
0x00007ffca0db0000 - 0x00007ffca0e21000 	C:\Windows\System32\WS2_32.dll
0x00007ffc9f240000 - 0x00007ffc9f258000 	C:\Windows\SYSTEM32\kernel.appcore.dll
0x00007ffc6e0b0000 - 0x00007ffc6e0ba000 	C:\Users\subod\Downloads\eclipse-java-2022-09-R-win32-x86_64\eclipse\plugins\org.eclipse.justj.openjdk.hotspot.jre.full.win32.x86_64_17.0.4.v20220903-1038\jre\bin\jimage.dll
0x00007ffc93430000 - 0x00007ffc93663000 	C:\Windows\SYSTEM32\DBGHELP.DLL
0x00007ffca2230000 - 0x00007ffca25b8000 	C:\Windows\System32\combase.dll
0x00007ffca25c0000 - 0x00007ffca2697000 	C:\Windows\System32\OLEAUT32.dll
0x00007ffc933f0000 - 0x00007ffc93422000 	C:\Windows\SYSTEM32\dbgcore.DLL
0x00007ffca01f0000 - 0x00007ffca0269000 	C:\Windows\System32\bcryptPrimitives.dll
0x00007ffc6c1a0000 - 0x00007ffc6c1c5000 	C:\Users\subod\Downloads\eclipse-java-2022-09-R-win32-x86_64\eclipse\plugins\org.eclipse.justj.openjdk.hotspot.jre.full.win32.x86_64_17.0.4.v20220903-1038\jre\bin\java.dll
0x00007ffc6e090000 - 0x00007ffc6e0a8000 	C:\Users\subod\Downloads\eclipse-java-2022-09-R-win32-x86_64\eclipse\plugins\org.eclipse.justj.openjdk.hotspot.jre.full.win32.x86_64_17.0.4.v20220903-1038\jre\bin\zip.dll
0x00007ffca0ff0000 - 0x00007ffca184c000 	C:\Windows\System32\SHELL32.dll
0x00007ffc9e170000 - 0x00007ffc9ea69000 	C:\Windows\SYSTEM32\windows.storage.dll
0x00007ffc9e030000 - 0x00007ffc9e16e000 	C:\Windows\SYSTEM32\wintypes.dll
0x00007ffca1b50000 - 0x00007ffca1c43000 	C:\Windows\System32\SHCORE.dll
0x00007ffca2100000 - 0x00007ffca215e000 	C:\Windows\System32\shlwapi.dll
0x00007ffca0120000 - 0x00007ffca0141000 	C:\Windows\SYSTEM32\profapi.dll
0x00007ffc6c180000 - 0x00007ffc6c199000 	C:\Users\subod\Downloads\eclipse-java-2022-09-R-win32-x86_64\eclipse\plugins\org.eclipse.justj.openjdk.hotspot.jre.full.win32.x86_64_17.0.4.v20220903-1038\jre\bin\net.dll
0x00007ffc9aa20000 - 0x00007ffc9ab56000 	C:\Windows\SYSTEM32\WINHTTP.dll
0x00007ffc9f6b0000 - 0x00007ffc9f719000 	C:\Windows\system32\mswsock.dll
0x00007ffc6c160000 - 0x00007ffc6c175000 	C:\Users\subod\Downloads\eclipse-java-2022-09-R-win32-x86_64\eclipse\plugins\org.eclipse.justj.openjdk.hotspot.jre.full.win32.x86_64_17.0.4.v20220903-1038\jre\bin\nio.dll
0x00007ffc9ed40000 - 0x00007ffc9ee39000 	C:\Windows\SYSTEM32\DNSAPI.dll
0x00007ffc9ecd0000 - 0x00007ffc9ecfd000 	C:\Windows\SYSTEM32\IPHLPAPI.DLL
0x00007ffca1f20000 - 0x00007ffca1f29000 	C:\Windows\System32\NSI.dll
0x00007ffc956a0000 - 0x00007ffc956aa000 	C:\Windows\System32\rasadhlp.dll
0x00007ffc99e50000 - 0x00007ffc99ed3000 	C:\Windows\System32\fwpuclnt.dll
0x00007ffc9f910000 - 0x00007ffc9f92b000 	C:\Windows\SYSTEM32\CRYPTSP.dll
0x00007ffc9f1a0000 - 0x00007ffc9f1d5000 	C:\Windows\system32\rsaenh.dll
0x00007ffc9f7a0000 - 0x00007ffc9f7c8000 	C:\Windows\SYSTEM32\USERENV.dll
0x00007ffc9f900000 - 0x00007ffc9f90c000 	C:\Windows\SYSTEM32\CRYPTBASE.dll
0x00007ffc9acc0000 - 0x00007ffc9acd9000 	C:\Windows\SYSTEM32\dhcpcsvc6.DLL
0x00007ffc9aca0000 - 0x00007ffc9acbf000 	C:\Windows\SYSTEM32\dhcpcsvc.DLL
0x00007ffc6c110000 - 0x00007ffc6c11e000 	C:\Users\subod\Downloads\eclipse-java-2022-09-R-win32-x86_64\eclipse\plugins\org.eclipse.justj.openjdk.hotspot.jre.full.win32.x86_64_17.0.4.v20220903-1038\jre\bin\sunmscapi.dll
0x00007ffca0980000 - 0x00007ffca0ae6000 	C:\Windows\System32\CRYPT32.dll
0x00007ffc9fac0000 - 0x00007ffc9faee000 	C:\Windows\SYSTEM32\ncrypt.dll
0x00007ffc9fa80000 - 0x00007ffc9fab7000 	C:\Windows\SYSTEM32\NTASN1.dll
0x00007ffc7cb30000 - 0x00007ffc7cb38000 	C:\Windows\system32\wshunix.dll

dbghelp: loaded successfully - version: 4.0.5 - missing functions: none
symbol engine: initialized successfully - sym options: 0x614 - pdb path: .;C:\Users\subod\Downloads\eclipse-java-2022-09-R-win32-x86_64\eclipse\plugins\org.eclipse.justj.openjdk.hotspot.jre.full.win32.x86_64_17.0.4.v20220903-1038\jre\bin;C:\Windows\SYSTEM32;C:\Windows\WinSxS\amd64_microsoft.windows.common-controls_6595b64144ccf1df_6.0.22621.3235_none_270f74e173860f98;C:\Users\subod\Downloads\eclipse-java-2022-09-R-win32-x86_64\eclipse\plugins\org.eclipse.justj.openjdk.hotspot.jre.full.win32.x86_64_17.0.4.v20220903-1038\jre\bin\server

VM Arguments:
jvm_args: -Dfile.encoding=UTF-8 -XX:+ShowCodeDetailsInExceptionMessages 
java_command: ToTakeCreenshot.ScreenshotOfPerticularWebElement
java_class_path (initial): C:\Users\subod\git\Java-Selenium\Automation\bin;C:\Users\subod\git\Java-Selenium\Automation\jars\selenium-server-4.15.0.jar
Launcher Type: SUN_STANDARD

[Global flags]
     intx CICompilerCount                          = 4                                         {product} {ergonomic}
     uint ConcGCThreads                            = 2                                         {product} {ergonomic}
     uint G1ConcRefinementThreads                  = 8                                         {product} {ergonomic}
   size_t G1HeapRegionSize                         = 1048576                                   {product} {ergonomic}
    uintx GCDrainStackTargetSize                   = 64                                        {product} {ergonomic}
   size_t InitialHeapSize                          = 100663296                                 {product} {ergonomic}
   size_t MarkStackSize                            = 4194304                                   {product} {ergonomic}
   size_t MaxHeapSize                              = 1579155456                                {product} {ergonomic}
   size_t MaxNewSize                               = 946864128                                 {product} {ergonomic}
   size_t MinHeapDeltaBytes                        = 1048576                                   {product} {ergonomic}
   size_t MinHeapSize                              = 8388608                                   {product} {ergonomic}
    uintx NonNMethodCodeHeapSize                   = 5839372                                {pd product} {ergonomic}
    uintx NonProfiledCodeHeapSize                  = 122909434                              {pd product} {ergonomic}
    uintx ProfiledCodeHeapSize                     = 122909434                              {pd product} {ergonomic}
    uintx ReservedCodeCacheSize                    = 251658240                              {pd product} {ergonomic}
     bool SegmentedCodeCache                       = true                                      {product} {ergonomic}
     bool ShowCodeDetailsInExceptionMessages       = true                                   {manageable} {command line}
   size_t SoftMaxHeapSize                          = 1579155456                             {manageable} {ergonomic}
     bool UseCompressedClassPointers               = true                           {product lp64_product} {ergonomic}
     bool UseCompressedOops                        = true                           {product lp64_product} {ergonomic}
     bool UseG1GC                                  = true                                      {product} {ergonomic}
     bool UseLargePagesIndividualAllocation        = false                                  {pd product} {ergonomic}

Logging:
Log output configuration:
 #0: stdout all=warning uptime,level,tags
 #1: stderr all=off uptime,level,tags

Environment Variables:
PATH=C:/Users/subod/Downloads/eclipse-java-2022-09-R-win32-x86_64/eclipse//plugins/org.eclipse.justj.openjdk.hotspot.jre.full.win32.x86_64_17.0.4.v20220903-1038/jre/bin/server;C:/Users/subod/Downloads/eclipse-java-2022-09-R-win32-x86_64/eclipse//plugins/org.eclipse.justj.openjdk.hotspot.jre.full.win32.x86_64_17.0.4.v20220903-1038/jre/bin;C:\Program Files\Common Files\Oracle\Java\javapath;D:\oracle\product\10.2.0\db_1\bin;C:\Windows\system32;C:\Windows;C:\Windows\System32\Wbem;C:\Windows\System32\WindowsPowerShell\v1.0\;C:\Windows\System32\OpenSSH\;C:\Program Files\Java\jdk-11.0.15.1\bin;C:\Users\subod\AppData\Local\Microsoft\WindowsApps;C:\Users\subod\AppData\Local\spicetify;C:\Program Files\Java\jdk-11.0.15.1\bin;;C:\Users\subod\Downloads\eclipse-java-2022-09-R-win32-x86_64\eclipse;
USERNAME=subodh
OS=Windows_NT
PROCESSOR_IDENTIFIER=AMD64 Family 23 Model 24 Stepping 1, AuthenticAMD
TMP=C:\Users\subod\AppData\Local\Temp
TEMP=C:\Users\subod\AppData\Local\Temp



---------------  S Y S T E M  ---------------

OS:
 Windows 11 , 64 bit Build 22621 (10.0.22621.3374)
OS uptime: 0 days 0:18 hours

CPU: total 8 (initial active 8) (8 cores per cpu, 2 threads per core) family 23 model 24 stepping 1 microcode 0x0, cx8, cmov, fxsr, ht, mmx, 3dnowpref, sse, sse2, sse3, ssse3, sse4a, sse4.1, sse4.2, popcnt, lzcnt, tsc, tscinvbit, avx, avx2, aes, clmul, bmi1, bmi2, adx, sha, fma, vzeroupper, clflush, clflushopt

Memory: 4k page, system-wide physical 6019M (1158M free)
TotalPageFile size 8067M (AvailPageFile size 1M)
current process WorkingSet (physical memory assigned to process): 93M, peak: 93M
current process commit charge ("private bytes"): 196M, peak: 196M

vm_info: OpenJDK 64-Bit Server VM (17.0.4.1+1) for windows-amd64 JRE (17.0.4.1+1), built on Aug 17 2022 07:42:43 by "temurin" with MS VC++ 16.7 (VS2019)

END.
