#
# There is insufficient memory for the Java Runtime Environment to continue.
# Native memory allocation (mmap) failed to map 65536 bytes for Failed to commit metaspace.
# Possible reasons:
#   The system is out of physical RAM or swap space
#   The process is running with CompressedOops enabled, and the Java Heap may be blocking the growth of the native heap
# Possible solutions:
#   Reduce memory load on the system
#   Increase physical memory or swap space
#   Check if swap backing store is full
#   Decrease Java heap size (-Xmx/-Xms)
#   Decrease number of Java threads
#   Decrease Java thread stack sizes (-Xss)
#   Set larger code cache with -XX:ReservedCodeCacheSize=
#   JVM is running with Unscaled Compressed Oops mode in which the Java heap is
#     placed in the first 4GB address space. The Java Heap base address is the
#     maximum limit for the native heap growth. Please use -XX:HeapBaseMinAddress
#     to set the Java Heap base and to place the Java Heap above 4GB virtual address.
# This output file may be truncated or incomplete.
#
#  Out of Memory Error (virtualSpaceNode.cpp:110), pid=30516, tid=35692
#
# JRE version: OpenJDK Runtime Environment Temurin-17.0.4.1+1 (17.0.4.1+1) (build 17.0.4.1+1)
# Java VM: OpenJDK 64-Bit Server VM Temurin-17.0.4.1+1 (17.0.4.1+1, mixed mode, tiered, compressed oops, compressed class ptrs, g1 gc, windows-amd64)
# No core dump will be written. Minidumps are not enabled by default on client versions of Windows
#

---------------  S U M M A R Y ------------

Command Line: -Dfile.encoding=UTF-8 -XX:+ShowCodeDetailsInExceptionMessages Practice.KeyBoardActionsPractice

Host: AMD Ryzen 5 3550H with Radeon Vega Mobile Gfx  , 8 cores, 5G,  Windows 11 , 64 bit Build 22621 (10.0.22621.3235)
Time: Sun Mar 17 19:29:48 2024 India Standard Time elapsed time: 0.235971 seconds (0d 0h 0m 0s)

---------------  T H R E A D  ---------------

Current thread (0x00000192f6dfb2d0):  JavaThread "main" [_thread_in_vm, id=35692, stack(0x00000020c0600000,0x00000020c0700000)]

Stack: [0x00000020c0600000,0x00000020c0700000]
Native frames: (J=compiled Java code, j=interpreted, Vv=VM code, C=native code)
V  [jvm.dll+0x67731a]
V  [jvm.dll+0x832284]
V  [jvm.dll+0x833a2e]
V  [jvm.dll+0x834093]
V  [jvm.dll+0x245775]
V  [jvm.dll+0x82e22b]
V  [jvm.dll+0x61bdf6]
V  [jvm.dll+0x1c07be]
V  [jvm.dll+0x61e741]
V  [jvm.dll+0x61c796]
V  [jvm.dll+0x2431cc]
V  [jvm.dll+0x6cd7ed]
V  [jvm.dll+0x6ce21f]
V  [jvm.dll+0x370333]
V  [jvm.dll+0x36f512]
V  [jvm.dll+0x36f4b8]
V  [jvm.dll+0x55df35]
V  [jvm.dll+0x55ce54]
V  [jvm.dll+0x383307]
V  [jvm.dll+0x38295f]
C  0x000001928001a56c

Java frames: (J=compiled Java code, j=interpreted, Vv=VM code)
j  org.openqa.selenium.net.PortProber.<clinit>()V+10
v  ~StubRoutines::call_stub
j  org.openqa.selenium.remote.service.DriverService$Builder.build()Lorg/openqa/selenium/remote/service/DriverService;+8
j  org.openqa.selenium.chrome.ChromeDriverService.createDefaultService()Lorg/openqa/selenium/chrome/ChromeDriverService;+7
j  org.openqa.selenium.chrome.ChromeDriver.<init>()V+1
j  Practice.KeyBoardActionsPractice.main([Ljava/lang/String;)V+4
v  ~StubRoutines::call_stub

---------------  P R O C E S S  ---------------

Threads class SMR info:
_java_thread_list=0x00000192ff583370, length=12, elements={
0x00000192f6dfb2d0, 0x00000192fea213a0, 0x00000192fea21e60, 0x00000192fea40c50,
0x00000192fea41710, 0x00000192fea82400, 0x00000192fea82cc0, 0x00000192fea86db0,
0x00000192fea876b0, 0x00000192ff42a7e0, 0x00000192ff56ff40, 0x00000192ff585410
}

Java Threads: ( => current thread )
=>0x00000192f6dfb2d0 JavaThread "main" [_thread_in_vm, id=35692, stack(0x00000020c0600000,0x00000020c0700000)]
  0x00000192fea213a0 JavaThread "Reference Handler" daemon [_thread_blocked, id=32356, stack(0x00000020c0d00000,0x00000020c0e00000)]
  0x00000192fea21e60 JavaThread "Finalizer" daemon [_thread_blocked, id=35236, stack(0x00000020c0e00000,0x00000020c0f00000)]
  0x00000192fea40c50 JavaThread "Signal Dispatcher" daemon [_thread_blocked, id=32896, stack(0x00000020c0f00000,0x00000020c1000000)]
  0x00000192fea41710 JavaThread "Attach Listener" daemon [_thread_blocked, id=32792, stack(0x00000020c1000000,0x00000020c1100000)]
  0x00000192fea82400 JavaThread "Service Thread" daemon [_thread_blocked, id=31016, stack(0x00000020c1100000,0x00000020c1200000)]
  0x00000192fea82cc0 JavaThread "Monitor Deflation Thread" daemon [_thread_blocked, id=31768, stack(0x00000020c1200000,0x00000020c1300000)]
  0x00000192fea86db0 JavaThread "C2 CompilerThread0" daemon [_thread_blocked, id=30924, stack(0x00000020c1300000,0x00000020c1400000)]
  0x00000192fea876b0 JavaThread "C1 CompilerThread0" daemon [_thread_blocked, id=37148, stack(0x00000020c1400000,0x00000020c1500000)]
  0x00000192ff42a7e0 JavaThread "Sweeper thread" daemon [_thread_blocked, id=34740, stack(0x00000020c1500000,0x00000020c1600000)]
  0x00000192ff56ff40 JavaThread "Notification Thread" daemon [_thread_blocked, id=33340, stack(0x00000020c1600000,0x00000020c1700000)]
  0x00000192ff585410 JavaThread "Common-Cleaner" daemon [_thread_blocked, id=33952, stack(0x00000020c1800000,0x00000020c1900000)]

Other Threads:
  0x00000192fea559f0 VMThread "VM Thread" [stack: 0x00000020c0c00000,0x00000020c0d00000] [id=32616]
  0x00000192ff570c30 WatcherThread [stack: 0x00000020c1700000,0x00000020c1800000] [id=32576]
  0x00000192f6e41ec0 GCTaskThread "GC Thread#0" [stack: 0x00000020c0700000,0x00000020c0800000] [id=34292]
  0x00000192f6e50fa0 ConcurrentGCThread "G1 Main Marker" [stack: 0x00000020c0800000,0x00000020c0900000] [id=34856]
  0x00000192f6e51760 ConcurrentGCThread "G1 Conc#0" [stack: 0x00000020c0900000,0x00000020c0a00000] [id=34020]
  0x00000192f6eb5c30 ConcurrentGCThread "G1 Refine#0" [stack: 0x00000020c0a00000,0x00000020c0b00000] [id=36248]
  0x00000192fe8a0580 ConcurrentGCThread "G1 Service" [stack: 0x00000020c0b00000,0x00000020c0c00000] [id=36628]

Threads with active compile tasks:

VM state: not at safepoint (normal execution)

VM Mutex/Monitor currently owned by a thread:  ([mutex/lock_event])
[0x00000192f6df7410] Metaspace_lock - owner thread: 0x00000192f6dfb2d0

Heap address: 0x00000000a1e00000, size: 1506 MB, Compressed Oops mode: 32-bit

CDS archive(s) not mapped
Compressed class space mapped at: 0x0000000100000000-0x0000000140000000, reserved size: 1073741824
Narrow klass base: 0x0000000000000000, Narrow klass shift: 3, Narrow klass range: 0x140000000

GC Precious Log:
 CPUs: 8 total, 8 available
 Memory: 6019M
 Large Page Support: Disabled
 NUMA Support: Disabled
 Compressed Oops: Enabled (32-bit)
 Heap Region Size: 1M
 Heap Min Capacity: 8M
 Heap Initial Capacity: 96M
 Heap Max Capacity: 1506M
 Pre-touch: Disabled
 Parallel Workers: 8
 Concurrent Workers: 2
 Concurrent Refinement Workers: 8
 Periodic GC: Disabled

Heap:
 garbage-first heap   total 98304K, used 5120K [0x00000000a1e00000, 0x0000000100000000)
  region size 1024K, 3 young (3072K), 0 survivors (0K)
 Metaspace       used 7185K, committed 7296K, reserved 1056768K
  class space    used 642K, committed 704K, reserved 1048576K

Heap Regions: E=young(eden), S=young(survivor), O=old, HS=humongous(starts), HC=humongous(continues), CS=collection set, F=free, OA=open archive, CA=closed archive, TAMS=top-at-mark-start (previous, next)
|   0|0x00000000a1e00000, 0x00000000a1f00000, 0x00000000a1f00000|100%|HS|  |TAMS 0x00000000a1e00000, 0x00000000a1e00000| Complete 
|   1|0x00000000a1f00000, 0x00000000a2000000, 0x00000000a2000000|100%|HC|  |TAMS 0x00000000a1f00000, 0x00000000a1f00000| Complete 
|   2|0x00000000a2000000, 0x00000000a2100000, 0x00000000a2100000|100%|HC|  |TAMS 0x00000000a2000000, 0x00000000a2000000| Complete 
|   3|0x00000000a2100000, 0x00000000a2100000, 0x00000000a2200000|  0%| F|  |TAMS 0x00000000a2100000, 0x00000000a2100000| Untracked 
|   4|0x00000000a2200000, 0x00000000a2200000, 0x00000000a2300000|  0%| F|  |TAMS 0x00000000a2200000, 0x00000000a2200000| Untracked 
|   5|0x00000000a2300000, 0x00000000a2300000, 0x00000000a2400000|  0%| F|  |TAMS 0x00000000a2300000, 0x00000000a2300000| Untracked 
|   6|0x00000000a2400000, 0x00000000a2400000, 0x00000000a2500000|  0%| F|  |TAMS 0x00000000a2400000, 0x00000000a2400000| Untracked 
|   7|0x00000000a2500000, 0x00000000a2500000, 0x00000000a2600000|  0%| F|  |TAMS 0x00000000a2500000, 0x00000000a2500000| Untracked 
|   8|0x00000000a2600000, 0x00000000a2600000, 0x00000000a2700000|  0%| F|  |TAMS 0x00000000a2600000, 0x00000000a2600000| Untracked 
|   9|0x00000000a2700000, 0x00000000a2700000, 0x00000000a2800000|  0%| F|  |TAMS 0x00000000a2700000, 0x00000000a2700000| Untracked 
|  10|0x00000000a2800000, 0x00000000a2800000, 0x00000000a2900000|  0%| F|  |TAMS 0x00000000a2800000, 0x00000000a2800000| Untracked 
|  11|0x00000000a2900000, 0x00000000a2900000, 0x00000000a2a00000|  0%| F|  |TAMS 0x00000000a2900000, 0x00000000a2900000| Untracked 
|  12|0x00000000a2a00000, 0x00000000a2a00000, 0x00000000a2b00000|  0%| F|  |TAMS 0x00000000a2a00000, 0x00000000a2a00000| Untracked 
|  13|0x00000000a2b00000, 0x00000000a2b00000, 0x00000000a2c00000|  0%| F|  |TAMS 0x00000000a2b00000, 0x00000000a2b00000| Untracked 
|  14|0x00000000a2c00000, 0x00000000a2c00000, 0x00000000a2d00000|  0%| F|  |TAMS 0x00000000a2c00000, 0x00000000a2c00000| Untracked 
|  15|0x00000000a2d00000, 0x00000000a2d00000, 0x00000000a2e00000|  0%| F|  |TAMS 0x00000000a2d00000, 0x00000000a2d00000| Untracked 
|  16|0x00000000a2e00000, 0x00000000a2e00000, 0x00000000a2f00000|  0%| F|  |TAMS 0x00000000a2e00000, 0x00000000a2e00000| Untracked 
|  17|0x00000000a2f00000, 0x00000000a2f00000, 0x00000000a3000000|  0%| F|  |TAMS 0x00000000a2f00000, 0x00000000a2f00000| Untracked 
|  18|0x00000000a3000000, 0x00000000a3000000, 0x00000000a3100000|  0%| F|  |TAMS 0x00000000a3000000, 0x00000000a3000000| Untracked 
|  19|0x00000000a3100000, 0x00000000a3100000, 0x00000000a3200000|  0%| F|  |TAMS 0x00000000a3100000, 0x00000000a3100000| Untracked 
|  20|0x00000000a3200000, 0x00000000a3200000, 0x00000000a3300000|  0%| F|  |TAMS 0x00000000a3200000, 0x00000000a3200000| Untracked 
|  21|0x00000000a3300000, 0x00000000a3300000, 0x00000000a3400000|  0%| F|  |TAMS 0x00000000a3300000, 0x00000000a3300000| Untracked 
|  22|0x00000000a3400000, 0x00000000a3400000, 0x00000000a3500000|  0%| F|  |TAMS 0x00000000a3400000, 0x00000000a3400000| Untracked 
|  23|0x00000000a3500000, 0x00000000a3500000, 0x00000000a3600000|  0%| F|  |TAMS 0x00000000a3500000, 0x00000000a3500000| Untracked 
|  24|0x00000000a3600000, 0x00000000a3600000, 0x00000000a3700000|  0%| F|  |TAMS 0x00000000a3600000, 0x00000000a3600000| Untracked 
|  25|0x00000000a3700000, 0x00000000a3700000, 0x00000000a3800000|  0%| F|  |TAMS 0x00000000a3700000, 0x00000000a3700000| Untracked 
|  26|0x00000000a3800000, 0x00000000a3800000, 0x00000000a3900000|  0%| F|  |TAMS 0x00000000a3800000, 0x00000000a3800000| Untracked 
|  27|0x00000000a3900000, 0x00000000a3900000, 0x00000000a3a00000|  0%| F|  |TAMS 0x00000000a3900000, 0x00000000a3900000| Untracked 
|  28|0x00000000a3a00000, 0x00000000a3a00000, 0x00000000a3b00000|  0%| F|  |TAMS 0x00000000a3a00000, 0x00000000a3a00000| Untracked 
|  29|0x00000000a3b00000, 0x00000000a3b00000, 0x00000000a3c00000|  0%| F|  |TAMS 0x00000000a3b00000, 0x00000000a3b00000| Untracked 
|  30|0x00000000a3c00000, 0x00000000a3c00000, 0x00000000a3d00000|  0%| F|  |TAMS 0x00000000a3c00000, 0x00000000a3c00000| Untracked 
|  31|0x00000000a3d00000, 0x00000000a3d00000, 0x00000000a3e00000|  0%| F|  |TAMS 0x00000000a3d00000, 0x00000000a3d00000| Untracked 
|  32|0x00000000a3e00000, 0x00000000a3e00000, 0x00000000a3f00000|  0%| F|  |TAMS 0x00000000a3e00000, 0x00000000a3e00000| Untracked 
|  33|0x00000000a3f00000, 0x00000000a3f00000, 0x00000000a4000000|  0%| F|  |TAMS 0x00000000a3f00000, 0x00000000a3f00000| Untracked 
|  34|0x00000000a4000000, 0x00000000a4000000, 0x00000000a4100000|  0%| F|  |TAMS 0x00000000a4000000, 0x00000000a4000000| Untracked 
|  35|0x00000000a4100000, 0x00000000a4100000, 0x00000000a4200000|  0%| F|  |TAMS 0x00000000a4100000, 0x00000000a4100000| Untracked 
|  36|0x00000000a4200000, 0x00000000a4200000, 0x00000000a4300000|  0%| F|  |TAMS 0x00000000a4200000, 0x00000000a4200000| Untracked 
|  37|0x00000000a4300000, 0x00000000a4300000, 0x00000000a4400000|  0%| F|  |TAMS 0x00000000a4300000, 0x00000000a4300000| Untracked 
|  38|0x00000000a4400000, 0x00000000a4400000, 0x00000000a4500000|  0%| F|  |TAMS 0x00000000a4400000, 0x00000000a4400000| Untracked 
|  39|0x00000000a4500000, 0x00000000a4500000, 0x00000000a4600000|  0%| F|  |TAMS 0x00000000a4500000, 0x00000000a4500000| Untracked 
|  40|0x00000000a4600000, 0x00000000a4600000, 0x00000000a4700000|  0%| F|  |TAMS 0x00000000a4600000, 0x00000000a4600000| Untracked 
|  41|0x00000000a4700000, 0x00000000a4700000, 0x00000000a4800000|  0%| F|  |TAMS 0x00000000a4700000, 0x00000000a4700000| Untracked 
|  42|0x00000000a4800000, 0x00000000a4800000, 0x00000000a4900000|  0%| F|  |TAMS 0x00000000a4800000, 0x00000000a4800000| Untracked 
|  43|0x00000000a4900000, 0x00000000a4900000, 0x00000000a4a00000|  0%| F|  |TAMS 0x00000000a4900000, 0x00000000a4900000| Untracked 
|  44|0x00000000a4a00000, 0x00000000a4a00000, 0x00000000a4b00000|  0%| F|  |TAMS 0x00000000a4a00000, 0x00000000a4a00000| Untracked 
|  45|0x00000000a4b00000, 0x00000000a4b00000, 0x00000000a4c00000|  0%| F|  |TAMS 0x00000000a4b00000, 0x00000000a4b00000| Untracked 
|  46|0x00000000a4c00000, 0x00000000a4c00000, 0x00000000a4d00000|  0%| F|  |TAMS 0x00000000a4c00000, 0x00000000a4c00000| Untracked 
|  47|0x00000000a4d00000, 0x00000000a4d00000, 0x00000000a4e00000|  0%| F|  |TAMS 0x00000000a4d00000, 0x00000000a4d00000| Untracked 
|  48|0x00000000a4e00000, 0x00000000a4e00000, 0x00000000a4f00000|  0%| F|  |TAMS 0x00000000a4e00000, 0x00000000a4e00000| Untracked 
|  49|0x00000000a4f00000, 0x00000000a4f00000, 0x00000000a5000000|  0%| F|  |TAMS 0x00000000a4f00000, 0x00000000a4f00000| Untracked 
|  50|0x00000000a5000000, 0x00000000a5000000, 0x00000000a5100000|  0%| F|  |TAMS 0x00000000a5000000, 0x00000000a5000000| Untracked 
|  51|0x00000000a5100000, 0x00000000a5100000, 0x00000000a5200000|  0%| F|  |TAMS 0x00000000a5100000, 0x00000000a5100000| Untracked 
|  52|0x00000000a5200000, 0x00000000a5200000, 0x00000000a5300000|  0%| F|  |TAMS 0x00000000a5200000, 0x00000000a5200000| Untracked 
|  53|0x00000000a5300000, 0x00000000a5300000, 0x00000000a5400000|  0%| F|  |TAMS 0x00000000a5300000, 0x00000000a5300000| Untracked 
|  54|0x00000000a5400000, 0x00000000a5400000, 0x00000000a5500000|  0%| F|  |TAMS 0x00000000a5400000, 0x00000000a5400000| Untracked 
|  55|0x00000000a5500000, 0x00000000a5500000, 0x00000000a5600000|  0%| F|  |TAMS 0x00000000a5500000, 0x00000000a5500000| Untracked 
|  56|0x00000000a5600000, 0x00000000a5600000, 0x00000000a5700000|  0%| F|  |TAMS 0x00000000a5600000, 0x00000000a5600000| Untracked 
|  57|0x00000000a5700000, 0x00000000a5700000, 0x00000000a5800000|  0%| F|  |TAMS 0x00000000a5700000, 0x00000000a5700000| Untracked 
|  58|0x00000000a5800000, 0x00000000a5800000, 0x00000000a5900000|  0%| F|  |TAMS 0x00000000a5800000, 0x00000000a5800000| Untracked 
|  59|0x00000000a5900000, 0x00000000a5900000, 0x00000000a5a00000|  0%| F|  |TAMS 0x00000000a5900000, 0x00000000a5900000| Untracked 
|  60|0x00000000a5a00000, 0x00000000a5a00000, 0x00000000a5b00000|  0%| F|  |TAMS 0x00000000a5a00000, 0x00000000a5a00000| Untracked 
|  61|0x00000000a5b00000, 0x00000000a5b00000, 0x00000000a5c00000|  0%| F|  |TAMS 0x00000000a5b00000, 0x00000000a5b00000| Untracked 
|  62|0x00000000a5c00000, 0x00000000a5c00000, 0x00000000a5d00000|  0%| F|  |TAMS 0x00000000a5c00000, 0x00000000a5c00000| Untracked 
|  63|0x00000000a5d00000, 0x00000000a5d00000, 0x00000000a5e00000|  0%| F|  |TAMS 0x00000000a5d00000, 0x00000000a5d00000| Untracked 
|  64|0x00000000a5e00000, 0x00000000a5e00000, 0x00000000a5f00000|  0%| F|  |TAMS 0x00000000a5e00000, 0x00000000a5e00000| Untracked 
|  65|0x00000000a5f00000, 0x00000000a5f00000, 0x00000000a6000000|  0%| F|  |TAMS 0x00000000a5f00000, 0x00000000a5f00000| Untracked 
|  66|0x00000000a6000000, 0x00000000a6000000, 0x00000000a6100000|  0%| F|  |TAMS 0x00000000a6000000, 0x00000000a6000000| Untracked 
|  67|0x00000000a6100000, 0x00000000a6100000, 0x00000000a6200000|  0%| F|  |TAMS 0x00000000a6100000, 0x00000000a6100000| Untracked 
|  68|0x00000000a6200000, 0x00000000a6200000, 0x00000000a6300000|  0%| F|  |TAMS 0x00000000a6200000, 0x00000000a6200000| Untracked 
|  69|0x00000000a6300000, 0x00000000a6300000, 0x00000000a6400000|  0%| F|  |TAMS 0x00000000a6300000, 0x00000000a6300000| Untracked 
|  70|0x00000000a6400000, 0x00000000a6400000, 0x00000000a6500000|  0%| F|  |TAMS 0x00000000a6400000, 0x00000000a6400000| Untracked 
|  71|0x00000000a6500000, 0x00000000a6500000, 0x00000000a6600000|  0%| F|  |TAMS 0x00000000a6500000, 0x00000000a6500000| Untracked 
|  72|0x00000000a6600000, 0x00000000a6600000, 0x00000000a6700000|  0%| F|  |TAMS 0x00000000a6600000, 0x00000000a6600000| Untracked 
|  73|0x00000000a6700000, 0x00000000a6700000, 0x00000000a6800000|  0%| F|  |TAMS 0x00000000a6700000, 0x00000000a6700000| Untracked 
|  74|0x00000000a6800000, 0x00000000a6800000, 0x00000000a6900000|  0%| F|  |TAMS 0x00000000a6800000, 0x00000000a6800000| Untracked 
|  75|0x00000000a6900000, 0x00000000a6900000, 0x00000000a6a00000|  0%| F|  |TAMS 0x00000000a6900000, 0x00000000a6900000| Untracked 
|  76|0x00000000a6a00000, 0x00000000a6a00000, 0x00000000a6b00000|  0%| F|  |TAMS 0x00000000a6a00000, 0x00000000a6a00000| Untracked 
|  77|0x00000000a6b00000, 0x00000000a6b00000, 0x00000000a6c00000|  0%| F|  |TAMS 0x00000000a6b00000, 0x00000000a6b00000| Untracked 
|  78|0x00000000a6c00000, 0x00000000a6c00000, 0x00000000a6d00000|  0%| F|  |TAMS 0x00000000a6c00000, 0x00000000a6c00000| Untracked 
|  79|0x00000000a6d00000, 0x00000000a6d00000, 0x00000000a6e00000|  0%| F|  |TAMS 0x00000000a6d00000, 0x00000000a6d00000| Untracked 
|  80|0x00000000a6e00000, 0x00000000a6e00000, 0x00000000a6f00000|  0%| F|  |TAMS 0x00000000a6e00000, 0x00000000a6e00000| Untracked 
|  81|0x00000000a6f00000, 0x00000000a6f00000, 0x00000000a7000000|  0%| F|  |TAMS 0x00000000a6f00000, 0x00000000a6f00000| Untracked 
|  82|0x00000000a7000000, 0x00000000a7000000, 0x00000000a7100000|  0%| F|  |TAMS 0x00000000a7000000, 0x00000000a7000000| Untracked 
|  83|0x00000000a7100000, 0x00000000a7100000, 0x00000000a7200000|  0%| F|  |TAMS 0x00000000a7100000, 0x00000000a7100000| Untracked 
|  84|0x00000000a7200000, 0x00000000a7200000, 0x00000000a7300000|  0%| F|  |TAMS 0x00000000a7200000, 0x00000000a7200000| Untracked 
|  85|0x00000000a7300000, 0x00000000a7300000, 0x00000000a7400000|  0%| F|  |TAMS 0x00000000a7300000, 0x00000000a7300000| Untracked 
|  86|0x00000000a7400000, 0x00000000a7400000, 0x00000000a7500000|  0%| F|  |TAMS 0x00000000a7400000, 0x00000000a7400000| Untracked 
|  87|0x00000000a7500000, 0x00000000a7500000, 0x00000000a7600000|  0%| F|  |TAMS 0x00000000a7500000, 0x00000000a7500000| Untracked 
|  88|0x00000000a7600000, 0x00000000a7600000, 0x00000000a7700000|  0%| F|  |TAMS 0x00000000a7600000, 0x00000000a7600000| Untracked 
|  89|0x00000000a7700000, 0x00000000a7700000, 0x00000000a7800000|  0%| F|  |TAMS 0x00000000a7700000, 0x00000000a7700000| Untracked 
|  90|0x00000000a7800000, 0x00000000a7800000, 0x00000000a7900000|  0%| F|  |TAMS 0x00000000a7800000, 0x00000000a7800000| Untracked 
|  91|0x00000000a7900000, 0x00000000a7900000, 0x00000000a7a00000|  0%| F|  |TAMS 0x00000000a7900000, 0x00000000a7900000| Untracked 
|  92|0x00000000a7a00000, 0x00000000a7a00000, 0x00000000a7b00000|  0%| F|  |TAMS 0x00000000a7a00000, 0x00000000a7a00000| Untracked 
|  93|0x00000000a7b00000, 0x00000000a7bec150, 0x00000000a7c00000| 92%| E|  |TAMS 0x00000000a7b00000, 0x00000000a7b00000| Complete 
|  94|0x00000000a7c00000, 0x00000000a7d00000, 0x00000000a7d00000|100%| E|CS|TAMS 0x00000000a7c00000, 0x00000000a7c00000| Complete 
|  95|0x00000000a7d00000, 0x00000000a7e00000, 0x00000000a7e00000|100%| E|CS|TAMS 0x00000000a7d00000, 0x00000000a7d00000| Complete 

Card table byte_map: [0x00000192faaf0000,0x00000192fadf0000] _byte_map_base: 0x00000192fa5e1000

Marking Bits (Prev, Next): (CMBitMap*) 0x00000192f6e44290, (CMBitMap*) 0x00000192f6e442d0
 Prev Bits: [0x00000192fb0f0000, 0x00000192fc878000)
 Next Bits: [0x00000192fc880000, 0x00000192fe008000)

Polling page: 0x00000192f65c0000

Metaspace:

Usage:
  Non-class:      6.39 MB used.
      Class:    642.20 KB used.
       Both:      7.02 MB used.

Virtual space:
  Non-class space:        8.00 MB reserved,       6.44 MB ( 80%) committed,  1 nodes.
      Class space:        1.00 GB reserved,     704.00 KB ( <1%) committed,  1 nodes.
             Both:        1.01 GB reserved,       7.12 MB ( <1%) committed. 

Chunk freelists:
   Non-Class:  946.00 KB
       Class:  3.23 MB
        Both:  4.16 MB

MaxMetaspaceSize: unlimited
CompressedClassSpaceSize: 1.00 GB
Initial GC threshold: 21.00 MB
Current GC threshold: 21.00 MB
CDS: off
MetaspaceReclaimPolicy: balanced
 - commit_granule_bytes: 65536.
 - commit_granule_words: 8192.
 - virtual_space_node_default_size: 1048576.
 - enlarge_chunks_in_place: 1.
 - new_chunks_are_fully_committed: 0.
 - uncommit_free_chunks: 1.
 - use_allocation_guard: 0.
 - handle_deallocations: 1.


Internal statistics:

num_allocs_failed_limit: 0.
num_arena_births: 10.
num_arena_deaths: 0.
num_vsnodes_births: 2.
num_vsnodes_deaths: 0.
num_space_committed: 114.
num_space_uncommitted: 0.
num_chunks_returned_to_freelist: 0.
num_chunks_taken_from_freelist: 39.
num_chunk_merges: 0.
num_chunk_splits: 18.
num_chunks_enlarged: 12.
num_purges: 0.
num_inconsistent_stats: 0.

CodeHeap 'non-profiled nmethods': size=120000Kb used=76Kb max_used=76Kb free=119924Kb
 bounds [0x0000019287ad0000, 0x0000019287d40000, 0x000001928f000000]
CodeHeap 'profiled nmethods': size=120000Kb used=324Kb max_used=324Kb free=119675Kb
 bounds [0x00000192805a0000, 0x0000019280810000, 0x0000019287ad0000]
CodeHeap 'non-nmethods': size=5760Kb used=1106Kb max_used=1120Kb free=4653Kb
 bounds [0x0000019280000000, 0x0000019280270000, 0x00000192805a0000]
 total_blobs=647 nmethods=265 adapters=295
 compilation: enabled
              stopped_count=0, restarted_count=0
 full_count=0

Compilation events (20 events):
Event: 0.219 Thread 0x00000192fea876b0 nmethod 255 0x00000192805ec710 code [0x00000192805ec8c0, 0x00000192805ecb28]
Event: 0.220 Thread 0x00000192fea876b0  256       3       java.lang.StringConcatHelper::simpleConcat (94 bytes)
Event: 0.221 Thread 0x00000192fea876b0 nmethod 256 0x00000192805ecc10 code [0x00000192805ecf40, 0x00000192805ee318]
Event: 0.221 Thread 0x00000192fea86db0 nmethod 254 0x0000019287ae2010 code [0x0000019287ae2180, 0x0000019287ae2318]
Event: 0.221 Thread 0x00000192fea86db0  257       4       java.lang.StringLatin1::equals (36 bytes)
Event: 0.222 Thread 0x00000192fea876b0  258       3       java.lang.String::getBytes (44 bytes)
Event: 0.222 Thread 0x00000192fea876b0 nmethod 258 0x00000192805eea10 code [0x00000192805eebe0, 0x00000192805eeed8]
Event: 0.223 Thread 0x00000192fea876b0  260       3       java.util.WeakHashMap::maskNull (12 bytes)
Event: 0.223 Thread 0x00000192fea876b0 nmethod 260 0x00000192805ef010 code [0x00000192805ef1a0, 0x00000192805ef2d8]
Event: 0.223 Thread 0x00000192fea876b0  261       3       java.util.WeakHashMap::hash (28 bytes)
Event: 0.223 Thread 0x00000192fea876b0 nmethod 261 0x00000192805ef390 code [0x00000192805ef540, 0x00000192805ef728]
Event: 0.223 Thread 0x00000192fea876b0  262       1       java.lang.NamedPackage::module (5 bytes)
Event: 0.223 Thread 0x00000192fea876b0 nmethod 262 0x0000019287ae2410 code [0x0000019287ae25a0, 0x0000019287ae2678]
Event: 0.223 Thread 0x00000192fea876b0  263       3       java.lang.StringLatin1::regionMatchesCI (98 bytes)
Event: 0.223 Thread 0x00000192fea86db0 nmethod 257 0x0000019287ae2710 code [0x0000019287ae2880, 0x0000019287ae2a38]
Event: 0.223 Thread 0x00000192fea86db0  259 %     4       java.lang.StringLatin1::indexOfChar @ 7 (33 bytes)
Event: 0.224 Thread 0x00000192fea876b0 nmethod 263 0x00000192805ef810 code [0x00000192805efa40, 0x00000192805f0178]
Event: 0.224 Thread 0x00000192fea876b0  264       3       java.lang.String::indexOf (64 bytes)
Event: 0.224 Thread 0x00000192fea876b0 nmethod 264 0x00000192805f0510 code [0x00000192805f0720, 0x00000192805f0be8]
Event: 0.224 Thread 0x00000192fea876b0  265       3       java.lang.StringLatin1::indexOf (25 bytes)

GC Heap History (0 events):
No events

Deoptimization events (20 events):
Event: 0.122 Thread 0x00000192f6dfb2d0 DEOPT PACKING pc=0x00000192805ba68c sp=0x00000020c06fa020
Event: 0.122 Thread 0x00000192f6dfb2d0 DEOPT UNPACKING pc=0x0000019280052b43 sp=0x00000020c06f94b0 mode 0
Event: 0.123 Thread 0x00000192f6dfb2d0 DEOPT PACKING pc=0x00000192805ba68c sp=0x00000020c06fa020
Event: 0.123 Thread 0x00000192f6dfb2d0 DEOPT UNPACKING pc=0x0000019280052b43 sp=0x00000020c06f94b0 mode 0
Event: 0.123 Thread 0x00000192f6dfb2d0 DEOPT PACKING pc=0x00000192805ba68c sp=0x00000020c06fa020
Event: 0.123 Thread 0x00000192f6dfb2d0 DEOPT UNPACKING pc=0x0000019280052b43 sp=0x00000020c06f94b0 mode 0
Event: 0.123 Thread 0x00000192f6dfb2d0 DEOPT PACKING pc=0x00000192805ba68c sp=0x00000020c06fa020
Event: 0.123 Thread 0x00000192f6dfb2d0 DEOPT UNPACKING pc=0x0000019280052b43 sp=0x00000020c06f94b0 mode 0
Event: 0.123 Thread 0x00000192f6dfb2d0 DEOPT PACKING pc=0x00000192805ba68c sp=0x00000020c06fa020
Event: 0.123 Thread 0x00000192f6dfb2d0 DEOPT UNPACKING pc=0x0000019280052b43 sp=0x00000020c06f94b0 mode 0
Event: 0.123 Thread 0x00000192f6dfb2d0 DEOPT PACKING pc=0x00000192805ba68c sp=0x00000020c06fa020
Event: 0.123 Thread 0x00000192f6dfb2d0 DEOPT UNPACKING pc=0x0000019280052b43 sp=0x00000020c06f94b0 mode 0
Event: 0.123 Thread 0x00000192f6dfb2d0 DEOPT PACKING pc=0x00000192805ba68c sp=0x00000020c06fa020
Event: 0.123 Thread 0x00000192f6dfb2d0 DEOPT UNPACKING pc=0x0000019280052b43 sp=0x00000020c06f94b0 mode 0
Event: 0.123 Thread 0x00000192f6dfb2d0 DEOPT PACKING pc=0x00000192805ba68c sp=0x00000020c06fa020
Event: 0.123 Thread 0x00000192f6dfb2d0 DEOPT UNPACKING pc=0x0000019280052b43 sp=0x00000020c06f94b0 mode 0
Event: 0.123 Thread 0x00000192f6dfb2d0 DEOPT PACKING pc=0x00000192805ba68c sp=0x00000020c06fa020
Event: 0.123 Thread 0x00000192f6dfb2d0 DEOPT UNPACKING pc=0x0000019280052b43 sp=0x00000020c06f94b0 mode 0
Event: 0.123 Thread 0x00000192f6dfb2d0 DEOPT PACKING pc=0x00000192805ba68c sp=0x00000020c06fa020
Event: 0.123 Thread 0x00000192f6dfb2d0 DEOPT UNPACKING pc=0x0000019280052b43 sp=0x00000020c06f94b0 mode 0

Classes unloaded (0 events):
No events

Classes redefined (0 events):
No events

Internal exceptions (1 events):
Event: 0.209 Thread 0x00000192f6dfb2d0 Exception <a 'java/lang/NoSuchMethodError'{0x00000000a7b73d48}: 'int java.lang.invoke.DirectMethodHandle$Holder.invokeStaticInit(java.lang.Object, java.lang.Object)'> (0x00000000a7b73d48) 
thrown [s\src\hotspot\share\interpreter\linkResolver.cpp, line 759]

VM Operations (2 events):
Event: 0.133 Executing VM operation: HandshakeAllThreads
Event: 0.133 Executing VM operation: HandshakeAllThreads done

Events (20 events):
Event: 0.215 loading class java/net/InetSocketAddress
Event: 0.215 loading class java/net/InetSocketAddress done
Event: 0.215 loading class java/lang/UnsupportedOperationException
Event: 0.215 loading class java/lang/UnsupportedOperationException done
Event: 0.215 loading class java/net/ConnectException
Event: 0.215 loading class java/net/SocketException
Event: 0.215 loading class java/net/SocketException done
Event: 0.215 loading class java/net/ConnectException done
Event: 0.215 loading class java/net/SocketTimeoutException
Event: 0.215 loading class java/io/InterruptedIOException
Event: 0.215 loading class java/io/InterruptedIOException done
Event: 0.215 loading class java/net/SocketTimeoutException done
Event: 0.215 loading class java/io/UncheckedIOException
Event: 0.215 loading class java/io/UncheckedIOException done
Event: 0.216 loading class java/util/Random
Event: 0.216 loading class java/util/random/RandomGenerator
Event: 0.216 loading class java/util/random/RandomGenerator done
Event: 0.216 loading class java/util/Random done
Event: 0.224 loading class java/lang/NumberFormatException
Event: 0.224 loading class java/lang/NumberFormatException done


Dynamic libraries:
0x00007ff7c71b0000 - 0x00007ff7c71be000 	C:\Users\subod\Downloads\eclipse-java-2022-09-R-win32-x86_64\eclipse\plugins\org.eclipse.justj.openjdk.hotspot.jre.full.win32.x86_64_17.0.4.v20220903-1038\jre\bin\javaw.exe
0x00007ff8e82b0000 - 0x00007ff8e84c6000 	C:\Windows\SYSTEM32\ntdll.dll
0x00007ff8e6ea0000 - 0x00007ff8e6f64000 	C:\Windows\System32\KERNEL32.DLL
0x00007ff8e55f0000 - 0x00007ff8e5996000 	C:\Windows\System32\KERNELBASE.dll
0x00007ff8e59d0000 - 0x00007ff8e5ae1000 	C:\Windows\System32\ucrtbase.dll
0x00007ff8cc450000 - 0x00007ff8cc469000 	C:\Users\subod\Downloads\eclipse-java-2022-09-R-win32-x86_64\eclipse\plugins\org.eclipse.justj.openjdk.hotspot.jre.full.win32.x86_64_17.0.4.v20220903-1038\jre\bin\VCRUNTIME140.dll
0x00007ff8dbfb0000 - 0x00007ff8dbfc8000 	C:\Users\subod\Downloads\eclipse-java-2022-09-R-win32-x86_64\eclipse\plugins\org.eclipse.justj.openjdk.hotspot.jre.full.win32.x86_64_17.0.4.v20220903-1038\jre\bin\jli.dll
0x00007ff8e7170000 - 0x00007ff8e731d000 	C:\Windows\System32\USER32.dll
0x00007ff8e59a0000 - 0x00007ff8e59c6000 	C:\Windows\System32\win32u.dll
0x00007ff8c6900000 - 0x00007ff8c6b93000 	C:\Windows\WinSxS\amd64_microsoft.windows.common-controls_6595b64144ccf1df_6.0.22621.3235_none_270f74e173860f98\COMCTL32.dll
0x00007ff8e6f70000 - 0x00007ff8e6f99000 	C:\Windows\System32\GDI32.dll
0x00007ff8e6df0000 - 0x00007ff8e6e97000 	C:\Windows\System32\msvcrt.dll
0x00007ff8e5d80000 - 0x00007ff8e5e98000 	C:\Windows\System32\gdi32full.dll
0x00007ff8e5ea0000 - 0x00007ff8e5f3a000 	C:\Windows\System32\msvcp_win.dll
0x00007ff8e61d0000 - 0x00007ff8e6201000 	C:\Windows\System32\IMM32.DLL
0x00007ff8dc320000 - 0x00007ff8dc32c000 	C:\Users\subod\Downloads\eclipse-java-2022-09-R-win32-x86_64\eclipse\plugins\org.eclipse.justj.openjdk.hotspot.jre.full.win32.x86_64_17.0.4.v20220903-1038\jre\bin\vcruntime140_1.dll
0x00007ff8c6e00000 - 0x00007ff8c6e91000 	C:\Users\subod\Downloads\eclipse-java-2022-09-R-win32-x86_64\eclipse\plugins\org.eclipse.justj.openjdk.hotspot.jre.full.win32.x86_64_17.0.4.v20220903-1038\jre\bin\msvcp140.dll
0x00007ff89de40000 - 0x00007ff89ea86000 	C:\Users\subod\Downloads\eclipse-java-2022-09-R-win32-x86_64\eclipse\plugins\org.eclipse.justj.openjdk.hotspot.jre.full.win32.x86_64_17.0.4.v20220903-1038\jre\bin\server\jvm.dll
0x00007ff8e6230000 - 0x00007ff8e62e2000 	C:\Windows\System32\ADVAPI32.dll
0x00007ff8e6fa0000 - 0x00007ff8e7048000 	C:\Windows\System32\sechost.dll
0x00007ff8e5af0000 - 0x00007ff8e5b18000 	C:\Windows\System32\bcrypt.dll
0x00007ff8e7e30000 - 0x00007ff8e7f45000 	C:\Windows\System32\RPCRT4.dll
0x00007ff8e6000000 - 0x00007ff8e6008000 	C:\Windows\System32\PSAPI.DLL
0x00007ff8de6e0000 - 0x00007ff8de714000 	C:\Windows\SYSTEM32\WINMM.dll
0x00007ff8afd80000 - 0x00007ff8afd89000 	C:\Windows\SYSTEM32\WSOCK32.dll
0x00007ff8de480000 - 0x00007ff8de48a000 	C:\Windows\SYSTEM32\VERSION.dll
0x00007ff8e81f0000 - 0x00007ff8e8261000 	C:\Windows\System32\WS2_32.dll
0x00007ff8e4630000 - 0x00007ff8e4648000 	C:\Windows\SYSTEM32\kernel.appcore.dll
0x00007ff8ae570000 - 0x00007ff8ae57a000 	C:\Users\subod\Downloads\eclipse-java-2022-09-R-win32-x86_64\eclipse\plugins\org.eclipse.justj.openjdk.hotspot.jre.full.win32.x86_64_17.0.4.v20220903-1038\jre\bin\jimage.dll
0x00007ff8d44d0000 - 0x00007ff8d4703000 	C:\Windows\SYSTEM32\DBGHELP.DLL
0x00007ff8e6a60000 - 0x00007ff8e6de8000 	C:\Windows\System32\combase.dll
0x00007ff8e7f60000 - 0x00007ff8e8037000 	C:\Windows\System32\OLEAUT32.dll
0x00007ff8d4a80000 - 0x00007ff8d4ab2000 	C:\Windows\SYSTEM32\dbgcore.DLL
0x00007ff8e5b20000 - 0x00007ff8e5b9a000 	C:\Windows\System32\bcryptPrimitives.dll
0x00007ff89de10000 - 0x00007ff89de35000 	C:\Users\subod\Downloads\eclipse-java-2022-09-R-win32-x86_64\eclipse\plugins\org.eclipse.justj.openjdk.hotspot.jre.full.win32.x86_64_17.0.4.v20220903-1038\jre\bin\java.dll
0x00007ff8a3a30000 - 0x00007ff8a3a48000 	C:\Users\subod\Downloads\eclipse-java-2022-09-R-win32-x86_64\eclipse\plugins\org.eclipse.justj.openjdk.hotspot.jre.full.win32.x86_64_17.0.4.v20220903-1038\jre\bin\zip.dll
0x00007ff8e7480000 - 0x00007ff8e7cdd000 	C:\Windows\System32\SHELL32.dll
0x00007ff8e3550000 - 0x00007ff8e3e48000 	C:\Windows\SYSTEM32\windows.storage.dll
0x00007ff8e3410000 - 0x00007ff8e354e000 	C:\Windows\SYSTEM32\wintypes.dll
0x00007ff8e7ce0000 - 0x00007ff8e7dd3000 	C:\Windows\System32\SHCORE.dll
0x00007ff8e6010000 - 0x00007ff8e606e000 	C:\Windows\System32\shlwapi.dll
0x00007ff8e5520000 - 0x00007ff8e5546000 	C:\Windows\SYSTEM32\profapi.dll
0x00007ff8a04c0000 - 0x00007ff8a04d9000 	C:\Users\subod\Downloads\eclipse-java-2022-09-R-win32-x86_64\eclipse\plugins\org.eclipse.justj.openjdk.hotspot.jre.full.win32.x86_64_17.0.4.v20220903-1038\jre\bin\net.dll
0x00007ff8df480000 - 0x00007ff8df5b7000 	C:\Windows\SYSTEM32\WINHTTP.dll
0x00007ff8e4ab0000 - 0x00007ff8e4b19000 	C:\Windows\system32\mswsock.dll
0x00007ff89ddf0000 - 0x00007ff89de05000 	C:\Users\subod\Downloads\eclipse-java-2022-09-R-win32-x86_64\eclipse\plugins\org.eclipse.justj.openjdk.hotspot.jre.full.win32.x86_64_17.0.4.v20220903-1038\jre\bin\nio.dll

dbghelp: loaded successfully - version: 4.0.5 - missing functions: none
symbol engine: initialized successfully - sym options: 0x614 - pdb path: .;C:\Users\subod\Downloads\eclipse-java-2022-09-R-win32-x86_64\eclipse\plugins\org.eclipse.justj.openjdk.hotspot.jre.full.win32.x86_64_17.0.4.v20220903-1038\jre\bin;C:\Windows\SYSTEM32;C:\Windows\WinSxS\amd64_microsoft.windows.common-controls_6595b64144ccf1df_6.0.22621.3235_none_270f74e173860f98;C:\Users\subod\Downloads\eclipse-java-2022-09-R-win32-x86_64\eclipse\plugins\org.eclipse.justj.openjdk.hotspot.jre.full.win32.x86_64_17.0.4.v20220903-1038\jre\bin\server

VM Arguments:
jvm_args: -Dfile.encoding=UTF-8 -XX:+ShowCodeDetailsInExceptionMessages 
java_command: Practice.KeyBoardActionsPractice
java_class_path (initial): C:\Users\subod\git\Java-Selenium\Automation\bin;C:\Users\subod\git\Java-Selenium\Automation\src\com\selenium\jars\selenium-server-4.15.0.jar
Launcher Type: SUN_STANDARD

[Global flags]
     intx CICompilerCount                          = 4                                         {product} {ergonomic}
     uint ConcGCThreads                            = 2                                         {product} {ergonomic}
     uint G1ConcRefinementThreads                  = 8                                         {product} {ergonomic}
   size_t G1HeapRegionSize                         = 1048576                                   {product} {ergonomic}
    uintx GCDrainStackTargetSize                   = 64                                        {product} {ergonomic}
   size_t InitialHeapSize                          = 100663296                                 {product} {ergonomic}
   size_t MarkStackSize                            = 4194304                                   {product} {ergonomic}
   size_t MaxHeapSize                              = 1579155456                                {product} {ergonomic}
   size_t MaxNewSize                               = 946864128                                 {product} {ergonomic}
   size_t MinHeapDeltaBytes                        = 1048576                                   {product} {ergonomic}
   size_t MinHeapSize                              = 8388608                                   {product} {ergonomic}
    uintx NonNMethodCodeHeapSize                   = 5839372                                {pd product} {ergonomic}
    uintx NonProfiledCodeHeapSize                  = 122909434                              {pd product} {ergonomic}
    uintx ProfiledCodeHeapSize                     = 122909434                              {pd product} {ergonomic}
    uintx ReservedCodeCacheSize                    = 251658240                              {pd product} {ergonomic}
     bool SegmentedCodeCache                       = true                                      {product} {ergonomic}
     bool ShowCodeDetailsInExceptionMessages       = true                                   {manageable} {command line}
   size_t SoftMaxHeapSize                          = 1579155456                             {manageable} {ergonomic}
     bool UseCompressedClassPointers               = true                           {product lp64_product} {ergonomic}
     bool UseCompressedOops                        = true                           {product lp64_product} {ergonomic}
     bool UseG1GC                                  = true                                      {product} {ergonomic}
     bool UseLargePagesIndividualAllocation        = false                                  {pd product} {ergonomic}

Logging:
Log output configuration:
 #0: stdout all=warning uptime,level,tags
 #1: stderr all=off uptime,level,tags

Environment Variables:
PATH=C:/Users/subod/Downloads/eclipse-java-2022-09-R-win32-x86_64/eclipse//plugins/org.eclipse.justj.openjdk.hotspot.jre.full.win32.x86_64_17.0.4.v20220903-1038/jre/bin/server;C:/Users/subod/Downloads/eclipse-java-2022-09-R-win32-x86_64/eclipse//plugins/org.eclipse.justj.openjdk.hotspot.jre.full.win32.x86_64_17.0.4.v20220903-1038/jre/bin;C:\Program Files\Common Files\Oracle\Java\javapath;D:\oracle\product\10.2.0\db_1\bin;C:\Windows\system32;C:\Windows;C:\Windows\System32\Wbem;C:\Windows\System32\WindowsPowerShell\v1.0\;C:\Windows\System32\OpenSSH\;C:\Program Files\Java\jdk-11.0.15.1\bin;C:\Users\subod\AppData\Local\Microsoft\WindowsApps;C:\Users\subod\AppData\Local\spicetify;C:\Program Files\Java\jdk-11.0.15.1\bin;;C:\Users\subod\Downloads\eclipse-java-2022-09-R-win32-x86_64\eclipse;
USERNAME=subodh
OS=Windows_NT
PROCESSOR_IDENTIFIER=AMD64 Family 23 Model 24 Stepping 1, AuthenticAMD
TMP=C:\Users\subod\AppData\Local\Temp
TEMP=C:\Users\subod\AppData\Local\Temp



---------------  S Y S T E M  ---------------

OS:
 Windows 11 , 64 bit Build 22621 (10.0.22621.3235)
OS uptime: 2 days 22:29 hours

CPU: total 8 (initial active 8) (8 cores per cpu, 2 threads per core) family 23 model 24 stepping 1 microcode 0x0, cx8, cmov, fxsr, ht, mmx, 3dnowpref, sse, sse2, sse3, ssse3, sse4a, sse4.1, sse4.2, popcnt, lzcnt, tsc, tscinvbit, avx, avx2, aes, clmul, bmi1, bmi2, adx, sha, fma, vzeroupper, clflush, clflushopt

Memory: 4k page, system-wide physical 6019M (469M free)
TotalPageFile size 24451M (AvailPageFile size 3M)
current process WorkingSet (physical memory assigned to process): 39M, peak: 39M
current process commit charge ("private bytes"): 173M, peak: 173M

vm_info: OpenJDK 64-Bit Server VM (17.0.4.1+1) for windows-amd64 JRE (17.0.4.1+1), built on Aug 17 2022 07:42:43 by "temurin" with MS VC++ 16.7 (VS2019)

END.
