#
# There is insufficient memory for the Java Runtime Environment to continue.
# Native memory allocation (malloc) failed to allocate 813936 bytes for Chunk::new
# Possible reasons:
#   The system is out of physical RAM or swap space
#   The process is running with CompressedOops enabled, and the Java Heap may be blocking the growth of the native heap
# Possible solutions:
#   Reduce memory load on the system
#   Increase physical memory or swap space
#   Check if swap backing store is full
#   Decrease Java heap size (-Xmx/-Xms)
#   Decrease number of Java threads
#   Decrease Java thread stack sizes (-Xss)
#   Set larger code cache with -XX:ReservedCodeCacheSize=
#   JVM is running with Unscaled Compressed Oops mode in which the Java heap is
#     placed in the first 4GB address space. The Java Heap base address is the
#     maximum limit for the native heap growth. Please use -XX:HeapBaseMinAddress
#     to set the Java Heap base and to place the Java Heap above 4GB virtual address.
# This output file may be truncated or incomplete.
#
#  Out of Memory Error (arena.cpp:189), pid=13720, tid=13816
#
# JRE version: OpenJDK Runtime Environment Temurin-17.0.4.1+1 (17.0.4.1+1) (build 17.0.4.1+1)
# Java VM: OpenJDK 64-Bit Server VM Temurin-17.0.4.1+1 (17.0.4.1+1, mixed mode, tiered, compressed oops, compressed class ptrs, g1 gc, windows-amd64)
# No core dump will be written. Minidumps are not enabled by default on client versions of Windows
#

---------------  S U M M A R Y ------------

Command Line: -Dfile.encoding=UTF-8 -XX:+ShowCodeDetailsInExceptionMessages JavaScriptExcecutor.MixedAssignment

Host: AMD Ryzen 5 3550H with Radeon Vega Mobile Gfx  , 8 cores, 5G,  Windows 11 , 64 bit Build 22621 (10.0.22621.3235)
Time: Sun Mar 31 22:12:09 2024 India Standard Time elapsed time: 2.130764 seconds (0d 0h 0m 2s)

---------------  T H R E A D  ---------------

Current thread (0x000001fd3628e280):  JavaThread "C2 CompilerThread0" daemon [_thread_in_native, id=13816, stack(0x000000778c900000,0x000000778ca00000)]


Current CompileTask:
C2:   2130 1613       4       java.lang.invoke.MethodType::makeImpl (109 bytes)

Stack: [0x000000778c900000,0x000000778ca00000]
Native frames: (J=compiled Java code, j=interpreted, Vv=VM code, C=native code)
V  [jvm.dll+0x67731a]
V  [jvm.dll+0x832284]
V  [jvm.dll+0x833a2e]
V  [jvm.dll+0x834093]
V  [jvm.dll+0x245775]
V  [jvm.dll+0xabd7b]
V  [jvm.dll+0xac30c]
V  [jvm.dll+0x2ac80f]
V  [jvm.dll+0x57dd77]
V  [jvm.dll+0x220892]
V  [jvm.dll+0x21a182]
V  [jvm.dll+0x21799b]
V  [jvm.dll+0x1a3f8d]
V  [jvm.dll+0x227498]
V  [jvm.dll+0x2255e5]
V  [jvm.dll+0x7e7e9b]
V  [jvm.dll+0x7e240a]
V  [jvm.dll+0x6761a5]
C  [ucrtbase.dll+0x29363]
C  [KERNEL32.DLL+0x1257d]
C  [ntdll.dll+0x5aa58]


---------------  P R O C E S S  ---------------

Threads class SMR info:
_java_thread_list=0x000001fd376a4db0, length=26, elements={
0x000001fd1d5f0c20, 0x000001fd36221600, 0x000001fd36224440, 0x000001fd36272db0,
0x000001fd36273960, 0x000001fd362859a0, 0x000001fd36288270, 0x000001fd3628e280,
0x000001fd36c08090, 0x000001fd36c11980, 0x000001fd36d7a3b0, 0x000001fd36d8d410,
0x000001fd374a36c0, 0x000001fd375fed10, 0x000001fd37638ca0, 0x000001fd37660220,
0x000001fd375e54b0, 0x000001fd3768ea30, 0x000001fd376beab0, 0x000001fd37787e40,
0x000001fd37788310, 0x000001fd37788cb0, 0x000001fd37787970, 0x000001fd377887e0,
0x000001fd377874a0, 0x000001fd377baa20
}

Java Threads: ( => current thread )
  0x000001fd1d5f0c20 JavaThread "main" [_thread_blocked, id=13764, stack(0x000000778bc00000,0x000000778bd00000)]
  0x000001fd36221600 JavaThread "Reference Handler" daemon [_thread_blocked, id=13792, stack(0x000000778c300000,0x000000778c400000)]
  0x000001fd36224440 JavaThread "Finalizer" daemon [_thread_blocked, id=13796, stack(0x000000778c400000,0x000000778c500000)]
  0x000001fd36272db0 JavaThread "Signal Dispatcher" daemon [_thread_blocked, id=13800, stack(0x000000778c500000,0x000000778c600000)]
  0x000001fd36273960 JavaThread "Attach Listener" daemon [_thread_blocked, id=13804, stack(0x000000778c600000,0x000000778c700000)]
  0x000001fd362859a0 JavaThread "Service Thread" daemon [_thread_blocked, id=13808, stack(0x000000778c700000,0x000000778c800000)]
  0x000001fd36288270 JavaThread "Monitor Deflation Thread" daemon [_thread_blocked, id=13812, stack(0x000000778c800000,0x000000778c900000)]
=>0x000001fd3628e280 JavaThread "C2 CompilerThread0" daemon [_thread_in_native, id=13816, stack(0x000000778c900000,0x000000778ca00000)]
  0x000001fd36c08090 JavaThread "C1 CompilerThread0" daemon [_thread_blocked, id=13820, stack(0x000000778ca00000,0x000000778cb00000)]
  0x000001fd36c11980 JavaThread "Sweeper thread" daemon [_thread_blocked, id=13824, stack(0x000000778cb00000,0x000000778cc00000)]
  0x000001fd36d7a3b0 JavaThread "Notification Thread" daemon [_thread_blocked, id=13828, stack(0x000000778cc00000,0x000000778cd00000)]
  0x000001fd36d8d410 JavaThread "Common-Cleaner" daemon [_thread_blocked, id=13836, stack(0x000000778ce00000,0x000000778cf00000)]
  0x000001fd374a36c0 JavaThread "ForkJoinPool.commonPool-worker-1" daemon [_thread_blocked, id=14064, stack(0x000000778cf00000,0x000000778d000000)]
  0x000001fd375fed10 JavaThread "HttpClient-1-SelectorManager" daemon [_thread_in_native, id=14108, stack(0x000000778d100000,0x000000778d200000)]
  0x000001fd37638ca0 JavaThread "Thread-2" [_thread_in_native, id=14120, stack(0x000000778d200000,0x000000778d300000)]
  0x000001fd37660220 JavaThread "Driver Service Executor" daemon [_thread_blocked, id=14124, stack(0x000000778d300000,0x000000778d400000)]
  0x000001fd375e54b0 JavaThread "Driver Service Executor" daemon [_thread_in_native, id=14136, stack(0x000000778d400000,0x000000778d500000)]
  0x000001fd3768ea30 JavaThread "UrlChecker-2" daemon [_thread_blocked, id=14148, stack(0x000000778d500000,0x000000778d600000)]
  0x000001fd376beab0 JavaThread "Keep-Alive-Timer" daemon [_thread_blocked, id=14204, stack(0x000000778d700000,0x000000778d800000)]
  0x000001fd37787e40 JavaThread "pool-1-thread-1" [_thread_blocked, id=14244, stack(0x000000778df00000,0x000000778e000000)]
  0x000001fd37788310 JavaThread "pool-1-thread-2" [_thread_blocked, id=14248, stack(0x000000778e000000,0x000000778e100000)]
  0x000001fd37788cb0 JavaThread "pool-1-thread-3" [_thread_blocked, id=14252, stack(0x000000778e100000,0x000000778e200000)]
  0x000001fd37787970 JavaThread "HttpClient-2-SelectorManager" daemon [_thread_in_native, id=3188, stack(0x000000778d000000,0x000000778d100000)]
  0x000001fd377887e0 JavaThread "pool-2-thread-1" [_thread_blocked, id=3964, stack(0x000000778e200000,0x000000778e300000)]
  0x000001fd377874a0 JavaThread "pool-2-thread-2" [_thread_blocked, id=11856, stack(0x000000778e300000,0x000000778e400000)]
  0x000001fd377baa20 JavaThread "pool-2-thread-3" [_thread_blocked, id=8020, stack(0x000000778e400000,0x000000778e500000)]

Other Threads:
  0x000001fd3624f320 VMThread "VM Thread" [stack: 0x000000778c200000,0x000000778c300000] [id=13788]
  0x000001fd36d7ac90 WatcherThread [stack: 0x000000778cd00000,0x000000778ce00000] [id=13832]
  0x000001fd1d63d9c0 GCTaskThread "GC Thread#0" [stack: 0x000000778bd00000,0x000000778be00000] [id=13768]
  0x000001fd37681750 GCTaskThread "GC Thread#1" [stack: 0x000000778d800000,0x000000778d900000] [id=14216]
  0x000001fd376c27c0 GCTaskThread "GC Thread#2" [stack: 0x000000778d900000,0x000000778da00000] [id=14220]
  0x000001fd3768c240 GCTaskThread "GC Thread#3" [stack: 0x000000778da00000,0x000000778db00000] [id=14224]
  0x000001fd376abdf0 GCTaskThread "GC Thread#4" [stack: 0x000000778db00000,0x000000778dc00000] [id=14228]
  0x000001fd376b9aa0 GCTaskThread "GC Thread#5" [stack: 0x000000778dc00000,0x000000778dd00000] [id=14232]
  0x000001fd376ba560 GCTaskThread "GC Thread#6" [stack: 0x000000778dd00000,0x000000778de00000] [id=14236]
  0x000001fd376ba810 GCTaskThread "GC Thread#7" [stack: 0x000000778de00000,0x000000778df00000] [id=14240]
  0x000001fd1d64acf0 ConcurrentGCThread "G1 Main Marker" [stack: 0x000000778be00000,0x000000778bf00000] [id=13772]
  0x000001fd1d64b710 ConcurrentGCThread "G1 Conc#0" [stack: 0x000000778bf00000,0x000000778c000000] [id=13776]
  0x000001fd3854f400 ConcurrentGCThread "G1 Conc#1" [stack: 0x000000778e500000,0x000000778e600000] [id=5892]
  0x000001fd1d6b2560 ConcurrentGCThread "G1 Refine#0" [stack: 0x000000778c000000,0x000000778c100000] [id=13780]
  0x000001fd1d6b2f80 ConcurrentGCThread "G1 Service" [stack: 0x000000778c100000,0x000000778c200000] [id=13784]

Threads with active compile tasks:
C2 CompilerThread0     2155 1613       4       java.lang.invoke.MethodType::makeImpl (109 bytes)

VM state: not at safepoint (normal execution)

VM Mutex/Monitor currently owned by a thread:  ([mutex/lock_event])
[0x000001fd1d5eb9f0] Uncommit_lock - owner thread: 0x000001fd1d6b2f80
[0x000001fd1d5ece80] Heap_lock - owner thread: 0x000001fd1d64acf0

Heap address: 0x00000000a1e00000, size: 1506 MB, Compressed Oops mode: 32-bit

CDS archive(s) not mapped
Compressed class space mapped at: 0x0000000100000000-0x0000000140000000, reserved size: 1073741824
Narrow klass base: 0x0000000000000000, Narrow klass shift: 3, Narrow klass range: 0x140000000

GC Precious Log:
 CPUs: 8 total, 8 available
 Memory: 6019M
 Large Page Support: Disabled
 NUMA Support: Disabled
 Compressed Oops: Enabled (32-bit)
 Heap Region Size: 1M
 Heap Min Capacity: 8M
 Heap Initial Capacity: 96M
 Heap Max Capacity: 1506M
 Pre-touch: Disabled
 Parallel Workers: 8
 Concurrent Workers: 2
 Concurrent Refinement Workers: 8
 Periodic GC: Disabled

Heap:
 garbage-first heap   total 34816K, used 8667K [0x00000000a1e00000, 0x0000000100000000)
  region size 1024K, 3 young (3072K), 2 survivors (2048K)
 Metaspace       used 21365K, committed 21632K, reserved 1073152K
  class space    used 2332K, committed 2432K, reserved 1048576K

Heap Regions: E=young(eden), S=young(survivor), O=old, HS=humongous(starts), HC=humongous(continues), CS=collection set, F=free, OA=open archive, CA=closed archive, TAMS=top-at-mark-start (previous, next)
|   0|0x00000000a1e00000, 0x00000000a1f00000, 0x00000000a1f00000|100%|HS|  |TAMS 0x00000000a1f00000, 0x00000000a1e00000| Complete 
|   1|0x00000000a1f00000, 0x00000000a2000000, 0x00000000a2000000|100%|HC|  |TAMS 0x00000000a2000000, 0x00000000a1f00000| Complete 
|   2|0x00000000a2000000, 0x00000000a2100000, 0x00000000a2100000|100%|HC|  |TAMS 0x00000000a2100000, 0x00000000a2000000| Complete 
|   3|0x00000000a2100000, 0x00000000a2200000, 0x00000000a2200000|100%| O|  |TAMS 0x00000000a21e1c00, 0x00000000a2100000| Untracked 
|   4|0x00000000a2200000, 0x00000000a2300000, 0x00000000a2300000|100%| O|  |TAMS 0x00000000a2200000, 0x00000000a2200000| Untracked 
|   5|0x00000000a2300000, 0x00000000a2400000, 0x00000000a2400000|100%| O|  |TAMS 0x00000000a2300000, 0x00000000a2300000| Untracked 
|   6|0x00000000a2400000, 0x00000000a24df800, 0x00000000a2500000| 87%| O|  |TAMS 0x00000000a2400000, 0x00000000a2400000| Untracked 
|   7|0x00000000a2500000, 0x00000000a2500000, 0x00000000a2600000|  0%| F|  |TAMS 0x00000000a2500000, 0x00000000a2500000| Untracked 
|   8|0x00000000a2600000, 0x00000000a2600000, 0x00000000a2700000|  0%| F|  |TAMS 0x00000000a2600000, 0x00000000a2600000| Untracked 
|   9|0x00000000a2700000, 0x00000000a2700000, 0x00000000a2800000|  0%| F|  |TAMS 0x00000000a2700000, 0x00000000a2700000| Untracked 
|  10|0x00000000a2800000, 0x00000000a2800000, 0x00000000a2900000|  0%| F|  |TAMS 0x00000000a2800000, 0x00000000a2800000| Untracked 
|  11|0x00000000a2900000, 0x00000000a2900000, 0x00000000a2a00000|  0%| F|  |TAMS 0x00000000a2900000, 0x00000000a2900000| Untracked 
|  12|0x00000000a2a00000, 0x00000000a2a00000, 0x00000000a2b00000|  0%| F|  |TAMS 0x00000000a2a00000, 0x00000000a2a00000| Untracked 
|  13|0x00000000a2b00000, 0x00000000a2b00000, 0x00000000a2c00000|  0%| F|  |TAMS 0x00000000a2b00000, 0x00000000a2b00000| Untracked 
|  14|0x00000000a2c00000, 0x00000000a2c00000, 0x00000000a2d00000|  0%| F|  |TAMS 0x00000000a2c00000, 0x00000000a2c00000| Untracked 
|  15|0x00000000a2d00000, 0x00000000a2d00000, 0x00000000a2e00000|  0%| F|  |TAMS 0x00000000a2d00000, 0x00000000a2d00000| Untracked 
|  16|0x00000000a2e00000, 0x00000000a2e00000, 0x00000000a2f00000|  0%| F|  |TAMS 0x00000000a2e00000, 0x00000000a2e00000| Untracked 
|  17|0x00000000a2f00000, 0x00000000a2f00000, 0x00000000a3000000|  0%| F|  |TAMS 0x00000000a2f00000, 0x00000000a2f00000| Untracked 
|  18|0x00000000a3000000, 0x00000000a3000000, 0x00000000a3100000|  0%| F|  |TAMS 0x00000000a3000000, 0x00000000a3000000| Untracked 
|  19|0x00000000a3100000, 0x00000000a3100000, 0x00000000a3200000|  0%| F|  |TAMS 0x00000000a3100000, 0x00000000a3100000| Untracked 
|  20|0x00000000a3200000, 0x00000000a3200000, 0x00000000a3300000|  0%| F|  |TAMS 0x00000000a3200000, 0x00000000a3200000| Untracked 
|  21|0x00000000a3300000, 0x00000000a3300000, 0x00000000a3400000|  0%| F|  |TAMS 0x00000000a3300000, 0x00000000a3300000| Untracked 
|  22|0x00000000a3400000, 0x00000000a3400000, 0x00000000a3500000|  0%| F|  |TAMS 0x00000000a3400000, 0x00000000a3400000| Untracked 
|  23|0x00000000a3500000, 0x00000000a3500000, 0x00000000a3600000|  0%| F|  |TAMS 0x00000000a3500000, 0x00000000a3500000| Untracked 
|  24|0x00000000a3600000, 0x00000000a3600000, 0x00000000a3700000|  0%| F|  |TAMS 0x00000000a3600000, 0x00000000a3600000| Untracked 
|  25|0x00000000a3700000, 0x00000000a3700000, 0x00000000a3800000|  0%| F|  |TAMS 0x00000000a3700000, 0x00000000a3700000| Untracked 
|  26|0x00000000a3800000, 0x00000000a3800000, 0x00000000a3900000|  0%| F|  |TAMS 0x00000000a3800000, 0x00000000a3800000| Untracked 
|  27|0x00000000a3900000, 0x00000000a3900000, 0x00000000a3a00000|  0%| F|  |TAMS 0x00000000a3900000, 0x00000000a3900000| Untracked 
|  28|0x00000000a3a00000, 0x00000000a3a00000, 0x00000000a3b00000|  0%| F|  |TAMS 0x00000000a3a00000, 0x00000000a3a00000| Untracked 
|  29|0x00000000a3b00000, 0x00000000a3b00000, 0x00000000a3c00000|  0%| F|  |TAMS 0x00000000a3b00000, 0x00000000a3b00000| Untracked 
|  30|0x00000000a3c00000, 0x00000000a3c00000, 0x00000000a3d00000|  0%| F|  |TAMS 0x00000000a3c00000, 0x00000000a3c00000| Untracked 
|  80|0x00000000a6e00000, 0x00000000a6e97590, 0x00000000a6f00000| 59%| S|CS|TAMS 0x00000000a6e00000, 0x00000000a6e00000| Complete 
|  81|0x00000000a6f00000, 0x00000000a7000000, 0x00000000a7000000|100%| S|CS|TAMS 0x00000000a6f00000, 0x00000000a6f00000| Complete 
|  95|0x00000000a7d00000, 0x00000000a7d80000, 0x00000000a7e00000| 50%| E|  |TAMS 0x00000000a7d00000, 0x00000000a7d00000| Complete 

Card table byte_map: [0x000001fd302e0000,0x000001fd305e0000] _byte_map_base: 0x000001fd2fdd1000

Marking Bits (Prev, Next): (CMBitMap*) 0x000001fd1d63e020, (CMBitMap*) 0x000001fd1d63dfe0
 Prev Bits: [0x000001fd32070000, 0x000001fd337f8000)
 Next Bits: [0x000001fd308e0000, 0x000001fd32068000)

Polling page: 0x000001fd1b550000

Metaspace:

Usage:
  Non-class:     18.60 MB used.
      Class:      2.28 MB used.
       Both:     20.88 MB used.

Virtual space:
  Non-class space:       24.00 MB reserved,      18.75 MB ( 78%) committed,  3 nodes.
      Class space:        1.00 GB reserved,       2.38 MB ( <1%) committed,  1 nodes.
             Both:        1.02 GB reserved,      21.12 MB (  2%) committed. 

Chunk freelists:
   Non-Class:  816.00 KB
       Class:  1.53 MB
        Both:  2.33 MB

MaxMetaspaceSize: unlimited
CompressedClassSpaceSize: 1.00 GB
Initial GC threshold: 21.00 MB
Current GC threshold: 35.12 MB
CDS: off
MetaspaceReclaimPolicy: balanced
 - commit_granule_bytes: 65536.
 - commit_granule_words: 8192.
 - virtual_space_node_default_size: 1048576.
 - enlarge_chunks_in_place: 1.
 - new_chunks_are_fully_committed: 0.
 - uncommit_free_chunks: 1.
 - use_allocation_guard: 0.
 - handle_deallocations: 1.


Internal statistics:

num_allocs_failed_limit: 3.
num_arena_births: 212.
num_arena_deaths: 0.
num_vsnodes_births: 4.
num_vsnodes_deaths: 0.
num_space_committed: 339.
num_space_uncommitted: 0.
num_chunks_returned_to_freelist: 3.
num_chunks_taken_from_freelist: 536.
num_chunk_merges: 0.
num_chunk_splits: 313.
num_chunks_enlarged: 212.
num_purges: 0.
num_inconsistent_stats: 0.

CodeHeap 'non-profiled nmethods': size=120000Kb used=491Kb max_used=491Kb free=119508Kb
 bounds [0x000001fd28780000, 0x000001fd289f0000, 0x000001fd2fcb0000]
CodeHeap 'profiled nmethods': size=120000Kb used=3099Kb max_used=3099Kb free=116900Kb
 bounds [0x000001fd21250000, 0x000001fd21560000, 0x000001fd28780000]
CodeHeap 'non-nmethods': size=5760Kb used=1221Kb max_used=1229Kb free=4538Kb
 bounds [0x000001fd20cb0000, 0x000001fd20f20000, 0x000001fd21250000]
 total_blobs=2210 nmethods=1682 adapters=441
 compilation: enabled
              stopped_count=0, restarted_count=0
 full_count=0

Compilation events (20 events):
Event: 2.108 Thread 0x000001fd36c08090 nmethod 1662 0x000001fd2154ac90 code [0x000001fd2154ae80, 0x000001fd2154b3e8]
Event: 2.108 Thread 0x000001fd36c08090 1663       3       java.io.DataInputStream::readUTF (5 bytes)
Event: 2.108 Thread 0x000001fd36c08090 nmethod 1663 0x000001fd2154b690 code [0x000001fd2154b820, 0x000001fd2154b948]
Event: 2.108 Thread 0x000001fd36c08090 1664       3       java.io.DataInputStream::readUnsignedShort (39 bytes)
Event: 2.109 Thread 0x000001fd36c08090 nmethod 1664 0x000001fd2154ba10 code [0x000001fd2154bbe0, 0x000001fd2154bf88]
Event: 2.109 Thread 0x000001fd36c08090 1665       3       java.io.DataInputStream::readShort (40 bytes)
Event: 2.109 Thread 0x000001fd36c08090 nmethod 1665 0x000001fd2154c110 code [0x000001fd2154c2e0, 0x000001fd2154c6a8]
Event: 2.111 Thread 0x000001fd36c08090 1668       3       java.io.DataInputStream::readFully (9 bytes)
Event: 2.111 Thread 0x000001fd36c08090 nmethod 1668 0x000001fd2154c810 code [0x000001fd2154c9c0, 0x000001fd2154cb08]
Event: 2.112 Thread 0x000001fd36c08090 1669       3       java.util.Arrays$ArrayItr::hasNext (18 bytes)
Event: 2.112 Thread 0x000001fd36c08090 nmethod 1669 0x000001fd2154cc10 code [0x000001fd2154cda0, 0x000001fd2154cf18]
Event: 2.112 Thread 0x000001fd36c08090 1670       3       java.util.Arrays$ArrayItr::next (36 bytes)
Event: 2.112 Thread 0x000001fd36c08090 nmethod 1670 0x000001fd2154d010 code [0x000001fd2154d1c0, 0x000001fd2154d408]
Event: 2.112 Thread 0x000001fd36c08090 1671       3       java.util.concurrent.ConcurrentHashMap$KeyIterator::next (34 bytes)
Event: 2.113 Thread 0x000001fd36c08090 nmethod 1671 0x000001fd2154d510 code [0x000001fd2154d6c0, 0x000001fd2154d978]
Event: 2.113 Thread 0x000001fd36c08090 1672       3       jdk.internal.jimage.BasicImageReader::verifyLocation (39 bytes)
Event: 2.113 Thread 0x000001fd36c08090 nmethod 1672 0x000001fd2154da90 code [0x000001fd2154dc60, 0x000001fd2154df28]
Event: 2.126 Thread 0x000001fd36c08090 1673       3       sun.util.locale.LocaleUtils::isUpper (18 bytes)
Event: 2.126 Thread 0x000001fd36c08090 nmethod 1673 0x000001fd2154e090 code [0x000001fd2154e220, 0x000001fd2154e398]
Event: 2.128 Thread 0x000001fd36c08090 1674       3       java.util.StringTokenizer::skipDelimiters (116 bytes)

GC Heap History (2 events):
Event: 1.226 GC heap before
{Heap before GC invocations=0 (full 0):
 garbage-first heap   total 98304K, used 25600K [0x00000000a1e00000, 0x0000000100000000)
  region size 1024K, 23 young (23552K), 0 survivors (0K)
 Metaspace       used 17035K, committed 17216K, reserved 1064960K
  class space    used 1788K, committed 1856K, reserved 1048576K
}
Event: 1.231 GC heap after
{Heap after GC invocations=1 (full 0):
 garbage-first heap   total 98304K, used 7047K [0x00000000a1e00000, 0x0000000100000000)
  region size 1024K, 3 young (3072K), 3 survivors (3072K)
 Metaspace       used 17035K, committed 17216K, reserved 1064960K
  class space    used 1788K, committed 1856K, reserved 1048576K
}

Deoptimization events (20 events):
Event: 1.022 Thread 0x000001fd1d5f0c20 DEOPT PACKING pc=0x000001fd287c0cec sp=0x000000778bcfb490
Event: 1.022 Thread 0x000001fd1d5f0c20 DEOPT UNPACKING pc=0x000001fd20d023a3 sp=0x000000778bcfb420 mode 2
Event: 1.095 Thread 0x000001fd1d5f0c20 DEOPT PACKING pc=0x000001fd2128a1fe sp=0x000000778bcfa2c0
Event: 1.095 Thread 0x000001fd1d5f0c20 DEOPT UNPACKING pc=0x000001fd20d02b43 sp=0x000000778bcf9730 mode 0
Event: 1.283 Thread 0x000001fd1d5f0c20 Uncommon trap: trap_request=0xffffffde fr.pc=0x000001fd287ea5a4 relative=0x0000000000000104
Event: 1.283 Thread 0x000001fd1d5f0c20 Uncommon trap: reason=class_check action=maybe_recompile pc=0x000001fd287ea5a4 method=jdk.internal.misc.Unsafe.allocateUninitializedArray(Ljava/lang/Class;I)Ljava/lang/Object; @ 51 c2
Event: 1.283 Thread 0x000001fd1d5f0c20 DEOPT PACKING pc=0x000001fd287ea5a4 sp=0x000000778bcfcb30
Event: 1.283 Thread 0x000001fd1d5f0c20 DEOPT UNPACKING pc=0x000001fd20d023a3 sp=0x000000778bcfcab8 mode 2
Event: 1.283 Thread 0x000001fd1d5f0c20 Uncommon trap: trap_request=0xffffffde fr.pc=0x000001fd287ea5a4 relative=0x0000000000000104
Event: 1.283 Thread 0x000001fd1d5f0c20 Uncommon trap: reason=class_check action=maybe_recompile pc=0x000001fd287ea5a4 method=jdk.internal.misc.Unsafe.allocateUninitializedArray(Ljava/lang/Class;I)Ljava/lang/Object; @ 51 c2
Event: 1.283 Thread 0x000001fd1d5f0c20 DEOPT PACKING pc=0x000001fd287ea5a4 sp=0x000000778bcfc8a0
Event: 1.283 Thread 0x000001fd1d5f0c20 DEOPT UNPACKING pc=0x000001fd20d023a3 sp=0x000000778bcfc828 mode 2
Event: 1.283 Thread 0x000001fd1d5f0c20 Uncommon trap: trap_request=0xffffffde fr.pc=0x000001fd287ea5a4 relative=0x0000000000000104
Event: 1.283 Thread 0x000001fd1d5f0c20 Uncommon trap: reason=class_check action=maybe_recompile pc=0x000001fd287ea5a4 method=jdk.internal.misc.Unsafe.allocateUninitializedArray(Ljava/lang/Class;I)Ljava/lang/Object; @ 51 c2
Event: 1.283 Thread 0x000001fd1d5f0c20 DEOPT PACKING pc=0x000001fd287ea5a4 sp=0x000000778bcfc9b0
Event: 1.283 Thread 0x000001fd1d5f0c20 DEOPT UNPACKING pc=0x000001fd20d023a3 sp=0x000000778bcfc938 mode 2
Event: 1.284 Thread 0x000001fd1d5f0c20 Uncommon trap: trap_request=0xffffffde fr.pc=0x000001fd287ea5a4 relative=0x0000000000000104
Event: 1.284 Thread 0x000001fd1d5f0c20 Uncommon trap: reason=class_check action=maybe_recompile pc=0x000001fd287ea5a4 method=jdk.internal.misc.Unsafe.allocateUninitializedArray(Ljava/lang/Class;I)Ljava/lang/Object; @ 51 c2
Event: 1.284 Thread 0x000001fd1d5f0c20 DEOPT PACKING pc=0x000001fd287ea5a4 sp=0x000000778bcfd410
Event: 1.284 Thread 0x000001fd1d5f0c20 DEOPT UNPACKING pc=0x000001fd20d023a3 sp=0x000000778bcfd398 mode 2

Classes unloaded (0 events):
No events

Classes redefined (0 events):
No events

Internal exceptions (20 events):
Event: 0.800 Thread 0x000001fd1d5f0c20 Exception <a 'java/lang/IncompatibleClassChangeError'{0x00000000a7498d60}: Found class java.lang.Object, but interface was expected> (0x00000000a7498d60) 
thrown [s\src\hotspot\share\interpreter\linkResolver.cpp, line 826]
Event: 0.932 Thread 0x000001fd1d5f0c20 Exception <a 'java/lang/NoSuchMethodError'{0x00000000a6d1c1d0}: 'java.lang.Object java.lang.invoke.DirectMethodHandle$Holder.invokeStaticInit(java.lang.Object, int, int, int, int)'> (0x00000000a6d1c1d0) 
thrown [s\src\hotspot\share\interpreter\linkResolver.cpp, line 759]
Event: 1.001 Thread 0x000001fd1d5f0c20 Exception <a 'java/lang/NoSuchMethodError'{0x00000000a6d3c8a8}: 'java.lang.Object java.lang.invoke.DirectMethodHandle$Holder.invokeStaticInit(java.lang.Object, java.lang.Object, int, int, int, int)'> (0x00000000a6d3c8a8) 
thrown [s\src\hotspot\share\interpreter\linkResolver.cpp, line 759]
Event: 1.088 Thread 0x000001fd1d5f0c20 Exception <a 'java/lang/NoSuchMethodError'{0x00000000a6bf7db8}: 'java.lang.Object java.lang.invoke.DirectMethodHandle$Holder.invokeInterface(java.lang.Object, java.lang.Object, java.lang.Object)'> (0x00000000a6bf7db8) 
thrown [s\src\hotspot\share\interpreter\linkResolver.cpp, line 759]
Event: 1.088 Thread 0x000001fd1d5f0c20 Exception <a 'java/lang/IncompatibleClassChangeError'{0x00000000a6bfb480}: Found class java.lang.Object, but interface was expected> (0x00000000a6bfb480) 
thrown [s\src\hotspot\share\interpreter\linkResolver.cpp, line 826]
Event: 1.089 Thread 0x000001fd1d5f0c20 Exception <a 'java/lang/NoSuchMethodError'{0x00000000a6a03b18}: 'int java.lang.invoke.DirectMethodHandle$Holder.invokeSpecialIFC(java.lang.Object, java.lang.Object, java.lang.Object, java.lang.Object)'> (0x00000000a6a03b18) 
thrown [s\src\hotspot\share\interpreter\linkResolver.cpp, line 759]
Event: 1.097 Thread 0x000001fd1d5f0c20 Exception <a 'java/lang/NoSuchMethodError'{0x00000000a6a64d58}: 'java.lang.Object java.lang.invoke.DirectMethodHandle$Holder.invokeVirtual(java.lang.Object, java.lang.Object, java.lang.Object, java.lang.Object)'> (0x00000000a6a64d58) 
thrown [s\src\hotspot\share\interpreter\linkResolver.cpp, line 759]
Event: 1.120 Thread 0x000001fd3768ea30 Exception <a 'java/net/ConnectException'{0x00000000a69f43b0}: Connection refused: no further information> (0x00000000a69f43b0) 
thrown [s\src\hotspot\share\prims\jni.cpp, line 535]
Event: 1.120 Thread 0x000001fd3768ea30 Exception <a 'java/net/SocketException'{0x00000000a69f46e8}: Socket is not connected: shutdown> (0x00000000a69f46e8) 
thrown [s\src\hotspot\share\prims\jni.cpp, line 535]
Event: 1.132 Thread 0x000001fd3768ea30 Exception <a 'java/net/ConnectException'{0x00000000a69f56e0}: Connection refused: no further information> (0x00000000a69f56e0) 
thrown [s\src\hotspot\share\prims\jni.cpp, line 535]
Event: 1.132 Thread 0x000001fd3768ea30 Exception <a 'java/net/SocketException'{0x00000000a69f5a18}: Socket is not connected: shutdown> (0x00000000a69f5a18) 
thrown [s\src\hotspot\share\prims\jni.cpp, line 535]
Event: 1.206 Thread 0x000001fd1d5f0c20 Exception <a 'java/lang/NoSuchMethodError'{0x00000000a6721010}: 'java.lang.Object java.lang.invoke.DirectMethodHandle$Holder.newInvokeSpecial(java.lang.Object, java.lang.Object, int, int)'> (0x00000000a6721010) 
thrown [s\src\hotspot\share\interpreter\linkResolver.cpp, line 759]
Event: 1.208 Thread 0x000001fd1d5f0c20 Exception <a 'java/lang/NoSuchMethodError'{0x00000000a672be50}: 'void java.lang.invoke.DirectMethodHandle$Holder.invokeStatic(java.lang.Object, java.lang.Object, int)'> (0x00000000a672be50) 
thrown [s\src\hotspot\share\interpreter\linkResolver.cpp, line 759]
Event: 1.233 Thread 0x000001fd1d5f0c20 Exception <a 'java/lang/NoSuchMethodError'{0x00000000a7d1b2f0}: 'java.lang.Object java.lang.invoke.DirectMethodHandle$Holder.newInvokeSpecial(java.lang.Object, java.lang.Object, java.lang.Object, java.lang.Object, java.lang.Object)'> (0x00000000a7d1b2f0) 
thrown [s\src\hotspot\share\interpreter\linkResolver.cpp, line 759]
Event: 1.275 Thread 0x000001fd1d5f0c20 Exception <a 'java/lang/NoSuchMethodError'{0x00000000a7b9bb58}: 'void java.lang.invoke.DirectMethodHandle$Holder.invokeSpecial(java.lang.Object, java.lang.Object, java.lang.Object)'> (0x00000000a7b9bb58) 
thrown [s\src\hotspot\share\interpreter\linkResolver.cpp, line 759]
Event: 1.306 Thread 0x000001fd37787e40 Exception <a 'java/lang/NoSuchMethodError'{0x00000000a79fe240}: 'java.lang.Object java.lang.invoke.DirectMethodHandle$Holder.invokeSpecial(java.lang.Object, java.lang.Object, java.lang.Object, java.lang.Object, int)'> (0x00000000a79fe240) 
thrown [s\src\hotspot\share\interpreter\linkResolver.cpp, line 759]
Event: 1.306 Thread 0x000001fd37787e40 Exception <a 'java/lang/NoSuchMethodError'{0x00000000a7802380}: 'java.lang.Object java.lang.invoke.Invokers$Holder.linkToTargetMethod(java.lang.Object, java.lang.Object, int, java.lang.Object)'> (0x00000000a7802380) 
thrown [s\src\hotspot\share\interpreter\linkResolver.cpp, line 759]
Event: 1.326 Thread 0x000001fd37787e40 Exception <a 'java/lang/NoSuchMethodError'{0x00000000a774ec78}: 'void java.lang.invoke.DirectMethodHandle$Holder.invokeSpecial(java.lang.Object, java.lang.Object, java.lang.Object, java.lang.Object, java.lang.Object)'> (0x00000000a774ec78) 
thrown [s\src\hotspot\share\interpreter\linkResolver.cpp, line 759]
Event: 1.957 Thread 0x000001fd37787e40 Exception <a 'java/lang/NoSuchMethodError'{0x00000000a76d5b08}: 'void java.lang.invoke.DirectMethodHandle$Holder.invokeSpecial(java.lang.Object, java.lang.Object, java.lang.Object, java.lang.Object, java.lang.Object, java.lang.Object, java.lang.Object)'> (0x00000000a76d5b08) 
thrown [s\src\hotspot\share\interpreter\linkResolver.cpp, line 759]
Event: 2.003 Thread 0x000001fd1d5f0c20 Exception <a 'java/lang/NoSuchMethodError'{0x00000000a7478a60}: 'java.lang.Object java.lang.invoke.DirectMethodHandle$Holder.invokeSpecialIFC(java.lang.Object, java.lang.Object, java.lang.Object)'> (0x00000000a7478a60) 
thrown [s\src\hotspot\share\interpreter\linkResolver.cpp, line 759]

VM Operations (20 events):
Event: 0.310 Executing VM operation: HandshakeAllThreads
Event: 0.310 Executing VM operation: HandshakeAllThreads done
Event: 0.314 Executing VM operation: HandshakeAllThreads
Event: 0.314 Executing VM operation: HandshakeAllThreads done
Event: 0.752 Executing VM operation: HandshakeAllThreads
Event: 0.752 Executing VM operation: HandshakeAllThreads done
Event: 1.007 Executing VM operation: HandshakeAllThreads
Event: 1.007 Executing VM operation: HandshakeAllThreads done
Event: 1.113 Executing VM operation: ICBufferFull
Event: 1.114 Executing VM operation: ICBufferFull done
Event: 1.167 Executing VM operation: HandshakeAllThreads
Event: 1.167 Executing VM operation: HandshakeAllThreads done
Event: 1.169 Executing VM operation: HandshakeAllThreads
Event: 1.169 Executing VM operation: HandshakeAllThreads done
Event: 1.226 Executing VM operation: G1CollectForAllocation
Event: 1.231 Executing VM operation: G1CollectForAllocation done
Event: 1.944 Executing VM operation: HandshakeAllThreads
Event: 1.944 Executing VM operation: HandshakeAllThreads done
Event: 2.110 Executing VM operation: HandshakeAllThreads
Event: 2.110 Executing VM operation: HandshakeAllThreads done

Events (20 events):
Event: 2.125 loading class sun/util/locale/StringTokenIterator
Event: 2.125 loading class sun/util/locale/StringTokenIterator done
Event: 2.125 loading class sun/util/locale/InternalLocaleBuilder
Event: 2.125 loading class sun/util/locale/InternalLocaleBuilder done
Event: 2.125 loading class sun/util/locale/InternalLocaleBuilder$CaseInsensitiveChar
Event: 2.125 loading class sun/util/locale/InternalLocaleBuilder$CaseInsensitiveChar done
Event: 2.125 loading class sun/util/locale/BaseLocale$Key
Event: 2.125 loading class sun/util/locale/BaseLocale$Key done
Event: 2.125 loading class sun/util/locale/BaseLocale$Cache
Event: 2.125 loading class sun/util/locale/LocaleObjectCache
Event: 2.125 loading class sun/util/locale/LocaleObjectCache done
Event: 2.125 loading class sun/util/locale/BaseLocale$Cache done
Event: 2.125 loading class sun/util/locale/LocaleObjectCache$CacheEntry
Event: 2.125 loading class sun/util/locale/LocaleObjectCache$CacheEntry done
Event: 2.125 loading class java/util/Locale$Cache
Event: 2.125 loading class java/util/Locale$Cache done
Event: 2.127 loading class sun/util/locale/provider/NumberFormatProviderImpl
Event: 2.127 loading class sun/util/locale/provider/AvailableLanguageTags
Event: 2.128 loading class sun/util/locale/provider/AvailableLanguageTags done
Event: 2.128 loading class sun/util/locale/provider/NumberFormatProviderImpl done


Dynamic libraries:
0x00007ff7033d0000 - 0x00007ff7033de000 	C:\Users\subod\Downloads\eclipse-java-2022-09-R-win32-x86_64\eclipse\plugins\org.eclipse.justj.openjdk.hotspot.jre.full.win32.x86_64_17.0.4.v20220903-1038\jre\bin\javaw.exe
0x00007ffc0f3b0000 - 0x00007ffc0f5c6000 	C:\Windows\SYSTEM32\ntdll.dll
0x00007ffc0e6f0000 - 0x00007ffc0e7b4000 	C:\Windows\System32\KERNEL32.DLL
0x00007ffc0cbe0000 - 0x00007ffc0cf86000 	C:\Windows\System32\KERNELBASE.dll
0x00007ffc0c7b0000 - 0x00007ffc0c8c1000 	C:\Windows\System32\ucrtbase.dll
0x00007ffbd2470000 - 0x00007ffbd2489000 	C:\Users\subod\Downloads\eclipse-java-2022-09-R-win32-x86_64\eclipse\plugins\org.eclipse.justj.openjdk.hotspot.jre.full.win32.x86_64_17.0.4.v20220903-1038\jre\bin\VCRUNTIME140.dll
0x00007ffbd2450000 - 0x00007ffbd2468000 	C:\Users\subod\Downloads\eclipse-java-2022-09-R-win32-x86_64\eclipse\plugins\org.eclipse.justj.openjdk.hotspot.jre.full.win32.x86_64_17.0.4.v20220903-1038\jre\bin\jli.dll
0x00007ffc0ef80000 - 0x00007ffc0f12d000 	C:\Windows\System32\USER32.dll
0x00007ffc0c9f0000 - 0x00007ffc0ca16000 	C:\Windows\System32\win32u.dll
0x00007ffbf4af0000 - 0x00007ffbf4d83000 	C:\Windows\WinSxS\amd64_microsoft.windows.common-controls_6595b64144ccf1df_6.0.22621.3235_none_270f74e173860f98\COMCTL32.dll
0x00007ffc0e130000 - 0x00007ffc0e1d7000 	C:\Windows\System32\msvcrt.dll
0x00007ffc0e980000 - 0x00007ffc0e9a9000 	C:\Windows\System32\GDI32.dll
0x00007ffc0c8d0000 - 0x00007ffc0c9e8000 	C:\Windows\System32\gdi32full.dll
0x00007ffc0ca20000 - 0x00007ffc0caba000 	C:\Windows\System32\msvcp_win.dll
0x00007ffc0ec80000 - 0x00007ffc0ecb1000 	C:\Windows\System32\IMM32.DLL
0x00007ffbca830000 - 0x00007ffbca83c000 	C:\Users\subod\Downloads\eclipse-java-2022-09-R-win32-x86_64\eclipse\plugins\org.eclipse.justj.openjdk.hotspot.jre.full.win32.x86_64_17.0.4.v20220903-1038\jre\bin\vcruntime140_1.dll
0x00007ffba8250000 - 0x00007ffba82e1000 	C:\Users\subod\Downloads\eclipse-java-2022-09-R-win32-x86_64\eclipse\plugins\org.eclipse.justj.openjdk.hotspot.jre.full.win32.x86_64_17.0.4.v20220903-1038\jre\bin\msvcp140.dll
0x00007ffbb40d0000 - 0x00007ffbb4d16000 	C:\Users\subod\Downloads\eclipse-java-2022-09-R-win32-x86_64\eclipse\plugins\org.eclipse.justj.openjdk.hotspot.jre.full.win32.x86_64_17.0.4.v20220903-1038\jre\bin\server\jvm.dll
0x00007ffc0e7c0000 - 0x00007ffc0e872000 	C:\Windows\System32\ADVAPI32.dll
0x00007ffc0ed40000 - 0x00007ffc0ede8000 	C:\Windows\System32\sechost.dll
0x00007ffc0cac0000 - 0x00007ffc0cae8000 	C:\Windows\System32\bcrypt.dll
0x00007ffc0eb60000 - 0x00007ffc0ec75000 	C:\Windows\System32\RPCRT4.dll
0x00007ffc0e260000 - 0x00007ffc0e268000 	C:\Windows\System32\PSAPI.DLL
0x00007ffc07ba0000 - 0x00007ffc07ba9000 	C:\Windows\SYSTEM32\WSOCK32.dll
0x00007ffc05e50000 - 0x00007ffc05e84000 	C:\Windows\SYSTEM32\WINMM.dll
0x00007ffc04b10000 - 0x00007ffc04b1a000 	C:\Windows\SYSTEM32\VERSION.dll
0x00007ffc0e1e0000 - 0x00007ffc0e251000 	C:\Windows\System32\WS2_32.dll
0x00007ffc0b730000 - 0x00007ffc0b748000 	C:\Windows\SYSTEM32\kernel.appcore.dll
0x00007ffc07080000 - 0x00007ffc0708a000 	C:\Users\subod\Downloads\eclipse-java-2022-09-R-win32-x86_64\eclipse\plugins\org.eclipse.justj.openjdk.hotspot.jre.full.win32.x86_64_17.0.4.v20220903-1038\jre\bin\jimage.dll
0x00007ffbf9a70000 - 0x00007ffbf9ca3000 	C:\Windows\SYSTEM32\DBGHELP.DLL
0x00007ffc0dbf0000 - 0x00007ffc0df78000 	C:\Windows\System32\combase.dll
0x00007ffc0edf0000 - 0x00007ffc0eec7000 	C:\Windows\System32\OLEAUT32.dll
0x00007ffbe76d0000 - 0x00007ffbe7702000 	C:\Windows\SYSTEM32\dbgcore.DLL
0x00007ffc0cb60000 - 0x00007ffc0cbda000 	C:\Windows\System32\bcryptPrimitives.dll
0x00007ffc06bb0000 - 0x00007ffc06bd5000 	C:\Users\subod\Downloads\eclipse-java-2022-09-R-win32-x86_64\eclipse\plugins\org.eclipse.justj.openjdk.hotspot.jre.full.win32.x86_64_17.0.4.v20220903-1038\jre\bin\java.dll
0x00007ffc06b90000 - 0x00007ffc06ba8000 	C:\Users\subod\Downloads\eclipse-java-2022-09-R-win32-x86_64\eclipse\plugins\org.eclipse.justj.openjdk.hotspot.jre.full.win32.x86_64_17.0.4.v20220903-1038\jre\bin\zip.dll
0x00007ffc0d1d0000 - 0x00007ffc0da2d000 	C:\Windows\System32\SHELL32.dll
0x00007ffc0a650000 - 0x00007ffc0af48000 	C:\Windows\SYSTEM32\windows.storage.dll
0x00007ffc0a510000 - 0x00007ffc0a64e000 	C:\Windows\SYSTEM32\wintypes.dll
0x00007ffc0e880000 - 0x00007ffc0e973000 	C:\Windows\System32\SHCORE.dll
0x00007ffc0d110000 - 0x00007ffc0d16e000 	C:\Windows\System32\shlwapi.dll
0x00007ffc0c620000 - 0x00007ffc0c646000 	C:\Windows\SYSTEM32\profapi.dll
0x00007ffc04700000 - 0x00007ffc04719000 	C:\Users\subod\Downloads\eclipse-java-2022-09-R-win32-x86_64\eclipse\plugins\org.eclipse.justj.openjdk.hotspot.jre.full.win32.x86_64_17.0.4.v20220903-1038\jre\bin\net.dll
0x00007ffc06840000 - 0x00007ffc06977000 	C:\Windows\SYSTEM32\WINHTTP.dll
0x00007ffc0bbb0000 - 0x00007ffc0bc19000 	C:\Windows\system32\mswsock.dll
0x00007ffc046e0000 - 0x00007ffc046f5000 	C:\Users\subod\Downloads\eclipse-java-2022-09-R-win32-x86_64\eclipse\plugins\org.eclipse.justj.openjdk.hotspot.jre.full.win32.x86_64_17.0.4.v20220903-1038\jre\bin\nio.dll
0x00007ffc0b220000 - 0x00007ffc0b319000 	C:\Windows\SYSTEM32\DNSAPI.dll
0x00007ffc0b1b0000 - 0x00007ffc0b1dd000 	C:\Windows\SYSTEM32\IPHLPAPI.DLL
0x00007ffc0e9c0000 - 0x00007ffc0e9c9000 	C:\Windows\System32\NSI.dll
0x00007ffbeccd0000 - 0x00007ffbeccda000 	C:\Windows\System32\rasadhlp.dll
0x00007ffc04b50000 - 0x00007ffc04bd3000 	C:\Windows\System32\fwpuclnt.dll
0x00007ffc046d0000 - 0x00007ffc046de000 	C:\Users\subod\Downloads\eclipse-java-2022-09-R-win32-x86_64\eclipse\plugins\org.eclipse.justj.openjdk.hotspot.jre.full.win32.x86_64_17.0.4.v20220903-1038\jre\bin\sunmscapi.dll
0x00007ffc0cf90000 - 0x00007ffc0d0f6000 	C:\Windows\System32\CRYPT32.dll
0x00007ffc0bfc0000 - 0x00007ffc0bfee000 	C:\Windows\SYSTEM32\ncrypt.dll
0x00007ffc0bf80000 - 0x00007ffc0bfb7000 	C:\Windows\SYSTEM32\NTASN1.dll
0x00007ffc0be00000 - 0x00007ffc0be1b000 	C:\Windows\SYSTEM32\CRYPTSP.dll
0x00007ffc0b690000 - 0x00007ffc0b6c5000 	C:\Windows\system32\rsaenh.dll
0x00007ffc0bca0000 - 0x00007ffc0bccc000 	C:\Windows\SYSTEM32\USERENV.dll
0x00007ffc0be20000 - 0x00007ffc0be2c000 	C:\Windows\SYSTEM32\CRYPTBASE.dll
0x00007ffc063f0000 - 0x00007ffc06409000 	C:\Windows\SYSTEM32\dhcpcsvc6.DLL
0x00007ffc064b0000 - 0x00007ffc064cf000 	C:\Windows\SYSTEM32\dhcpcsvc.DLL
0x00007ffbca800000 - 0x00007ffbca808000 	C:\Windows\system32\wshunix.dll

dbghelp: loaded successfully - version: 4.0.5 - missing functions: none
symbol engine: initialized successfully - sym options: 0x614 - pdb path: .;C:\Users\subod\Downloads\eclipse-java-2022-09-R-win32-x86_64\eclipse\plugins\org.eclipse.justj.openjdk.hotspot.jre.full.win32.x86_64_17.0.4.v20220903-1038\jre\bin;C:\Windows\SYSTEM32;C:\Windows\WinSxS\amd64_microsoft.windows.common-controls_6595b64144ccf1df_6.0.22621.3235_none_270f74e173860f98;C:\Users\subod\Downloads\eclipse-java-2022-09-R-win32-x86_64\eclipse\plugins\org.eclipse.justj.openjdk.hotspot.jre.full.win32.x86_64_17.0.4.v20220903-1038\jre\bin\server

VM Arguments:
jvm_args: -Dfile.encoding=UTF-8 -XX:+ShowCodeDetailsInExceptionMessages 
java_command: JavaScriptExcecutor.MixedAssignment
java_class_path (initial): C:\Users\subod\git\Java-Selenium\Automation\bin;C:\Users\subod\git\Java-Selenium\Automation\jars\selenium-server-4.15.0.jar
Launcher Type: SUN_STANDARD

[Global flags]
     intx CICompilerCount                          = 4                                         {product} {ergonomic}
     uint ConcGCThreads                            = 2                                         {product} {ergonomic}
     uint G1ConcRefinementThreads                  = 8                                         {product} {ergonomic}
   size_t G1HeapRegionSize                         = 1048576                                   {product} {ergonomic}
    uintx GCDrainStackTargetSize                   = 64                                        {product} {ergonomic}
   size_t InitialHeapSize                          = 100663296                                 {product} {ergonomic}
   size_t MarkStackSize                            = 4194304                                   {product} {ergonomic}
   size_t MaxHeapSize                              = 1579155456                                {product} {ergonomic}
   size_t MaxNewSize                               = 946864128                                 {product} {ergonomic}
   size_t MinHeapDeltaBytes                        = 1048576                                   {product} {ergonomic}
   size_t MinHeapSize                              = 8388608                                   {product} {ergonomic}
    uintx NonNMethodCodeHeapSize                   = 5839372                                {pd product} {ergonomic}
    uintx NonProfiledCodeHeapSize                  = 122909434                              {pd product} {ergonomic}
    uintx ProfiledCodeHeapSize                     = 122909434                              {pd product} {ergonomic}
    uintx ReservedCodeCacheSize                    = 251658240                              {pd product} {ergonomic}
     bool SegmentedCodeCache                       = true                                      {product} {ergonomic}
     bool ShowCodeDetailsInExceptionMessages       = true                                   {manageable} {command line}
   size_t SoftMaxHeapSize                          = 1579155456                             {manageable} {ergonomic}
     bool UseCompressedClassPointers               = true                           {product lp64_product} {ergonomic}
     bool UseCompressedOops                        = true                           {product lp64_product} {ergonomic}
     bool UseG1GC                                  = true                                      {product} {ergonomic}
     bool UseLargePagesIndividualAllocation        = false                                  {pd product} {ergonomic}

Logging:
Log output configuration:
 #0: stdout all=warning uptime,level,tags
 #1: stderr all=off uptime,level,tags

Environment Variables:
PATH=C:/Users/subod/Downloads/eclipse-java-2022-09-R-win32-x86_64/eclipse//plugins/org.eclipse.justj.openjdk.hotspot.jre.full.win32.x86_64_17.0.4.v20220903-1038/jre/bin/server;C:/Users/subod/Downloads/eclipse-java-2022-09-R-win32-x86_64/eclipse//plugins/org.eclipse.justj.openjdk.hotspot.jre.full.win32.x86_64_17.0.4.v20220903-1038/jre/bin;C:\Program Files\Common Files\Oracle\Java\javapath;D:\oracle\product\10.2.0\db_1\bin;C:\Windows\system32;C:\Windows;C:\Windows\System32\Wbem;C:\Windows\System32\WindowsPowerShell\v1.0\;C:\Windows\System32\OpenSSH\;C:\Program Files\Java\jdk-11.0.15.1\bin;C:\Users\subod\AppData\Local\Microsoft\WindowsApps;C:\Users\subod\AppData\Local\spicetify;C:\Program Files\Java\jdk-11.0.15.1\bin;;C:\Users\subod\Downloads\eclipse-java-2022-09-R-win32-x86_64\eclipse;
USERNAME=subodh
OS=Windows_NT
PROCESSOR_IDENTIFIER=AMD64 Family 23 Model 24 Stepping 1, AuthenticAMD
TMP=C:\Users\subod\AppData\Local\Temp
TEMP=C:\Users\subod\AppData\Local\Temp



---------------  S Y S T E M  ---------------

OS:
 Windows 11 , 64 bit Build 22621 (10.0.22621.3235)
OS uptime: 0 days 0:09 hours

CPU: total 8 (initial active 8) (8 cores per cpu, 2 threads per core) family 23 model 24 stepping 1 microcode 0x0, cx8, cmov, fxsr, ht, mmx, 3dnowpref, sse, sse2, sse3, ssse3, sse4a, sse4.1, sse4.2, popcnt, lzcnt, tsc, tscinvbit, avx, avx2, aes, clmul, bmi1, bmi2, adx, sha, fma, vzeroupper, clflush, clflushopt

Memory: 4k page, system-wide physical 6019M (1032M free)
TotalPageFile size 8067M (AvailPageFile size 65M)
current process WorkingSet (physical memory assigned to process): 82M, peak: 103M
current process commit charge ("private bytes"): 138M, peak: 202M

vm_info: OpenJDK 64-Bit Server VM (17.0.4.1+1) for windows-amd64 JRE (17.0.4.1+1), built on Aug 17 2022 07:42:43 by "temurin" with MS VC++ 16.7 (VS2019)

END.
