#
# There is insufficient memory for the Java Runtime Environment to continue.
# Native memory allocation (malloc) failed to allocate 472896 bytes for Chunk::new
# Possible reasons:
#   The system is out of physical RAM or swap space
#   The process is running with CompressedOops enabled, and the Java Heap may be blocking the growth of the native heap
# Possible solutions:
#   Reduce memory load on the system
#   Increase physical memory or swap space
#   Check if swap backing store is full
#   Decrease Java heap size (-Xmx/-Xms)
#   Decrease number of Java threads
#   Decrease Java thread stack sizes (-Xss)
#   Set larger code cache with -XX:ReservedCodeCacheSize=
#   JVM is running with Unscaled Compressed Oops mode in which the Java heap is
#     placed in the first 4GB address space. The Java Heap base address is the
#     maximum limit for the native heap growth. Please use -XX:HeapBaseMinAddress
#     to set the Java Heap base and to place the Java Heap above 4GB virtual address.
# This output file may be truncated or incomplete.
#
#  Out of Memory Error (arena.cpp:189), pid=13548, tid=12128
#
# JRE version: OpenJDK Runtime Environment Temurin-17.0.4.1+1 (17.0.4.1+1) (build 17.0.4.1+1)
# Java VM: OpenJDK 64-Bit Server VM Temurin-17.0.4.1+1 (17.0.4.1+1, mixed mode, tiered, compressed oops, compressed class ptrs, g1 gc, windows-amd64)
# No core dump will be written. Minidumps are not enabled by default on client versions of Windows
#

---------------  S U M M A R Y ------------

Command Line: -Dfile.encoding=UTF-8 -XX:+ShowCodeDetailsInExceptionMessages JavaScriptExcecutor.Assignment

Host: AMD Ryzen 5 3550H with Radeon Vega Mobile Gfx  , 8 cores, 5G,  Windows 11 , 64 bit Build 22621 (10.0.22621.3374)
Time: Mon Apr  1 11:22:30 2024 India Standard Time elapsed time: 2.678193 seconds (0d 0h 0m 2s)

---------------  T H R E A D  ---------------

Current thread (0x000001f76c009570):  JavaThread "C2 CompilerThread0" daemon [_thread_in_native, id=12128, stack(0x0000003efa100000,0x0000003efa200000)]


Current CompileTask:
C2:   2678 1613       4       java.lang.invoke.MethodType::makeImpl (109 bytes)

Stack: [0x0000003efa100000,0x0000003efa200000]
Native frames: (J=compiled Java code, j=interpreted, Vv=VM code, C=native code)
V  [jvm.dll+0x67731a]
V  [jvm.dll+0x832284]
V  [jvm.dll+0x833a2e]
V  [jvm.dll+0x834093]
V  [jvm.dll+0x245775]
V  [jvm.dll+0xabd7b]
V  [jvm.dll+0xac30c]
V  [jvm.dll+0x2ac80f]
V  [jvm.dll+0x57dd77]
V  [jvm.dll+0x220892]
V  [jvm.dll+0x219d3f]
V  [jvm.dll+0x21799b]
V  [jvm.dll+0x1a3f8d]
V  [jvm.dll+0x227498]
V  [jvm.dll+0x2255e5]
V  [jvm.dll+0x7e7e9b]
V  [jvm.dll+0x7e240a]
V  [jvm.dll+0x6761a5]
C  [ucrtbase.dll+0x29333]
C  [KERNEL32.DLL+0x1257d]
C  [ntdll.dll+0x5aa48]


---------------  P R O C E S S  ---------------

Threads class SMR info:
_java_thread_list=0x000001f76ce6fb20, length=26, elements={
0x000001f752880d50, 0x000001f76b4fe040, 0x000001f76b4ff390, 0x000001f76b52c4e0,
0x000001f76b52cea0, 0x000001f76b52e860, 0x000001f76b514340, 0x000001f76c009570,
0x000001f76c00a610, 0x000001f76c0156f0, 0x000001f76c186710, 0x000001f76c195020,
0x000001f76cb3b070, 0x000001f76ccf7810, 0x000001f76cd2c320, 0x000001f76cd97260,
0x000001f76cd97ce0, 0x000001f76cdd9940, 0x000001f76cdd1930, 0x000001f76cdb3110,
0x000001f76cdb1900, 0x000001f76cdb35e0, 0x000001f76cdb4450, 0x000001f76cdb3ab0,
0x000001f76cdb3f80, 0x000001f76cdb4920
}

Java Threads: ( => current thread )
  0x000001f752880d50 JavaThread "main" [_thread_in_vm, id=2640, stack(0x0000003ef9400000,0x0000003ef9500000)]
  0x000001f76b4fe040 JavaThread "Reference Handler" daemon [_thread_blocked, id=6996, stack(0x0000003ef9b00000,0x0000003ef9c00000)]
  0x000001f76b4ff390 JavaThread "Finalizer" daemon [_thread_blocked, id=14188, stack(0x0000003ef9c00000,0x0000003ef9d00000)]
  0x000001f76b52c4e0 JavaThread "Signal Dispatcher" daemon [_thread_blocked, id=11600, stack(0x0000003ef9d00000,0x0000003ef9e00000)]
  0x000001f76b52cea0 JavaThread "Attach Listener" daemon [_thread_blocked, id=13732, stack(0x0000003ef9e00000,0x0000003ef9f00000)]
  0x000001f76b52e860 JavaThread "Service Thread" daemon [_thread_blocked, id=5044, stack(0x0000003ef9f00000,0x0000003efa000000)]
  0x000001f76b514340 JavaThread "Monitor Deflation Thread" daemon [_thread_blocked, id=10000, stack(0x0000003efa000000,0x0000003efa100000)]
=>0x000001f76c009570 JavaThread "C2 CompilerThread0" daemon [_thread_in_native, id=12128, stack(0x0000003efa100000,0x0000003efa200000)]
  0x000001f76c00a610 JavaThread "C1 CompilerThread0" daemon [_thread_blocked, id=5584, stack(0x0000003efa200000,0x0000003efa300000)]
  0x000001f76c0156f0 JavaThread "Sweeper thread" daemon [_thread_blocked, id=5628, stack(0x0000003efa300000,0x0000003efa400000)]
  0x000001f76c186710 JavaThread "Notification Thread" daemon [_thread_blocked, id=6644, stack(0x0000003efa400000,0x0000003efa500000)]
  0x000001f76c195020 JavaThread "Common-Cleaner" daemon [_thread_blocked, id=2652, stack(0x0000003efa600000,0x0000003efa700000)]
  0x000001f76cb3b070 JavaThread "ForkJoinPool.commonPool-worker-1" daemon [_thread_blocked, id=3800, stack(0x0000003efa700000,0x0000003efa800000)]
  0x000001f76ccf7810 JavaThread "HttpClient-1-SelectorManager" daemon [_thread_in_native, id=11712, stack(0x0000003efaa00000,0x0000003efab00000)]
  0x000001f76cd2c320 JavaThread "Thread-2" [_thread_in_native, id=10416, stack(0x0000003efab00000,0x0000003efac00000)]
  0x000001f76cd97260 JavaThread "Driver Service Executor" daemon [_thread_blocked, id=6508, stack(0x0000003efac00000,0x0000003efad00000)]
  0x000001f76cd97ce0 JavaThread "Driver Service Executor" daemon [_thread_in_native, id=3968, stack(0x0000003efad00000,0x0000003efae00000)]
  0x000001f76cdd9940 JavaThread "UrlChecker-2" daemon [_thread_blocked, id=3044, stack(0x0000003efae00000,0x0000003efaf00000)]
  0x000001f76cdd1930 JavaThread "Keep-Alive-Timer" daemon [_thread_blocked, id=10208, stack(0x0000003efb000000,0x0000003efb100000)]
  0x000001f76cdb3110 JavaThread "pool-1-thread-1" [_thread_blocked, id=8428, stack(0x0000003efa900000,0x0000003efaa00000)]
  0x000001f76cdb1900 JavaThread "pool-1-thread-2" [_thread_blocked, id=11912, stack(0x0000003efb800000,0x0000003efb900000)]
  0x000001f76cdb35e0 JavaThread "pool-1-thread-3" [_thread_blocked, id=6532, stack(0x0000003efb900000,0x0000003efba00000)]
  0x000001f76cdb4450 JavaThread "HttpClient-2-SelectorManager" daemon [_thread_in_native, id=5092, stack(0x0000003efa800000,0x0000003efa900000)]
  0x000001f76cdb3ab0 JavaThread "pool-2-thread-1" [_thread_blocked, id=11376, stack(0x0000003efba00000,0x0000003efbb00000)]
  0x000001f76cdb3f80 JavaThread "pool-2-thread-2" [_thread_blocked, id=8536, stack(0x0000003efbb00000,0x0000003efbc00000)]
  0x000001f76cdb4920 JavaThread "pool-2-thread-3" [_thread_blocked, id=7180, stack(0x0000003efbc00000,0x0000003efbd00000)]

Other Threads:
  0x000001f76b4bb000 VMThread "VM Thread" [stack: 0x0000003ef9a00000,0x0000003ef9b00000] [id=13880]
  0x000001f7528e1d90 WatcherThread [stack: 0x0000003efa500000,0x0000003efa600000] [id=10140]
  0x000001f7528cda10 GCTaskThread "GC Thread#0" [stack: 0x0000003ef9500000,0x0000003ef9600000] [id=8544]
  0x000001f76cdb78d0 GCTaskThread "GC Thread#1" [stack: 0x0000003efb100000,0x0000003efb200000] [id=3552]
  0x000001f76cdbbc00 GCTaskThread "GC Thread#2" [stack: 0x0000003efb200000,0x0000003efb300000] [id=4560]
  0x000001f76cdbbeb0 GCTaskThread "GC Thread#3" [stack: 0x0000003efb300000,0x0000003efb400000] [id=6548]
  0x000001f76ce2c970 GCTaskThread "GC Thread#4" [stack: 0x0000003efb400000,0x0000003efb500000] [id=7228]
  0x000001f76ce2cc20 GCTaskThread "GC Thread#5" [stack: 0x0000003efb500000,0x0000003efb600000] [id=12200]
  0x000001f76ce2d6f0 GCTaskThread "GC Thread#6" [stack: 0x0000003efb600000,0x0000003efb700000] [id=13396]
  0x000001f76ce319b0 GCTaskThread "GC Thread#7" [stack: 0x0000003efb700000,0x0000003efb800000] [id=7380]
  0x000001f7528da590 ConcurrentGCThread "G1 Main Marker" [stack: 0x0000003ef9600000,0x0000003ef9700000] [id=11296]
  0x000001f7528db740 ConcurrentGCThread "G1 Conc#0" [stack: 0x0000003ef9700000,0x0000003ef9800000] [id=10868]
  0x000001f7529402e0 ConcurrentGCThread "G1 Refine#0" [stack: 0x0000003ef9800000,0x0000003ef9900000] [id=10312]
  0x000001f76b340090 ConcurrentGCThread "G1 Service" [stack: 0x0000003ef9900000,0x0000003ef9a00000] [id=736]

Threads with active compile tasks:
C2 CompilerThread0     2701 1613       4       java.lang.invoke.MethodType::makeImpl (109 bytes)

VM state: not at safepoint (normal execution)

VM Mutex/Monitor currently owned by a thread: None

Heap address: 0x00000000a1e00000, size: 1506 MB, Compressed Oops mode: 32-bit

CDS archive(s) not mapped
Compressed class space mapped at: 0x0000000100000000-0x0000000140000000, reserved size: 1073741824
Narrow klass base: 0x0000000000000000, Narrow klass shift: 3, Narrow klass range: 0x140000000

GC Precious Log:
 CPUs: 8 total, 8 available
 Memory: 6019M
 Large Page Support: Disabled
 NUMA Support: Disabled
 Compressed Oops: Enabled (32-bit)
 Heap Region Size: 1M
 Heap Min Capacity: 8M
 Heap Initial Capacity: 96M
 Heap Max Capacity: 1506M
 Pre-touch: Disabled
 Parallel Workers: 8
 Concurrent Workers: 2
 Concurrent Refinement Workers: 8
 Periodic GC: Disabled

Heap:
 garbage-first heap   total 98304K, used 20404K [0x00000000a1e00000, 0x0000000100000000)
  region size 1024K, 17 young (17408K), 3 survivors (3072K)
 Metaspace       used 21082K, committed 21376K, reserved 1073152K
  class space    used 2304K, committed 2432K, reserved 1048576K

Heap Regions: E=young(eden), S=young(survivor), O=old, HS=humongous(starts), HC=humongous(continues), CS=collection set, F=free, OA=open archive, CA=closed archive, TAMS=top-at-mark-start (previous, next)
|   0|0x00000000a1e00000, 0x00000000a1f00000, 0x00000000a1f00000|100%|HS|  |TAMS 0x00000000a1e00000, 0x00000000a1e00000| Complete 
|   1|0x00000000a1f00000, 0x00000000a2000000, 0x00000000a2000000|100%|HC|  |TAMS 0x00000000a1f00000, 0x00000000a1f00000| Complete 
|   2|0x00000000a2000000, 0x00000000a2100000, 0x00000000a2100000|100%|HC|  |TAMS 0x00000000a2000000, 0x00000000a2000000| Complete 
|   3|0x00000000a2100000, 0x00000000a21ed200, 0x00000000a2200000| 92%| O|  |TAMS 0x00000000a2100000, 0x00000000a2100000| Untracked 
|   4|0x00000000a2200000, 0x00000000a2200000, 0x00000000a2300000|  0%| F|  |TAMS 0x00000000a2200000, 0x00000000a2200000| Untracked 
|   5|0x00000000a2300000, 0x00000000a2300000, 0x00000000a2400000|  0%| F|  |TAMS 0x00000000a2300000, 0x00000000a2300000| Untracked 
|   6|0x00000000a2400000, 0x00000000a2400000, 0x00000000a2500000|  0%| F|  |TAMS 0x00000000a2400000, 0x00000000a2400000| Untracked 
|   7|0x00000000a2500000, 0x00000000a2500000, 0x00000000a2600000|  0%| F|  |TAMS 0x00000000a2500000, 0x00000000a2500000| Untracked 
|   8|0x00000000a2600000, 0x00000000a2600000, 0x00000000a2700000|  0%| F|  |TAMS 0x00000000a2600000, 0x00000000a2600000| Untracked 
|   9|0x00000000a2700000, 0x00000000a2700000, 0x00000000a2800000|  0%| F|  |TAMS 0x00000000a2700000, 0x00000000a2700000| Untracked 
|  10|0x00000000a2800000, 0x00000000a2800000, 0x00000000a2900000|  0%| F|  |TAMS 0x00000000a2800000, 0x00000000a2800000| Untracked 
|  11|0x00000000a2900000, 0x00000000a2900000, 0x00000000a2a00000|  0%| F|  |TAMS 0x00000000a2900000, 0x00000000a2900000| Untracked 
|  12|0x00000000a2a00000, 0x00000000a2a00000, 0x00000000a2b00000|  0%| F|  |TAMS 0x00000000a2a00000, 0x00000000a2a00000| Untracked 
|  13|0x00000000a2b00000, 0x00000000a2b00000, 0x00000000a2c00000|  0%| F|  |TAMS 0x00000000a2b00000, 0x00000000a2b00000| Untracked 
|  14|0x00000000a2c00000, 0x00000000a2c00000, 0x00000000a2d00000|  0%| F|  |TAMS 0x00000000a2c00000, 0x00000000a2c00000| Untracked 
|  15|0x00000000a2d00000, 0x00000000a2d00000, 0x00000000a2e00000|  0%| F|  |TAMS 0x00000000a2d00000, 0x00000000a2d00000| Untracked 
|  16|0x00000000a2e00000, 0x00000000a2e00000, 0x00000000a2f00000|  0%| F|  |TAMS 0x00000000a2e00000, 0x00000000a2e00000| Untracked 
|  17|0x00000000a2f00000, 0x00000000a2f00000, 0x00000000a3000000|  0%| F|  |TAMS 0x00000000a2f00000, 0x00000000a2f00000| Untracked 
|  18|0x00000000a3000000, 0x00000000a3000000, 0x00000000a3100000|  0%| F|  |TAMS 0x00000000a3000000, 0x00000000a3000000| Untracked 
|  19|0x00000000a3100000, 0x00000000a3100000, 0x00000000a3200000|  0%| F|  |TAMS 0x00000000a3100000, 0x00000000a3100000| Untracked 
|  20|0x00000000a3200000, 0x00000000a3200000, 0x00000000a3300000|  0%| F|  |TAMS 0x00000000a3200000, 0x00000000a3200000| Untracked 
|  21|0x00000000a3300000, 0x00000000a3300000, 0x00000000a3400000|  0%| F|  |TAMS 0x00000000a3300000, 0x00000000a3300000| Untracked 
|  22|0x00000000a3400000, 0x00000000a3400000, 0x00000000a3500000|  0%| F|  |TAMS 0x00000000a3400000, 0x00000000a3400000| Untracked 
|  23|0x00000000a3500000, 0x00000000a3500000, 0x00000000a3600000|  0%| F|  |TAMS 0x00000000a3500000, 0x00000000a3500000| Untracked 
|  24|0x00000000a3600000, 0x00000000a3600000, 0x00000000a3700000|  0%| F|  |TAMS 0x00000000a3600000, 0x00000000a3600000| Untracked 
|  25|0x00000000a3700000, 0x00000000a3700000, 0x00000000a3800000|  0%| F|  |TAMS 0x00000000a3700000, 0x00000000a3700000| Untracked 
|  26|0x00000000a3800000, 0x00000000a3800000, 0x00000000a3900000|  0%| F|  |TAMS 0x00000000a3800000, 0x00000000a3800000| Untracked 
|  27|0x00000000a3900000, 0x00000000a3900000, 0x00000000a3a00000|  0%| F|  |TAMS 0x00000000a3900000, 0x00000000a3900000| Untracked 
|  28|0x00000000a3a00000, 0x00000000a3a00000, 0x00000000a3b00000|  0%| F|  |TAMS 0x00000000a3a00000, 0x00000000a3a00000| Untracked 
|  29|0x00000000a3b00000, 0x00000000a3b00000, 0x00000000a3c00000|  0%| F|  |TAMS 0x00000000a3b00000, 0x00000000a3b00000| Untracked 
|  30|0x00000000a3c00000, 0x00000000a3c00000, 0x00000000a3d00000|  0%| F|  |TAMS 0x00000000a3c00000, 0x00000000a3c00000| Untracked 
|  31|0x00000000a3d00000, 0x00000000a3d00000, 0x00000000a3e00000|  0%| F|  |TAMS 0x00000000a3d00000, 0x00000000a3d00000| Untracked 
|  32|0x00000000a3e00000, 0x00000000a3e00000, 0x00000000a3f00000|  0%| F|  |TAMS 0x00000000a3e00000, 0x00000000a3e00000| Untracked 
|  33|0x00000000a3f00000, 0x00000000a3f00000, 0x00000000a4000000|  0%| F|  |TAMS 0x00000000a3f00000, 0x00000000a3f00000| Untracked 
|  34|0x00000000a4000000, 0x00000000a4000000, 0x00000000a4100000|  0%| F|  |TAMS 0x00000000a4000000, 0x00000000a4000000| Untracked 
|  35|0x00000000a4100000, 0x00000000a4100000, 0x00000000a4200000|  0%| F|  |TAMS 0x00000000a4100000, 0x00000000a4100000| Untracked 
|  36|0x00000000a4200000, 0x00000000a4200000, 0x00000000a4300000|  0%| F|  |TAMS 0x00000000a4200000, 0x00000000a4200000| Untracked 
|  37|0x00000000a4300000, 0x00000000a4300000, 0x00000000a4400000|  0%| F|  |TAMS 0x00000000a4300000, 0x00000000a4300000| Untracked 
|  38|0x00000000a4400000, 0x00000000a4400000, 0x00000000a4500000|  0%| F|  |TAMS 0x00000000a4400000, 0x00000000a4400000| Untracked 
|  39|0x00000000a4500000, 0x00000000a4500000, 0x00000000a4600000|  0%| F|  |TAMS 0x00000000a4500000, 0x00000000a4500000| Untracked 
|  40|0x00000000a4600000, 0x00000000a4600000, 0x00000000a4700000|  0%| F|  |TAMS 0x00000000a4600000, 0x00000000a4600000| Untracked 
|  41|0x00000000a4700000, 0x00000000a4700000, 0x00000000a4800000|  0%| F|  |TAMS 0x00000000a4700000, 0x00000000a4700000| Untracked 
|  42|0x00000000a4800000, 0x00000000a4800000, 0x00000000a4900000|  0%| F|  |TAMS 0x00000000a4800000, 0x00000000a4800000| Untracked 
|  43|0x00000000a4900000, 0x00000000a4900000, 0x00000000a4a00000|  0%| F|  |TAMS 0x00000000a4900000, 0x00000000a4900000| Untracked 
|  44|0x00000000a4a00000, 0x00000000a4a00000, 0x00000000a4b00000|  0%| F|  |TAMS 0x00000000a4a00000, 0x00000000a4a00000| Untracked 
|  45|0x00000000a4b00000, 0x00000000a4b00000, 0x00000000a4c00000|  0%| F|  |TAMS 0x00000000a4b00000, 0x00000000a4b00000| Untracked 
|  46|0x00000000a4c00000, 0x00000000a4c00000, 0x00000000a4d00000|  0%| F|  |TAMS 0x00000000a4c00000, 0x00000000a4c00000| Untracked 
|  47|0x00000000a4d00000, 0x00000000a4d00000, 0x00000000a4e00000|  0%| F|  |TAMS 0x00000000a4d00000, 0x00000000a4d00000| Untracked 
|  48|0x00000000a4e00000, 0x00000000a4e00000, 0x00000000a4f00000|  0%| F|  |TAMS 0x00000000a4e00000, 0x00000000a4e00000| Untracked 
|  49|0x00000000a4f00000, 0x00000000a4f00000, 0x00000000a5000000|  0%| F|  |TAMS 0x00000000a4f00000, 0x00000000a4f00000| Untracked 
|  50|0x00000000a5000000, 0x00000000a5000000, 0x00000000a5100000|  0%| F|  |TAMS 0x00000000a5000000, 0x00000000a5000000| Untracked 
|  51|0x00000000a5100000, 0x00000000a5100000, 0x00000000a5200000|  0%| F|  |TAMS 0x00000000a5100000, 0x00000000a5100000| Untracked 
|  52|0x00000000a5200000, 0x00000000a5200000, 0x00000000a5300000|  0%| F|  |TAMS 0x00000000a5200000, 0x00000000a5200000| Untracked 
|  53|0x00000000a5300000, 0x00000000a5300000, 0x00000000a5400000|  0%| F|  |TAMS 0x00000000a5300000, 0x00000000a5300000| Untracked 
|  54|0x00000000a5400000, 0x00000000a5400000, 0x00000000a5500000|  0%| F|  |TAMS 0x00000000a5400000, 0x00000000a5400000| Untracked 
|  55|0x00000000a5500000, 0x00000000a5500000, 0x00000000a5600000|  0%| F|  |TAMS 0x00000000a5500000, 0x00000000a5500000| Untracked 
|  56|0x00000000a5600000, 0x00000000a5600000, 0x00000000a5700000|  0%| F|  |TAMS 0x00000000a5600000, 0x00000000a5600000| Untracked 
|  57|0x00000000a5700000, 0x00000000a5700000, 0x00000000a5800000|  0%| F|  |TAMS 0x00000000a5700000, 0x00000000a5700000| Untracked 
|  58|0x00000000a5800000, 0x00000000a5800000, 0x00000000a5900000|  0%| F|  |TAMS 0x00000000a5800000, 0x00000000a5800000| Untracked 
|  59|0x00000000a5900000, 0x00000000a5900000, 0x00000000a5a00000|  0%| F|  |TAMS 0x00000000a5900000, 0x00000000a5900000| Untracked 
|  60|0x00000000a5a00000, 0x00000000a5a00000, 0x00000000a5b00000|  0%| F|  |TAMS 0x00000000a5a00000, 0x00000000a5a00000| Untracked 
|  61|0x00000000a5b00000, 0x00000000a5b00000, 0x00000000a5c00000|  0%| F|  |TAMS 0x00000000a5b00000, 0x00000000a5b00000| Untracked 
|  62|0x00000000a5c00000, 0x00000000a5c00000, 0x00000000a5d00000|  0%| F|  |TAMS 0x00000000a5c00000, 0x00000000a5c00000| Untracked 
|  63|0x00000000a5d00000, 0x00000000a5d00000, 0x00000000a5e00000|  0%| F|  |TAMS 0x00000000a5d00000, 0x00000000a5d00000| Untracked 
|  64|0x00000000a5e00000, 0x00000000a5e00000, 0x00000000a5f00000|  0%| F|  |TAMS 0x00000000a5e00000, 0x00000000a5e00000| Untracked 
|  65|0x00000000a5f00000, 0x00000000a5f00000, 0x00000000a6000000|  0%| F|  |TAMS 0x00000000a5f00000, 0x00000000a5f00000| Untracked 
|  66|0x00000000a6000000, 0x00000000a6000000, 0x00000000a6100000|  0%| F|  |TAMS 0x00000000a6000000, 0x00000000a6000000| Untracked 
|  67|0x00000000a6100000, 0x00000000a6100000, 0x00000000a6200000|  0%| F|  |TAMS 0x00000000a6100000, 0x00000000a6100000| Untracked 
|  68|0x00000000a6200000, 0x00000000a6200000, 0x00000000a6300000|  0%| F|  |TAMS 0x00000000a6200000, 0x00000000a6200000| Untracked 
|  69|0x00000000a6300000, 0x00000000a6300000, 0x00000000a6400000|  0%| F|  |TAMS 0x00000000a6300000, 0x00000000a6300000| Untracked 
|  70|0x00000000a6400000, 0x00000000a6500000, 0x00000000a6500000|100%| S|CS|TAMS 0x00000000a6400000, 0x00000000a6400000| Complete 
|  71|0x00000000a6500000, 0x00000000a6600000, 0x00000000a6600000|100%| S|CS|TAMS 0x00000000a6500000, 0x00000000a6500000| Complete 
|  72|0x00000000a6600000, 0x00000000a6700000, 0x00000000a6700000|100%| S|CS|TAMS 0x00000000a6600000, 0x00000000a6600000| Complete 
|  73|0x00000000a6700000, 0x00000000a6700000, 0x00000000a6800000|  0%| F|  |TAMS 0x00000000a6700000, 0x00000000a6700000| Untracked 
|  74|0x00000000a6800000, 0x00000000a6800000, 0x00000000a6900000|  0%| F|  |TAMS 0x00000000a6800000, 0x00000000a6800000| Untracked 
|  75|0x00000000a6900000, 0x00000000a6900000, 0x00000000a6a00000|  0%| F|  |TAMS 0x00000000a6900000, 0x00000000a6900000| Untracked 
|  76|0x00000000a6a00000, 0x00000000a6a00000, 0x00000000a6b00000|  0%| F|  |TAMS 0x00000000a6a00000, 0x00000000a6a00000| Untracked 
|  77|0x00000000a6b00000, 0x00000000a6b00000, 0x00000000a6c00000|  0%| F|  |TAMS 0x00000000a6b00000, 0x00000000a6b00000| Untracked 
|  78|0x00000000a6c00000, 0x00000000a6c00000, 0x00000000a6d00000|  0%| F|  |TAMS 0x00000000a6c00000, 0x00000000a6c00000| Untracked 
|  79|0x00000000a6d00000, 0x00000000a6d00000, 0x00000000a6e00000|  0%| F|  |TAMS 0x00000000a6d00000, 0x00000000a6d00000| Untracked 
|  80|0x00000000a6e00000, 0x00000000a6e00000, 0x00000000a6f00000|  0%| F|  |TAMS 0x00000000a6e00000, 0x00000000a6e00000| Untracked 
|  81|0x00000000a6f00000, 0x00000000a6f00000, 0x00000000a7000000|  0%| F|  |TAMS 0x00000000a6f00000, 0x00000000a6f00000| Untracked 
|  82|0x00000000a7000000, 0x00000000a7100000, 0x00000000a7100000|100%| E|  |TAMS 0x00000000a7000000, 0x00000000a7000000| Complete 
|  83|0x00000000a7100000, 0x00000000a7200000, 0x00000000a7200000|100%| E|CS|TAMS 0x00000000a7100000, 0x00000000a7100000| Complete 
|  84|0x00000000a7200000, 0x00000000a7300000, 0x00000000a7300000|100%| E|CS|TAMS 0x00000000a7200000, 0x00000000a7200000| Complete 
|  85|0x00000000a7300000, 0x00000000a7400000, 0x00000000a7400000|100%| E|CS|TAMS 0x00000000a7300000, 0x00000000a7300000| Complete 
|  86|0x00000000a7400000, 0x00000000a7500000, 0x00000000a7500000|100%| E|CS|TAMS 0x00000000a7400000, 0x00000000a7400000| Complete 
|  87|0x00000000a7500000, 0x00000000a7600000, 0x00000000a7600000|100%| E|CS|TAMS 0x00000000a7500000, 0x00000000a7500000| Complete 
|  88|0x00000000a7600000, 0x00000000a7700000, 0x00000000a7700000|100%| E|CS|TAMS 0x00000000a7600000, 0x00000000a7600000| Complete 
|  89|0x00000000a7700000, 0x00000000a7800000, 0x00000000a7800000|100%| E|CS|TAMS 0x00000000a7700000, 0x00000000a7700000| Complete 
|  90|0x00000000a7800000, 0x00000000a7900000, 0x00000000a7900000|100%| E|CS|TAMS 0x00000000a7800000, 0x00000000a7800000| Complete 
|  91|0x00000000a7900000, 0x00000000a7a00000, 0x00000000a7a00000|100%| E|CS|TAMS 0x00000000a7900000, 0x00000000a7900000| Complete 
|  92|0x00000000a7a00000, 0x00000000a7b00000, 0x00000000a7b00000|100%| E|CS|TAMS 0x00000000a7a00000, 0x00000000a7a00000| Complete 
|  93|0x00000000a7b00000, 0x00000000a7c00000, 0x00000000a7c00000|100%| E|CS|TAMS 0x00000000a7b00000, 0x00000000a7b00000| Complete 
|  94|0x00000000a7c00000, 0x00000000a7d00000, 0x00000000a7d00000|100%| E|CS|TAMS 0x00000000a7c00000, 0x00000000a7c00000| Complete 
|  95|0x00000000a7d00000, 0x00000000a7e00000, 0x00000000a7e00000|100%| E|CS|TAMS 0x00000000a7d00000, 0x00000000a7d00000| Complete 

Card table byte_map: [0x000001f765570000,0x000001f765870000] _byte_map_base: 0x000001f765061000

Marking Bits (Prev, Next): (CMBitMap*) 0x000001f7528ce020, (CMBitMap*) 0x000001f7528ce060
 Prev Bits: [0x000001f765b70000, 0x000001f7672f8000)
 Next Bits: [0x000001f767300000, 0x000001f768a88000)

Polling page: 0x000001f7507e0000

Metaspace:

Usage:
  Non-class:     18.38 MB used.
      Class:      2.25 MB used.
       Both:     20.63 MB used.

Virtual space:
  Non-class space:       24.00 MB reserved,      18.50 MB ( 77%) committed,  3 nodes.
      Class space:        1.00 GB reserved,       2.38 MB ( <1%) committed,  1 nodes.
             Both:        1.02 GB reserved,      20.88 MB (  2%) committed. 

Chunk freelists:
   Non-Class:  736.00 KB
       Class:  1.66 MB
        Both:  2.38 MB

MaxMetaspaceSize: unlimited
CompressedClassSpaceSize: 1.00 GB
Initial GC threshold: 21.00 MB
Current GC threshold: 21.00 MB
CDS: off
MetaspaceReclaimPolicy: balanced
 - commit_granule_bytes: 65536.
 - commit_granule_words: 8192.
 - virtual_space_node_default_size: 1048576.
 - enlarge_chunks_in_place: 1.
 - new_chunks_are_fully_committed: 0.
 - uncommit_free_chunks: 1.
 - use_allocation_guard: 0.
 - handle_deallocations: 1.


Internal statistics:

num_allocs_failed_limit: 0.
num_arena_births: 212.
num_arena_deaths: 0.
num_vsnodes_births: 4.
num_vsnodes_deaths: 0.
num_space_committed: 335.
num_space_uncommitted: 0.
num_chunks_returned_to_freelist: 0.
num_chunks_taken_from_freelist: 543.
num_chunk_merges: 0.
num_chunk_splits: 312.
num_chunks_enlarged: 207.
num_purges: 0.
num_inconsistent_stats: 0.

CodeHeap 'non-profiled nmethods': size=120000Kb used=483Kb max_used=483Kb free=119516Kb
 bounds [0x000001f75da10000, 0x000001f75dc80000, 0x000001f764f40000]
CodeHeap 'profiled nmethods': size=120000Kb used=3098Kb max_used=3098Kb free=116901Kb
 bounds [0x000001f7564e0000, 0x000001f7567f0000, 0x000001f75da10000]
CodeHeap 'non-nmethods': size=5760Kb used=1216Kb max_used=1228Kb free=4544Kb
 bounds [0x000001f755f40000, 0x000001f7561b0000, 0x000001f7564e0000]
 total_blobs=2193 nmethods=1670 adapters=436
 compilation: enabled
              stopped_count=0, restarted_count=0
 full_count=0

Compilation events (20 events):
Event: 2.657 Thread 0x000001f76c00a610 1649       3       java.nio.HeapByteBuffer::getLong (30 bytes)
Event: 2.658 Thread 0x000001f76c00a610 nmethod 1649 0x000001f7567d6590 code [0x000001f7567d67c0, 0x000001f7567d7048]
Event: 2.658 Thread 0x000001f76c00a610 1648       3       jdk.internal.module.SystemModuleFinders$SystemModuleReader::read (25 bytes)
Event: 2.658 Thread 0x000001f76c00a610 nmethod 1648 0x000001f7567d7410 code [0x000001f7567d7640, 0x000001f7567d7e58]
Event: 2.658 Thread 0x000001f76c00a610 1647   !   3       jdk.internal.loader.BuiltinClassLoader::defineClass (162 bytes)
Event: 2.661 Thread 0x000001f76c00a610 nmethod 1647 0x000001f7567d8190 code [0x000001f7567d8640, 0x000001f7567dac88]
Event: 2.661 Thread 0x000001f76c00a610 1650       1       java.lang.invoke.MethodHandle::isInvokeSpecial (2 bytes)
Event: 2.661 Thread 0x000001f76c00a610 nmethod 1650 0x000001f75da88790 code [0x000001f75da88920, 0x000001f75da889f8]
Event: 2.664 Thread 0x000001f76c00a610 1651       3       java.util.regex.Pattern$Node::<init> (12 bytes)
Event: 2.664 Thread 0x000001f76c00a610 nmethod 1651 0x000001f7567dbe10 code [0x000001f7567dbfc0, 0x000001f7567dc198]
Event: 2.664 Thread 0x000001f76c00a610 1652       3       jdk.internal.jimage.ImageLocation::verify (218 bytes)
Event: 2.665 Thread 0x000001f76c00a610 nmethod 1652 0x000001f7567dc290 code [0x000001f7567dc540, 0x000001f7567dd2b8]
Event: 2.671 Thread 0x000001f76c00a610 1653       3       java.lang.Class::protectionDomain (48 bytes)
Event: 2.672 Thread 0x000001f76c00a610 nmethod 1653 0x000001f7567dd810 code [0x000001f7567dda40, 0x000001f7567de078]
Event: 2.673 Thread 0x000001f76c00a610 1654       3       jdk.internal.misc.Unsafe::shouldBeInitialized (18 bytes)
Event: 2.673 Thread 0x000001f76c00a610 nmethod 1654 0x000001f7567de290 code [0x000001f7567de440, 0x000001f7567de678]
Event: 2.675 Thread 0x000001f76c00a610 1656       3       java.lang.StringBuilder::length (5 bytes)
Event: 2.675 Thread 0x000001f76c00a610 nmethod 1656 0x000001f7567de790 code [0x000001f7567de920, 0x000001f7567dea38]
Event: 2.675 Thread 0x000001f76c00a610 1657       3       java.lang.reflect.Constructor::acquireConstructorAccessor (44 bytes)
Event: 2.676 Thread 0x000001f76c00a610 nmethod 1657 0x000001f7567deb10 code [0x000001f7567ded00, 0x000001f7567df1f8]

GC Heap History (2 events):
Event: 1.609 GC heap before
{Heap before GC invocations=0 (full 0):
 garbage-first heap   total 98304K, used 26624K [0x00000000a1e00000, 0x0000000100000000)
  region size 1024K, 23 young (23552K), 0 survivors (0K)
 Metaspace       used 17070K, committed 17280K, reserved 1064960K
  class space    used 1795K, committed 1920K, reserved 1048576K
}
Event: 1.615 GC heap after
{Heap after GC invocations=1 (full 0):
 garbage-first heap   total 98304K, used 7092K [0x00000000a1e00000, 0x0000000100000000)
  region size 1024K, 3 young (3072K), 3 survivors (3072K)
 Metaspace       used 17070K, committed 17280K, reserved 1064960K
  class space    used 1795K, committed 1920K, reserved 1048576K
}

Deoptimization events (20 events):
Event: 1.688 Thread 0x000001f752880d50 Uncommon trap: trap_request=0xffffffde fr.pc=0x000001f75da776a4 relative=0x0000000000000104
Event: 1.688 Thread 0x000001f752880d50 Uncommon trap: reason=class_check action=maybe_recompile pc=0x000001f75da776a4 method=jdk.internal.misc.Unsafe.allocateUninitializedArray(Ljava/lang/Class;I)Ljava/lang/Object; @ 51 c2
Event: 1.688 Thread 0x000001f752880d50 DEOPT PACKING pc=0x000001f75da776a4 sp=0x0000003ef94fd640
Event: 1.688 Thread 0x000001f752880d50 DEOPT UNPACKING pc=0x000001f755f923a3 sp=0x0000003ef94fd5c8 mode 2
Event: 1.689 Thread 0x000001f752880d50 Uncommon trap: trap_request=0xffffffde fr.pc=0x000001f75da776a4 relative=0x0000000000000104
Event: 1.689 Thread 0x000001f752880d50 Uncommon trap: reason=class_check action=maybe_recompile pc=0x000001f75da776a4 method=jdk.internal.misc.Unsafe.allocateUninitializedArray(Ljava/lang/Class;I)Ljava/lang/Object; @ 51 c2
Event: 1.689 Thread 0x000001f752880d50 DEOPT PACKING pc=0x000001f75da776a4 sp=0x0000003ef94fcc00
Event: 1.689 Thread 0x000001f752880d50 DEOPT UNPACKING pc=0x000001f755f923a3 sp=0x0000003ef94fcb88 mode 2
Event: 1.689 Thread 0x000001f752880d50 Uncommon trap: trap_request=0xffffffde fr.pc=0x000001f75da776a4 relative=0x0000000000000104
Event: 1.689 Thread 0x000001f752880d50 Uncommon trap: reason=class_check action=maybe_recompile pc=0x000001f75da776a4 method=jdk.internal.misc.Unsafe.allocateUninitializedArray(Ljava/lang/Class;I)Ljava/lang/Object; @ 51 c2
Event: 1.689 Thread 0x000001f752880d50 DEOPT PACKING pc=0x000001f75da776a4 sp=0x0000003ef94fc970
Event: 1.689 Thread 0x000001f752880d50 DEOPT UNPACKING pc=0x000001f755f923a3 sp=0x0000003ef94fc8f8 mode 2
Event: 1.766 Thread 0x000001f76ccf7810 Uncommon trap: trap_request=0xffffff45 fr.pc=0x000001f75da64cb4 relative=0x0000000000000c94
Event: 1.766 Thread 0x000001f76ccf7810 Uncommon trap: reason=unstable_if action=reinterpret pc=0x000001f75da64cb4 method=java.util.concurrent.ConcurrentHashMap.addCount(JI)V @ 34 c2
Event: 1.766 Thread 0x000001f76ccf7810 DEOPT PACKING pc=0x000001f75da64cb4 sp=0x0000003efaafe090
Event: 1.766 Thread 0x000001f76ccf7810 DEOPT UNPACKING pc=0x000001f755f923a3 sp=0x0000003efaafdf60 mode 2
Event: 2.571 Thread 0x000001f752880d50 Uncommon trap: trap_request=0xffffffde fr.pc=0x000001f75da50f68 relative=0x0000000000000948
Event: 2.571 Thread 0x000001f752880d50 Uncommon trap: reason=class_check action=maybe_recompile pc=0x000001f75da50f68 method=java.util.HashMap.putVal(ILjava/lang/Object;Ljava/lang/Object;ZZ)Ljava/lang/Object; @ 253 c2
Event: 2.571 Thread 0x000001f752880d50 DEOPT PACKING pc=0x000001f75da50f68 sp=0x0000003ef94fe2e0
Event: 2.571 Thread 0x000001f752880d50 DEOPT UNPACKING pc=0x000001f755f923a3 sp=0x0000003ef94fe280 mode 2

Classes unloaded (0 events):
No events

Classes redefined (0 events):
No events

Internal exceptions (20 events):
Event: 1.124 Thread 0x000001f752880d50 Exception <a 'java/lang/IncompatibleClassChangeError'{0x00000000a74f3e70}: Found class java.lang.Object, but interface was expected> (0x00000000a74f3e70) 
thrown [s\src\hotspot\share\interpreter\linkResolver.cpp, line 826]
Event: 1.255 Thread 0x000001f752880d50 Exception <a 'java/lang/NoSuchMethodError'{0x00000000a6d781c0}: 'java.lang.Object java.lang.invoke.DirectMethodHandle$Holder.invokeStaticInit(java.lang.Object, int, int, int, int)'> (0x00000000a6d781c0) 
thrown [s\src\hotspot\share\interpreter\linkResolver.cpp, line 759]
Event: 1.326 Thread 0x000001f752880d50 Exception <a 'java/lang/NoSuchMethodError'{0x00000000a6d94238}: 'java.lang.Object java.lang.invoke.DirectMethodHandle$Holder.invokeStaticInit(java.lang.Object, java.lang.Object, int, int, int, int)'> (0x00000000a6d94238) 
thrown [s\src\hotspot\share\interpreter\linkResolver.cpp, line 759]
Event: 1.445 Thread 0x000001f752880d50 Exception <a 'java/lang/NoSuchMethodError'{0x00000000a6bf3e80}: 'java.lang.Object java.lang.invoke.DirectMethodHandle$Holder.invokeInterface(java.lang.Object, java.lang.Object, java.lang.Object)'> (0x00000000a6bf3e80) 
thrown [s\src\hotspot\share\interpreter\linkResolver.cpp, line 759]
Event: 1.445 Thread 0x000001f752880d50 Exception <a 'java/lang/IncompatibleClassChangeError'{0x00000000a6bf7870}: Found class java.lang.Object, but interface was expected> (0x00000000a6bf7870) 
thrown [s\src\hotspot\share\interpreter\linkResolver.cpp, line 826]
Event: 1.447 Thread 0x000001f752880d50 Exception <a 'java/lang/NoSuchMethodError'{0x00000000a6bffa70}: 'int java.lang.invoke.DirectMethodHandle$Holder.invokeSpecialIFC(java.lang.Object, java.lang.Object, java.lang.Object, java.lang.Object)'> (0x00000000a6bffa70) 
thrown [s\src\hotspot\share\interpreter\linkResolver.cpp, line 759]
Event: 1.457 Thread 0x000001f752880d50 Exception <a 'java/lang/NoSuchMethodError'{0x00000000a6a61218}: 'java.lang.Object java.lang.invoke.DirectMethodHandle$Holder.invokeVirtual(java.lang.Object, java.lang.Object, java.lang.Object, java.lang.Object)'> (0x00000000a6a61218) 
thrown [s\src\hotspot\share\interpreter\linkResolver.cpp, line 759]
Event: 1.488 Thread 0x000001f76cdd9940 Exception <a 'java/net/ConnectException'{0x00000000a697e730}: Connection refused: no further information> (0x00000000a697e730) 
thrown [s\src\hotspot\share\prims\jni.cpp, line 535]
Event: 1.488 Thread 0x000001f76cdd9940 Exception <a 'java/net/SocketException'{0x00000000a697ea68}: Socket is not connected: shutdown> (0x00000000a697ea68) 
thrown [s\src\hotspot\share\prims\jni.cpp, line 535]
Event: 1.504 Thread 0x000001f76cdd9940 Exception <a 'java/net/ConnectException'{0x00000000a697fa60}: Connection refused: no further information> (0x00000000a697fa60) 
thrown [s\src\hotspot\share\prims\jni.cpp, line 535]
Event: 1.504 Thread 0x000001f76cdd9940 Exception <a 'java/net/SocketException'{0x00000000a697fd98}: Socket is not connected: shutdown> (0x00000000a697fd98) 
thrown [s\src\hotspot\share\prims\jni.cpp, line 535]
Event: 1.576 Thread 0x000001f752880d50 Exception <a 'java/lang/NoSuchMethodError'{0x00000000a68fd3b0}: 'java.lang.Object java.lang.invoke.DirectMethodHandle$Holder.newInvokeSpecial(java.lang.Object, java.lang.Object, int, int)'> (0x00000000a68fd3b0) 
thrown [s\src\hotspot\share\interpreter\linkResolver.cpp, line 759]
Event: 1.578 Thread 0x000001f752880d50 Exception <a 'java/lang/NoSuchMethodError'{0x00000000a6708680}: 'void java.lang.invoke.DirectMethodHandle$Holder.invokeStatic(java.lang.Object, java.lang.Object, int)'> (0x00000000a6708680) 
thrown [s\src\hotspot\share\interpreter\linkResolver.cpp, line 759]
Event: 1.607 Thread 0x000001f752880d50 Exception <a 'java/lang/NoSuchMethodError'{0x00000000a67f75f8}: 'java.lang.Object java.lang.invoke.DirectMethodHandle$Holder.newInvokeSpecial(java.lang.Object, java.lang.Object, java.lang.Object, java.lang.Object, java.lang.Object)'> (0x00000000a67f75f8) 
thrown [s\src\hotspot\share\interpreter\linkResolver.cpp, line 759]
Event: 1.677 Thread 0x000001f752880d50 Exception <a 'java/lang/NoSuchMethodError'{0x00000000a7b78800}: 'void java.lang.invoke.DirectMethodHandle$Holder.invokeSpecial(java.lang.Object, java.lang.Object, java.lang.Object)'> (0x00000000a7b78800) 
thrown [s\src\hotspot\share\interpreter\linkResolver.cpp, line 759]
Event: 1.720 Thread 0x000001f76cdb3110 Exception <a 'java/lang/NoSuchMethodError'{0x00000000a79fdf58}: 'java.lang.Object java.lang.invoke.DirectMethodHandle$Holder.invokeSpecial(java.lang.Object, java.lang.Object, java.lang.Object, java.lang.Object, int)'> (0x00000000a79fdf58) 
thrown [s\src\hotspot\share\interpreter\linkResolver.cpp, line 759]
Event: 1.721 Thread 0x000001f76cdb3110 Exception <a 'java/lang/NoSuchMethodError'{0x00000000a7802380}: 'java.lang.Object java.lang.invoke.Invokers$Holder.linkToTargetMethod(java.lang.Object, java.lang.Object, int, java.lang.Object)'> (0x00000000a7802380) 
thrown [s\src\hotspot\share\interpreter\linkResolver.cpp, line 759]
Event: 1.749 Thread 0x000001f76cdb3110 Exception <a 'java/lang/NoSuchMethodError'{0x00000000a774ec78}: 'void java.lang.invoke.DirectMethodHandle$Holder.invokeSpecial(java.lang.Object, java.lang.Object, java.lang.Object, java.lang.Object, java.lang.Object)'> (0x00000000a774ec78) 
thrown [s\src\hotspot\share\interpreter\linkResolver.cpp, line 759]
Event: 2.495 Thread 0x000001f76cdb3110 Exception <a 'java/lang/NoSuchMethodError'{0x00000000a76d5b08}: 'void java.lang.invoke.DirectMethodHandle$Holder.invokeSpecial(java.lang.Object, java.lang.Object, java.lang.Object, java.lang.Object, java.lang.Object, java.lang.Object, java.lang.Object)'> (0x00000000a76d5b08) 
thrown [s\src\hotspot\share\interpreter\linkResolver.cpp, line 759]
Event: 2.565 Thread 0x000001f752880d50 Exception <a 'java/lang/NoSuchMethodError'{0x00000000a7455920}: 'java.lang.Object java.lang.invoke.DirectMethodHandle$Holder.invokeSpecialIFC(java.lang.Object, java.lang.Object, java.lang.Object)'> (0x00000000a7455920) 
thrown [s\src\hotspot\share\interpreter\linkResolver.cpp, line 759]

VM Operations (20 events):
Event: 0.462 Executing VM operation: HandshakeAllThreads
Event: 0.462 Executing VM operation: HandshakeAllThreads done
Event: 0.467 Executing VM operation: HandshakeAllThreads
Event: 0.467 Executing VM operation: HandshakeAllThreads done
Event: 1.057 Executing VM operation: HandshakeAllThreads
Event: 1.057 Executing VM operation: HandshakeAllThreads done
Event: 1.057 Executing VM operation: Cleanup
Event: 1.057 Executing VM operation: Cleanup done
Event: 1.181 Executing VM operation: HandshakeAllThreads
Event: 1.181 Executing VM operation: HandshakeAllThreads done
Event: 1.334 Executing VM operation: HandshakeAllThreads
Event: 1.334 Executing VM operation: HandshakeAllThreads done
Event: 1.538 Executing VM operation: HandshakeAllThreads
Event: 1.538 Executing VM operation: HandshakeAllThreads done
Event: 1.540 Executing VM operation: HandshakeAllThreads
Event: 1.540 Executing VM operation: HandshakeAllThreads done
Event: 1.608 Executing VM operation: G1CollectForAllocation
Event: 1.615 Executing VM operation: G1CollectForAllocation done
Event: 2.469 Executing VM operation: HandshakeAllThreads
Event: 2.469 Executing VM operation: HandshakeAllThreads done

Events (20 events):
Event: 2.672 loading class java/util/logging/StreamHandler
Event: 2.672 loading class java/util/logging/StreamHandler done
Event: 2.672 loading class java/util/logging/ConsoleHandler done
Event: 2.672 loading class java/util/logging/SimpleFormatter
Event: 2.673 loading class java/util/logging/Formatter
Event: 2.673 loading class java/util/logging/Formatter done
Event: 2.673 loading class java/util/logging/SimpleFormatter done
Event: 2.673 loading class jdk/internal/logger/SurrogateLogger
Event: 2.673 loading class jdk/internal/logger/SimpleConsoleLogger
Event: 2.674 loading class jdk/internal/logger/SimpleConsoleLogger done
Event: 2.674 loading class jdk/internal/logger/SurrogateLogger done
Event: 2.674 loading class jdk/internal/logger/SimpleConsoleLogger$Formatting
Event: 2.674 loading class jdk/internal/logger/SimpleConsoleLogger$Formatting done
Event: 2.675 loading class java/util/logging/Handler$1
Event: 2.675 loading class java/util/logging/Handler$1 done
Event: 2.675 loading class java/util/logging/StreamHandler$1
Event: 2.675 loading class java/util/logging/StreamHandler$1 done
Event: 2.676 loading class java/util/logging/LogManager$CloseOnReset
Event: 2.676 loading class java/util/logging/LogManager$CloseOnReset done
Event: 2.676 loading class java/time/ZoneId


Dynamic libraries:
0x00007ff684df0000 - 0x00007ff684dfe000 	C:\Users\subod\Downloads\eclipse-java-2022-09-R-win32-x86_64\eclipse\plugins\org.eclipse.justj.openjdk.hotspot.jre.full.win32.x86_64_17.0.4.v20220903-1038\jre\bin\javaw.exe
0x00007ffa56f30000 - 0x00007ffa57146000 	C:\Windows\SYSTEM32\ntdll.dll
0x00007ffa55d80000 - 0x00007ffa55e44000 	C:\Windows\System32\KERNEL32.DLL
0x00007ffa543a0000 - 0x00007ffa54747000 	C:\Windows\System32\KERNELBASE.dll
0x00007ffa54aa0000 - 0x00007ffa54bb1000 	C:\Windows\System32\ucrtbase.dll
0x00007ffa137f0000 - 0x00007ffa13809000 	C:\Users\subod\Downloads\eclipse-java-2022-09-R-win32-x86_64\eclipse\plugins\org.eclipse.justj.openjdk.hotspot.jre.full.win32.x86_64_17.0.4.v20220903-1038\jre\bin\VCRUNTIME140.dll
0x00007ffa12ee0000 - 0x00007ffa12ef8000 	C:\Users\subod\Downloads\eclipse-java-2022-09-R-win32-x86_64\eclipse\plugins\org.eclipse.justj.openjdk.hotspot.jre.full.win32.x86_64_17.0.4.v20220903-1038\jre\bin\jli.dll
0x00007ffa55e50000 - 0x00007ffa55ffe000 	C:\Windows\System32\USER32.dll
0x00007ffa3f3d0000 - 0x00007ffa3f663000 	C:\Windows\WinSxS\amd64_microsoft.windows.common-controls_6595b64144ccf1df_6.0.22621.3235_none_270f74e173860f98\COMCTL32.dll
0x00007ffa54300000 - 0x00007ffa54326000 	C:\Windows\System32\win32u.dll
0x00007ffa56ad0000 - 0x00007ffa56b77000 	C:\Windows\System32\msvcrt.dll
0x00007ffa560f0000 - 0x00007ffa56119000 	C:\Windows\System32\GDI32.dll
0x00007ffa54750000 - 0x00007ffa54869000 	C:\Windows\System32\gdi32full.dll
0x00007ffa54bc0000 - 0x00007ffa54c5a000 	C:\Windows\System32\msvcp_win.dll
0x00007ffa56000000 - 0x00007ffa56031000 	C:\Windows\System32\IMM32.DLL
0x00007ffa157b0000 - 0x00007ffa157bc000 	C:\Users\subod\Downloads\eclipse-java-2022-09-R-win32-x86_64\eclipse\plugins\org.eclipse.justj.openjdk.hotspot.jre.full.win32.x86_64_17.0.4.v20220903-1038\jre\bin\vcruntime140_1.dll
0x00007ffa12e40000 - 0x00007ffa12ed1000 	C:\Users\subod\Downloads\eclipse-java-2022-09-R-win32-x86_64\eclipse\plugins\org.eclipse.justj.openjdk.hotspot.jre.full.win32.x86_64_17.0.4.v20220903-1038\jre\bin\msvcp140.dll
0x00007ff9f24d0000 - 0x00007ff9f3116000 	C:\Users\subod\Downloads\eclipse-java-2022-09-R-win32-x86_64\eclipse\plugins\org.eclipse.justj.openjdk.hotspot.jre.full.win32.x86_64_17.0.4.v20220903-1038\jre\bin\server\jvm.dll
0x00007ffa55aa0000 - 0x00007ffa55b52000 	C:\Windows\System32\ADVAPI32.dll
0x00007ffa55cd0000 - 0x00007ffa55d78000 	C:\Windows\System32\sechost.dll
0x00007ffa54250000 - 0x00007ffa54278000 	C:\Windows\System32\bcrypt.dll
0x00007ffa56b80000 - 0x00007ffa56c95000 	C:\Windows\System32\RPCRT4.dll
0x00007ffa56cc0000 - 0x00007ffa56cc8000 	C:\Windows\System32\PSAPI.DLL
0x00007ffa4dc90000 - 0x00007ffa4dcc4000 	C:\Windows\SYSTEM32\WINMM.dll
0x00007ffa30c50000 - 0x00007ffa30c59000 	C:\Windows\SYSTEM32\WSOCK32.dll
0x00007ffa4db10000 - 0x00007ffa4db1a000 	C:\Windows\SYSTEM32\VERSION.dll
0x00007ffa55430000 - 0x00007ffa554a1000 	C:\Windows\System32\WS2_32.dll
0x00007ffa532a0000 - 0x00007ffa532b8000 	C:\Windows\SYSTEM32\kernel.appcore.dll
0x00007ffa271c0000 - 0x00007ffa271ca000 	C:\Users\subod\Downloads\eclipse-java-2022-09-R-win32-x86_64\eclipse\plugins\org.eclipse.justj.openjdk.hotspot.jre.full.win32.x86_64_17.0.4.v20220903-1038\jre\bin\jimage.dll
0x00007ffa42ad0000 - 0x00007ffa42d03000 	C:\Windows\SYSTEM32\DBGHELP.DLL
0x00007ffa54ed0000 - 0x00007ffa55258000 	C:\Windows\System32\combase.dll
0x00007ffa56190000 - 0x00007ffa56267000 	C:\Windows\System32\OLEAUT32.dll
0x00007ffa37030000 - 0x00007ffa37062000 	C:\Windows\SYSTEM32\dbgcore.DLL
0x00007ffa54280000 - 0x00007ffa542f9000 	C:\Windows\System32\bcryptPrimitives.dll
0x00007ffa0b810000 - 0x00007ffa0b835000 	C:\Users\subod\Downloads\eclipse-java-2022-09-R-win32-x86_64\eclipse\plugins\org.eclipse.justj.openjdk.hotspot.jre.full.win32.x86_64_17.0.4.v20220903-1038\jre\bin\java.dll
0x00007ffa0c600000 - 0x00007ffa0c618000 	C:\Users\subod\Downloads\eclipse-java-2022-09-R-win32-x86_64\eclipse\plugins\org.eclipse.justj.openjdk.hotspot.jre.full.win32.x86_64_17.0.4.v20220903-1038\jre\bin\zip.dll
0x00007ffa56270000 - 0x00007ffa56acc000 	C:\Windows\System32\SHELL32.dll
0x00007ffa521d0000 - 0x00007ffa52ac9000 	C:\Windows\SYSTEM32\windows.storage.dll
0x00007ffa52090000 - 0x00007ffa521ce000 	C:\Windows\SYSTEM32\wintypes.dll
0x00007ffa55bb0000 - 0x00007ffa55ca3000 	C:\Windows\System32\SHCORE.dll
0x00007ffa55540000 - 0x00007ffa5559e000 	C:\Windows\System32\shlwapi.dll
0x00007ffa54180000 - 0x00007ffa541a1000 	C:\Windows\SYSTEM32\profapi.dll
0x00007ffa08f40000 - 0x00007ffa08f59000 	C:\Users\subod\Downloads\eclipse-java-2022-09-R-win32-x86_64\eclipse\plugins\org.eclipse.justj.openjdk.hotspot.jre.full.win32.x86_64_17.0.4.v20220903-1038\jre\bin\net.dll
0x00007ffa4dcf0000 - 0x00007ffa4de26000 	C:\Windows\SYSTEM32\WINHTTP.dll
0x00007ffa53710000 - 0x00007ffa53779000 	C:\Windows\system32\mswsock.dll
0x00007ffa08f20000 - 0x00007ffa08f35000 	C:\Users\subod\Downloads\eclipse-java-2022-09-R-win32-x86_64\eclipse\plugins\org.eclipse.justj.openjdk.hotspot.jre.full.win32.x86_64_17.0.4.v20220903-1038\jre\bin\nio.dll
0x00007ffa52da0000 - 0x00007ffa52e99000 	C:\Windows\SYSTEM32\DNSAPI.dll
0x00007ffa52d30000 - 0x00007ffa52d5d000 	C:\Windows\SYSTEM32\IPHLPAPI.DLL
0x00007ffa54dc0000 - 0x00007ffa54dc9000 	C:\Windows\System32\NSI.dll
0x00007ffa3c7c0000 - 0x00007ffa3c7ca000 	C:\Windows\System32\rasadhlp.dll
0x00007ffa4c120000 - 0x00007ffa4c1a3000 	C:\Windows\System32\fwpuclnt.dll
0x00007ffa4be60000 - 0x00007ffa4be6e000 	C:\Users\subod\Downloads\eclipse-java-2022-09-R-win32-x86_64\eclipse\plugins\org.eclipse.justj.openjdk.hotspot.jre.full.win32.x86_64_17.0.4.v20220903-1038\jre\bin\sunmscapi.dll
0x00007ffa54930000 - 0x00007ffa54a96000 	C:\Windows\System32\CRYPT32.dll
0x00007ffa53b20000 - 0x00007ffa53b4e000 	C:\Windows\SYSTEM32\ncrypt.dll
0x00007ffa53ae0000 - 0x00007ffa53b17000 	C:\Windows\SYSTEM32\NTASN1.dll
0x00007ffa53960000 - 0x00007ffa5397b000 	C:\Windows\SYSTEM32\CRYPTSP.dll
0x00007ffa53200000 - 0x00007ffa53235000 	C:\Windows\system32\rsaenh.dll
0x00007ffa53800000 - 0x00007ffa53828000 	C:\Windows\SYSTEM32\USERENV.dll
0x00007ffa53980000 - 0x00007ffa5398c000 	C:\Windows\SYSTEM32\CRYPTBASE.dll
0x00007ffa4e200000 - 0x00007ffa4e219000 	C:\Windows\SYSTEM32\dhcpcsvc6.DLL
0x00007ffa4dcd0000 - 0x00007ffa4dcef000 	C:\Windows\SYSTEM32\dhcpcsvc.DLL
0x00007ffa12ff0000 - 0x00007ffa12ff8000 	C:\Windows\system32\wshunix.dll

dbghelp: loaded successfully - version: 4.0.5 - missing functions: none
symbol engine: initialized successfully - sym options: 0x614 - pdb path: .;C:\Users\subod\Downloads\eclipse-java-2022-09-R-win32-x86_64\eclipse\plugins\org.eclipse.justj.openjdk.hotspot.jre.full.win32.x86_64_17.0.4.v20220903-1038\jre\bin;C:\Windows\SYSTEM32;C:\Windows\WinSxS\amd64_microsoft.windows.common-controls_6595b64144ccf1df_6.0.22621.3235_none_270f74e173860f98;C:\Users\subod\Downloads\eclipse-java-2022-09-R-win32-x86_64\eclipse\plugins\org.eclipse.justj.openjdk.hotspot.jre.full.win32.x86_64_17.0.4.v20220903-1038\jre\bin\server

VM Arguments:
jvm_args: -Dfile.encoding=UTF-8 -XX:+ShowCodeDetailsInExceptionMessages 
java_command: JavaScriptExcecutor.Assignment
java_class_path (initial): C:\Users\subod\git\Java-Selenium\Automation\bin;C:\Users\subod\git\Java-Selenium\Automation\jars\selenium-server-4.15.0.jar
Launcher Type: SUN_STANDARD

[Global flags]
     intx CICompilerCount                          = 4                                         {product} {ergonomic}
     uint ConcGCThreads                            = 2                                         {product} {ergonomic}
     uint G1ConcRefinementThreads                  = 8                                         {product} {ergonomic}
   size_t G1HeapRegionSize                         = 1048576                                   {product} {ergonomic}
    uintx GCDrainStackTargetSize                   = 64                                        {product} {ergonomic}
   size_t InitialHeapSize                          = 100663296                                 {product} {ergonomic}
   size_t MarkStackSize                            = 4194304                                   {product} {ergonomic}
   size_t MaxHeapSize                              = 1579155456                                {product} {ergonomic}
   size_t MaxNewSize                               = 946864128                                 {product} {ergonomic}
   size_t MinHeapDeltaBytes                        = 1048576                                   {product} {ergonomic}
   size_t MinHeapSize                              = 8388608                                   {product} {ergonomic}
    uintx NonNMethodCodeHeapSize                   = 5839372                                {pd product} {ergonomic}
    uintx NonProfiledCodeHeapSize                  = 122909434                              {pd product} {ergonomic}
    uintx ProfiledCodeHeapSize                     = 122909434                              {pd product} {ergonomic}
    uintx ReservedCodeCacheSize                    = 251658240                              {pd product} {ergonomic}
     bool SegmentedCodeCache                       = true                                      {product} {ergonomic}
     bool ShowCodeDetailsInExceptionMessages       = true                                   {manageable} {command line}
   size_t SoftMaxHeapSize                          = 1579155456                             {manageable} {ergonomic}
     bool UseCompressedClassPointers               = true                           {product lp64_product} {ergonomic}
     bool UseCompressedOops                        = true                           {product lp64_product} {ergonomic}
     bool UseG1GC                                  = true                                      {product} {ergonomic}
     bool UseLargePagesIndividualAllocation        = false                                  {pd product} {ergonomic}

Logging:
Log output configuration:
 #0: stdout all=warning uptime,level,tags
 #1: stderr all=off uptime,level,tags

Environment Variables:
PATH=C:/Users/subod/Downloads/eclipse-java-2022-09-R-win32-x86_64/eclipse//plugins/org.eclipse.justj.openjdk.hotspot.jre.full.win32.x86_64_17.0.4.v20220903-1038/jre/bin/server;C:/Users/subod/Downloads/eclipse-java-2022-09-R-win32-x86_64/eclipse//plugins/org.eclipse.justj.openjdk.hotspot.jre.full.win32.x86_64_17.0.4.v20220903-1038/jre/bin;C:\Program Files\Common Files\Oracle\Java\javapath;D:\oracle\product\10.2.0\db_1\bin;C:\Windows\system32;C:\Windows;C:\Windows\System32\Wbem;C:\Windows\System32\WindowsPowerShell\v1.0\;C:\Windows\System32\OpenSSH\;C:\Program Files\Java\jdk-11.0.15.1\bin;C:\Users\subod\AppData\Local\Microsoft\WindowsApps;C:\Users\subod\AppData\Local\spicetify;C:\Program Files\Java\jdk-11.0.15.1\bin;;C:\Users\subod\Downloads\eclipse-java-2022-09-R-win32-x86_64\eclipse;
USERNAME=subodh
OS=Windows_NT
PROCESSOR_IDENTIFIER=AMD64 Family 23 Model 24 Stepping 1, AuthenticAMD
TMP=C:\Users\subod\AppData\Local\Temp
TEMP=C:\Users\subod\AppData\Local\Temp



---------------  S Y S T E M  ---------------

OS:
 Windows 11 , 64 bit Build 22621 (10.0.22621.3374)
OS uptime: 0 days 1:26 hours

CPU: total 8 (initial active 8) (8 cores per cpu, 2 threads per core) family 23 model 24 stepping 1 microcode 0x0, cx8, cmov, fxsr, ht, mmx, 3dnowpref, sse, sse2, sse3, ssse3, sse4a, sse4.1, sse4.2, popcnt, lzcnt, tsc, tscinvbit, avx, avx2, aes, clmul, bmi1, bmi2, adx, sha, fma, vzeroupper, clflush, clflushopt

Memory: 4k page, system-wide physical 6019M (899M free)
TotalPageFile size 8067M (AvailPageFile size 4M)
current process WorkingSet (physical memory assigned to process): 100M, peak: 100M
current process commit charge ("private bytes"): 199M, peak: 199M

vm_info: OpenJDK 64-Bit Server VM (17.0.4.1+1) for windows-amd64 JRE (17.0.4.1+1), built on Aug 17 2022 07:42:43 by "temurin" with MS VC++ 16.7 (VS2019)

END.
